<?xml version='1.0' encoding='UTF-8'?>
<Model>
  <Analysis name="test-fields">
    <Field name="Field 2" modifies="template">
      <A name="downhole_pump">0</A>
      <A name="water_reinjection">1</A>
      <A name="natural_gas_reinjection">1</A>
      <A name="water_flooding">0</A>
      <A name="gas_lifting">1</A>
      <A name="gas_flooding">0</A>
      <A name="steam_flooding">0</A>
      <A name="oil_sands_mine">None</A>
      <A name="country">Angola</A>
      <A name="name">Girassol</A>
      <A name="age">12.0</A>
      <A name="depth">3937.0</A>
      <A name="oil_prod">175000.0</A>
      <A name="num_prod_wells">24</A>
      <A name="num_water_inj_wells">20</A>
      <A name="well_diam">8.0</A>
      <A name="prod_index">90.9</A>
      <A name="res_press">3655.0</A>
      <A name="API">32.0</A>
      <A name="GOR">584.29</A>
      <A name="WOR">0.5</A>
      <A name="WIR">1.5</A>
      <A name="GLIR">30.26</A>
      <A name="fraction_elec_onsite">1.0</A>
      <A name="fraction_water_reinjected">1.0</A>
      <A name="frac_transport_tanker">1.0</A>
      <A name="frac_transport_barge">0.0</A>
      <A name="frac_transport_pipeline">0.0</A>
      <A name="frac_transport_rail">0.0</A>
      <A name="transport_dist_tanker">7984.0</A>
      <A name="transport_dist_barge">0.0</A>
      <A name="transport_dist_pipeline">0.0</A>
      <A name="transport_dist_rail">0.0</A>
    </Field>
    <Field name="Field 3" modifies="template">
      <A name="downhole_pump">0</A>
      <A name="water_reinjection">1</A>
      <A name="water_flooding">0</A>
      <A name="gas_lifting">1</A>
      <A name="gas_flooding">0</A>
      <A name="steam_flooding">0</A>
      <A name="oil_sands_mine">None</A>
      <A name="country">Angola</A>
      <A name="name">Kuito</A>
      <A name="age">17.0</A>
      <A name="oil_prod">25019.48</A>
      <A name="num_prod_wells">24</A>
      <A name="num_water_inj_wells">9</A>
      <A name="well_diam">6.0</A>
      <A name="offshore">1.0</A>
      <A name="API">22.05</A>
      <A name="GOR">600.0</A>
      <A name="WOR">2.025808595</A>
      <A name="WIR">2.72</A>
      <A name="GLIR">1800.0</A>
      <A name="fraction_remaining_gas_inj">1.0</A>
      <A name="FOR">176.1</A>
      <A name="frac_transport_tanker">1.0</A>
      <A name="frac_transport_barge">0.0</A>
      <A name="frac_transport_pipeline">0.0</A>
      <A name="frac_transport_rail">0.0</A>
      <A name="frac_transport_truck">0.0</A>
      <A name="transport_dist_tanker">7984.0</A>
      <A name="transport_dist_barge">0.0</A>
      <A name="transport_dist_pipeline">0.0</A>
      <A name="transport_dist_rail">0.0</A>
      <A name="transport_dist_truck">0.0</A>
    </Field>
    <Field name="Field 4" modifies="template">
      <A name="downhole_pump">1</A>
      <A name="water_reinjection">1</A>
      <A name="natural_gas_reinjection">0</A>
      <A name="water_flooding">0</A>
      <A name="gas_lifting">0</A>
      <A name="gas_flooding">0</A>
      <A name="steam_flooding">0</A>
      <A name="oil_sands_mine">None</A>
      <A name="country">Angola</A>
      <A name="name">Takula</A>
      <A name="age">35.0</A>
      <A name="depth">3200.0</A>
      <A name="oil_prod">105000.0</A>
      <A name="num_prod_wells">69</A>
      <A name="num_water_inj_wells">21</A>
      <A name="res_press">1300.0</A>
      <A name="API">32.0</A>
      <A name="WOR">4.0</A>
      <A name="WIR">4.67</A>
      <A name="frac_transport_tanker">1.0</A>
      <A name="frac_transport_barge">0.0</A>
      <A name="frac_transport_pipeline">1.0</A>
      <A name="frac_transport_rail">0.0</A>
      <A name="transport_dist_tanker">7696.26</A>
      <A name="transport_dist_barge">0.0</A>
      <A name="transport_dist_pipeline">24.0</A>
      <A name="transport_dist_rail">0.0</A>
    </Field>
    <Field name="Field 5" modifies="template">
      <A name="downhole_pump">0</A>
      <A name="water_reinjection">0</A>
      <A name="natural_gas_reinjection">0</A>
      <A name="water_flooding">0</A>
      <A name="gas_lifting">1</A>
      <A name="gas_flooding">0</A>
      <A name="steam_flooding">0</A>
      <A name="oil_sands_mine">None</A>
      <A name="country">Australia</A>
      <A name="name">Cossack</A>
      <A name="age">27.0</A>
      <A name="depth">9719.0</A>
      <A name="oil_prod">60000.0</A>
      <A name="num_prod_wells">12</A>
      <A name="num_water_inj_wells">0</A>
      <A name="well_diam">5.0</A>
      <A name="prod_index">50.0</A>
      <A name="res_press">4000.0</A>
      <A name="API">47.3</A>
      <A name="GOR">2000.0</A>
      <A name="WOR">0.18</A>
      <A name="WIR">0.0</A>
      <A name="GLIR">666.0</A>
      <A name="frac_transport_tanker">1.0</A>
      <A name="frac_transport_barge">0.0</A>
      <A name="frac_transport_pipeline">1.0</A>
      <A name="frac_transport_rail">0.0</A>
      <A name="transport_dist_tanker">13605.06</A>
      <A name="transport_dist_barge">0.0</A>
      <A name="transport_dist_pipeline">80.0</A>
      <A name="transport_dist_rail">0.0</A>
    </Field>
    <Field name="Field 6" modifies="template">
      <A name="downhole_pump">1</A>
      <A name="water_reinjection">1</A>
      <A name="natural_gas_reinjection">0</A>
      <A name="water_flooding">0</A>
      <A name="gas_lifting">0</A>
      <A name="gas_flooding">0</A>
      <A name="steam_flooding">0</A>
      <A name="oil_sands_mine">None</A>
      <A name="country">Azerbaijan</A>
      <A name="name">Azeri</A>
      <A name="age">17.0</A>
      <A name="depth">9075.0</A>
      <A name="oil_prod">655700.0</A>
      <A name="num_prod_wells">77</A>
      <A name="num_water_inj_wells">30</A>
      <A name="res_press">1951.125</A>
      <A name="API">35.0</A>
      <A name="GOR">1299.0</A>
      <A name="WOR">2.025808595</A>
      <A name="frac_transport_tanker">1.0</A>
      <A name="frac_transport_barge">0.0</A>
      <A name="frac_transport_pipeline">1.0</A>
      <A name="frac_transport_rail">0.0</A>
      <A name="transport_dist_tanker">8252.0</A>
      <A name="transport_dist_barge">0.0</A>
      <A name="transport_dist_pipeline">518.0</A>
      <A name="transport_dist_rail">0.0</A>
    </Field>
    <Field name="Field 7" modifies="template">
      <A name="downhole_pump">0</A>
      <A name="water_reinjection">1</A>
      <A name="natural_gas_reinjection">0</A>
      <A name="water_flooding">0</A>
      <A name="gas_lifting">1</A>
      <A name="gas_flooding">0</A>
      <A name="steam_flooding">0</A>
      <A name="oil_sands_mine">None</A>
      <A name="country">Brazil</A>
      <A name="name">Frade</A>
      <A name="age">4.0</A>
      <A name="depth">6730.0</A>
      <A name="oil_prod">16912.0</A>
      <A name="num_prod_wells">12</A>
      <A name="num_water_inj_wells">7</A>
      <A name="res_press">2900.0</A>
      <A name="API">19.0</A>
      <A name="GOR">370.0</A>
      <A name="WOR">1.3</A>
      <A name="WIR">1.3</A>
      <A name="GLIR">580.0</A>
      <A name="fraction_elec_onsite">1.0</A>
      <A name="fraction_water_reinjected">1.0</A>
      <A name="frac_transport_tanker">1.0</A>
      <A name="frac_transport_barge">0.0</A>
      <A name="frac_transport_pipeline">0.0</A>
      <A name="frac_transport_rail">0.0</A>
      <A name="transport_dist_tanker">6200.0</A>
      <A name="transport_dist_barge">0.0</A>
      <A name="transport_dist_pipeline">0.0</A>
      <A name="transport_dist_rail">0.0</A>
    </Field>
    <Field name="Field 8" modifies="template">
      <A name="downhole_pump">1</A>
      <A name="water_reinjection">1</A>
      <A name="natural_gas_reinjection">0</A>
      <A name="water_flooding">0</A>
      <A name="gas_lifting">0</A>
      <A name="gas_flooding">1</A>
      <A name="steam_flooding">0</A>
      <A name="oil_sands_mine">None</A>
      <A name="country">Brazil</A>
      <A name="name">Lula</A>
      <A name="age">11.0</A>
      <A name="depth">19737.0</A>
      <A name="oil_prod">1050000.0</A>
      <A name="num_prod_wells">6</A>
      <A name="num_water_inj_wells">1</A>
      <A name="res_press">8000.0</A>
      <A name="res_temp">380.04</A>
      <A name="offshore">1.0</A>
      <A name="API">28.8</A>
      <A name="gas_comp_CO2">11.0</A>
      <A name="GOR">1419.0</A>
      <A name="WOR">0.1</A>
      <A name="WIR">0.5</A>
      <A name="GLIR">0.0</A>
      <A name="GFIR">175.0</A>
      <A name="flood_gas_type">CO2</A>
      <A name="fraction_elec_onsite">1.0</A>
      <A name="fraction_remaining_gas_inj">0.0</A>
      <A name="fraction_water_reinjected">1.0</A>
      <A name="gas_processing_path">CO2-EOR Ryan Holmes</A>
      <A name="FOR">38.92</A>
    </Field>
    <Field name="Field 9" modifies="template">
      <A name="downhole_pump">0</A>
      <A name="water_reinjection">1</A>
      <A name="natural_gas_reinjection">1</A>
      <A name="water_flooding">0</A>
      <A name="gas_lifting">0</A>
      <A name="gas_flooding">0</A>
      <A name="steam_flooding">0</A>
      <A name="oil_sands_mine">None</A>
      <A name="country">Canada</A>
      <A name="name">Midale (Southeast Saskatchewan)</A>
      <A name="age">60.0</A>
      <A name="depth">4600.0</A>
      <A name="oil_prod">5000.0</A>
      <A name="num_prod_wells">953</A>
      <A name="num_water_inj_wells">83</A>
      <A name="res_press">2600.0</A>
      <A name="API">28.7</A>
      <A name="GOR">2000.0</A>
      <A name="WOR">11.5</A>
      <A name="WIR">12.5</A>
      <A name="fraction_remaining_gas_inj">0.15</A>
      <A name="fraction_water_reinjected">1.0</A>
      <A name="frac_transport_tanker">0.0</A>
      <A name="frac_transport_barge">0.0</A>
      <A name="frac_transport_pipeline">1.0</A>
      <A name="frac_transport_rail">0.0</A>
      <A name="transport_dist_tanker">0.0</A>
      <A name="transport_dist_barge">0.0</A>
      <A name="transport_dist_pipeline">2000.0</A>
      <A name="transport_dist_rail">0.0</A>
    </Field>
    <Field name="Field 10" modifies="template">
      <A name="downhole_pump">0</A>
      <A name="water_reinjection">0</A>
      <A name="natural_gas_reinjection">1</A>
      <A name="water_flooding">0</A>
      <A name="gas_lifting">0</A>
      <A name="gas_flooding">0</A>
      <A name="steam_flooding">0</A>
      <A name="oil_sands_mine">None</A>
      <A name="country">Canada</A>
      <A name="name">Hibernia</A>
      <A name="age">15.0</A>
      <A name="depth">10065.0</A>
      <A name="oil_prod">135483.0</A>
      <A name="res_press">2163.975</A>
      <A name="API">34.6</A>
      <A name="GOR">333.0</A>
      <A name="WOR">1.742417576</A>
      <A name="fraction_remaining_gas_inj">1.0</A>
      <A name="fraction_water_reinjected">1.0</A>
      <A name="frac_transport_tanker">0.0</A>
      <A name="frac_transport_barge">0.0</A>
      <A name="frac_transport_pipeline">1.0</A>
      <A name="frac_transport_rail">0.0</A>
      <A name="transport_dist_tanker">3189.0</A>
    </Field>
    <Field name="Field 11" modifies="template">
      <A name="downhole_pump">1</A>
      <A name="water_reinjection">1</A>
      <A name="natural_gas_reinjection">1</A>
      <A name="water_flooding">0</A>
      <A name="gas_lifting">0</A>
      <A name="gas_flooding">0</A>
      <A name="steam_flooding">0</A>
      <A name="oil_sands_mine">None</A>
      <A name="country">China</A>
      <A name="name">Bozhong</A>
      <A name="age">23.0</A>
      <A name="depth">10500.0</A>
      <A name="oil_prod">90000.0</A>
      <A name="num_prod_wells">88</A>
      <A name="num_water_inj_wells">36</A>
      <A name="well_diam">3.5</A>
      <A name="res_press">1450.0</A>
      <A name="API">17.5</A>
      <A name="gas_comp_N2">1.0</A>
      <A name="gas_comp_CO2">5.4</A>
      <A name="gas_comp_C1">75.0</A>
      <A name="gas_comp_C2">12.1</A>
      <A name="gas_comp_C3">2.9</A>
      <A name="gas_comp_C4">3.6</A>
      <A name="gas_comp_H2S">0.0</A>
      <A name="GOR">7276.0</A>
      <A name="WOR">1.0</A>
      <A name="WIR">1.0</A>
      <A name="fraction_elec_onsite">1.0</A>
      <A name="fraction_remaining_gas_inj">0.34</A>
      <A name="fraction_water_reinjected">1.0</A>
      <A name="FOR">2694.0</A>
      <A name="frac_transport_tanker">1.0</A>
      <A name="frac_transport_barge">0.0</A>
      <A name="frac_transport_pipeline">0.0</A>
      <A name="frac_transport_rail">0.0</A>
      <A name="transport_dist_tanker">11801.0</A>
      <A name="transport_dist_barge">0.0</A>
      <A name="transport_dist_pipeline">0.0</A>
      <A name="transport_dist_rail">0.0</A>
    </Field>
    <Field name="Field 12" modifies="template">
      <A name="downhole_pump">0</A>
      <A name="water_reinjection">1</A>
      <A name="natural_gas_reinjection">0</A>
      <A name="water_flooding">0</A>
      <A name="gas_lifting">1</A>
      <A name="gas_flooding">0</A>
      <A name="steam_flooding">0</A>
      <A name="oil_sands_mine">None</A>
      <A name="country">China</A>
      <A name="name">Huizhou 21-1</A>
      <A name="age">25.0</A>
      <A name="oil_prod">12403.0</A>
      <A name="num_prod_wells">10</A>
      <A name="num_water_inj_wells">4</A>
      <A name="API">43.6</A>
      <A name="GOR">628.5</A>
      <A name="WOR">3.63</A>
      <A name="WIR">1.67</A>
      <A name="GLIR">666.67</A>
      <A name="frac_transport_tanker">1.0</A>
      <A name="frac_transport_barge">0.0</A>
      <A name="frac_transport_pipeline">0.0</A>
      <A name="frac_transport_rail">0.0</A>
      <A name="transport_dist_tanker">12285.05</A>
      <A name="transport_dist_barge">0.0</A>
      <A name="transport_dist_pipeline">0.0</A>
      <A name="transport_dist_rail">0.0</A>
    </Field>
    <Field name="Field 13" modifies="template">
      <A name="downhole_pump">1</A>
      <A name="water_reinjection">0</A>
      <A name="natural_gas_reinjection">0</A>
      <A name="water_flooding">1</A>
      <A name="gas_lifting">0</A>
      <A name="gas_flooding">0</A>
      <A name="steam_flooding">0</A>
      <A name="oil_sands_mine">None</A>
      <A name="country">China</A>
      <A name="name">Qinhuangdao 32-6</A>
      <A name="age">16.0</A>
      <A name="depth">3600.0</A>
      <A name="oil_prod">36000.0</A>
      <A name="num_prod_wells">99</A>
      <A name="res_press">774.0</A>
      <A name="API">16.9</A>
      <A name="GOR">48.4</A>
      <A name="WOR">7.77</A>
      <A name="frac_transport_tanker">1.0</A>
      <A name="frac_transport_barge">0.0</A>
      <A name="frac_transport_pipeline">0.0</A>
      <A name="frac_transport_rail">0.0</A>
      <A name="transport_dist_tanker">11734.5</A>
      <A name="transport_dist_barge">0.0</A>
      <A name="transport_dist_pipeline">0.0</A>
      <A name="transport_dist_rail">0.0</A>
    </Field>
    <Field name="Field 14" modifies="template">
      <A name="downhole_pump">1</A>
      <A name="water_reinjection">0</A>
      <A name="natural_gas_reinjection">0</A>
      <A name="water_flooding">0</A>
      <A name="gas_lifting">0</A>
      <A name="gas_flooding">0</A>
      <A name="steam_flooding">0</A>
      <A name="oil_sands_mine">None</A>
      <A name="country">Colombia</A>
      <A name="name">Cano Limon</A>
      <A name="age">32.0</A>
      <A name="depth">7600.0</A>
      <A name="oil_prod">76533.0</A>
      <A name="num_prod_wells">49</A>
      <A name="prod_index">127.0</A>
      <A name="res_press">3213.0</A>
      <A name="API">29.0</A>
      <A name="GOR">8.0</A>
      <A name="WOR">1.52</A>
      <A name="frac_transport_tanker">1.0</A>
      <A name="frac_transport_barge">0.0</A>
      <A name="frac_transport_pipeline">1.0</A>
      <A name="frac_transport_rail">0.0</A>
      <A name="transport_dist_tanker">1978.99</A>
      <A name="transport_dist_barge">0.0</A>
      <A name="transport_dist_pipeline">480.0</A>
      <A name="transport_dist_rail">0.0</A>
    </Field>
    <Field name="Field 15" modifies="template">
      <A name="downhole_pump">1</A>
      <A name="water_reinjection">1</A>
      <A name="natural_gas_reinjection">1</A>
      <A name="water_flooding">0</A>
      <A name="gas_lifting">0</A>
      <A name="gas_flooding">0</A>
      <A name="steam_flooding">0</A>
      <A name="oil_sands_mine">None</A>
      <A name="country">Colombia</A>
      <A name="name">Cusiana</A>
      <A name="age">24.0</A>
      <A name="depth">15000.0</A>
      <A name="oil_prod">220000.0</A>
      <A name="num_prod_wells">90</A>
      <A name="res_press">6000.0</A>
      <A name="API">44.0</A>
      <A name="GOR">1700.0</A>
      <A name="WOR">3.131991265</A>
      <A name="frac_transport_tanker">1.0</A>
      <A name="frac_transport_barge">0.0</A>
      <A name="frac_transport_pipeline">1.0</A>
      <A name="frac_transport_rail">0.0</A>
      <A name="transport_dist_tanker">1978.99</A>
      <A name="transport_dist_barge">0.0</A>
      <A name="transport_dist_pipeline">515.0</A>
      <A name="transport_dist_rail">0.0</A>
    </Field>
    <Field name="Field 16" modifies="template">
      <A name="downhole_pump">0</A>
      <A name="water_reinjection">1</A>
      <A name="natural_gas_reinjection">0</A>
      <A name="water_flooding">0</A>
      <A name="gas_lifting">0</A>
      <A name="gas_flooding">0</A>
      <A name="steam_flooding">0</A>
      <A name="oil_sands_mine">None</A>
      <A name="country">Denmark</A>
      <A name="name">Dansk (Dan/Gorm)</A>
      <A name="age">42.0</A>
      <A name="depth">6600.0</A>
      <A name="oil_prod">44527.78</A>
      <A name="num_prod_wells">85</A>
      <A name="num_water_inj_wells">63</A>
      <A name="res_press">1419.0</A>
      <A name="GOR">1310.72</A>
      <A name="WOR">1.31</A>
      <A name="WIR">2.51</A>
      <A name="frac_transport_tanker">1.0</A>
      <A name="transport_dist_tanker">6135.0</A>
    </Field>
    <Field name="Field 17" modifies="template">
      <A name="downhole_pump">0</A>
      <A name="water_reinjection">0</A>
      <A name="natural_gas_reinjection">1</A>
      <A name="water_flooding">0</A>
      <A name="gas_lifting">0</A>
      <A name="gas_flooding">0</A>
      <A name="steam_flooding">0</A>
      <A name="oil_sands_mine">None</A>
      <A name="country">Denmark</A>
      <A name="name">Dansk (Dan/Gorm/Tyra)</A>
      <A name="age">29.0</A>
      <A name="depth">6600.0</A>
      <A name="oil_prod">8964.05</A>
      <A name="num_prod_wells">52</A>
      <A name="res_press">1419.0</A>
      <A name="GOR">18574.91</A>
      <A name="WOR">1.77</A>
      <A name="WIR">0.0</A>
      <A name="frac_transport_tanker">1.0</A>
      <A name="transport_dist_tanker">6135.0</A>
    </Field>
    <Field name="Field 18" modifies="template">
      <A name="downhole_pump">1</A>
      <A name="water_reinjection">0</A>
      <A name="natural_gas_reinjection">0</A>
      <A name="water_flooding">1</A>
      <A name="gas_lifting">0</A>
      <A name="gas_flooding">0</A>
      <A name="steam_flooding">0</A>
      <A name="oil_sands_mine">None</A>
      <A name="country">Ecuador</A>
      <A name="name">Sacha</A>
      <A name="age">49.0</A>
      <A name="depth">9700.0</A>
      <A name="oil_prod">390000.0</A>
      <A name="num_prod_wells">300</A>
      <A name="res_press">2085.5</A>
      <A name="API">24.1</A>
      <A name="WOR">0.58</A>
      <A name="frac_transport_tanker">1.0</A>
      <A name="frac_transport_barge">0.0</A>
      <A name="frac_transport_pipeline">1.0</A>
      <A name="frac_transport_rail">0.0</A>
      <A name="transport_dist_tanker">2833.59</A>
      <A name="transport_dist_barge">0.0</A>
      <A name="transport_dist_pipeline">300.0</A>
      <A name="transport_dist_rail">0.0</A>
    </Field>
    <Field name="Field 19" modifies="template">
      <A name="downhole_pump">0</A>
      <A name="water_reinjection">0</A>
      <A name="natural_gas_reinjection">0</A>
      <A name="water_flooding">1</A>
      <A name="gas_lifting">1</A>
      <A name="gas_flooding">0</A>
      <A name="steam_flooding">0</A>
      <A name="oil_sands_mine">None</A>
      <A name="country">India</A>
      <A name="name">Bombay High</A>
      <A name="age">41.0</A>
      <A name="depth">4624.0</A>
      <A name="oil_prod">270000.0</A>
      <A name="num_prod_wells">580</A>
      <A name="num_water_inj_wells">190</A>
      <A name="prod_index">4.8</A>
      <A name="res_press">2200.0</A>
      <A name="API">39.4</A>
      <A name="gas_comp_N2">0.24</A>
      <A name="gas_comp_CO2">2.13</A>
      <A name="gas_comp_C1">80.98</A>
      <A name="gas_comp_C2">7.83</A>
      <A name="gas_comp_C3">4.99</A>
      <A name="gas_comp_C4">3.83</A>
      <A name="gas_comp_H2S">0.0</A>
      <A name="WOR">6.735719488</A>
    </Field>
    <Field name="Field 20" modifies="template">
      <A name="downhole_pump">1</A>
      <A name="water_reinjection">0</A>
      <A name="natural_gas_reinjection">0</A>
      <A name="water_flooding">0</A>
      <A name="gas_lifting">0</A>
      <A name="gas_flooding">0</A>
      <A name="steam_flooding">1</A>
      <A name="oil_sands_mine">None</A>
      <A name="country">Indonesia</A>
      <A name="name">Duri</A>
      <A name="age">55.0</A>
      <A name="depth">600.0</A>
      <A name="oil_prod">165057.0</A>
      <A name="num_prod_wells">2500</A>
      <A name="num_water_inj_wells">1000</A>
      <A name="well_diam">4.5</A>
      <A name="res_press">500.0</A>
      <A name="API">19.0</A>
      <A name="GOR">25.0</A>
      <A name="WOR">3.0</A>
      <A name="SOR">4.21</A>
      <A name="fraction_steam_cogen">1.0</A>
      <A name="FOR">5.0</A>
      <A name="frac_transport_tanker">1.0</A>
      <A name="frac_transport_barge">0.0</A>
      <A name="frac_transport_pipeline">1.0</A>
      <A name="frac_transport_rail">0.0</A>
      <A name="transport_dist_tanker">13500.0</A>
      <A name="transport_dist_barge">0.0</A>
      <A name="transport_dist_pipeline">340.0</A>
      <A name="transport_dist_rail">0.0</A>
    </Field>
    <Field name="Field 21" modifies="template">
      <A name="downhole_pump">1</A>
      <A name="water_reinjection">1</A>
      <A name="natural_gas_reinjection">0</A>
      <A name="water_flooding">0</A>
      <A name="gas_lifting">0</A>
      <A name="gas_flooding">0</A>
      <A name="steam_flooding">0</A>
      <A name="oil_sands_mine">None</A>
      <A name="country">Indonesia</A>
      <A name="name">Minas</A>
      <A name="age">58.0</A>
      <A name="depth">2000.0</A>
      <A name="oil_prod">70000.0</A>
      <A name="num_prod_wells">1400</A>
      <A name="well_diam">9.63</A>
      <A name="res_press">350.0</A>
      <A name="API">34.0</A>
      <A name="WOR">12.1550318</A>
      <A name="frac_transport_tanker">1.0</A>
      <A name="frac_transport_barge">0.0</A>
      <A name="frac_transport_pipeline">1.0</A>
      <A name="frac_transport_rail">0.0</A>
      <A name="transport_dist_tanker">13500.0</A>
      <A name="transport_dist_barge">0.0</A>
      <A name="transport_dist_pipeline">340.0</A>
      <A name="transport_dist_rail">0.0</A>
    </Field>
    <Field name="Field 22" modifies="template">
      <A name="downhole_pump">1</A>
      <A name="water_reinjection">0</A>
      <A name="natural_gas_reinjection">0</A>
      <A name="water_flooding">0</A>
      <A name="gas_lifting">0</A>
      <A name="gas_flooding">0</A>
      <A name="steam_flooding">0</A>
      <A name="oil_sands_mine">None</A>
      <A name="country">Iran</A>
      <A name="name">Ardeshir</A>
      <A name="age">46.0</A>
      <A name="depth">2800.0</A>
      <A name="oil_prod">140000.0</A>
      <A name="num_prod_wells">90</A>
      <A name="prod_index">20.0</A>
      <A name="res_press">602.0</A>
      <A name="API">26.0</A>
      <A name="WOR">0.11</A>
      <A name="frac_transport_tanker">1.0</A>
      <A name="frac_transport_barge">0.0</A>
      <A name="frac_transport_pipeline">1.0</A>
      <A name="frac_transport_rail">0.0</A>
      <A name="transport_dist_tanker">11497.73</A>
      <A name="transport_dist_barge">0.0</A>
      <A name="transport_dist_pipeline">45.0</A>
      <A name="transport_dist_rail">0.0</A>
    </Field>
    <Field name="Field 23" modifies="template">
      <A name="downhole_pump">1</A>
      <A name="water_reinjection">0</A>
      <A name="natural_gas_reinjection">0</A>
      <A name="water_flooding">0</A>
      <A name="gas_lifting">0</A>
      <A name="gas_flooding">1</A>
      <A name="steam_flooding">0</A>
      <A name="oil_sands_mine">None</A>
      <A name="country">Iran</A>
      <A name="name">Marun</A>
      <A name="age">51.0</A>
      <A name="depth">9501.0</A>
      <A name="oil_prod">520000.0</A>
      <A name="num_prod_wells">370</A>
      <A name="res_press">4000.0</A>
      <A name="API">34.0</A>
      <A name="GOR">562.0</A>
      <A name="WOR">9.653470509</A>
      <A name="GFIR">3500.0</A>
      <A name="fraction_remaining_gas_inj">1.0</A>
      <A name="frac_transport_tanker">1.0</A>
      <A name="frac_transport_barge">0.0</A>
      <A name="frac_transport_pipeline">1.0</A>
      <A name="frac_transport_rail">0.0</A>
      <A name="transport_dist_tanker">11631.41</A>
      <A name="transport_dist_barge">0.0</A>
      <A name="transport_dist_pipeline">99.0</A>
      <A name="transport_dist_rail">0.0</A>
    </Field>
    <Field name="Field 24" modifies="template">
      <A name="downhole_pump">1</A>
      <A name="water_reinjection">1</A>
      <A name="natural_gas_reinjection">0</A>
      <A name="water_flooding">0</A>
      <A name="gas_lifting">0</A>
      <A name="gas_flooding">0</A>
      <A name="steam_flooding">0</A>
      <A name="oil_sands_mine">None</A>
      <A name="country">Iraq</A>
      <A name="name">Kirkuk</A>
      <A name="age">83.0</A>
      <A name="depth">2600.0</A>
      <A name="oil_prod">250000.0</A>
      <A name="num_prod_wells">150</A>
      <A name="num_water_inj_wells">7</A>
      <A name="prod_index">10000.0</A>
      <A name="res_press">1100.0</A>
      <A name="API">36.0</A>
      <A name="WOR">1.0</A>
      <A name="frac_transport_tanker">1.0</A>
      <A name="frac_transport_barge">0.0</A>
      <A name="frac_transport_pipeline">1.0</A>
      <A name="frac_transport_rail">0.0</A>
      <A name="transport_dist_tanker">7860.06</A>
      <A name="transport_dist_barge">0.0</A>
      <A name="transport_dist_pipeline">600.0</A>
      <A name="transport_dist_rail">0.0</A>
    </Field>
    <Field name="Field 25" modifies="template">
      <A name="downhole_pump">1</A>
      <A name="water_reinjection">1</A>
      <A name="natural_gas_reinjection">0</A>
      <A name="water_flooding">0</A>
      <A name="gas_lifting">0</A>
      <A name="gas_flooding">0</A>
      <A name="steam_flooding">0</A>
      <A name="oil_sands_mine">None</A>
      <A name="country">Iraq</A>
      <A name="name">Rumaila</A>
      <A name="age">45.0</A>
      <A name="depth">9022.0</A>
      <A name="oil_prod">1060000.0</A>
      <A name="num_prod_wells">200</A>
      <A name="res_press">1939.73</A>
      <A name="API">30.0</A>
      <A name="GOR">625.0</A>
      <A name="WOR">1.5</A>
      <A name="frac_transport_tanker">1.0</A>
      <A name="frac_transport_barge">0.0</A>
      <A name="frac_transport_pipeline">1.0</A>
      <A name="frac_transport_rail">0.0</A>
      <A name="transport_dist_tanker">11596.72</A>
      <A name="transport_dist_barge">0.0</A>
      <A name="transport_dist_pipeline">361.0</A>
      <A name="transport_dist_rail">0.0</A>
    </Field>
    <Field name="Field 26" modifies="template">
      <A name="downhole_pump">1</A>
      <A name="water_reinjection">0</A>
      <A name="natural_gas_reinjection">0</A>
      <A name="water_flooding">0</A>
      <A name="gas_lifting">0</A>
      <A name="gas_flooding">0</A>
      <A name="steam_flooding">0</A>
      <A name="oil_sands_mine">None</A>
      <A name="country">Iraq</A>
      <A name="name">West Qurna -2</A>
      <A name="age">2.0</A>
      <A name="depth">7223.76</A>
      <A name="oil_prod">400000.0</A>
      <A name="num_prod_wells">67</A>
      <A name="prod_index">22.58</A>
      <A name="res_press">3965.0</A>
      <A name="API">21.6</A>
      <A name="GOR">750.0</A>
      <A name="WOR">0.05</A>
      <A name="WIR">1.0</A>
      <A name="frac_transport_tanker">1.0</A>
      <A name="frac_transport_barge">0.0</A>
      <A name="frac_transport_pipeline">1.0</A>
      <A name="frac_transport_rail">0.0</A>
      <A name="transport_dist_tanker">11596.72</A>
      <A name="transport_dist_barge">0.0</A>
      <A name="transport_dist_pipeline">40.0</A>
      <A name="transport_dist_rail">0.0</A>
    </Field>
    <Field name="Field 27" modifies="template">
      <A name="downhole_pump">0</A>
      <A name="water_reinjection">1</A>
      <A name="natural_gas_reinjection">0</A>
      <A name="water_flooding">0</A>
      <A name="gas_lifting">0</A>
      <A name="gas_flooding">0</A>
      <A name="steam_flooding">0</A>
      <A name="oil_sands_mine">None</A>
      <A name="country">Iraq</A>
      <A name="name">Zubair</A>
      <A name="age">60.0</A>
      <A name="depth">11000.0</A>
      <A name="oil_prod">125130.0</A>
      <A name="num_prod_wells">30</A>
      <A name="num_water_inj_wells">14</A>
      <A name="res_press">3800.0</A>
      <A name="API">30.2</A>
      <A name="GOR">775.0</A>
      <A name="WOR">1.5</A>
      <A name="WIR">2.5</A>
      <A name="fraction_water_reinjected">1.0</A>
      <A name="FOR">543.0</A>
      <A name="frac_transport_tanker">1.0</A>
      <A name="frac_transport_barge">0.0</A>
      <A name="frac_transport_pipeline">0.0</A>
      <A name="frac_transport_rail">0.0</A>
      <A name="transport_dist_tanker">11550.0</A>
      <A name="transport_dist_barge">0.0</A>
      <A name="transport_dist_pipeline">0.0</A>
      <A name="transport_dist_rail">0.0</A>
    </Field>
    <Field name="Field 28" modifies="template">
      <A name="downhole_pump">0</A>
      <A name="water_reinjection">0</A>
      <A name="natural_gas_reinjection">1</A>
      <A name="water_flooding">0</A>
      <A name="gas_lifting">0</A>
      <A name="gas_flooding">0</A>
      <A name="steam_flooding">0</A>
      <A name="oil_sands_mine">None</A>
      <A name="country">Kazakhstan</A>
      <A name="name">Tengiz</A>
      <A name="age">22.0</A>
      <A name="depth">11843.0</A>
      <A name="oil_prod">528767.0</A>
      <A name="num_prod_wells">70</A>
      <A name="num_water_inj_wells">8</A>
      <A name="prod_index">6.0</A>
      <A name="res_press">9000.0</A>
      <A name="API">46.4</A>
      <A name="gas_comp_N2">2.0</A>
      <A name="gas_comp_CO2">4.0</A>
      <A name="gas_comp_C1">60.0</A>
      <A name="gas_comp_C2">10.0</A>
      <A name="gas_comp_C3">3.0</A>
      <A name="gas_comp_C4">6.0</A>
      <A name="gas_comp_H2S">15.0</A>
      <A name="GOR">351.0</A>
      <A name="WOR">0.06</A>
      <A name="WIR">0.0</A>
      <A name="fraction_remaining_gas_inj">0.33</A>
      <A name="FOR">18.0</A>
      <A name="frac_transport_tanker">1.0</A>
      <A name="frac_transport_barge">0.0</A>
      <A name="frac_transport_pipeline">1.0</A>
      <A name="frac_transport_rail">0.0</A>
      <A name="transport_dist_tanker">13025.0</A>
      <A name="transport_dist_barge">0.0</A>
      <A name="transport_dist_pipeline">900.0</A>
      <A name="transport_dist_rail">0.0</A>
    </Field>
    <Field name="Field 29" modifies="template">
      <A name="downhole_pump">1</A>
      <A name="water_reinjection">0</A>
      <A name="natural_gas_reinjection">0</A>
      <A name="water_flooding">0</A>
      <A name="gas_lifting">0</A>
      <A name="gas_flooding">0</A>
      <A name="steam_flooding">0</A>
      <A name="oil_sands_mine">None</A>
      <A name="country">Kuwait</A>
      <A name="name">Burgan</A>
      <A name="age">69.0</A>
      <A name="depth">4800.0</A>
      <A name="oil_prod">1400000.0</A>
      <A name="num_prod_wells">1000</A>
      <A name="num_water_inj_wells">50</A>
      <A name="well_diam">3.5</A>
      <A name="prod_index">90.0</A>
      <A name="res_press">1875.0</A>
      <A name="API">30.8</A>
      <A name="GOR">500.0</A>
      <A name="WOR">0.3</A>
      <A name="fraction_water_reinjected">1.0</A>
      <A name="frac_transport_tanker">1.0</A>
      <A name="frac_transport_barge">0.0</A>
      <A name="frac_transport_pipeline">0.0</A>
      <A name="frac_transport_rail">0.0</A>
      <A name="transport_dist_tanker">11526.26</A>
      <A name="transport_dist_barge">0.0</A>
      <A name="transport_dist_pipeline">0.0</A>
      <A name="transport_dist_rail">0.0</A>
    </Field>
    <Field name="Field 30" modifies="template">
      <A name="downhole_pump">0</A>
      <A name="water_reinjection">0</A>
      <A name="natural_gas_reinjection">0</A>
      <A name="water_flooding">1</A>
      <A name="gas_lifting">0</A>
      <A name="gas_flooding">0</A>
      <A name="steam_flooding">0</A>
      <A name="oil_sands_mine">None</A>
      <A name="country">Kuwait</A>
      <A name="name">Ratawi</A>
      <A name="age">57.0</A>
      <A name="depth">6500.0</A>
      <A name="oil_prod">90000.0</A>
      <A name="num_prod_wells">140</A>
      <A name="num_water_inj_wells">32</A>
      <A name="well_diam">6.25</A>
      <A name="res_press">2000.0</A>
      <A name="API">24.2</A>
      <A name="GOR">908.0</A>
      <A name="WOR">3.2</A>
      <A name="WIR">4.2</A>
      <A name="fraction_water_reinjected">1.0</A>
      <A name="FOR">52.94</A>
      <A name="frac_transport_tanker">1.0</A>
      <A name="frac_transport_barge">0.0</A>
      <A name="frac_transport_pipeline">0.0</A>
      <A name="frac_transport_rail">0.0</A>
      <A name="transport_dist_tanker">11500.0</A>
      <A name="transport_dist_barge">0.0</A>
      <A name="transport_dist_pipeline">0.0</A>
      <A name="transport_dist_rail">0.0</A>
    </Field>
    <Field name="Field 31" modifies="template">
      <A name="downhole_pump">1</A>
      <A name="water_reinjection">0</A>
      <A name="natural_gas_reinjection">0</A>
      <A name="water_flooding">0</A>
      <A name="gas_lifting">0</A>
      <A name="gas_flooding">0</A>
      <A name="steam_flooding">0</A>
      <A name="oil_sands_mine">None</A>
      <A name="country">Libya</A>
      <A name="name">Waha</A>
      <A name="age">56.0</A>
      <A name="depth">6000.0</A>
      <A name="oil_prod">345000.0</A>
      <A name="res_press">1290.0</A>
      <A name="API">36.71</A>
      <A name="GOR">3752.78</A>
      <A name="WOR">11.39692245</A>
      <A name="frac_transport_tanker">1.0</A>
      <A name="frac_transport_barge">0.0</A>
      <A name="frac_transport_pipeline">1.0</A>
      <A name="frac_transport_rail">0.0</A>
      <A name="transport_dist_tanker">7785.37</A>
      <A name="transport_dist_barge">0.0</A>
      <A name="transport_dist_pipeline">267.0</A>
      <A name="transport_dist_rail">0.0</A>
    </Field>
    <Field name="Field 32" modifies="template">
      <A name="downhole_pump">1</A>
      <A name="water_reinjection">1</A>
      <A name="natural_gas_reinjection">0</A>
      <A name="water_flooding">0</A>
      <A name="gas_lifting">0</A>
      <A name="gas_flooding">1</A>
      <A name="steam_flooding">0</A>
      <A name="oil_sands_mine">None</A>
      <A name="country">Mexico</A>
      <A name="name">Cantarell</A>
      <A name="age">35.0</A>
      <A name="depth">8100.0</A>
      <A name="oil_prod">750000.0</A>
      <A name="num_prod_wells">210</A>
      <A name="num_water_inj_wells">9</A>
      <A name="well_diam">9.63</A>
      <A name="prod_index">150.0</A>
      <A name="res_press">1470.0</A>
      <A name="API">22.0</A>
      <A name="GOR">250.0</A>
      <A name="WOR">0.25</A>
      <A name="GFIR">1000.0</A>
      <A name="flood_gas_type">N2</A>
      <A name="fraction_water_reinjected">1.0</A>
      <A name="frac_transport_tanker">1.0</A>
      <A name="frac_transport_barge">0.0</A>
      <A name="frac_transport_pipeline">0.0</A>
      <A name="frac_transport_rail">0.0</A>
      <A name="transport_dist_tanker">765.0</A>
    </Field>
    <Field name="Field 33" modifies="template">
      <A name="downhole_pump">1</A>
      <A name="water_reinjection">0</A>
      <A name="natural_gas_reinjection">0</A>
      <A name="water_flooding">0</A>
      <A name="gas_lifting">0</A>
      <A name="gas_flooding">0</A>
      <A name="steam_flooding">0</A>
      <A name="oil_sands_mine">None</A>
      <A name="country">Mexico</A>
      <A name="name">Chuc</A>
      <A name="age">33.0</A>
      <A name="depth">13100.0</A>
      <A name="oil_prod">69000.0</A>
      <A name="num_prod_wells">19</A>
      <A name="res_press">3925.0</A>
      <A name="API">33.0</A>
      <A name="WOR">4.856594476</A>
      <A name="GLIR">0.0</A>
      <A name="GFIR">0.0</A>
      <A name="SOR">0.0</A>
      <A name="fraction_elec_onsite">0.0</A>
      <A name="fraction_remaining_gas_inj">0.0</A>
      <A name="fraction_water_reinjected">1.0</A>
      <A name="fraction_steam_cogen">0.0</A>
      <A name="frac_transport_tanker">1.0</A>
      <A name="frac_transport_barge">0.0</A>
      <A name="frac_transport_pipeline">1.0</A>
      <A name="frac_transport_rail">0.0</A>
      <A name="transport_dist_tanker">1126.58</A>
      <A name="transport_dist_barge">0.0</A>
      <A name="transport_dist_pipeline">82.0</A>
      <A name="transport_dist_rail">0.0</A>
    </Field>
    <Field name="Field 34" modifies="template">
      <A name="downhole_pump">0</A>
      <A name="water_reinjection">0</A>
      <A name="natural_gas_reinjection">1</A>
      <A name="water_flooding">1</A>
      <A name="gas_lifting">0</A>
      <A name="gas_flooding">0</A>
      <A name="steam_flooding">0</A>
      <A name="oil_sands_mine">None</A>
      <A name="country">Nigeria</A>
      <A name="name">Agbami</A>
      <A name="age">5.0</A>
      <A name="depth">13000.0</A>
      <A name="oil_prod">233000.0</A>
      <A name="num_prod_wells">22</A>
      <A name="num_water_inj_wells">11</A>
      <A name="well_diam">4.5</A>
      <A name="res_press">7000.0</A>
      <A name="API">47.0</A>
      <A name="GOR">1733.0</A>
      <A name="WOR">0.3</A>
      <A name="WIR">1.3</A>
      <A name="fraction_elec_onsite">1.0</A>
      <A name="fraction_remaining_gas_inj">0.9</A>
      <A name="fraction_water_reinjected">1.0</A>
      <A name="FOR">90.0</A>
      <A name="frac_transport_tanker">1.0</A>
      <A name="frac_transport_barge">0.0</A>
      <A name="frac_transport_pipeline">0.0</A>
      <A name="frac_transport_rail">0.0</A>
      <A name="transport_dist_tanker">6940.0</A>
      <A name="transport_dist_barge">0.0</A>
      <A name="transport_dist_pipeline">0.0</A>
      <A name="transport_dist_rail">0.0</A>
    </Field>
    <Field name="Field 35" modifies="template">
      <A name="downhole_pump">0</A>
      <A name="water_reinjection">1</A>
      <A name="natural_gas_reinjection">0</A>
      <A name="water_flooding">0</A>
      <A name="gas_lifting">1</A>
      <A name="gas_flooding">0</A>
      <A name="steam_flooding">0</A>
      <A name="oil_sands_mine">None</A>
      <A name="country">Nigeria</A>
      <A name="name">Bonga</A>
      <A name="age">9.0</A>
      <A name="depth">8200.0</A>
      <A name="oil_prod">97260.0</A>
      <A name="num_prod_wells">13</A>
      <A name="num_water_inj_wells">8</A>
      <A name="res_press">1763.0</A>
      <A name="GOR">900.0</A>
      <A name="WOR">0.21</A>
      <A name="WIR">1.72</A>
      <A name="GLIR">28.0</A>
      <A name="FOR">129.0</A>
      <A name="frac_transport_tanker">1.0</A>
      <A name="frac_transport_barge">0.0</A>
      <A name="frac_transport_pipeline">0.0</A>
      <A name="frac_transport_rail">0.0</A>
      <A name="transport_dist_tanker">6940.0</A>
    </Field>
    <Field name="Field 36" modifies="template">
      <A name="downhole_pump">0</A>
      <A name="water_reinjection">0</A>
      <A name="natural_gas_reinjection">0</A>
      <A name="water_flooding">0</A>
      <A name="gas_lifting">0</A>
      <A name="gas_flooding">0</A>
      <A name="steam_flooding">0</A>
      <A name="oil_sands_mine">None</A>
      <A name="country">Nigeria</A>
      <A name="name">Bonny</A>
      <A name="age">40.0</A>
      <A name="depth">11500.0</A>
      <A name="oil_prod">2234.0</A>
      <A name="num_prod_wells">33</A>
      <A name="num_water_inj_wells">0</A>
      <A name="res_press">2400.0</A>
      <A name="API">35.3</A>
      <A name="GOR">20848.68</A>
      <A name="WOR">0.7</A>
      <A name="FOR">1652.0</A>
      <A name="frac_transport_tanker">1.0</A>
      <A name="frac_transport_barge">0.0</A>
      <A name="frac_transport_pipeline">0.0</A>
      <A name="frac_transport_rail">0.0</A>
      <A name="transport_dist_tanker">6926.0</A>
      <A name="transport_dist_barge">0.0</A>
      <A name="transport_dist_pipeline">0.0</A>
      <A name="transport_dist_rail">0.0</A>
    </Field>
    <Field name="Field 37" modifies="template">
      <A name="downhole_pump">1</A>
      <A name="water_reinjection">0</A>
      <A name="natural_gas_reinjection">0</A>
      <A name="water_flooding">0</A>
      <A name="gas_lifting">0</A>
      <A name="gas_flooding">0</A>
      <A name="steam_flooding">0</A>
      <A name="oil_sands_mine">None</A>
      <A name="country">Nigeria</A>
      <A name="name">Escravos Beach</A>
      <A name="age">45.0</A>
      <A name="depth">8175.0</A>
      <A name="oil_prod">3540.0</A>
      <A name="res_press">1757.625</A>
      <A name="API">35.8</A>
      <A name="GOR">1311.0</A>
      <A name="WOR">1.08</A>
      <A name="FOR">1273.0</A>
      <A name="frac_transport_tanker">1.0</A>
      <A name="frac_transport_barge">0.0</A>
      <A name="frac_transport_pipeline">0.0</A>
      <A name="frac_transport_rail">0.0</A>
      <A name="transport_dist_tanker">6940.0</A>
    </Field>
    <Field name="Field 38" modifies="template">
      <A name="downhole_pump">0</A>
      <A name="water_reinjection">1</A>
      <A name="natural_gas_reinjection">0</A>
      <A name="water_flooding">0</A>
      <A name="gas_lifting">1</A>
      <A name="gas_flooding">0</A>
      <A name="steam_flooding">0</A>
      <A name="oil_sands_mine">None</A>
      <A name="country">Nigeria</A>
      <A name="name">Obagi</A>
      <A name="age">47.0</A>
      <A name="depth">2050.0</A>
      <A name="oil_prod">9910.0</A>
      <A name="num_prod_wells">56</A>
      <A name="num_water_inj_wells">12</A>
      <A name="res_press">2610.0</A>
      <A name="API">35.3</A>
      <A name="GOR">19652.36</A>
      <A name="WOR">3.9</A>
      <A name="WIR">3.9</A>
      <A name="GLIR">256.4</A>
      <A name="fraction_water_reinjected">1.0</A>
      <A name="FOR">2428.4</A>
      <A name="frac_transport_tanker">1.0</A>
      <A name="frac_transport_barge">0.0</A>
      <A name="frac_transport_pipeline">0.0</A>
      <A name="frac_transport_rail">0.0</A>
      <A name="transport_dist_tanker">7127.0</A>
      <A name="transport_dist_barge">0.0</A>
      <A name="transport_dist_pipeline">50.0</A>
      <A name="transport_dist_rail">0.0</A>
    </Field>
    <Field name="Field 39" modifies="template">
      <A name="downhole_pump">1</A>
      <A name="water_reinjection">0</A>
      <A name="natural_gas_reinjection">0</A>
      <A name="water_flooding">0</A>
      <A name="gas_lifting">0</A>
      <A name="gas_flooding">0</A>
      <A name="steam_flooding">0</A>
      <A name="oil_sands_mine">None</A>
      <A name="country">Nigeria</A>
      <A name="name">Pennington</A>
      <A name="depth">11000.0</A>
      <A name="oil_prod">266.0</A>
      <A name="num_prod_wells">1</A>
      <A name="res_press">2365.0</A>
      <A name="API">33.7</A>
      <A name="GOR">1241.0</A>
      <A name="FOR">1081.0</A>
      <A name="frac_transport_tanker">1.0</A>
      <A name="frac_transport_barge">0.0</A>
      <A name="frac_transport_pipeline">0.0</A>
      <A name="frac_transport_rail">0.0</A>
      <A name="transport_dist_tanker">6940.0</A>
    </Field>
    <Field name="Field 40" modifies="template">
      <A name="downhole_pump">0</A>
      <A name="water_reinjection">1</A>
      <A name="natural_gas_reinjection">1</A>
      <A name="water_flooding">0</A>
      <A name="gas_lifting">0</A>
      <A name="gas_flooding">0</A>
      <A name="steam_flooding">0</A>
      <A name="oil_sands_mine">None</A>
      <A name="country">Norway</A>
      <A name="name">Ekofisk</A>
      <A name="age">42.0</A>
      <A name="depth">10000.0</A>
      <A name="oil_prod">102000.0</A>
      <A name="num_prod_wells">80</A>
      <A name="num_water_inj_wells">20</A>
      <A name="res_press">5150.0</A>
      <A name="API">38.4</A>
      <A name="gas_comp_N2">0.3</A>
      <A name="gas_comp_CO2">2.5</A>
      <A name="gas_comp_C1">78.7</A>
      <A name="gas_comp_C2">9.8</A>
      <A name="gas_comp_C3">4.3</A>
      <A name="gas_comp_C4">3.3</A>
      <A name="gas_comp_H2S">1.0</A>
      <A name="GOR">1150.0</A>
      <A name="WOR">0.3</A>
      <A name="WIR">1.3</A>
      <A name="fraction_elec_onsite">1.0</A>
      <A name="fraction_remaining_gas_inj">0.25</A>
      <A name="fraction_water_reinjected">1.0</A>
      <A name="FOR">18.03</A>
      <A name="frac_transport_tanker">1.0</A>
      <A name="frac_transport_barge">0.0</A>
      <A name="frac_transport_pipeline">1.0</A>
      <A name="frac_transport_rail">0.0</A>
      <A name="transport_dist_tanker">4942.0</A>
      <A name="transport_dist_barge">0.0</A>
      <A name="transport_dist_pipeline">220.0</A>
      <A name="transport_dist_rail">0.0</A>
    </Field>
    <Field name="Field 41" modifies="template">
      <A name="downhole_pump">1</A>
      <A name="water_reinjection">1</A>
      <A name="natural_gas_reinjection">1</A>
      <A name="water_flooding">0</A>
      <A name="gas_lifting">0</A>
      <A name="gas_flooding">0</A>
      <A name="steam_flooding">0</A>
      <A name="oil_sands_mine">None</A>
      <A name="country">Norway</A>
      <A name="name">Oseberg</A>
      <A name="age">28.0</A>
      <A name="depth">8200.0</A>
      <A name="oil_prod">57122.0</A>
      <A name="num_prod_wells">30</A>
      <A name="num_water_inj_wells">10</A>
      <A name="res_press">1763.0</A>
      <A name="GOR">4609.0</A>
      <A name="WOR">0.9</A>
      <A name="WIR">0.9</A>
      <A name="fraction_elec_onsite">1.0</A>
      <A name="fraction_remaining_gas_inj">1.0</A>
      <A name="fraction_water_reinjected">1.0</A>
    </Field>
    <Field name="Field 42" modifies="template">
      <A name="downhole_pump">0</A>
      <A name="water_reinjection">1</A>
      <A name="natural_gas_reinjection">1</A>
      <A name="water_flooding">0</A>
      <A name="gas_lifting">0</A>
      <A name="gas_flooding">0</A>
      <A name="steam_flooding">0</A>
      <A name="oil_sands_mine">None</A>
      <A name="country">Norway</A>
      <A name="name">Skarv</A>
      <A name="age">2.0</A>
      <A name="depth">11500.0</A>
      <A name="oil_prod">51000.0</A>
      <A name="num_prod_wells">12</A>
      <A name="num_water_inj_wells">4</A>
      <A name="res_press">2472.5</A>
      <A name="API">38.5</A>
      <A name="GOR">5463.0</A>
      <A name="WOR">0.197715205</A>
      <A name="frac_transport_tanker">1.0</A>
      <A name="frac_transport_barge">0.0</A>
      <A name="frac_transport_pipeline">0.0</A>
      <A name="frac_transport_rail">0.0</A>
      <A name="transport_dist_tanker">4942.0</A>
      <A name="transport_dist_pipeline">220.0</A>
    </Field>
    <Field name="Field 43" modifies="template">
      <A name="downhole_pump">1</A>
      <A name="water_reinjection">0</A>
      <A name="natural_gas_reinjection">1</A>
      <A name="water_flooding">0</A>
      <A name="gas_lifting">0</A>
      <A name="gas_flooding">0</A>
      <A name="steam_flooding">0</A>
      <A name="oil_sands_mine">None</A>
      <A name="country">Qatar</A>
      <A name="name">Bul Hanine</A>
      <A name="age">45.0</A>
      <A name="depth">7650.0</A>
      <A name="oil_prod">45000.0</A>
      <A name="res_press">1644.75</A>
      <A name="API">35.0</A>
      <A name="WOR">7.819556475</A>
      <A name="frac_transport_tanker">1.0</A>
      <A name="frac_transport_barge">0.0</A>
      <A name="frac_transport_pipeline">1.0</A>
      <A name="frac_transport_rail">0.0</A>
      <A name="transport_dist_tanker">11285.92</A>
      <A name="transport_dist_barge">0.0</A>
      <A name="transport_dist_pipeline">93.0</A>
      <A name="transport_dist_rail">0.0</A>
    </Field>
    <Field name="Field 44" modifies="template">
      <A name="downhole_pump">1</A>
      <A name="water_reinjection">1</A>
      <A name="natural_gas_reinjection">1</A>
      <A name="water_flooding">0</A>
      <A name="gas_lifting">0</A>
      <A name="gas_flooding">0</A>
      <A name="steam_flooding">0</A>
      <A name="oil_sands_mine">None</A>
      <A name="country">Qatar</A>
      <A name="name">Dukhan</A>
      <A name="age">77.0</A>
      <A name="depth">3000.0</A>
      <A name="oil_prod">335000.0</A>
      <A name="num_prod_wells">300</A>
      <A name="num_water_inj_wells">182</A>
      <A name="res_press">645.0</A>
      <A name="API">40.0</A>
      <A name="GOR">2363.24</A>
      <A name="WOR">21.50073974</A>
      <A name="frac_transport_tanker">1.0</A>
      <A name="frac_transport_barge">0.0</A>
      <A name="frac_transport_pipeline">1.0</A>
      <A name="frac_transport_rail">0.0</A>
      <A name="transport_dist_tanker">11387.31</A>
      <A name="transport_dist_barge">0.0</A>
      <A name="transport_dist_pipeline">67.0</A>
      <A name="transport_dist_rail">0.0</A>
    </Field>
    <Field name="Field 45" modifies="template">
      <A name="downhole_pump">1</A>
      <A name="water_reinjection">0</A>
      <A name="natural_gas_reinjection">1</A>
      <A name="water_flooding">0</A>
      <A name="gas_lifting">0</A>
      <A name="gas_flooding">0</A>
      <A name="steam_flooding">0</A>
      <A name="oil_sands_mine">None</A>
      <A name="country">Russian Federation</A>
      <A name="name">Chayvo</A>
      <A name="age">8.0</A>
      <A name="depth">36000.0</A>
      <A name="oil_prod">250000.0</A>
      <A name="num_prod_wells">26</A>
      <A name="num_water_inj_wells">0</A>
      <A name="well_diam">5.5</A>
      <A name="res_press">2600.0</A>
      <A name="API">36.4</A>
      <A name="GOR">4000.0</A>
      <A name="WOR">0.57</A>
      <A name="WIR">0.0</A>
      <A name="fraction_elec_onsite">1.0</A>
      <A name="fraction_remaining_gas_inj">0.3</A>
      <A name="frac_transport_tanker">1.0</A>
      <A name="frac_transport_barge">0.0</A>
      <A name="frac_transport_pipeline">1.0</A>
      <A name="frac_transport_rail">0.0</A>
      <A name="transport_dist_tanker">10417.0</A>
      <A name="transport_dist_barge">0.0</A>
      <A name="transport_dist_pipeline">140.0</A>
      <A name="transport_dist_rail">0.0</A>
    </Field>
    <Field name="Field 46" modifies="template">
      <A name="downhole_pump">1</A>
      <A name="water_reinjection">0</A>
      <A name="natural_gas_reinjection">0</A>
      <A name="water_flooding">1</A>
      <A name="gas_lifting">0</A>
      <A name="gas_flooding">0</A>
      <A name="steam_flooding">0</A>
      <A name="oil_sands_mine">None</A>
      <A name="country">Russian Federation</A>
      <A name="name">Romashkinskoye</A>
      <A name="age">69.0</A>
      <A name="depth">5294.0</A>
      <A name="oil_prod">300000.0</A>
      <A name="res_press">1375.0</A>
      <A name="API">31.78</A>
      <A name="GOR">29.65</A>
      <A name="WOR">3.0</A>
      <A name="frac_transport_tanker">1.0</A>
      <A name="frac_transport_barge">0.0</A>
      <A name="frac_transport_pipeline">1.0</A>
      <A name="frac_transport_rail">0.0</A>
      <A name="transport_dist_tanker">6935.6</A>
      <A name="transport_dist_barge">0.0</A>
      <A name="transport_dist_pipeline">1032.0</A>
      <A name="transport_dist_rail">0.0</A>
    </Field>
    <Field name="Field 47" modifies="template">
      <A name="downhole_pump">1</A>
      <A name="water_reinjection">0</A>
      <A name="natural_gas_reinjection">0</A>
      <A name="water_flooding">1</A>
      <A name="gas_lifting">0</A>
      <A name="gas_flooding">0</A>
      <A name="steam_flooding">0</A>
      <A name="oil_sands_mine">None</A>
      <A name="country">Russian Federation</A>
      <A name="name">Samotlor</A>
      <A name="age">48.0</A>
      <A name="depth">6561.0</A>
      <A name="oil_prod">750000.0</A>
      <A name="num_prod_wells">13400</A>
      <A name="num_water_inj_wells">4500</A>
      <A name="res_press">1410.615</A>
      <A name="API">35.0</A>
      <A name="GOR">481.78</A>
      <A name="WOR">9.0</A>
      <A name="frac_transport_tanker">1.0</A>
      <A name="frac_transport_barge">0.0</A>
      <A name="frac_transport_pipeline">1.0</A>
      <A name="frac_transport_rail">0.0</A>
      <A name="transport_dist_tanker">10534.99</A>
      <A name="transport_dist_barge">0.0</A>
      <A name="transport_dist_pipeline">3288.0</A>
      <A name="transport_dist_rail">0.0</A>
    </Field>
    <Field name="Field 48" modifies="template">
      <A name="downhole_pump">0</A>
      <A name="water_reinjection">0</A>
      <A name="natural_gas_reinjection">0</A>
      <A name="water_flooding">0</A>
      <A name="gas_lifting">1</A>
      <A name="gas_flooding">0</A>
      <A name="steam_flooding">0</A>
      <A name="oil_sands_mine">None</A>
      <A name="country">Saudi Arabia</A>
      <A name="name">Safaniya</A>
      <A name="age">64.0</A>
      <A name="depth">5100.0</A>
      <A name="oil_prod">1500000.0</A>
      <A name="num_prod_wells">500</A>
      <A name="well_diam">4.5</A>
      <A name="res_press">2500.0</A>
      <A name="API">27.0</A>
      <A name="GOR">225.0</A>
      <A name="WOR">0.43</A>
      <A name="GLIR">1000.0</A>
      <A name="GFIR">0.0</A>
      <A name="SOR">0.0</A>
      <A name="fraction_elec_onsite">0.0</A>
      <A name="fraction_remaining_gas_inj">0.0</A>
      <A name="fraction_water_reinjected">0.0</A>
      <A name="fraction_steam_cogen">0.0</A>
      <A name="frac_transport_tanker">1.0</A>
      <A name="frac_transport_barge">0.0</A>
      <A name="frac_transport_pipeline">1.0</A>
      <A name="frac_transport_rail">0.0</A>
      <A name="transport_dist_tanker">11370.88</A>
      <A name="transport_dist_barge">0.0</A>
      <A name="transport_dist_pipeline">165.0</A>
      <A name="transport_dist_rail">0.0</A>
    </Field>
    <Field name="Field 49" modifies="template">
      <A name="downhole_pump">1</A>
      <A name="water_reinjection">1</A>
      <A name="natural_gas_reinjection">0</A>
      <A name="water_flooding">0</A>
      <A name="gas_lifting">0</A>
      <A name="gas_flooding">0</A>
      <A name="steam_flooding">0</A>
      <A name="oil_sands_mine">None</A>
      <A name="country">Saudi Arabia</A>
      <A name="name">Ghawar</A>
      <A name="age">63.0</A>
      <A name="depth">6920.0</A>
      <A name="oil_prod">5000000.0</A>
      <A name="num_prod_wells">3400</A>
      <A name="res_press">2820.0</A>
      <A name="API">34.0</A>
      <A name="GOR">570.0</A>
      <A name="WOR">0.43</A>
      <A name="WIR">1.4</A>
      <A name="frac_transport_tanker">1.0</A>
      <A name="frac_transport_barge">0.0</A>
      <A name="frac_transport_pipeline">1.0</A>
      <A name="frac_transport_rail">0.0</A>
      <A name="transport_dist_tanker">11327.0</A>
      <A name="transport_dist_pipeline">250.0</A>
    </Field>
    <Field name="Field 50" modifies="template">
      <A name="downhole_pump">1</A>
      <A name="water_reinjection">0</A>
      <A name="natural_gas_reinjection">0</A>
      <A name="water_flooding">0</A>
      <A name="gas_lifting">0</A>
      <A name="gas_flooding">0</A>
      <A name="steam_flooding">0</A>
      <A name="oil_sands_mine">None</A>
      <A name="country">Saudi Arabia</A>
      <A name="name">Zuluf</A>
      <A name="age">42.0</A>
      <A name="depth">5800.0</A>
      <A name="oil_prod">450000.0</A>
      <A name="num_prod_wells">270</A>
      <A name="prod_index">189.0</A>
      <A name="res_press">2618.0</A>
      <A name="API">32.0</A>
      <A name="WOR">6.997003623</A>
      <A name="fraction_water_reinjected">1.0</A>
      <A name="frac_transport_tanker">1.0</A>
      <A name="frac_transport_barge">0.0</A>
      <A name="frac_transport_pipeline">0.0</A>
      <A name="frac_transport_rail">0.0</A>
      <A name="transport_dist_tanker">11619.81</A>
      <A name="transport_dist_barge">0.0</A>
      <A name="transport_dist_pipeline">0.0</A>
      <A name="transport_dist_rail">0.0</A>
    </Field>
    <Field name="Field 51" modifies="template">
      <A name="downhole_pump">0</A>
      <A name="water_reinjection">1</A>
      <A name="natural_gas_reinjection">0</A>
      <A name="water_flooding">0</A>
      <A name="gas_lifting">1</A>
      <A name="gas_flooding">0</A>
      <A name="steam_flooding">0</A>
      <A name="oil_sands_mine">None</A>
      <A name="country">United Arab Emirates</A>
      <A name="name">Fath</A>
      <A name="age">49.0</A>
      <A name="depth">8300.0</A>
      <A name="oil_prod">140000.0</A>
      <A name="num_prod_wells">240</A>
      <A name="num_water_inj_wells">140</A>
      <A name="well_diam">4.5</A>
      <A name="res_press">2500.0</A>
      <A name="API">31.8</A>
      <A name="GOR">520.0</A>
      <A name="WOR">1.0</A>
      <A name="WIR">1.0</A>
      <A name="fraction_water_reinjected">1.0</A>
      <A name="frac_transport_tanker">1.0</A>
      <A name="frac_transport_barge">0.0</A>
      <A name="frac_transport_pipeline">1.0</A>
      <A name="frac_transport_rail">0.0</A>
      <A name="transport_dist_tanker">11059.88</A>
      <A name="transport_dist_barge">0.0</A>
      <A name="transport_dist_pipeline">60.0</A>
      <A name="transport_dist_rail">0.0</A>
    </Field>
    <Field name="Field 52" modifies="template">
      <A name="downhole_pump">0</A>
      <A name="water_reinjection">0</A>
      <A name="natural_gas_reinjection">1</A>
      <A name="water_flooding">0</A>
      <A name="gas_lifting">0</A>
      <A name="gas_flooding">0</A>
      <A name="steam_flooding">0</A>
      <A name="oil_sands_mine">None</A>
      <A name="country">United Arab Emirates</A>
      <A name="name">Murban</A>
      <A name="age">54.0</A>
      <A name="depth">8000.0</A>
      <A name="oil_prod">360000.0</A>
      <A name="res_press">1720.0</A>
      <A name="API">40.0</A>
      <A name="WOR">0.1</A>
      <A name="frac_transport_tanker">1.0</A>
      <A name="frac_transport_barge">0.0</A>
      <A name="frac_transport_pipeline">1.0</A>
      <A name="frac_transport_rail">0.0</A>
      <A name="transport_dist_tanker">11327.0</A>
      <A name="transport_dist_pipeline">150.0</A>
    </Field>
    <Field name="Field 53" modifies="template">
      <A name="downhole_pump">1</A>
      <A name="water_reinjection">0</A>
      <A name="natural_gas_reinjection">0</A>
      <A name="water_flooding">0</A>
      <A name="gas_lifting">0</A>
      <A name="gas_flooding">0</A>
      <A name="steam_flooding">0</A>
      <A name="oil_sands_mine">None</A>
      <A name="country">United Kingdom</A>
      <A name="name">Brent</A>
      <A name="age">37.0</A>
      <A name="depth">8100.0</A>
      <A name="oil_prod">1030.0</A>
      <A name="num_prod_wells">160</A>
      <A name="num_water_inj_wells">23</A>
      <A name="prod_index">50.0</A>
      <A name="res_press">1800.0</A>
      <A name="API">39.0</A>
      <A name="GOR">28756.14</A>
      <A name="WOR">25.35</A>
      <A name="WIR">26.35</A>
      <A name="GLIR">104.3</A>
      <A name="GFIR">43134.22</A>
      <A name="fraction_water_reinjected">1.0</A>
      <A name="FOR">728.0</A>
      <A name="frac_transport_tanker">1.0</A>
      <A name="frac_transport_barge">0.0</A>
      <A name="frac_transport_pipeline">0.0</A>
      <A name="frac_transport_rail">0.0</A>
      <A name="transport_dist_tanker">5517.0</A>
      <A name="transport_dist_barge">0.0</A>
      <A name="transport_dist_pipeline">227.0</A>
      <A name="transport_dist_rail">0.0</A>
    </Field>
    <Field name="Field 54" modifies="template">
      <A name="downhole_pump">0</A>
      <A name="water_reinjection">1</A>
      <A name="natural_gas_reinjection">0</A>
      <A name="water_flooding">0</A>
      <A name="gas_lifting">1</A>
      <A name="gas_flooding">0</A>
      <A name="steam_flooding">0</A>
      <A name="oil_sands_mine">None</A>
      <A name="country">United Kingdom</A>
      <A name="name">Forties</A>
      <A name="age">38.0</A>
      <A name="depth">7311.0</A>
      <A name="oil_prod">46410.0</A>
      <A name="num_prod_wells">80</A>
      <A name="num_water_inj_wells">11</A>
      <A name="well_diam">4.5</A>
      <A name="res_press">2900.0</A>
      <A name="API">35.0</A>
      <A name="GOR">238.0</A>
      <A name="WOR">8.7</A>
      <A name="WIR">6.0</A>
      <A name="GLIR">8.0</A>
      <A name="fraction_elec_onsite">1.0</A>
      <A name="fraction_water_reinjected">0.69</A>
      <A name="FOR">34.0</A>
      <A name="frac_transport_tanker">1.0</A>
      <A name="frac_transport_barge">0.0</A>
      <A name="frac_transport_pipeline">0.0</A>
      <A name="frac_transport_rail">0.0</A>
      <A name="transport_dist_tanker">4942.0</A>
      <A name="transport_dist_barge">0.0</A>
      <A name="transport_dist_pipeline">220.0</A>
      <A name="transport_dist_rail">0.0</A>
    </Field>
    <Field name="Field 55" modifies="template">
      <A name="downhole_pump">1</A>
      <A name="water_reinjection">1</A>
      <A name="natural_gas_reinjection">0</A>
      <A name="water_flooding">0</A>
      <A name="gas_lifting">0</A>
      <A name="gas_flooding">0</A>
      <A name="steam_flooding">0</A>
      <A name="oil_sands_mine">None</A>
      <A name="country">United Kingdom</A>
      <A name="name">Forties</A>
      <A name="age">38.0</A>
      <A name="depth">7311.0</A>
      <A name="oil_prod">46410.0</A>
      <A name="num_prod_wells">80</A>
      <A name="num_water_inj_wells">11</A>
      <A name="well_diam">4.5</A>
      <A name="res_press">2900.0</A>
      <A name="API">35.0</A>
      <A name="GOR">238.0</A>
      <A name="WOR">8.7</A>
      <A name="WIR">6.0</A>
      <A name="GLIR">0.0</A>
      <A name="fraction_elec_onsite">1.0</A>
      <A name="fraction_water_reinjected">0.69</A>
      <A name="FOR">34.0</A>
      <A name="frac_transport_tanker">1.0</A>
      <A name="frac_transport_barge">0.0</A>
      <A name="frac_transport_pipeline">0.0</A>
      <A name="frac_transport_rail">0.0</A>
      <A name="transport_dist_tanker">4942.0</A>
      <A name="transport_dist_barge">0.0</A>
      <A name="transport_dist_pipeline">220.0</A>
      <A name="transport_dist_rail">0.0</A>
    </Field>
    <Field name="Field 56" modifies="template">
      <A name="downhole_pump">0</A>
      <A name="water_reinjection">0</A>
      <A name="natural_gas_reinjection">1</A>
      <A name="water_flooding">1</A>
      <A name="gas_lifting">1</A>
      <A name="gas_flooding">0</A>
      <A name="steam_flooding">0</A>
      <A name="oil_sands_mine">None</A>
      <A name="country">United States</A>
      <A name="name">ANS</A>
      <A name="age">45.0</A>
      <A name="depth">7700.0</A>
      <A name="oil_prod">507770.0</A>
      <A name="num_prod_wells">1515</A>
      <A name="num_water_inj_wells">853</A>
      <A name="res_press">3200.0</A>
      <A name="API">28.3</A>
      <A name="GOR">16576.0</A>
      <A name="WOR">3.96</A>
      <A name="WIR">5.9</A>
      <A name="GLIR">1000.0</A>
      <A name="GFIR">30972.0</A>
      <A name="fraction_elec_onsite">1.0</A>
      <A name="fraction_remaining_gas_inj">1.0</A>
      <Process class="CrudeOilDewatering">
        <A name="heater_treater">1</A>
      </Process>
      <A name="stabilizer_column">0</A>
      <A name="gas_processing_path">Acid Wet Gas</A>
      <A name="frac_transport_tanker">1.0</A>
      <A name="frac_transport_barge">0.0</A>
      <A name="frac_transport_pipeline">1.0</A>
      <A name="frac_transport_rail">0.0</A>
      <A name="transport_dist_tanker">7491.0</A>
      <A name="transport_dist_barge">0.0</A>
      <A name="transport_dist_pipeline">800.0</A>
      <A name="transport_dist_rail">0.0</A>
    </Field>
    <Field name="Field 57" modifies="template">
      <A name="downhole_pump">1</A>
      <A name="water_reinjection">0</A>
      <A name="natural_gas_reinjection">0</A>
      <A name="water_flooding">0</A>
      <A name="gas_lifting">0</A>
      <A name="gas_flooding">0</A>
      <A name="steam_flooding">0</A>
      <A name="oil_sands_mine">None</A>
      <A name="country">United States</A>
      <A name="name">Bakken - Flaring</A>
      <A name="age">5.0</A>
      <A name="depth">10533.0</A>
      <A name="oil_prod">646704.0</A>
      <A name="num_prod_wells">3656</A>
      <A name="num_water_inj_wells">0</A>
      <A name="well_diam">2.75</A>
      <A name="res_press">2000.0</A>
      <A name="API">41.9</A>
      <A name="gas_comp_N2">3.67</A>
      <A name="gas_comp_CO2">0.7</A>
      <A name="gas_comp_C1">49.24</A>
      <A name="gas_comp_C2">21.03</A>
      <A name="gas_comp_C3">15.09</A>
      <A name="gas_comp_C4">10.27</A>
      <A name="gas_comp_H2S">0.01</A>
      <A name="GOR">1273.0</A>
      <A name="WOR">0.77</A>
      <A name="WIR">0.0</A>
      <A name="GLIR">0.0</A>
      <A name="GFIR">0.0</A>
      <A name="SOR">0.0</A>
      <A name="fraction_steam_cogen">0.0</A>
      <Process class="CrudeOilDewatering">
        <A name="heater_treater">1</A>
      </Process>
      <A name="stabilizer_column">0</A>
      <A name="gas_processing_path">Sour Gas Reinjection</A>
      <A name="common_gas_process_choice">None</A>
      <A name="FOR">514.0</A>
      <A name="frac_transport_tanker">0.0</A>
      <A name="frac_transport_barge">0.0</A>
      <A name="frac_transport_pipeline">0.33</A>
      <A name="frac_transport_rail">0.67</A>
      <A name="transport_dist_tanker">0.0</A>
      <A name="transport_dist_barge">0.0</A>
      <A name="transport_dist_pipeline">1500.0</A>
      <A name="transport_dist_rail">1500.0</A>
    </Field>
    <Field name="Field 58" modifies="template">
      <A name="downhole_pump">1</A>
      <A name="water_reinjection">0</A>
      <A name="natural_gas_reinjection">0</A>
      <A name="water_flooding">0</A>
      <A name="gas_lifting">0</A>
      <A name="gas_flooding">0</A>
      <A name="steam_flooding">0</A>
      <A name="oil_sands_mine">None</A>
      <A name="country">United States</A>
      <A name="name">Bakken - No flaring</A>
      <A name="age">5.0</A>
      <A name="depth">10533.0</A>
      <A name="oil_prod">277158.0</A>
      <A name="num_prod_wells">2141</A>
      <A name="num_water_inj_wells">0</A>
      <A name="well_diam">2.75</A>
      <A name="res_press">2000.0</A>
      <A name="API">41.9</A>
      <A name="gas_comp_N2">3.67</A>
      <A name="gas_comp_CO2">0.7</A>
      <A name="gas_comp_C1">49.24</A>
      <A name="gas_comp_C2">21.03</A>
      <A name="gas_comp_C3">15.09</A>
      <A name="gas_comp_C4">10.27</A>
      <A name="gas_comp_H2S">0.01</A>
      <A name="GOR">1273.0</A>
      <A name="WOR">0.77</A>
      <A name="WIR">0.0</A>
      <A name="GLIR">0.0</A>
      <A name="GFIR">0.0</A>
      <A name="SOR">0.0</A>
      <A name="fraction_steam_cogen">0.0</A>
      <Process class="CrudeOilDewatering">
        <A name="heater_treater">1</A>
      </Process>
      <A name="stabilizer_column">0</A>
      <A name="gas_processing_path">Sour Gas Reinjection</A>
      <A name="common_gas_process_choice">None</A>
      <A name="FOR">10.0</A>
      <A name="frac_transport_tanker">0.0</A>
      <A name="frac_transport_barge">0.0</A>
      <A name="frac_transport_pipeline">0.33</A>
      <A name="frac_transport_rail">0.67</A>
      <A name="transport_dist_tanker">0.0</A>
      <A name="transport_dist_barge">0.0</A>
      <A name="transport_dist_pipeline">1500.0</A>
      <A name="transport_dist_rail">1500.0</A>
    </Field>
    <Field name="Field 59" modifies="template">
      <A name="downhole_pump">1</A>
      <A name="water_reinjection">0</A>
      <A name="natural_gas_reinjection">0</A>
      <A name="water_flooding">0</A>
      <A name="gas_lifting">0</A>
      <A name="gas_flooding">0</A>
      <A name="steam_flooding">0</A>
      <A name="oil_sands_mine">None</A>
      <A name="country">United States</A>
      <A name="name">Bakken - All</A>
      <A name="age">5.0</A>
      <A name="depth">10533.0</A>
      <A name="oil_prod">923863.0</A>
      <A name="num_prod_wells">5806</A>
      <A name="num_water_inj_wells">0</A>
      <A name="well_diam">2.75</A>
      <A name="res_press">2000.0</A>
      <A name="API">41.9</A>
      <A name="gas_comp_N2">3.67</A>
      <A name="gas_comp_CO2">0.7</A>
      <A name="gas_comp_C1">49.24</A>
      <A name="gas_comp_C2">21.03</A>
      <A name="gas_comp_C3">15.09</A>
      <A name="gas_comp_C4">10.27</A>
      <A name="gas_comp_H2S">0.01</A>
      <A name="GOR">1273.0</A>
      <A name="WOR">0.77</A>
      <A name="WIR">0.0</A>
      <A name="GLIR">0.0</A>
      <A name="GFIR">0.0</A>
      <A name="SOR">0.0</A>
      <A name="fraction_steam_cogen">0.0</A>
      <Process class="CrudeOilDewatering">
        <A name="heater_treater">1</A>
      </Process>
      <A name="stabilizer_column">0</A>
      <A name="gas_processing_path">Sour Gas Reinjection</A>
      <A name="common_gas_process_choice">None</A>
      <A name="FOR">363.0</A>
      <A name="frac_transport_tanker">0.0</A>
      <A name="frac_transport_barge">0.0</A>
      <A name="frac_transport_pipeline">0.33</A>
      <A name="frac_transport_rail">0.67</A>
      <A name="transport_dist_tanker">0.0</A>
      <A name="transport_dist_barge">0.0</A>
      <A name="transport_dist_pipeline">1500.0</A>
      <A name="transport_dist_rail">1500.0</A>
    </Field>
    <Field name="Field 60" modifies="template">
      <A name="downhole_pump">1</A>
      <A name="water_reinjection">0</A>
      <A name="natural_gas_reinjection">0</A>
      <A name="water_flooding">0</A>
      <A name="gas_lifting">0</A>
      <A name="gas_flooding">0</A>
      <A name="steam_flooding">0</A>
      <A name="oil_sands_mine">None</A>
      <A name="country">United States</A>
      <A name="name">Eagle Ford - Black oil</A>
      <A name="age">6.0</A>
      <A name="depth">9978.0</A>
      <A name="oil_prod">462000.0</A>
      <A name="num_prod_wells">3695</A>
      <A name="num_water_inj_wells">0</A>
      <A name="res_press">3300.0</A>
      <A name="API">46.2</A>
      <A name="gas_comp_N2">0.3</A>
      <A name="gas_comp_CO2">1.99</A>
      <A name="gas_comp_C1">66.62</A>
      <A name="gas_comp_C2">16.23</A>
      <A name="gas_comp_C3">8.52</A>
      <A name="gas_comp_C4">6.34</A>
      <A name="gas_comp_H2S">0.0</A>
      <A name="GOR">906.0</A>
      <A name="WOR">0.9</A>
      <A name="WIR">0.0</A>
      <A name="GLIR">0.0</A>
      <A name="GFIR">0.0</A>
      <A name="SOR">0.0</A>
      <A name="fraction_remaining_gas_inj">0.0</A>
      <A name="fraction_water_reinjected">0.0</A>
      <A name="fraction_steam_cogen">0.0</A>
      <Process class="CrudeOilDewatering">
        <A name="heater_treater">1</A>
      </Process>
      <A name="stabilizer_column">1</A>
      <A name="gas_processing_path">Sour Gas Reinjection</A>
      <A name="common_gas_process_choice">None</A>
      <A name="FOR">140.1</A>
      <A name="VOR">1.0</A>
      <A name="frac_transport_tanker">0.0</A>
      <A name="frac_transport_barge">0.2</A>
      <A name="frac_transport_pipeline">0.65</A>
      <A name="frac_transport_rail">0.35</A>
      <A name="transport_dist_tanker">0.0</A>
      <A name="transport_dist_barge">668.0</A>
      <A name="transport_dist_pipeline">462.0</A>
      <A name="transport_dist_rail">200.0</A>
    </Field>
    <Field name="Field 61" modifies="template">
      <A name="downhole_pump">1</A>
      <A name="water_reinjection">0</A>
      <A name="natural_gas_reinjection">0</A>
      <A name="water_flooding">0</A>
      <A name="gas_lifting">0</A>
      <A name="gas_flooding">0</A>
      <A name="steam_flooding">0</A>
      <A name="oil_sands_mine">None</A>
      <A name="country">United States</A>
      <A name="name">Eagle Ford - Volatile oil</A>
      <A name="age">6.0</A>
      <A name="depth">9978.0</A>
      <A name="oil_prod">382000.0</A>
      <A name="num_prod_wells">2855</A>
      <A name="num_water_inj_wells">0</A>
      <A name="res_press">3300.0</A>
      <A name="API">46.2</A>
      <A name="gas_comp_N2">0.3</A>
      <A name="gas_comp_CO2">1.99</A>
      <A name="gas_comp_C1">66.62</A>
      <A name="gas_comp_C2">16.23</A>
      <A name="gas_comp_C3">8.52</A>
      <A name="gas_comp_C4">6.34</A>
      <A name="gas_comp_H2S">0.0</A>
      <A name="GOR">2496.0</A>
      <A name="WOR">0.9</A>
      <A name="WIR">0.0</A>
      <A name="GLIR">0.0</A>
      <A name="GFIR">0.0</A>
      <A name="SOR">0.0</A>
      <A name="fraction_remaining_gas_inj">0.0</A>
      <A name="fraction_water_reinjected">0.0</A>
      <A name="fraction_steam_cogen">0.0</A>
      <Process class="CrudeOilDewatering">
        <A name="heater_treater">1</A>
      </Process>
      <A name="stabilizer_column">1</A>
      <A name="gas_processing_path">Sour Gas Reinjection</A>
      <A name="common_gas_process_choice">None</A>
      <A name="FOR">140.1</A>
      <A name="VOR">1.0</A>
      <A name="frac_transport_tanker">0.0</A>
      <A name="frac_transport_barge">0.2</A>
      <A name="frac_transport_pipeline">0.65</A>
      <A name="frac_transport_rail">0.35</A>
      <A name="transport_dist_tanker">0.0</A>
      <A name="transport_dist_barge">668.0</A>
      <A name="transport_dist_pipeline">462.0</A>
      <A name="transport_dist_rail">200.0</A>
    </Field>
    <Field name="Field 62" modifies="template">
      <A name="downhole_pump">1</A>
      <A name="water_reinjection">0</A>
      <A name="natural_gas_reinjection">0</A>
      <A name="water_flooding">0</A>
      <A name="gas_lifting">0</A>
      <A name="gas_flooding">0</A>
      <A name="steam_flooding">0</A>
      <A name="oil_sands_mine">None</A>
      <A name="country">United States</A>
      <A name="name">Eagle Ford - Condensate</A>
      <A name="age">6.0</A>
      <A name="depth">9978.0</A>
      <A name="oil_prod">82000.0</A>
      <A name="num_prod_wells">1237</A>
      <A name="num_water_inj_wells">0</A>
      <A name="res_press">3300.0</A>
      <A name="API">58.0</A>
      <A name="gas_comp_N2">0.3</A>
      <A name="gas_comp_CO2">1.99</A>
      <A name="gas_comp_C1">66.62</A>
      <A name="gas_comp_C2">16.23</A>
      <A name="gas_comp_C3">8.52</A>
      <A name="gas_comp_C4">6.34</A>
      <A name="gas_comp_H2S">0.0</A>
      <A name="GOR">8571.0</A>
      <A name="WOR">0.9</A>
      <A name="WIR">0.0</A>
      <A name="GLIR">0.0</A>
      <A name="GFIR">0.0</A>
      <A name="SOR">0.0</A>
      <A name="fraction_remaining_gas_inj">0.0</A>
      <A name="fraction_water_reinjected">0.0</A>
      <A name="fraction_steam_cogen">0.0</A>
      <Process class="CrudeOilDewatering">
        <A name="heater_treater">1</A>
      </Process>
      <A name="stabilizer_column">1</A>
      <A name="gas_processing_path">Sour Gas Reinjection</A>
      <A name="common_gas_process_choice">None</A>
      <A name="FOR">140.1</A>
      <A name="VOR">1.0</A>
      <A name="frac_transport_tanker">0.0</A>
      <A name="frac_transport_barge">0.2</A>
      <A name="frac_transport_pipeline">0.65</A>
      <A name="frac_transport_rail">0.35</A>
      <A name="transport_dist_tanker">0.0</A>
      <A name="transport_dist_barge">668.0</A>
      <A name="transport_dist_pipeline">462.0</A>
      <A name="transport_dist_rail">200.0</A>
    </Field>
    <Field name="Field 63" modifies="template">
      <A name="downhole_pump">1</A>
      <A name="water_reinjection">0</A>
      <A name="natural_gas_reinjection">0</A>
      <A name="water_flooding">0</A>
      <A name="gas_lifting">0</A>
      <A name="gas_flooding">0</A>
      <A name="steam_flooding">0</A>
      <A name="oil_sands_mine">None</A>
      <A name="country">United States</A>
      <A name="name">Eagle Ford - Gas</A>
      <A name="age">6.0</A>
      <A name="depth">9978.0</A>
      <A name="oil_prod">6750.0</A>
      <A name="num_prod_wells">514</A>
      <A name="num_water_inj_wells">0</A>
      <A name="res_press">3300.0</A>
      <A name="API">58.0</A>
      <A name="gas_comp_N2">0.3</A>
      <A name="gas_comp_CO2">1.99</A>
      <A name="gas_comp_C1">66.62</A>
      <A name="gas_comp_C2">16.23</A>
      <A name="gas_comp_C3">8.52</A>
      <A name="gas_comp_C4">6.34</A>
      <A name="gas_comp_H2S">0.0</A>
      <A name="GOR">13385.0</A>
      <A name="WOR">0.9</A>
      <A name="WIR">0.0</A>
      <A name="GLIR">0.0</A>
      <A name="GFIR">0.0</A>
      <A name="SOR">0.0</A>
      <A name="fraction_remaining_gas_inj">0.0</A>
      <A name="fraction_water_reinjected">0.0</A>
      <A name="fraction_steam_cogen">0.0</A>
      <Process class="CrudeOilDewatering">
        <A name="heater_treater">1</A>
      </Process>
      <A name="stabilizer_column">1</A>
      <A name="gas_processing_path">Sour Gas Reinjection</A>
      <A name="common_gas_process_choice">None</A>
      <A name="FOR">140.1</A>
      <A name="VOR">1.0</A>
      <A name="frac_transport_tanker">0.0</A>
      <A name="frac_transport_barge">0.2</A>
      <A name="frac_transport_pipeline">0.65</A>
      <A name="frac_transport_rail">0.35</A>
      <A name="transport_dist_tanker">0.0</A>
      <A name="transport_dist_barge">668.0</A>
      <A name="transport_dist_pipeline">462.0</A>
      <A name="transport_dist_rail">200.0</A>
    </Field>
    <Field name="Field 64" modifies="template">
      <A name="downhole_pump">1</A>
      <A name="water_reinjection">0</A>
      <A name="natural_gas_reinjection">0</A>
      <A name="water_flooding">1</A>
      <A name="gas_lifting">0</A>
      <A name="gas_flooding">0</A>
      <A name="steam_flooding">0</A>
      <A name="oil_sands_mine">None</A>
      <A name="country">United States</A>
      <A name="name">East Texas Field</A>
      <A name="age">87.0</A>
      <A name="depth">3500.0</A>
      <A name="oil_prod">97424.0</A>
      <A name="num_prod_wells">30340</A>
      <A name="res_press">1375.0</A>
      <A name="API">38.9</A>
      <A name="GOR">325.0</A>
      <A name="WOR">28.42348996</A>
      <A name="frac_transport_tanker">0.0</A>
      <A name="frac_transport_barge">0.0</A>
      <A name="frac_transport_pipeline">1.0</A>
      <A name="frac_transport_rail">0.0</A>
      <A name="transport_dist_tanker">0.0</A>
      <A name="transport_dist_barge">0.0</A>
      <A name="transport_dist_pipeline">213.6</A>
      <A name="transport_dist_rail">0.0</A>
    </Field>
    <Field name="Field 65" modifies="template">
      <A name="downhole_pump">1</A>
      <A name="water_reinjection">1</A>
      <A name="natural_gas_reinjection">0</A>
      <A name="water_flooding">0</A>
      <A name="gas_lifting">0</A>
      <A name="gas_flooding">0</A>
      <A name="steam_flooding">0</A>
      <A name="oil_sands_mine">None</A>
      <A name="country">United States</A>
      <A name="name">Lake Washington Field</A>
      <A name="age">82.0</A>
      <A name="depth">11000.0</A>
      <A name="oil_prod">259683.0</A>
      <A name="res_press">2365.0</A>
      <A name="API">35.6</A>
      <A name="WOR">24.75468121</A>
      <A name="frac_transport_tanker">0.0</A>
      <A name="frac_transport_barge">0.0</A>
      <A name="frac_transport_pipeline">1.0</A>
      <A name="frac_transport_rail">0.0</A>
      <A name="transport_dist_tanker">0.0</A>
      <A name="transport_dist_barge">0.0</A>
      <A name="transport_dist_pipeline">335.0</A>
      <A name="transport_dist_rail">0.0</A>
    </Field>
    <Field name="Field 66" modifies="template">
      <A name="downhole_pump">0</A>
      <A name="water_reinjection">0</A>
      <A name="natural_gas_reinjection">0</A>
      <A name="water_flooding">1</A>
      <A name="gas_lifting">0</A>
      <A name="gas_flooding">0</A>
      <A name="steam_flooding">0</A>
      <A name="oil_sands_mine">None</A>
      <A name="country">United States</A>
      <A name="name">Mars</A>
      <A name="age">17.0</A>
      <A name="depth">16000.0</A>
      <A name="oil_prod">60000.0</A>
      <A name="num_prod_wells">21</A>
      <A name="num_water_inj_wells">3</A>
      <A name="prod_index">30.0</A>
      <A name="res_press">5800.0</A>
      <A name="API">28.8</A>
      <A name="GOR">2000.0</A>
      <A name="WOR">0.2</A>
      <A name="WIR">1.5</A>
      <A name="fraction_elec_onsite">1.0</A>
      <A name="fraction_water_reinjected">1.0</A>
      <A name="frac_transport_tanker">0.0</A>
      <A name="frac_transport_barge">0.0</A>
      <A name="frac_transport_pipeline">1.0</A>
      <A name="frac_transport_rail">0.0</A>
      <A name="transport_dist_tanker">0.0</A>
      <A name="transport_dist_barge">0.0</A>
      <A name="transport_dist_pipeline">495.0</A>
      <A name="transport_dist_rail">0.0</A>
    </Field>
    <Field name="Field 67" modifies="template">
      <A name="downhole_pump">1</A>
      <A name="water_reinjection">1</A>
      <A name="natural_gas_reinjection">0</A>
      <A name="water_flooding">0</A>
      <A name="gas_lifting">0</A>
      <A name="gas_flooding">0</A>
      <A name="steam_flooding">1</A>
      <A name="oil_sands_mine">None</A>
      <A name="country">United States</A>
      <A name="name">Midway-Sunset</A>
      <A name="age">120.0</A>
      <A name="depth">2698.0</A>
      <A name="oil_prod">78918.0</A>
      <A name="num_prod_wells">10460</A>
      <A name="num_water_inj_wells">110</A>
      <A name="res_press">580.07</A>
      <A name="API">22.6</A>
      <A name="GOR">168.0</A>
      <A name="WOR">8.0</A>
      <A name="WIR">2.4</A>
      <A name="GLIR">0.0</A>
      <A name="GFIR">0.0</A>
      <A name="SOR">5.8</A>
      <A name="fraction_water_reinjected">0.3</A>
      <A name="fraction_steam_cogen">0.26</A>
      <A name="frac_transport_tanker">0.0</A>
      <A name="frac_transport_barge">0.0</A>
      <A name="frac_transport_pipeline">1.0</A>
      <A name="frac_transport_rail">0.0</A>
      <A name="transport_dist_tanker">5154.0</A>
      <A name="transport_dist_barge">0.0</A>
      <A name="transport_dist_pipeline">120.0</A>
      <A name="transport_dist_rail">0.0</A>
    </Field>
    <Field name="Field 68" modifies="template">
      <A name="downhole_pump">1</A>
      <A name="water_reinjection">1</A>
      <A name="natural_gas_reinjection">0</A>
      <A name="water_flooding">0</A>
      <A name="gas_lifting">0</A>
      <A name="gas_flooding">0</A>
      <A name="steam_flooding">1</A>
      <A name="oil_sands_mine">None</A>
      <A name="country">United States</A>
      <A name="name">Midway-Sunset - 25% solar</A>
      <A name="age">120.0</A>
      <A name="depth">2698.0</A>
      <A name="oil_prod">78918.0</A>
      <A name="num_prod_wells">10460</A>
      <A name="num_water_inj_wells">110</A>
      <A name="res_press">580.07</A>
      <A name="API">22.6</A>
      <A name="GOR">168.0</A>
      <A name="WOR">8.0</A>
      <A name="WIR">2.4</A>
      <A name="GLIR">0.0</A>
      <A name="GFIR">0.0</A>
      <A name="SOR">5.8</A>
      <A name="fraction_water_reinjected">0.3</A>
      <A name="fraction_steam_cogen">0.26</A>
      <A name="fraction_steam_solar">0.25</A>
      <A name="frac_transport_tanker">0.0</A>
      <A name="frac_transport_barge">0.0</A>
      <A name="frac_transport_pipeline">1.0</A>
      <A name="frac_transport_rail">0.0</A>
      <A name="transport_dist_tanker">5154.0</A>
      <A name="transport_dist_barge">0.0</A>
      <A name="transport_dist_pipeline">120.0</A>
      <A name="transport_dist_rail">0.0</A>
    </Field>
    <Field name="Field 69" modifies="template">
      <A name="downhole_pump">1</A>
      <A name="water_reinjection">1</A>
      <A name="natural_gas_reinjection">0</A>
      <A name="water_flooding">0</A>
      <A name="gas_lifting">0</A>
      <A name="gas_flooding">0</A>
      <A name="steam_flooding">1</A>
      <A name="oil_sands_mine">None</A>
      <A name="country">United States</A>
      <A name="name">Midway-Sunset - 50% solar</A>
      <A name="age">120.0</A>
      <A name="depth">2698.0</A>
      <A name="oil_prod">78918.0</A>
      <A name="num_prod_wells">10460</A>
      <A name="num_water_inj_wells">110</A>
      <A name="res_press">580.07</A>
      <A name="API">22.6</A>
      <A name="GOR">168.0</A>
      <A name="WOR">8.0</A>
      <A name="WIR">2.4</A>
      <A name="GLIR">0.0</A>
      <A name="GFIR">0.0</A>
      <A name="SOR">5.8</A>
      <A name="fraction_water_reinjected">0.2</A>
      <A name="fraction_steam_cogen">0.26</A>
      <A name="fraction_steam_solar">0.5</A>
      <A name="frac_transport_tanker">0.0</A>
      <A name="frac_transport_barge">0.0</A>
      <A name="frac_transport_pipeline">1.0</A>
      <A name="frac_transport_rail">0.0</A>
      <A name="transport_dist_tanker">5154.0</A>
      <A name="transport_dist_barge">0.0</A>
      <A name="transport_dist_pipeline">120.0</A>
      <A name="transport_dist_rail">0.0</A>
    </Field>
    <Field name="Field 70" modifies="template">
      <A name="downhole_pump">1</A>
      <A name="water_reinjection">1</A>
      <A name="natural_gas_reinjection">0</A>
      <A name="water_flooding">0</A>
      <A name="gas_lifting">0</A>
      <A name="gas_flooding">0</A>
      <A name="steam_flooding">1</A>
      <A name="oil_sands_mine">None</A>
      <A name="country">United States</A>
      <A name="name">Midway-Sunset - 75% solar</A>
      <A name="age">120.0</A>
      <A name="depth">2698.0</A>
      <A name="oil_prod">78918.0</A>
      <A name="num_prod_wells">10460</A>
      <A name="num_water_inj_wells">110</A>
      <A name="res_press">580.07</A>
      <A name="API">22.6</A>
      <A name="GOR">168.0</A>
      <A name="WOR">8.0</A>
      <A name="WIR">2.4</A>
      <A name="GLIR">0.0</A>
      <A name="GFIR">0.0</A>
      <A name="SOR">5.8</A>
      <A name="fraction_water_reinjected">0.0</A>
      <A name="fraction_steam_cogen">0.25</A>
      <A name="fraction_steam_solar">0.75</A>
      <A name="frac_transport_tanker">0.0</A>
      <A name="frac_transport_barge">0.0</A>
      <A name="frac_transport_pipeline">1.0</A>
      <A name="frac_transport_rail">0.0</A>
      <A name="transport_dist_tanker">5154.0</A>
      <A name="transport_dist_barge">0.0</A>
      <A name="transport_dist_pipeline">120.0</A>
      <A name="transport_dist_rail">0.0</A>
    </Field>
    <Field name="Field 71" modifies="template">
      <A name="downhole_pump">1</A>
      <A name="water_reinjection">1</A>
      <A name="natural_gas_reinjection">1</A>
      <A name="water_flooding">0</A>
      <A name="gas_lifting">0</A>
      <A name="gas_flooding">0</A>
      <A name="steam_flooding">0</A>
      <A name="oil_sands_mine">None</A>
      <A name="country">United States</A>
      <A name="name">Salt Creek</A>
      <A name="age">120.0</A>
      <A name="depth">2883.0</A>
      <A name="oil_prod">12329.0</A>
      <A name="num_prod_wells">679</A>
      <A name="num_water_inj_wells">173</A>
      <A name="well_diam">4.5</A>
      <A name="prod_index">3.0</A>
      <A name="res_press">1146.0</A>
      <A name="API">36.8</A>
      <A name="gas_comp_N2">0.83</A>
      <A name="gas_comp_CO2">1.44</A>
      <A name="gas_comp_C1">81.47</A>
      <A name="gas_comp_C2">8.99</A>
      <A name="gas_comp_C3">4.13</A>
      <A name="gas_comp_C4">3.13</A>
      <A name="gas_comp_H2S">0.0</A>
      <A name="GOR">186.74</A>
      <A name="WOR">37.08</A>
      <A name="WIR">13.7</A>
      <A name="GLIR">0.0</A>
      <A name="GFIR">0.0</A>
      <A name="SOR">0.0</A>
      <A name="fraction_elec_onsite">0.0</A>
      <A name="fraction_remaining_gas_inj">0.01</A>
      <A name="fraction_water_reinjected">0.37</A>
      <A name="fraction_steam_cogen">0.0</A>
      <Process class="CrudeOilDewatering">
        <A name="heater_treater">0</A>
      </Process>
      <A name="stabilizer_column">0</A>
      <A name="gas_processing_path">Sour Gas Reinjection</A>
      <A name="common_gas_process_choice">None</A>
      <A name="FOR">16.25</A>
      <A name="VOR">0.0</A>
      <A name="frac_transport_tanker">0.0</A>
      <A name="frac_transport_barge">0.0</A>
      <A name="frac_transport_pipeline">1.0</A>
      <A name="frac_transport_rail">0.0</A>
      <A name="transport_dist_tanker">0.0</A>
      <A name="transport_dist_barge">0.0</A>
      <A name="transport_dist_pipeline">1400.0</A>
      <A name="transport_dist_rail">0.0</A>
    </Field>
    <Field name="Field 72" modifies="template">
      <A name="downhole_pump">1</A>
      <A name="water_reinjection">1</A>
      <A name="natural_gas_reinjection">0</A>
      <A name="water_flooding">0</A>
      <A name="gas_lifting">0</A>
      <A name="gas_flooding">0</A>
      <A name="steam_flooding">0</A>
      <A name="oil_sands_mine">None</A>
      <A name="country">United States</A>
      <A name="name">WC</A>
      <A name="age">13.0</A>
      <A name="depth">6500.0</A>
      <A name="oil_prod">26494.0</A>
      <A name="num_prod_wells">758</A>
      <A name="num_water_inj_wells">193</A>
      <A name="well_diam">4.5</A>
      <A name="prod_index">3.0</A>
      <A name="res_press">1300.0</A>
      <A name="API">36.8</A>
      <A name="gas_comp_N2">0.8</A>
      <A name="gas_comp_CO2">2.0</A>
      <A name="gas_comp_C1">55.0</A>
      <A name="gas_comp_C2">15.0</A>
      <A name="gas_comp_C3">15.0</A>
      <A name="gas_comp_C4">12.2</A>
      <A name="gas_comp_H2S">0.0</A>
      <A name="GOR">5907.0</A>
      <A name="WOR">8.0</A>
      <A name="WIR">6.15</A>
      <A name="GLIR">0.0</A>
      <A name="GFIR">0.0</A>
      <A name="SOR">0.0</A>
      <A name="fraction_elec_onsite">0.0</A>
      <A name="fraction_remaining_gas_inj">0.0</A>
      <A name="fraction_water_reinjected">0.76</A>
      <A name="fraction_steam_cogen">0.0</A>
      <Process class="CrudeOilDewatering">
        <A name="heater_treater">0</A>
      </Process>
      <A name="stabilizer_column">1</A>
      <A name="gas_processing_path">Sour Gas Reinjection</A>
      <A name="common_gas_process_choice">None</A>
      <A name="FOR">300.0</A>
      <A name="VOR">0.0</A>
      <A name="frac_transport_tanker">0.0</A>
      <A name="frac_transport_barge">0.0</A>
      <A name="frac_transport_pipeline">1.0</A>
      <A name="frac_transport_rail">0.0</A>
      <A name="transport_dist_tanker">0.0</A>
      <A name="transport_dist_barge">0.0</A>
      <A name="transport_dist_pipeline">1350.0</A>
      <A name="transport_dist_rail">0.0</A>
    </Field>
    <Field name="Field 73" modifies="template">
      <A name="downhole_pump">1</A>
      <A name="water_reinjection">1</A>
      <A name="natural_gas_reinjection">0</A>
      <A name="water_flooding">0</A>
      <A name="gas_lifting">0</A>
      <A name="gas_flooding">0</A>
      <A name="steam_flooding">1</A>
      <A name="oil_sands_mine">None</A>
      <A name="country">United States</A>
      <A name="name">South Belridge</A>
      <A name="age">103.0</A>
      <A name="depth">779.0</A>
      <A name="oil_prod">64245.0</A>
      <A name="num_prod_wells">5135</A>
      <A name="num_water_inj_wells">1090</A>
      <A name="res_press">167.485</A>
      <A name="API">15.0</A>
      <A name="GOR">382.0</A>
      <A name="WOR">13.2</A>
      <A name="WIR">10.89</A>
      <A name="SOR">2.81</A>
      <A name="fraction_water_reinjected">0.83</A>
      <A name="fraction_steam_cogen">0.14</A>
      <A name="frac_transport_tanker">0.0</A>
      <A name="frac_transport_barge">0.0</A>
      <A name="frac_transport_pipeline">1.0</A>
      <A name="frac_transport_rail">0.0</A>
      <A name="transport_dist_tanker">5154.0</A>
      <A name="transport_dist_barge">0.0</A>
      <A name="transport_dist_pipeline">150.0</A>
      <A name="transport_dist_rail">0.0</A>
    </Field>
    <Field name="Field 74" modifies="template">
      <A name="downhole_pump">1</A>
      <A name="water_reinjection">0</A>
      <A name="natural_gas_reinjection">0</A>
      <A name="water_flooding">1</A>
      <A name="gas_lifting">0</A>
      <A name="gas_flooding">0</A>
      <A name="steam_flooding">0</A>
      <A name="oil_sands_mine">None</A>
      <A name="country">United States</A>
      <A name="name">Spraberry field</A>
      <A name="age">68.0</A>
      <A name="depth">7950.0</A>
      <A name="oil_prod">387000.0</A>
      <A name="res_press">1709.25</A>
      <A name="API">37.5</A>
      <A name="WOR">16.54276668</A>
      <A name="frac_transport_tanker">0.0</A>
      <A name="frac_transport_barge">0.0</A>
      <A name="frac_transport_pipeline">1.0</A>
      <A name="frac_transport_rail">0.0</A>
      <A name="transport_dist_tanker">0.0</A>
      <A name="transport_dist_barge">0.0</A>
      <A name="transport_dist_pipeline">477.0</A>
      <A name="transport_dist_rail">0.0</A>
    </Field>
    <Field name="Field 75" modifies="template">
      <A name="downhole_pump">0</A>
      <A name="water_reinjection">0</A>
      <A name="natural_gas_reinjection">0</A>
      <A name="water_flooding">1</A>
      <A name="gas_lifting">0</A>
      <A name="gas_flooding">0</A>
      <A name="steam_flooding">0</A>
      <A name="oil_sands_mine">None</A>
      <A name="country">United States</A>
      <A name="name">Thunder Horse</A>
      <A name="age">5.0</A>
      <A name="depth">16000.0</A>
      <A name="oil_prod">30098.0</A>
      <A name="num_prod_wells">4</A>
      <A name="num_water_inj_wells">2</A>
      <A name="well_diam">7.0</A>
      <A name="res_press">15000.0</A>
      <A name="API">34.5</A>
      <A name="GOR">885.0</A>
      <A name="WOR">0.36</A>
      <A name="WIR">1.4</A>
      <A name="fraction_elec_onsite">1.0</A>
      <A name="fraction_water_reinjected">1.0</A>
      <A name="frac_transport_tanker">0.0</A>
      <A name="frac_transport_barge">0.0</A>
      <A name="frac_transport_pipeline">1.0</A>
      <A name="frac_transport_rail">0.0</A>
      <A name="transport_dist_tanker">0.0</A>
      <A name="transport_dist_barge">0.0</A>
      <A name="transport_dist_pipeline">495.0</A>
      <A name="transport_dist_rail">0.0</A>
    </Field>
    <Field name="Field 76" modifies="template">
      <A name="downhole_pump">1</A>
      <A name="water_reinjection">0</A>
      <A name="natural_gas_reinjection">0</A>
      <A name="water_flooding">1</A>
      <A name="gas_lifting">0</A>
      <A name="gas_flooding">0</A>
      <A name="steam_flooding">0</A>
      <A name="oil_sands_mine">None</A>
      <A name="country">United States</A>
      <A name="name">Wilmington-Duffy</A>
      <A name="age">82.0</A>
      <A name="depth">2824.0</A>
      <A name="oil_prod">36344.52</A>
      <A name="num_prod_wells">1315</A>
      <A name="num_water_inj_wells">715</A>
      <A name="res_press">1557.0</A>
      <A name="API">19.5</A>
      <A name="GOR">292.43</A>
      <A name="WOR">37.11</A>
      <A name="WIR">39.98</A>
      <A name="fraction_water_reinjected">1.0</A>
      <A name="frac_transport_tanker">0.0</A>
      <A name="frac_transport_barge">0.0</A>
      <A name="frac_transport_pipeline">1.0</A>
      <A name="frac_transport_rail">0.0</A>
      <A name="transport_dist_tanker">5154.0</A>
      <A name="transport_dist_barge">0.0</A>
      <A name="transport_dist_pipeline">25.0</A>
      <A name="transport_dist_rail">0.0</A>
    </Field>
    <Field name="Field 77" modifies="template">
      <A name="downhole_pump">1</A>
      <A name="water_reinjection">0</A>
      <A name="natural_gas_reinjection">1</A>
      <A name="water_flooding">1</A>
      <A name="gas_lifting">0</A>
      <A name="gas_flooding">0</A>
      <A name="steam_flooding">0</A>
      <A name="oil_sands_mine">None</A>
      <A name="country">United States</A>
      <A name="name">Yates</A>
      <A name="age">91.0</A>
      <A name="oil_prod">20548.0</A>
      <A name="num_prod_wells">360</A>
      <A name="num_water_inj_wells">57</A>
      <A name="API">30.0</A>
      <A name="GOR">500.0</A>
      <A name="WOR">1.28</A>
      <A name="frac_transport_tanker">0.0</A>
      <A name="frac_transport_barge">0.0</A>
      <A name="frac_transport_pipeline">1.0</A>
      <A name="frac_transport_rail">0.0</A>
      <A name="transport_dist_tanker">0.0</A>
      <A name="transport_dist_barge">0.0</A>
      <A name="transport_dist_pipeline">454.0</A>
      <A name="transport_dist_rail">0.0</A>
    </Field>
    <Field name="Field 78" modifies="template">
      <A name="downhole_pump">1</A>
      <A name="water_reinjection">0</A>
      <A name="natural_gas_reinjection">0</A>
      <A name="water_flooding">0</A>
      <A name="gas_lifting">0</A>
      <A name="gas_flooding">0</A>
      <A name="steam_flooding">0</A>
      <A name="oil_sands_mine">None</A>
      <A name="country">Venezuela</A>
      <A name="name">Hamaca</A>
      <A name="age">13.0</A>
      <A name="depth">2200.0</A>
      <A name="oil_prod">158441.0</A>
      <A name="num_prod_wells">190</A>
      <A name="num_water_inj_wells">0</A>
      <A name="well_diam">5.5</A>
      <A name="prod_index">10.0</A>
      <A name="res_press">950.0</A>
      <A name="API">8.6</A>
      <A name="gas_comp_N2">0.1</A>
      <A name="gas_comp_CO2">5.9</A>
      <A name="gas_comp_C1">91.9</A>
      <A name="gas_comp_C2">0.86</A>
      <A name="gas_comp_C3">0.39</A>
      <A name="gas_comp_C4">0.85</A>
      <A name="gas_comp_H2S">0.0</A>
      <A name="GOR">111.0</A>
      <A name="WOR">0.1</A>
      <A name="upgrader_type">Delayed coking</A>
      <A name="frac_transport_tanker">1.0</A>
      <A name="frac_transport_barge">0.0</A>
      <A name="frac_transport_pipeline">1.0</A>
      <A name="frac_transport_rail">0.0</A>
      <A name="transport_dist_tanker">2443.0</A>
      <A name="transport_dist_pipeline">140.0</A>
    </Field>
    <Field name="Field 79" modifies="template">
      <A name="downhole_pump">1</A>
      <A name="water_reinjection">1</A>
      <A name="natural_gas_reinjection">0</A>
      <A name="water_flooding">0</A>
      <A name="gas_lifting">0</A>
      <A name="gas_flooding">0</A>
      <A name="steam_flooding">0</A>
      <A name="oil_sands_mine">None</A>
      <A name="country">Venezuela</A>
      <A name="name">Leona</A>
      <A name="age">77.0</A>
      <A name="oil_prod">33000.0</A>
      <A name="num_prod_wells">29</A>
      <A name="API">24.0</A>
      <A name="GOR">526.0</A>
      <A name="WOR">21.50073974</A>
      <A name="frac_transport_tanker">1.0</A>
      <A name="frac_transport_barge">0.0</A>
      <A name="frac_transport_pipeline">0.0</A>
      <A name="frac_transport_rail">0.0</A>
      <A name="transport_dist_tanker">2451.16</A>
      <A name="transport_dist_barge">0.0</A>
      <A name="transport_dist_pipeline">0.0</A>
      <A name="transport_dist_rail">0.0</A>
    </Field>
    <Field name="Field 80" modifies="template">
      <A name="downhole_pump">1</A>
      <A name="water_reinjection">0</A>
      <A name="natural_gas_reinjection">0</A>
      <A name="water_flooding">0</A>
      <A name="gas_lifting">0</A>
      <A name="gas_flooding">0</A>
      <A name="steam_flooding">1</A>
      <A name="oil_sands_mine">None</A>
      <A name="country">Venezuela</A>
      <A name="name">Orinoco Oil Belt</A>
      <A name="age">97.0</A>
      <A name="depth">2400.0</A>
      <A name="oil_prod">532000.0</A>
      <A name="num_prod_wells">662</A>
      <A name="res_press">820.0</A>
      <A name="API">8.5</A>
      <A name="GOR">110.0</A>
      <A name="WOR">37.2240303</A>
      <A name="SOR">0.79</A>
      <A name="upgrader_type">Delayed coking</A>
      <A name="frac_transport_tanker">1.0</A>
      <A name="frac_transport_barge">0.0</A>
      <A name="frac_transport_pipeline">1.0</A>
      <A name="frac_transport_rail">0.0</A>
      <A name="transport_dist_tanker">2239.1</A>
      <A name="transport_dist_barge">0.0</A>
      <A name="transport_dist_pipeline">124.0</A>
      <A name="transport_dist_rail">0.0</A>
    </Field>
    <Field name="Field 81" modifies="template">
      <A name="downhole_pump">1</A>
      <A name="water_reinjection">1</A>
      <A name="natural_gas_reinjection">0</A>
      <A name="water_flooding">0</A>
      <A name="gas_lifting">0</A>
      <A name="gas_flooding">0</A>
      <A name="steam_flooding">0</A>
      <A name="oil_sands_mine">None</A>
      <A name="country">Venezuela</A>
      <A name="name">Santa Barbara</A>
      <A name="age">74.0</A>
      <A name="depth">15670.0</A>
      <A name="oil_prod">177000.0</A>
      <A name="num_prod_wells">170</A>
      <A name="well_diam">4.2</A>
      <A name="res_press">7400.0</A>
      <A name="API">29.3</A>
      <A name="GOR">10169.0</A>
      <A name="WOR">0.06</A>
      <A name="WIR">0.06</A>
      <A name="frac_transport_tanker">1.0</A>
      <A name="frac_transport_barge">0.0</A>
      <A name="frac_transport_pipeline">1.0</A>
      <A name="frac_transport_rail">0.0</A>
      <A name="transport_dist_tanker">2239.1</A>
      <A name="transport_dist_barge">0.0</A>
      <A name="transport_dist_pipeline">124.0</A>
      <A name="transport_dist_rail">0.0</A>
      <A name="transport_dist_truck">0.0</A>
    </Field>
    <Field name="Field 82" modifies="template">
      <A name="downhole_pump">1</A>
      <A name="water_reinjection">0</A>
      <A name="natural_gas_reinjection">0</A>
      <A name="water_flooding">0</A>
      <A name="gas_lifting">0</A>
      <A name="gas_flooding">0</A>
      <A name="steam_flooding">1</A>
      <A name="oil_sands_mine">None</A>
      <A name="country">Venezuela</A>
      <A name="name">Tia Juana</A>
      <A name="age">72.0</A>
      <A name="depth">2250.0</A>
      <A name="oil_prod">100000.0</A>
      <A name="num_prod_wells">1800</A>
      <A name="res_press">1750.0</A>
      <A name="API">12.1</A>
      <A name="GOR">145.0</A>
      <A name="WOR">18.61475256</A>
      <A name="SOR">0.19</A>
      <A name="frac_transport_tanker">1.0</A>
      <A name="frac_transport_barge">0.0</A>
      <A name="frac_transport_pipeline">0.0</A>
      <A name="frac_transport_rail">0.0</A>
      <A name="frac_transport_truck">0.0</A>
      <A name="transport_dist_tanker">2146.96</A>
      <A name="transport_dist_barge">0.0</A>
      <A name="transport_dist_pipeline">0.0</A>
      <A name="transport_dist_rail">0.0</A>
      <A name="transport_dist_truck">0.0</A>
    </Field>
    <Field name="Field 83" modifies="template">
      <A name="downhole_pump">1</A>
      <A name="water_reinjection">0</A>
      <A name="natural_gas_reinjection">0</A>
      <A name="water_flooding">0</A>
      <A name="gas_lifting">0</A>
      <A name="gas_flooding">0</A>
      <A name="steam_flooding">1</A>
      <A name="oil_sands_mine">None</A>
      <A name="country">Canada</A>
      <A name="name">Cold lake</A>
      <A name="API">10.2</A>
      <A name="SOR">3.42</A>
      <Process class="CrudeOilDewatering">
        <A name="heater_treater">0</A>
      </Process>
      <A name="stabilizer_column">0</A>
      <A name="upgrader_type">None</A>
      <A name="FOR">2.0</A>
      <A name="VOR">0.0</A>
      <A name="frac_transport_tanker">0.0</A>
      <A name="frac_transport_barge">0.0</A>
      <A name="frac_transport_pipeline">1.0</A>
      <A name="frac_transport_rail">0.0</A>
      <A name="frac_transport_truck">0.0</A>
      <A name="transport_dist_tanker">0.0</A>
      <A name="transport_dist_barge">0.0</A>
      <A name="transport_dist_pipeline">2500.0</A>
      <A name="transport_dist_rail">0.0</A>
      <A name="transport_dist_truck">0.0</A>
    </Field>
    <Field name="Field 84" modifies="template">
      <A name="downhole_pump">1</A>
      <A name="water_reinjection">0</A>
      <A name="natural_gas_reinjection">0</A>
      <A name="water_flooding">0</A>
      <A name="gas_lifting">0</A>
      <A name="gas_flooding">0</A>
      <A name="steam_flooding">1</A>
      <A name="oil_sands_mine">None</A>
      <A name="country">Canada</A>
      <A name="name">Foster creek</A>
      <A name="API">10.2</A>
      <A name="SOR">2.37</A>
      <Process class="CrudeOilDewatering">
        <A name="heater_treater">0</A>
      </Process>
      <A name="stabilizer_column">0</A>
      <A name="upgrader_type">None</A>
      <A name="FOR">2.0</A>
      <A name="VOR">0.0</A>
      <A name="frac_transport_tanker">0.0</A>
      <A name="frac_transport_barge">0.0</A>
      <A name="frac_transport_pipeline">1.0</A>
      <A name="frac_transport_rail">0.0</A>
      <A name="frac_transport_truck">0.0</A>
      <A name="transport_dist_tanker">0.0</A>
      <A name="transport_dist_barge">0.0</A>
      <A name="transport_dist_pipeline">2500.0</A>
      <A name="transport_dist_rail">0.0</A>
      <A name="transport_dist_truck">0.0</A>
    </Field>
    <Field name="Field 85" modifies="template">
      <A name="downhole_pump">0</A>
      <A name="water_reinjection">0</A>
      <A name="natural_gas_reinjection">0</A>
      <A name="water_flooding">0</A>
      <A name="gas_lifting">0</A>
      <A name="gas_flooding">0</A>
      <A name="steam_flooding">0</A>
      <A name="oil_sands_mine">Integrated with upgrader</A>
      <A name="country">Canada</A>
      <A name="name">Suncor</A>
      <A name="API">32.8</A>
      <Process class="CrudeOilDewatering">
        <A name="heater_treater">0</A>
      </Process>
      <A name="stabilizer_column">0</A>
      <A name="upgrader_type">Delayed coking</A>
      <A name="gas_processing_path">Minimal</A>
      <A name="oil_processing_path">Upgrading</A>
      <A name="FOR">2.0</A>
      <A name="VOR">0.0</A>
      <A name="frac_transport_tanker">0.0</A>
      <A name="frac_transport_barge">0.0</A>
      <A name="frac_transport_pipeline">1.0</A>
      <A name="frac_transport_rail">0.0</A>
      <A name="frac_transport_truck">0.0</A>
      <A name="transport_dist_tanker">0.0</A>
      <A name="transport_dist_barge">0.0</A>
      <A name="transport_dist_pipeline">2500.0</A>
      <A name="transport_dist_rail">0.0</A>
      <A name="transport_dist_truck">0.0</A>
    </Field>
    <Field name="Field 86" modifies="template">
      <A name="downhole_pump">0</A>
      <A name="water_reinjection">0</A>
      <A name="natural_gas_reinjection">0</A>
      <A name="water_flooding">0</A>
      <A name="gas_lifting">0</A>
      <A name="gas_flooding">0</A>
      <A name="steam_flooding">0</A>
      <A name="oil_sands_mine">Integrated with upgrader</A>
      <A name="country">Canada</A>
      <A name="name">Syncrude</A>
      <A name="API">32.2</A>
      <Process class="CrudeOilDewatering">
        <A name="heater_treater">0</A>
      </Process>
      <A name="stabilizer_column">0</A>
      <A name="upgrader_type">Combined</A>
      <A name="gas_processing_path">Minimal</A>
      <A name="oil_processing_path">Upgrading</A>
      <A name="FOR">2.0</A>
      <A name="VOR">0.0</A>
      <A name="frac_transport_tanker">0.0</A>
      <A name="frac_transport_barge">0.0</A>
      <A name="frac_transport_pipeline">1.0</A>
      <A name="frac_transport_rail">0.0</A>
      <A name="frac_transport_truck">0.0</A>
      <A name="transport_dist_tanker">0.0</A>
      <A name="transport_dist_barge">0.0</A>
      <A name="transport_dist_pipeline">2500.0</A>
      <A name="transport_dist_rail">0.0</A>
      <A name="transport_dist_truck">0.0</A>
    </Field>
    <Field name="Field 87" modifies="template">
      <A name="downhole_pump">0</A>
      <A name="water_reinjection">0</A>
      <A name="natural_gas_reinjection">0</A>
      <A name="water_flooding">0</A>
      <A name="gas_lifting">0</A>
      <A name="gas_flooding">0</A>
      <A name="steam_flooding">0</A>
      <A name="oil_sands_mine">Integrated with diluent</A>
      <A name="country">Canada</A>
      <A name="name">Jackpine/Scotford</A>
      <A name="API">32.0</A>
      <A name="SOR">2.0</A>
      <Process class="CrudeOilDewatering">
        <A name="heater_treater">0</A>
      </Process>
      <A name="stabilizer_column">0</A>
      <A name="gas_processing_path">Minimal</A>
      <A name="oil_processing_path">Dilution</A>
      <A name="FOR">2.0</A>
      <Process class="HeavyOilDilution">
        <A name="fraction_diluent">0.3</A>
      </Process>
      <A name="frac_transport_tanker">0.0</A>
      <A name="frac_transport_barge">0.0</A>
      <A name="frac_transport_pipeline">1.0</A>
      <A name="frac_transport_rail">0.0</A>
      <A name="frac_transport_truck">0.0</A>
      <A name="transport_dist_tanker">0.0</A>
      <A name="transport_dist_barge">0.0</A>
      <A name="transport_dist_pipeline">2500.0</A>
      <A name="transport_dist_rail">0.0</A>
      <A name="transport_dist_truck">0.0</A>
    </Field>
    <Field name="Field 88" modifies="template">
      <A name="downhole_pump">0</A>
      <A name="water_reinjection">0</A>
      <A name="natural_gas_reinjection">0</A>
      <A name="water_flooding">0</A>
      <A name="gas_lifting">0</A>
      <A name="gas_flooding">0</A>
      <A name="steam_flooding">0</A>
      <A name="oil_sands_mine">Integrated with diluent</A>
      <A name="country">Canada</A>
      <A name="name">CNRL Horizon</A>
      <A name="API">8.0</A>
      <Process class="CrudeOilDewatering">
        <A name="heater_treater">0</A>
      </Process>
      <A name="stabilizer_column">0</A>
      <A name="gas_processing_path">Minimal</A>
      <A name="common_gas_process_choice">None</A>
      <A name="oil_processing_path">Dilution</A>
      <A name="FOR">0.0</A>
      <Process class="HeavyOilDilution">
        <A name="fraction_diluent">0.3</A>
      </Process>
      <A name="frac_transport_tanker">0.0</A>
      <A name="frac_transport_barge">0.0</A>
      <A name="frac_transport_pipeline">1.0</A>
      <A name="frac_transport_rail">0.0</A>
      <A name="frac_transport_truck">0.0</A>
      <A name="transport_dist_tanker">0.0</A>
      <A name="transport_dist_barge">0.0</A>
      <A name="transport_dist_pipeline">2500.0</A>
      <A name="transport_dist_rail">0.0</A>
      <A name="transport_dist_truck">0.0</A>
    </Field>
    <Field name="Field 89" modifies="template">
      <A name="downhole_pump">1</A>
      <A name="water_reinjection">0</A>
      <A name="natural_gas_reinjection">0</A>
      <A name="water_flooding">0</A>
      <A name="gas_lifting">0</A>
      <A name="gas_flooding">0</A>
      <A name="steam_flooding">1</A>
      <A name="oil_sands_mine">None</A>
      <A name="country">Canada</A>
      <A name="name">Cold lake</A>
      <A name="API">10.2</A>
      <A name="SOR">3.42</A>
      <A name="fraction_elec_onsite">0.5</A>
      <A name="fraction_steam_cogen">0.5</A>
      <Process class="CrudeOilDewatering">
        <A name="heater_treater">0</A>
      </Process>
      <A name="stabilizer_column">0</A>
      <A name="upgrader_type">None</A>
      <A name="FOR">2.0</A>
      <A name="VOR">0.0</A>
      <A name="frac_transport_tanker">0.0</A>
      <A name="frac_transport_barge">0.0</A>
      <A name="frac_transport_pipeline">1.0</A>
      <A name="frac_transport_rail">0.0</A>
      <A name="frac_transport_truck">0.0</A>
      <A name="transport_dist_tanker">0.0</A>
      <A name="transport_dist_barge">0.0</A>
      <A name="transport_dist_pipeline">2500.0</A>
      <A name="transport_dist_rail">0.0</A>
      <A name="transport_dist_truck">0.0</A>
    </Field>
    <Field name="Field 90" modifies="template">
      <A name="downhole_pump">1</A>
      <A name="water_reinjection">0</A>
      <A name="natural_gas_reinjection">0</A>
      <A name="water_flooding">0</A>
      <A name="gas_lifting">0</A>
      <A name="gas_flooding">0</A>
      <A name="steam_flooding">1</A>
      <A name="oil_sands_mine">None</A>
      <A name="country">Canada</A>
      <A name="name">Foster creek</A>
      <A name="API">10.2</A>
      <A name="SOR">2.37</A>
      <A name="fraction_elec_onsite">0.5</A>
      <A name="fraction_steam_cogen">0.5</A>
      <Process class="CrudeOilDewatering">
        <A name="heater_treater">0</A>
      </Process>
      <A name="stabilizer_column">0</A>
      <A name="upgrader_type">None</A>
      <A name="FOR">2.0</A>
      <A name="VOR">0.0</A>
      <A name="frac_transport_tanker">0.0</A>
      <A name="frac_transport_barge">0.0</A>
      <A name="frac_transport_pipeline">1.0</A>
      <A name="frac_transport_rail">0.0</A>
      <A name="frac_transport_truck">0.0</A>
      <A name="transport_dist_tanker">0.0</A>
      <A name="transport_dist_barge">0.0</A>
      <A name="transport_dist_pipeline">2500.0</A>
      <A name="transport_dist_rail">0.0</A>
      <A name="transport_dist_truck">0.0</A>
    </Field>
    <Field name="Field 91" modifies="template">
      <A name="downhole_pump">0</A>
      <A name="water_reinjection">0</A>
      <A name="natural_gas_reinjection">0</A>
      <A name="water_flooding">0</A>
      <A name="gas_lifting">0</A>
      <A name="gas_flooding">0</A>
      <A name="steam_flooding">0</A>
      <A name="oil_sands_mine">Integrated with upgrader</A>
      <A name="country">Canada</A>
      <A name="name">Suncor</A>
      <A name="API">32.8</A>
      <A name="fraction_elec_onsite">0.5</A>
      <A name="fraction_steam_cogen">0.5</A>
      <Process class="CrudeOilDewatering">
        <A name="heater_treater">0</A>
      </Process>
      <A name="stabilizer_column">0</A>
      <A name="upgrader_type">Delayed coking</A>
      <A name="gas_processing_path">Minimal</A>
      <A name="oil_processing_path">Upgrading</A>
      <A name="FOR">2.0</A>
      <A name="VOR">0.0</A>
      <A name="frac_transport_tanker">0.0</A>
      <A name="frac_transport_barge">0.0</A>
      <A name="frac_transport_pipeline">1.0</A>
      <A name="frac_transport_rail">0.0</A>
      <A name="frac_transport_truck">0.0</A>
      <A name="transport_dist_tanker">0.0</A>
      <A name="transport_dist_barge">0.0</A>
      <A name="transport_dist_pipeline">2500.0</A>
      <A name="transport_dist_rail">0.0</A>
      <A name="transport_dist_truck">0.0</A>
    </Field>
    <Field name="Field 92" modifies="template">
      <A name="downhole_pump">0</A>
      <A name="water_reinjection">0</A>
      <A name="natural_gas_reinjection">0</A>
      <A name="water_flooding">0</A>
      <A name="gas_lifting">0</A>
      <A name="gas_flooding">0</A>
      <A name="steam_flooding">0</A>
      <A name="oil_sands_mine">Integrated with upgrader</A>
      <A name="country">Canada</A>
      <A name="name">Syncrude</A>
      <A name="API">32.2</A>
      <A name="fraction_elec_onsite">0.5</A>
      <A name="fraction_steam_cogen">0.5</A>
      <Process class="CrudeOilDewatering">
        <A name="heater_treater">0</A>
      </Process>
      <A name="stabilizer_column">0</A>
      <A name="upgrader_type">Combined</A>
      <A name="gas_processing_path">Minimal</A>
      <A name="oil_processing_path">Upgrading</A>
      <A name="FOR">2.0</A>
      <A name="VOR">0.0</A>
      <A name="frac_transport_tanker">0.0</A>
      <A name="frac_transport_barge">0.0</A>
      <A name="frac_transport_pipeline">1.0</A>
      <A name="frac_transport_rail">0.0</A>
      <A name="frac_transport_truck">0.0</A>
      <A name="transport_dist_tanker">0.0</A>
      <A name="transport_dist_barge">0.0</A>
      <A name="transport_dist_pipeline">2500.0</A>
      <A name="transport_dist_rail">0.0</A>
      <A name="transport_dist_truck">0.0</A>
    </Field>
    <Field name="Field 93" modifies="template">
      <A name="downhole_pump">0</A>
      <A name="water_reinjection">0</A>
      <A name="natural_gas_reinjection">0</A>
      <A name="water_flooding">0</A>
      <A name="gas_lifting">0</A>
      <A name="gas_flooding">0</A>
      <A name="steam_flooding">0</A>
      <A name="oil_sands_mine">Integrated with diluent</A>
      <A name="country">Canada</A>
      <A name="name">Jackpine/Scotford</A>
      <A name="API">32.0</A>
      <A name="SOR">2.0</A>
      <A name="fraction_elec_onsite">0.5</A>
      <A name="fraction_steam_cogen">0.5</A>
      <Process class="CrudeOilDewatering">
        <A name="heater_treater">0</A>
      </Process>
      <A name="stabilizer_column">0</A>
      <A name="gas_processing_path">Minimal</A>
      <A name="oil_processing_path">Dilution</A>
      <A name="FOR">2.0</A>
      <A name="VOR">0.0</A>
      <Process class="HeavyOilDilution">
        <A name="fraction_diluent">0.3</A>
      </Process>
      <A name="frac_transport_tanker">0.0</A>
      <A name="frac_transport_barge">0.0</A>
      <A name="frac_transport_pipeline">1.0</A>
      <A name="frac_transport_rail">0.0</A>
      <A name="frac_transport_truck">0.0</A>
      <A name="transport_dist_tanker">0.0</A>
      <A name="transport_dist_barge">0.0</A>
      <A name="transport_dist_pipeline">2500.0</A>
      <A name="transport_dist_rail">0.0</A>
      <A name="transport_dist_truck">0.0</A>
    </Field>
    <Field name="Field 94" modifies="template">
      <A name="downhole_pump">1</A>
      <A name="water_reinjection">0</A>
      <A name="natural_gas_reinjection">0</A>
      <A name="water_flooding">0</A>
      <A name="gas_lifting">0</A>
      <A name="gas_flooding">0</A>
      <A name="steam_flooding">1</A>
      <A name="oil_sands_mine">None</A>
      <A name="country">Canada</A>
      <A name="name">Cold lake</A>
      <A name="API">10.2</A>
      <A name="SOR">3.42</A>
      <A name="fraction_elec_onsite">1.0</A>
      <A name="fraction_steam_cogen">1.0</A>
      <Process class="CrudeOilDewatering">
        <A name="heater_treater">0</A>
      </Process>
      <A name="stabilizer_column">0</A>
      <A name="upgrader_type">None</A>
      <A name="FOR">2.0</A>
      <A name="VOR">0.0</A>
      <A name="frac_transport_tanker">0.0</A>
      <A name="frac_transport_barge">0.0</A>
      <A name="frac_transport_pipeline">1.0</A>
      <A name="frac_transport_rail">0.0</A>
      <A name="frac_transport_truck">0.0</A>
      <A name="transport_dist_tanker">0.0</A>
      <A name="transport_dist_barge">0.0</A>
      <A name="transport_dist_pipeline">2500.0</A>
      <A name="transport_dist_rail">0.0</A>
      <A name="transport_dist_truck">0.0</A>
    </Field>
    <Field name="Field 95" modifies="template">
      <A name="downhole_pump">1</A>
      <A name="water_reinjection">0</A>
      <A name="natural_gas_reinjection">0</A>
      <A name="water_flooding">0</A>
      <A name="gas_lifting">0</A>
      <A name="gas_flooding">0</A>
      <A name="steam_flooding">1</A>
      <A name="oil_sands_mine">None</A>
      <A name="country">Canada</A>
      <A name="name">Foster creek</A>
      <A name="API">10.2</A>
      <A name="SOR">2.37</A>
      <A name="fraction_elec_onsite">1.0</A>
      <A name="fraction_steam_cogen">1.0</A>
      <Process class="CrudeOilDewatering">
        <A name="heater_treater">0</A>
      </Process>
      <A name="stabilizer_column">0</A>
      <A name="upgrader_type">None</A>
      <A name="FOR">2.0</A>
      <A name="VOR">0.0</A>
      <A name="frac_transport_tanker">0.0</A>
      <A name="frac_transport_barge">0.0</A>
      <A name="frac_transport_pipeline">1.0</A>
      <A name="frac_transport_rail">0.0</A>
      <A name="frac_transport_truck">0.0</A>
      <A name="transport_dist_tanker">0.0</A>
      <A name="transport_dist_barge">0.0</A>
      <A name="transport_dist_pipeline">2500.0</A>
      <A name="transport_dist_rail">0.0</A>
      <A name="transport_dist_truck">0.0</A>
    </Field>
    <Field name="Field 96" modifies="template">
      <A name="downhole_pump">0</A>
      <A name="water_reinjection">0</A>
      <A name="natural_gas_reinjection">0</A>
      <A name="water_flooding">0</A>
      <A name="gas_lifting">0</A>
      <A name="gas_flooding">0</A>
      <A name="steam_flooding">0</A>
      <A name="oil_sands_mine">Integrated with upgrader</A>
      <A name="country">Canada</A>
      <A name="name">Suncor</A>
      <A name="API">32.8</A>
      <A name="fraction_elec_onsite">1.0</A>
      <A name="fraction_steam_cogen">1.0</A>
      <Process class="CrudeOilDewatering">
        <A name="heater_treater">0</A>
      </Process>
      <A name="stabilizer_column">0</A>
      <A name="upgrader_type">Delayed coking</A>
      <A name="gas_processing_path">Minimal</A>
      <A name="oil_processing_path">Upgrading</A>
      <A name="FOR">2.0</A>
      <A name="VOR">0.0</A>
      <A name="frac_transport_tanker">0.0</A>
      <A name="frac_transport_barge">0.0</A>
      <A name="frac_transport_pipeline">1.0</A>
      <A name="frac_transport_rail">0.0</A>
      <A name="frac_transport_truck">0.0</A>
      <A name="transport_dist_tanker">0.0</A>
      <A name="transport_dist_barge">0.0</A>
      <A name="transport_dist_pipeline">2500.0</A>
      <A name="transport_dist_rail">0.0</A>
      <A name="transport_dist_truck">0.0</A>
    </Field>
    <Field name="Field 97" modifies="template">
      <A name="downhole_pump">0</A>
      <A name="water_reinjection">0</A>
      <A name="natural_gas_reinjection">0</A>
      <A name="water_flooding">0</A>
      <A name="gas_lifting">0</A>
      <A name="gas_flooding">0</A>
      <A name="steam_flooding">0</A>
      <A name="oil_sands_mine">Integrated with upgrader</A>
      <A name="country">Canada</A>
      <A name="name">Syncrude</A>
      <A name="API">32.2</A>
      <A name="fraction_elec_onsite">1.0</A>
      <A name="fraction_steam_cogen">1.0</A>
      <Process class="CrudeOilDewatering">
        <A name="heater_treater">0</A>
      </Process>
      <A name="stabilizer_column">0</A>
      <A name="upgrader_type">Combined</A>
      <A name="gas_processing_path">Minimal</A>
      <A name="oil_processing_path">Upgrading</A>
      <A name="FOR">2.0</A>
      <A name="VOR">0.0</A>
      <A name="frac_transport_tanker">0.0</A>
      <A name="frac_transport_barge">0.0</A>
      <A name="frac_transport_pipeline">1.0</A>
      <A name="frac_transport_rail">0.0</A>
      <A name="frac_transport_truck">0.0</A>
      <A name="transport_dist_tanker">0.0</A>
      <A name="transport_dist_barge">0.0</A>
      <A name="transport_dist_pipeline">2500.0</A>
      <A name="transport_dist_rail">0.0</A>
      <A name="transport_dist_truck">0.0</A>
    </Field>
    <Field name="Field 98" modifies="template">
      <A name="downhole_pump">0</A>
      <A name="water_reinjection">0</A>
      <A name="natural_gas_reinjection">0</A>
      <A name="water_flooding">0</A>
      <A name="gas_lifting">0</A>
      <A name="gas_flooding">0</A>
      <A name="steam_flooding">0</A>
      <A name="oil_sands_mine">Integrated with diluent</A>
      <A name="country">Canada</A>
      <A name="name">Jackpine/Scotford</A>
      <A name="API">32.0</A>
      <A name="SOR">2.0</A>
      <A name="fraction_elec_onsite">1.0</A>
      <A name="fraction_steam_cogen">1.0</A>
      <Process class="CrudeOilDewatering">
        <A name="heater_treater">0</A>
      </Process>
      <A name="stabilizer_column">0</A>
      <A name="gas_processing_path">Minimal</A>
      <A name="oil_processing_path">Dilution</A>
      <A name="FOR">2.0</A>
      <Process class="HeavyOilDilution">
        <A name="fraction_diluent">0.3</A>
      </Process>
      <A name="frac_transport_tanker">0.0</A>
      <A name="frac_transport_barge">0.0</A>
      <A name="frac_transport_pipeline">1.0</A>
      <A name="frac_transport_rail">0.0</A>
      <A name="frac_transport_truck">0.0</A>
      <A name="transport_dist_tanker">0.0</A>
      <A name="transport_dist_barge">0.0</A>
      <A name="transport_dist_pipeline">2500.0</A>
      <A name="transport_dist_rail">0.0</A>
      <A name="transport_dist_truck">0.0</A>
    </Field>
    <Field name="Field 99" modifies="template">
      <A name="downhole_pump">1</A>
      <A name="water_reinjection">1</A>
      <A name="natural_gas_reinjection">0</A>
      <A name="water_flooding">0</A>
      <A name="gas_lifting">0</A>
      <A name="gas_flooding">1</A>
      <A name="steam_flooding">0</A>
      <A name="oil_sands_mine">None</A>
      <A name="country">United States</A>
      <A name="name">CO2 default</A>
      <A name="flood_gas_type">CO2</A>
      <A name="gas_processing_path">CO2-EOR Membrane</A>
    </Field>
    <Field name="Field 100" modifies="template">
      <A name="downhole_pump">1</A>
      <A name="water_reinjection">1</A>
      <A name="natural_gas_reinjection">0</A>
      <A name="water_flooding">0</A>
      <A name="gas_lifting">0</A>
      <A name="gas_flooding">1</A>
      <A name="steam_flooding">0</A>
      <A name="oil_sands_mine">None</A>
      <A name="country">United States</A>
      <A name="name">CO2 high recycle</A>
      <A name="flood_gas_type">CO2</A>
      <A name="gas_processing_path">CO2-EOR Membrane</A>
    </Field>
    <Field name="Field 101" modifies="template">
      <A name="downhole_pump">1</A>
      <A name="water_reinjection">1</A>
      <A name="natural_gas_reinjection">0</A>
      <A name="water_flooding">0</A>
      <A name="gas_lifting">0</A>
      <A name="gas_flooding">1</A>
      <A name="steam_flooding">0</A>
      <A name="oil_sands_mine">None</A>
      <A name="country">United States</A>
      <A name="name">CO2 low recycle</A>
      <A name="flood_gas_type">CO2</A>
      <A name="gas_processing_path">CO2-EOR Membrane</A>
    </Field>
  </Analysis>
</Model>
