<?xml version='1.0' encoding='UTF-8'?>
<Model>
  <Analysis name="test-fields">
    <Field name="Field 2" modifies="template">
      <A name="downhole_pump">0</A>
      <A name="water_reinjection">1</A>
      <A name="natural_gas_reinjection">1</A>
      <A name="water_flooding">0</A>
      <A name="gas_lifting">1</A>
      <A name="gas_flooding">0</A>
      <A name="steam_flooding">0</A>
      <A name="oil_sands_mine">None</A>
      <A name="country">Angola</A>
      <A name="name">Girassol</A>
      <A name="age">12.0</A>
      <A name="depth">3937.0</A>
      <A name="oil_prod">175000.0</A>
      <A name="num_prod_wells">24</A>
      <A name="num_water_inj_wells">20</A>
      <A name="well_diam">8.0</A>
      <A name="prod_index">90.9</A>
      <A name="res_press">3655.0</A>
      <A name="API">32.0</A>
      <A name="GOR">584.29</A>
      <A name="WOR">0.5</A>
      <A name="WIR">1.5</A>
      <A name="GLIR">30.26</A>
      <A name="fraction_elec_onsite">1.0</A>
      <A name="fraction_water_reinjected">1.0</A>
      <A name="frac_transport_tanker">1.0</A>
      <A name="frac_transport_barge">0.0</A>
      <A name="frac_transport_pipeline">0.0</A>
      <A name="frac_transport_rail">0.0</A>
      <A name="transport_dist_tanker">7984.0</A>
      <A name="transport_dist_barge">0.0</A>
      <A name="transport_dist_pipeline">0.0</A>
      <A name="transport_dist_rail">0.0</A>
    </Field>
    <Field name="Field 3" modifies="template">
      <A name="downhole_pump">0</A>
      <A name="water_reinjection">1</A>
      <A name="water_flooding">0</A>
      <A name="gas_lifting">1</A>
      <A name="gas_flooding">0</A>
      <A name="steam_flooding">0</A>
      <A name="oil_sands_mine">None</A>
      <A name="country">Angola</A>
      <A name="name">Kuito</A>
      <A name="age">17.0</A>
      <A name="oil_prod">25019.48</A>
      <A name="num_prod_wells">24</A>
      <A name="num_water_inj_wells">9</A>
      <A name="well_diam">6.0</A>
      <A name="offshore">1.0</A>
      <A name="API">22.05</A>
      <A name="GOR">600.0</A>
      <A name="WOR">2.025808595</A>
      <A name="WIR">2.72</A>
      <A name="GLIR">1800.0</A>
      <A name="fraction_remaining_gas_inj">1.0</A>
      <A name="FOR">176.1</A>
      <A name="frac_transport_tanker">1.0</A>
      <A name="frac_transport_barge">0.0</A>
      <A name="frac_transport_pipeline">0.0</A>
      <A name="frac_transport_rail">0.0</A>
      <A name="frac_transport_truck">0.0</A>
      <A name="transport_dist_tanker">7984.0</A>
      <A name="transport_dist_barge">0.0</A>
      <A name="transport_dist_pipeline">0.0</A>
      <A name="transport_dist_rail">0.0</A>
      <A name="transport_dist_truck">0.0</A>
    </Field>
    <Field name="Field 4" modifies="template">
      <A name="downhole_pump">1</A>
      <A name="water_reinjection">1</A>
      <A name="natural_gas_reinjection">0</A>
      <A name="water_flooding">0</A>
      <A name="gas_lifting">0</A>
      <A name="gas_flooding">0</A>
      <A name="steam_flooding">0</A>
      <A name="oil_sands_mine">None</A>
      <A name="country">Angola</A>
      <A name="name">Takula</A>
      <A name="age">35.0</A>
      <A name="depth">3200.0</A>
      <A name="oil_prod">105000.0</A>
      <A name="num_prod_wells">69</A>
      <A name="num_water_inj_wells">21</A>
      <A name="res_press">1300.0</A>
      <A name="API">32.0</A>
      <A name="WOR">4.0</A>
      <A name="WIR">4.67</A>
      <A name="frac_transport_tanker">1.0</A>
      <A name="frac_transport_barge">0.0</A>
      <A name="frac_transport_pipeline">1.0</A>
      <A name="frac_transport_rail">0.0</A>
      <A name="transport_dist_tanker">7696.26</A>
      <A name="transport_dist_barge">0.0</A>
      <A name="transport_dist_pipeline">24.0</A>
      <A name="transport_dist_rail">0.0</A>
    </Field>
    <Field name="Field 5" modifies="template">
      <A name="downhole_pump">0</A>
      <A name="water_reinjection">0</A>
      <A name="natural_gas_reinjection">0</A>
      <A name="water_flooding">0</A>
      <A name="gas_lifting">1</A>
      <A name="gas_flooding">0</A>
      <A name="steam_flooding">0</A>
      <A name="oil_sands_mine">None</A>
      <A name="country">Australia</A>
      <A name="name">Cossack</A>
      <A name="age">27.0</A>
      <A name="depth">9719.0</A>
      <A name="oil_prod">60000.0</A>
      <A name="num_prod_wells">12</A>
      <A name="num_water_inj_wells">0</A>
      <A name="well_diam">5.0</A>
      <A name="prod_index">50.0</A>
      <A name="res_press">4000.0</A>
      <A name="API">47.3</A>
      <A name="GOR">2000.0</A>
      <A name="WOR">0.18</A>
      <A name="WIR">0.0</A>
      <A name="GLIR">666.0</A>
      <A name="frac_transport_tanker">1.0</A>
      <A name="frac_transport_barge">0.0</A>
      <A name="frac_transport_pipeline">1.0</A>
      <A name="frac_transport_rail">0.0</A>
      <A name="transport_dist_tanker">13605.06</A>
      <A name="transport_dist_barge">0.0</A>
      <A name="transport_dist_pipeline">80.0</A>
      <A name="transport_dist_rail">0.0</A>
    </Field>
    <Field name="Field 6" modifies="template">
      <A name="downhole_pump">1</A>
      <A name="water_reinjection">1</A>
      <A name="natural_gas_reinjection">0</A>
      <A name="water_flooding">0</A>
      <A name="gas_lifting">0</A>
      <A name="gas_flooding">0</A>
      <A name="steam_flooding">0</A>
      <A name="oil_sands_mine">None</A>
      <A name="country">Azerbaijan</A>
      <A name="name">Azeri</A>
      <A name="age">17.0</A>
      <A name="depth">9075.0</A>
      <A name="oil_prod">655700.0</A>
      <A name="num_prod_wells">77</A>
      <A name="num_water_inj_wells">30</A>
      <A name="res_press">1951.125</A>
      <A name="API">35.0</A>
      <A name="GOR">1299.0</A>
      <A name="WOR">2.025808595</A>
      <A name="frac_transport_tanker">1.0</A>
      <A name="frac_transport_barge">0.0</A>
      <A name="frac_transport_pipeline">1.0</A>
      <A name="frac_transport_rail">0.0</A>
      <A name="transport_dist_tanker">8252.0</A>
      <A name="transport_dist_barge">0.0</A>
      <A name="transport_dist_pipeline">518.0</A>
      <A name="transport_dist_rail">0.0</A>
    </Field>
    <Field name="Field 7" modifies="template">
      <A name="downhole_pump">0</A>
      <A name="water_reinjection">1</A>
      <A name="natural_gas_reinjection">0</A>
      <A name="water_flooding">0</A>
      <A name="gas_lifting">1</A>
      <A name="gas_flooding">0</A>
      <A name="steam_flooding">0</A>
      <A name="oil_sands_mine">None</A>
      <A name="country">Brazil</A>
      <A name="name">Frade</A>
      <A name="age">4.0</A>
      <A name="depth">6730.0</A>
      <A name="oil_prod">16912.0</A>
      <A name="num_prod_wells">12</A>
      <A name="num_water_inj_wells">7</A>
      <A name="res_press">2900.0</A>
      <A name="API">19.0</A>
      <A name="GOR">370.0</A>
      <A name="WOR">1.3</A>
      <A name="WIR">1.3</A>
      <A name="GLIR">580.0</A>
      <A name="fraction_elec_onsite">1.0</A>
      <A name="fraction_water_reinjected">1.0</A>
      <A name="frac_transport_tanker">1.0</A>
      <A name="frac_transport_barge">0.0</A>
      <A name="frac_transport_pipeline">0.0</A>
      <A name="frac_transport_rail">0.0</A>
      <A name="transport_dist_tanker">6200.0</A>
      <A name="transport_dist_barge">0.0</A>
      <A name="transport_dist_pipeline">0.0</A>
      <A name="transport_dist_rail">0.0</A>
    </Field>
    <Field name="Field 8" modifies="template">
      <A name="downhole_pump">1</A>
      <A name="water_reinjection">1</A>
      <A name="natural_gas_reinjection">0</A>
      <A name="water_flooding">0</A>
      <A name="gas_lifting">0</A>
      <A name="gas_flooding">1</A>
      <A name="steam_flooding">0</A>
      <A name="oil_sands_mine">None</A>
      <A name="country">Brazil</A>
      <A name="name">Lula</A>
      <A name="age">11.0</A>
      <A name="depth">19737.0</A>
      <A name="oil_prod">1050000.0</A>
      <A name="num_prod_wells">6</A>
      <A name="num_water_inj_wells">1</A>
      <A name="res_press">8000.0</A>
      <A name="res_temp">380.04</A>
      <A name="offshore">1.0</A>
      <A name="API">28.8</A>
      <A name="gas_comp_CO2">11.0</A>
      <A name="GOR">1419.0</A>
      <A name="WOR">0.1</A>
      <A name="WIR">0.5</A>
      <A name="GLIR">0.0</A>
      <A name="GFIR">175.0</A>
      <A name="flood_gas_type">CO2</A>
      <A name="fraction_elec_onsite">1.0</A>
      <A name="fraction_remaining_gas_inj">0.0</A>
      <A name="fraction_water_reinjected">1.0</A>
      <A name="gas_processing_path">CO2-EOR Ryan Holmes</A>
      <A name="FOR">38.92</A>
    </Field>
    <Field name="Field 9" modifies="template">
      <A name="downhole_pump">0</A>
      <A name="water_reinjection">1</A>
      <A name="natural_gas_reinjection">1</A>
      <A name="water_flooding">0</A>
      <A name="gas_lifting">0</A>
      <A name="gas_flooding">0</A>
      <A name="steam_flooding">0</A>
      <A name="oil_sands_mine">None</A>
      <A name="country">Canada</A>
      <A name="name">Midale (Southeast Saskatchewan)</A>
      <A name="age">60.0</A>
      <A name="depth">4600.0</A>
      <A name="oil_prod">5000.0</A>
      <A name="num_prod_wells">953</A>
      <A name="num_water_inj_wells">83</A>
      <A name="res_press">2600.0</A>
      <A name="API">28.7</A>
      <A name="GOR">2000.0</A>
      <A name="WOR">11.5</A>
      <A name="WIR">12.5</A>
      <A name="fraction_remaining_gas_inj">0.15</A>
      <A name="fraction_water_reinjected">1.0</A>
      <A name="frac_transport_tanker">0.0</A>
      <A name="frac_transport_barge">0.0</A>
      <A name="frac_transport_pipeline">1.0</A>
      <A name="frac_transport_rail">0.0</A>
      <A name="transport_dist_tanker">0.0</A>
      <A name="transport_dist_barge">0.0</A>
      <A name="transport_dist_pipeline">2000.0</A>
      <A name="transport_dist_rail">0.0</A>
    </Field>
    <Field name="Field 10" modifies="template">
      <A name="downhole_pump">0</A>
      <A name="water_reinjection">0</A>
      <A name="natural_gas_reinjection">1</A>
      <A name="water_flooding">0</A>
      <A name="gas_lifting">0</A>
      <A name="gas_flooding">0</A>
      <A name="steam_flooding">0</A>
      <A name="oil_sands_mine">None</A>
      <A name="country">Canada</A>
      <A name="name">Hibernia</A>
      <A name="age">15.0</A>
      <A name="depth">10065.0</A>
      <A name="oil_prod">135483.0</A>
      <A name="res_press">2163.975</A>
      <A name="API">34.6</A>
      <A name="GOR">333.0</A>
      <A name="WOR">1.742417576</A>
      <A name="fraction_remaining_gas_inj">1.0</A>
      <A name="fraction_water_reinjected">1.0</A>
      <A name="frac_transport_tanker">0.0</A>
      <A name="frac_transport_barge">0.0</A>
      <A name="frac_transport_pipeline">1.0</A>
      <A name="frac_transport_rail">0.0</A>
      <A name="transport_dist_tanker">3189.0</A>
    </Field>
    <Field name="Field 11" modifies="template">
      <A name="downhole_pump">1</A>
      <A name="water_reinjection">1</A>
      <A name="natural_gas_reinjection">1</A>
      <A name="water_flooding">0</A>
      <A name="gas_lifting">0</A>
      <A name="gas_flooding">0</A>
      <A name="steam_flooding">0</A>
      <A name="oil_sands_mine">None</A>
      <A name="country">China</A>
      <A name="name">Bozhong</A>
      <A name="age">23.0</A>
      <A name="depth">10500.0</A>
      <A name="oil_prod">90000.0</A>
      <A name="num_prod_wells">88</A>
      <A name="num_water_inj_wells">36</A>
      <A name="well_diam">3.5</A>
      <A name="res_press">1450.0</A>
      <A name="API">17.5</A>
      <A name="gas_comp_N2">1.0</A>
      <A name="gas_comp_CO2">5.4</A>
      <A name="gas_comp_C1">75.0</A>
      <A name="gas_comp_C2">12.1</A>
      <A name="gas_comp_C3">2.9</A>
      <A name="gas_comp_C4">3.6</A>
      <A name="gas_comp_H2S">0.0</A>
      <A name="GOR">7276.0</A>
      <A name="WOR">1.0</A>
      <A name="WIR">1.0</A>
      <A name="fraction_elec_onsite">1.0</A>
      <A name="fraction_remaining_gas_inj">0.34</A>
      <A name="fraction_water_reinjected">1.0</A>
      <A name="FOR">2694.0</A>
      <A name="frac_transport_tanker">1.0</A>
      <A name="frac_transport_barge">0.0</A>
      <A name="frac_transport_pipeline">0.0</A>
      <A name="frac_transport_rail">0.0</A>
      <A name="transport_dist_tanker">11801.0</A>
      <A name="transport_dist_barge">0.0</A>
      <A name="transport_dist_pipeline">0.0</A>
      <A name="transport_dist_rail">0.0</A>
    </Field>
  </Analysis>
</Model>
