<?xml version='1.0' encoding='UTF-8'?>
<Model>
  <Analysis name="test-fields">
    <Field name="Field 2" modifies="template">
      <A name="downhole_pump">0</A>
      <A name="water_reinjection">1</A>
      <A name="natural_gas_reinjection">1</A>
      <A name="water_flooding">0</A>
      <A name="gas_lifting">1</A>
      <A name="gas_flooding">0</A>
      <A name="steam_flooding">0</A>
      <A name="oil_sands_mine">None</A>
      <A name="country">Angola</A>
      <A name="name">Girassol</A>
      <A name="age">12.0</A>
      <A name="depth">3937.0</A>
      <A name="oil_prod">175000.0</A>
      <A name="num_prod_wells">24</A>
      <A name="num_water_inj_wells">20</A>
      <A name="well_diam">8.0</A>
      <A name="prod_index">90.9</A>
      <A name="res_press">3655.0</A>
      <A name="API">32.0</A>
      <A name="GOR">584.29</A>
      <A name="WOR">0.5</A>
      <A name="WIR">1.5</A>
      <A name="GLIR">30.26</A>
      <A name="fraction_elec_onsite">1.0</A>
      <A name="fraction_water_reinjected">1.0</A>
      <A name="frac_transport_tanker">1.0</A>
      <A name="frac_transport_barge">0.0</A>
      <A name="frac_transport_pipeline">0.0</A>
      <A name="frac_transport_rail">0.0</A>
      <A name="transport_dist_tanker">7984.0</A>
      <A name="transport_dist_barge">0.0</A>
      <A name="transport_dist_pipeline">0.0</A>
      <A name="transport_dist_rail">0.0</A>
    </Field>
    <Field name="Field 3" modifies="template">
      <A name="downhole_pump">0</A>
      <A name="water_reinjection">1</A>
      <A name="water_flooding">0</A>
      <A name="gas_lifting">1</A>
      <A name="gas_flooding">0</A>
      <A name="steam_flooding">0</A>
      <A name="oil_sands_mine">None</A>
      <A name="country">Angola</A>
      <A name="name">Kuito</A>
      <A name="age">17.0</A>
      <A name="oil_prod">25019.48</A>
      <A name="num_prod_wells">24</A>
      <A name="num_water_inj_wells">9</A>
      <A name="well_diam">6.0</A>
      <A name="offshore">1.0</A>
      <A name="API">22.05</A>
      <A name="GOR">600.0</A>
      <A name="WOR">2.025808595</A>
      <A name="WIR">2.72</A>
      <A name="GLIR">1800.0</A>
      <A name="fraction_remaining_gas_inj">1.0</A>
      <A name="FOR">176.1</A>
      <A name="frac_transport_tanker">1.0</A>
      <A name="frac_transport_barge">0.0</A>
      <A name="frac_transport_pipeline">0.0</A>
      <A name="frac_transport_rail">0.0</A>
      <A name="frac_transport_truck">0.0</A>
      <A name="transport_dist_tanker">7984.0</A>
      <A name="transport_dist_barge">0.0</A>
      <A name="transport_dist_pipeline">0.0</A>
      <A name="transport_dist_rail">0.0</A>
      <A name="transport_dist_truck">0.0</A>
    </Field>
    <Field name="Field 4" modifies="template">
      <A name="downhole_pump">1</A>
      <A name="water_reinjection">1</A>
      <A name="natural_gas_reinjection">0</A>
      <A name="water_flooding">0</A>
      <A name="gas_lifting">0</A>
      <A name="gas_flooding">0</A>
      <A name="steam_flooding">0</A>
      <A name="oil_sands_mine">None</A>
      <A name="country">Angola</A>
      <A name="name">Takula</A>
      <A name="age">35.0</A>
      <A name="depth">3200.0</A>
      <A name="oil_prod">105000.0</A>
      <A name="num_prod_wells">69</A>
      <A name="num_water_inj_wells">21</A>
      <A name="res_press">1300.0</A>
      <A name="API">32.0</A>
      <A name="WOR">4.0</A>
      <A name="WIR">4.67</A>
      <A name="frac_transport_tanker">1.0</A>
      <A name="frac_transport_barge">0.0</A>
      <A name="frac_transport_pipeline">1.0</A>
      <A name="frac_transport_rail">0.0</A>
      <A name="transport_dist_tanker">7696.26</A>
      <A name="transport_dist_barge">0.0</A>
      <A name="transport_dist_pipeline">24.0</A>
      <A name="transport_dist_rail">0.0</A>
    </Field>
    <Field name="Field 5" modifies="template">
      <A name="downhole_pump">0</A>
      <A name="water_reinjection">0</A>
      <A name="natural_gas_reinjection">0</A>
      <A name="water_flooding">0</A>
      <A name="gas_lifting">1</A>
      <A name="gas_flooding">0</A>
      <A name="steam_flooding">0</A>
      <A name="oil_sands_mine">None</A>
      <A name="country">Australia</A>
      <A name="name">Cossack</A>
      <A name="age">27.0</A>
      <A name="depth">9719.0</A>
      <A name="oil_prod">60000.0</A>
      <A name="num_prod_wells">12</A>
      <A name="num_water_inj_wells">0</A>
      <A name="well_diam">5.0</A>
      <A name="prod_index">50.0</A>
      <A name="res_press">4000.0</A>
      <A name="API">47.3</A>
      <A name="GOR">2000.0</A>
      <A name="WOR">0.18</A>
      <A name="WIR">0.0</A>
      <A name="GLIR">666.0</A>
      <A name="frac_transport_tanker">1.0</A>
      <A name="frac_transport_barge">0.0</A>
      <A name="frac_transport_pipeline">1.0</A>
      <A name="frac_transport_rail">0.0</A>
      <A name="transport_dist_tanker">13605.06</A>
      <A name="transport_dist_barge">0.0</A>
      <A name="transport_dist_pipeline">80.0</A>
      <A name="transport_dist_rail">0.0</A>
    </Field>
    <Field name="Field 6" modifies="template">
      <A name="downhole_pump">1</A>
      <A name="water_reinjection">1</A>
      <A name="natural_gas_reinjection">0</A>
      <A name="water_flooding">0</A>
      <A name="gas_lifting">0</A>
      <A name="gas_flooding">0</A>
      <A name="steam_flooding">0</A>
      <A name="oil_sands_mine">None</A>
      <A name="country">Azerbaijan</A>
      <A name="name">Azeri</A>
      <A name="age">17.0</A>
      <A name="depth">9075.0</A>
      <A name="oil_prod">655700.0</A>
      <A name="num_prod_wells">77</A>
      <A name="num_water_inj_wells">30</A>
      <A name="res_press">1951.125</A>
      <A name="API">35.0</A>
      <A name="GOR">1299.0</A>
      <A name="WOR">2.025808595</A>
      <A name="frac_transport_tanker">1.0</A>
      <A name="frac_transport_barge">0.0</A>
      <A name="frac_transport_pipeline">1.0</A>
      <A name="frac_transport_rail">0.0</A>
      <A name="transport_dist_tanker">8252.0</A>
      <A name="transport_dist_barge">0.0</A>
      <A name="transport_dist_pipeline">518.0</A>
      <A name="transport_dist_rail">0.0</A>
    </Field>
    <Field name="Field 7" modifies="template">
      <A name="downhole_pump">0</A>
      <A name="water_reinjection">1</A>
      <A name="natural_gas_reinjection">0</A>
      <A name="water_flooding">0</A>
      <A name="gas_lifting">1</A>
      <A name="gas_flooding">0</A>
      <A name="steam_flooding">0</A>
      <A name="oil_sands_mine">None</A>
      <A name="country">Brazil</A>
      <A name="name">Frade</A>
      <A name="age">4.0</A>
      <A name="depth">6730.0</A>
      <A name="oil_prod">16912.0</A>
      <A name="num_prod_wells">12</A>
      <A name="num_water_inj_wells">7</A>
      <A name="res_press">2900.0</A>
      <A name="API">19.0</A>
      <A name="GOR">370.0</A>
      <A name="WOR">1.3</A>
      <A name="WIR">1.3</A>
      <A name="GLIR">580.0</A>
      <A name="fraction_elec_onsite">1.0</A>
      <A name="fraction_water_reinjected">1.0</A>
      <A name="frac_transport_tanker">1.0</A>
      <A name="frac_transport_barge">0.0</A>
      <A name="frac_transport_pipeline">0.0</A>
      <A name="frac_transport_rail">0.0</A>
      <A name="transport_dist_tanker">6200.0</A>
      <A name="transport_dist_barge">0.0</A>
      <A name="transport_dist_pipeline">0.0</A>
      <A name="transport_dist_rail">0.0</A>
    </Field>
    <Field name="Field 8" modifies="template">
      <A name="downhole_pump">1</A>
      <A name="water_reinjection">1</A>
      <A name="natural_gas_reinjection">0</A>
      <A name="water_flooding">0</A>
      <A name="gas_lifting">0</A>
      <A name="gas_flooding">1</A>
      <A name="steam_flooding">0</A>
      <A name="oil_sands_mine">None</A>
      <A name="country">Brazil</A>
      <A name="name">Lula</A>
      <A name="age">11.0</A>
      <A name="depth">19737.0</A>
      <A name="oil_prod">1050000.0</A>
      <A name="num_prod_wells">6</A>
      <A name="num_water_inj_wells">1</A>
      <A name="res_press">8000.0</A>
      <A name="res_temp">380.04</A>
      <A name="offshore">1.0</A>
      <A name="API">28.8</A>
      <A name="gas_comp_CO2">11.0</A>
      <A name="GOR">1419.0</A>
      <A name="WOR">0.1</A>
      <A name="WIR">0.5</A>
      <A name="GLIR">0.0</A>
      <A name="GFIR">175.0</A>
      <A name="flood_gas_type">CO2</A>
      <A name="fraction_elec_onsite">1.0</A>
      <A name="fraction_remaining_gas_inj">0.0</A>
      <A name="fraction_water_reinjected">1.0</A>
      <A name="gas_processing_path">CO2-EOR Ryan Holmes</A>
      <A name="FOR">38.92</A>
    </Field>
    <Field name="Field 9" modifies="template">
      <A name="downhole_pump">0</A>
      <A name="water_reinjection">1</A>
      <A name="natural_gas_reinjection">1</A>
      <A name="water_flooding">0</A>
      <A name="gas_lifting">0</A>
      <A name="gas_flooding">0</A>
      <A name="steam_flooding">0</A>
      <A name="oil_sands_mine">None</A>
      <A name="country">Canada</A>
      <A name="name">Midale (Southeast Saskatchewan)</A>
      <A name="age">60.0</A>
      <A name="depth">4600.0</A>
      <A name="oil_prod">5000.0</A>
      <A name="num_prod_wells">953</A>
      <A name="num_water_inj_wells">83</A>
      <A name="res_press">2600.0</A>
      <A name="API">28.7</A>
      <A name="GOR">2000.0</A>
      <A name="WOR">11.5</A>
      <A name="WIR">12.5</A>
      <A name="fraction_remaining_gas_inj">0.15</A>
      <A name="fraction_water_reinjected">1.0</A>
      <A name="frac_transport_tanker">0.0</A>
      <A name="frac_transport_barge">0.0</A>
      <A name="frac_transport_pipeline">1.0</A>
      <A name="frac_transport_rail">0.0</A>
      <A name="transport_dist_tanker">0.0</A>
      <A name="transport_dist_barge">0.0</A>
      <A name="transport_dist_pipeline">2000.0</A>
      <A name="transport_dist_rail">0.0</A>
    </Field>
    <Field name="Field 10" modifies="template">
      <A name="downhole_pump">0</A>
      <A name="water_reinjection">0</A>
      <A name="natural_gas_reinjection">1</A>
      <A name="water_flooding">0</A>
      <A name="gas_lifting">0</A>
      <A name="gas_flooding">0</A>
      <A name="steam_flooding">0</A>
      <A name="oil_sands_mine">None</A>
      <A name="country">Canada</A>
      <A name="name">Hibernia</A>
      <A name="age">15.0</A>
      <A name="depth">10065.0</A>
      <A name="oil_prod">135483.0</A>
      <A name="res_press">2163.975</A>
      <A name="API">34.6</A>
      <A name="GOR">333.0</A>
      <A name="WOR">1.742417576</A>
      <A name="fraction_remaining_gas_inj">1.0</A>
      <A name="fraction_water_reinjected">1.0</A>
      <A name="frac_transport_tanker">0.0</A>
      <A name="frac_transport_barge">0.0</A>
      <A name="frac_transport_pipeline">1.0</A>
      <A name="frac_transport_rail">0.0</A>
      <A name="transport_dist_tanker">3189.0</A>
    </Field>
    <Field name="Field 11" modifies="template">
      <A name="downhole_pump">1</A>
      <A name="water_reinjection">1</A>
      <A name="natural_gas_reinjection">1</A>
      <A name="water_flooding">0</A>
      <A name="gas_lifting">0</A>
      <A name="gas_flooding">0</A>
      <A name="steam_flooding">0</A>
      <A name="oil_sands_mine">None</A>
      <A name="country">China</A>
      <A name="name">Bozhong</A>
      <A name="age">23.0</A>
      <A name="depth">10500.0</A>
      <A name="oil_prod">90000.0</A>
      <A name="num_prod_wells">88</A>
      <A name="num_water_inj_wells">36</A>
      <A name="well_diam">3.5</A>
      <A name="res_press">1450.0</A>
      <A name="API">17.5</A>
      <A name="gas_comp_N2">1.0</A>
      <A name="gas_comp_CO2">5.4</A>
      <A name="gas_comp_C1">75.0</A>
      <A name="gas_comp_C2">12.1</A>
      <A name="gas_comp_C3">2.9</A>
      <A name="gas_comp_C4">3.6</A>
      <A name="gas_comp_H2S">0.0</A>
      <A name="GOR">7276.0</A>
      <A name="WOR">1.0</A>
      <A name="WIR">1.0</A>
      <A name="fraction_elec_onsite">1.0</A>
      <A name="fraction_remaining_gas_inj">0.34</A>
      <A name="fraction_water_reinjected">1.0</A>
      <A name="FOR">2694.0</A>
      <A name="frac_transport_tanker">1.0</A>
      <A name="frac_transport_barge">0.0</A>
      <A name="frac_transport_pipeline">0.0</A>
      <A name="frac_transport_rail">0.0</A>
      <A name="transport_dist_tanker">11801.0</A>
      <A name="transport_dist_barge">0.0</A>
      <A name="transport_dist_pipeline">0.0</A>
      <A name="transport_dist_rail">0.0</A>
    </Field>
    <Field name="Field 12" modifies="template">
      <A name="downhole_pump">0</A>
      <A name="water_reinjection">1</A>
      <A name="natural_gas_reinjection">0</A>
      <A name="water_flooding">0</A>
      <A name="gas_lifting">1</A>
      <A name="gas_flooding">0</A>
      <A name="steam_flooding">0</A>
      <A name="oil_sands_mine">None</A>
      <A name="country">China</A>
      <A name="name">Huizhou 21-1</A>
      <A name="age">25.0</A>
      <A name="oil_prod">12403.0</A>
      <A name="num_prod_wells">10</A>
      <A name="num_water_inj_wells">4</A>
      <A name="API">43.6</A>
      <A name="GOR">628.5</A>
      <A name="WOR">3.63</A>
      <A name="WIR">1.67</A>
      <A name="GLIR">666.67</A>
      <A name="frac_transport_tanker">1.0</A>
      <A name="frac_transport_barge">0.0</A>
      <A name="frac_transport_pipeline">0.0</A>
      <A name="frac_transport_rail">0.0</A>
      <A name="transport_dist_tanker">12285.05</A>
      <A name="transport_dist_barge">0.0</A>
      <A name="transport_dist_pipeline">0.0</A>
      <A name="transport_dist_rail">0.0</A>
    </Field>
    <Field name="Field 13" modifies="template">
      <A name="downhole_pump">1</A>
      <A name="water_reinjection">0</A>
      <A name="natural_gas_reinjection">0</A>
      <A name="water_flooding">1</A>
      <A name="gas_lifting">0</A>
      <A name="gas_flooding">0</A>
      <A name="steam_flooding">0</A>
      <A name="oil_sands_mine">None</A>
      <A name="country">China</A>
      <A name="name">Qinhuangdao 32-6</A>
      <A name="age">16.0</A>
      <A name="depth">3600.0</A>
      <A name="oil_prod">36000.0</A>
      <A name="num_prod_wells">99</A>
      <A name="res_press">774.0</A>
      <A name="API">16.9</A>
      <A name="GOR">48.4</A>
      <A name="WOR">7.77</A>
      <A name="frac_transport_tanker">1.0</A>
      <A name="frac_transport_barge">0.0</A>
      <A name="frac_transport_pipeline">0.0</A>
      <A name="frac_transport_rail">0.0</A>
      <A name="transport_dist_tanker">11734.5</A>
      <A name="transport_dist_barge">0.0</A>
      <A name="transport_dist_pipeline">0.0</A>
      <A name="transport_dist_rail">0.0</A>
    </Field>
    <Field name="Field 14" modifies="template">
      <A name="downhole_pump">1</A>
      <A name="water_reinjection">0</A>
      <A name="natural_gas_reinjection">0</A>
      <A name="water_flooding">0</A>
      <A name="gas_lifting">0</A>
      <A name="gas_flooding">0</A>
      <A name="steam_flooding">0</A>
      <A name="oil_sands_mine">None</A>
      <A name="country">Colombia</A>
      <A name="name">Cano Limon</A>
      <A name="age">32.0</A>
      <A name="depth">7600.0</A>
      <A name="oil_prod">76533.0</A>
      <A name="num_prod_wells">49</A>
      <A name="prod_index">127.0</A>
      <A name="res_press">3213.0</A>
      <A name="API">29.0</A>
      <A name="GOR">8.0</A>
      <A name="WOR">1.52</A>
      <A name="frac_transport_tanker">1.0</A>
      <A name="frac_transport_barge">0.0</A>
      <A name="frac_transport_pipeline">1.0</A>
      <A name="frac_transport_rail">0.0</A>
      <A name="transport_dist_tanker">1978.99</A>
      <A name="transport_dist_barge">0.0</A>
      <A name="transport_dist_pipeline">480.0</A>
      <A name="transport_dist_rail">0.0</A>
    </Field>
    <Field name="Field 15" modifies="template">
      <A name="downhole_pump">1</A>
      <A name="water_reinjection">1</A>
      <A name="natural_gas_reinjection">1</A>
      <A name="water_flooding">0</A>
      <A name="gas_lifting">0</A>
      <A name="gas_flooding">0</A>
      <A name="steam_flooding">0</A>
      <A name="oil_sands_mine">None</A>
      <A name="country">Colombia</A>
      <A name="name">Cusiana</A>
      <A name="age">24.0</A>
      <A name="depth">15000.0</A>
      <A name="oil_prod">220000.0</A>
      <A name="num_prod_wells">90</A>
      <A name="res_press">6000.0</A>
      <A name="API">44.0</A>
      <A name="GOR">1700.0</A>
      <A name="WOR">3.131991265</A>
      <A name="frac_transport_tanker">1.0</A>
      <A name="frac_transport_barge">0.0</A>
      <A name="frac_transport_pipeline">1.0</A>
      <A name="frac_transport_rail">0.0</A>
      <A name="transport_dist_tanker">1978.99</A>
      <A name="transport_dist_barge">0.0</A>
      <A name="transport_dist_pipeline">515.0</A>
      <A name="transport_dist_rail">0.0</A>
    </Field>
    <Field name="Field 16" modifies="template">
      <A name="downhole_pump">0</A>
      <A name="water_reinjection">1</A>
      <A name="natural_gas_reinjection">0</A>
      <A name="water_flooding">0</A>
      <A name="gas_lifting">0</A>
      <A name="gas_flooding">0</A>
      <A name="steam_flooding">0</A>
      <A name="oil_sands_mine">None</A>
      <A name="country">Denmark</A>
      <A name="name">Dansk (Dan/Gorm)</A>
      <A name="age">42.0</A>
      <A name="depth">6600.0</A>
      <A name="oil_prod">44527.78</A>
      <A name="num_prod_wells">85</A>
      <A name="num_water_inj_wells">63</A>
      <A name="res_press">1419.0</A>
      <A name="GOR">1310.72</A>
      <A name="WOR">1.31</A>
      <A name="WIR">2.51</A>
      <A name="frac_transport_tanker">1.0</A>
      <A name="transport_dist_tanker">6135.0</A>
    </Field>
    <Field name="Field 17" modifies="template">
      <A name="downhole_pump">0</A>
      <A name="water_reinjection">0</A>
      <A name="natural_gas_reinjection">1</A>
      <A name="water_flooding">0</A>
      <A name="gas_lifting">0</A>
      <A name="gas_flooding">0</A>
      <A name="steam_flooding">0</A>
      <A name="oil_sands_mine">None</A>
      <A name="country">Denmark</A>
      <A name="name">Dansk (Dan/Gorm/Tyra)</A>
      <A name="age">29.0</A>
      <A name="depth">6600.0</A>
      <A name="oil_prod">8964.05</A>
      <A name="num_prod_wells">52</A>
      <A name="res_press">1419.0</A>
      <A name="GOR">18574.91</A>
      <A name="WOR">1.77</A>
      <A name="WIR">0.0</A>
      <A name="frac_transport_tanker">1.0</A>
      <A name="transport_dist_tanker">6135.0</A>
    </Field>
    <Field name="Field 18" modifies="template">
      <A name="downhole_pump">1</A>
      <A name="water_reinjection">0</A>
      <A name="natural_gas_reinjection">0</A>
      <A name="water_flooding">1</A>
      <A name="gas_lifting">0</A>
      <A name="gas_flooding">0</A>
      <A name="steam_flooding">0</A>
      <A name="oil_sands_mine">None</A>
      <A name="country">Ecuador</A>
      <A name="name">Sacha</A>
      <A name="age">49.0</A>
      <A name="depth">9700.0</A>
      <A name="oil_prod">390000.0</A>
      <A name="num_prod_wells">300</A>
      <A name="res_press">2085.5</A>
      <A name="API">24.1</A>
      <A name="WOR">0.58</A>
      <A name="frac_transport_tanker">1.0</A>
      <A name="frac_transport_barge">0.0</A>
      <A name="frac_transport_pipeline">1.0</A>
      <A name="frac_transport_rail">0.0</A>
      <A name="transport_dist_tanker">2833.59</A>
      <A name="transport_dist_barge">0.0</A>
      <A name="transport_dist_pipeline">300.0</A>
      <A name="transport_dist_rail">0.0</A>
    </Field>
    <Field name="Field 19" modifies="template">
      <A name="downhole_pump">0</A>
      <A name="water_reinjection">0</A>
      <A name="natural_gas_reinjection">0</A>
      <A name="water_flooding">1</A>
      <A name="gas_lifting">1</A>
      <A name="gas_flooding">0</A>
      <A name="steam_flooding">0</A>
      <A name="oil_sands_mine">None</A>
      <A name="country">India</A>
      <A name="name">Bombay High</A>
      <A name="age">41.0</A>
      <A name="depth">4624.0</A>
      <A name="oil_prod">270000.0</A>
      <A name="num_prod_wells">580</A>
      <A name="num_water_inj_wells">190</A>
      <A name="prod_index">4.8</A>
      <A name="res_press">2200.0</A>
      <A name="API">39.4</A>
      <A name="gas_comp_N2">0.24</A>
      <A name="gas_comp_CO2">2.13</A>
      <A name="gas_comp_C1">80.98</A>
      <A name="gas_comp_C2">7.83</A>
      <A name="gas_comp_C3">4.99</A>
      <A name="gas_comp_C4">3.83</A>
      <A name="gas_comp_H2S">0.0</A>
      <A name="WOR">6.735719488</A>
    </Field>
    <Field name="Field 20" modifies="template">
      <A name="downhole_pump">1</A>
      <A name="water_reinjection">0</A>
      <A name="natural_gas_reinjection">0</A>
      <A name="water_flooding">0</A>
      <A name="gas_lifting">0</A>
      <A name="gas_flooding">0</A>
      <A name="steam_flooding">1</A>
      <A name="oil_sands_mine">None</A>
      <A name="country">Indonesia</A>
      <A name="name">Duri</A>
      <A name="age">55.0</A>
      <A name="depth">600.0</A>
      <A name="oil_prod">165057.0</A>
      <A name="num_prod_wells">2500</A>
      <A name="num_water_inj_wells">1000</A>
      <A name="well_diam">4.5</A>
      <A name="res_press">500.0</A>
      <A name="API">19.0</A>
      <A name="GOR">25.0</A>
      <A name="WOR">3.0</A>
      <A name="SOR">4.21</A>
      <A name="fraction_steam_cogen">1.0</A>
      <A name="FOR">5.0</A>
      <A name="frac_transport_tanker">1.0</A>
      <A name="frac_transport_barge">0.0</A>
      <A name="frac_transport_pipeline">1.0</A>
      <A name="frac_transport_rail">0.0</A>
      <A name="transport_dist_tanker">13500.0</A>
      <A name="transport_dist_barge">0.0</A>
      <A name="transport_dist_pipeline">340.0</A>
      <A name="transport_dist_rail">0.0</A>
    </Field>
    <Field name="Field 21" modifies="template">
      <A name="downhole_pump">1</A>
      <A name="water_reinjection">1</A>
      <A name="natural_gas_reinjection">0</A>
      <A name="water_flooding">0</A>
      <A name="gas_lifting">0</A>
      <A name="gas_flooding">0</A>
      <A name="steam_flooding">0</A>
      <A name="oil_sands_mine">None</A>
      <A name="country">Indonesia</A>
      <A name="name">Minas</A>
      <A name="age">58.0</A>
      <A name="depth">2000.0</A>
      <A name="oil_prod">70000.0</A>
      <A name="num_prod_wells">1400</A>
      <A name="well_diam">9.63</A>
      <A name="res_press">350.0</A>
      <A name="API">34.0</A>
      <A name="WOR">12.1550318</A>
      <A name="frac_transport_tanker">1.0</A>
      <A name="frac_transport_barge">0.0</A>
      <A name="frac_transport_pipeline">1.0</A>
      <A name="frac_transport_rail">0.0</A>
      <A name="transport_dist_tanker">13500.0</A>
      <A name="transport_dist_barge">0.0</A>
      <A name="transport_dist_pipeline">340.0</A>
      <A name="transport_dist_rail">0.0</A>
    </Field>
    <Field name="Field 22" modifies="template">
      <A name="downhole_pump">1</A>
      <A name="water_reinjection">0</A>
      <A name="natural_gas_reinjection">0</A>
      <A name="water_flooding">0</A>
      <A name="gas_lifting">0</A>
      <A name="gas_flooding">0</A>
      <A name="steam_flooding">0</A>
      <A name="oil_sands_mine">None</A>
      <A name="country">Iran</A>
      <A name="name">Ardeshir</A>
      <A name="age">46.0</A>
      <A name="depth">2800.0</A>
      <A name="oil_prod">140000.0</A>
      <A name="num_prod_wells">90</A>
      <A name="prod_index">20.0</A>
      <A name="res_press">602.0</A>
      <A name="API">26.0</A>
      <A name="WOR">0.11</A>
      <A name="frac_transport_tanker">1.0</A>
      <A name="frac_transport_barge">0.0</A>
      <A name="frac_transport_pipeline">1.0</A>
      <A name="frac_transport_rail">0.0</A>
      <A name="transport_dist_tanker">11497.73</A>
      <A name="transport_dist_barge">0.0</A>
      <A name="transport_dist_pipeline">45.0</A>
      <A name="transport_dist_rail">0.0</A>
    </Field>
    <Field name="Field 23" modifies="template">
      <A name="downhole_pump">1</A>
      <A name="water_reinjection">0</A>
      <A name="natural_gas_reinjection">0</A>
      <A name="water_flooding">0</A>
      <A name="gas_lifting">0</A>
      <A name="gas_flooding">1</A>
      <A name="steam_flooding">0</A>
      <A name="oil_sands_mine">None</A>
      <A name="country">Iran</A>
      <A name="name">Marun</A>
      <A name="age">51.0</A>
      <A name="depth">9501.0</A>
      <A name="oil_prod">520000.0</A>
      <A name="num_prod_wells">370</A>
      <A name="res_press">4000.0</A>
      <A name="API">34.0</A>
      <A name="GOR">562.0</A>
      <A name="WOR">9.653470509</A>
      <A name="GFIR">3500.0</A>
      <A name="fraction_remaining_gas_inj">1.0</A>
      <A name="frac_transport_tanker">1.0</A>
      <A name="frac_transport_barge">0.0</A>
      <A name="frac_transport_pipeline">1.0</A>
      <A name="frac_transport_rail">0.0</A>
      <A name="transport_dist_tanker">11631.41</A>
      <A name="transport_dist_barge">0.0</A>
      <A name="transport_dist_pipeline">99.0</A>
      <A name="transport_dist_rail">0.0</A>
    </Field>
    <Field name="Field 24" modifies="template">
      <A name="downhole_pump">1</A>
      <A name="water_reinjection">1</A>
      <A name="natural_gas_reinjection">0</A>
      <A name="water_flooding">0</A>
      <A name="gas_lifting">0</A>
      <A name="gas_flooding">0</A>
      <A name="steam_flooding">0</A>
      <A name="oil_sands_mine">None</A>
      <A name="country">Iraq</A>
      <A name="name">Kirkuk</A>
      <A name="age">83.0</A>
      <A name="depth">2600.0</A>
      <A name="oil_prod">250000.0</A>
      <A name="num_prod_wells">150</A>
      <A name="num_water_inj_wells">7</A>
      <A name="prod_index">10000.0</A>
      <A name="res_press">1100.0</A>
      <A name="API">36.0</A>
      <A name="WOR">1.0</A>
      <A name="frac_transport_tanker">1.0</A>
      <A name="frac_transport_barge">0.0</A>
      <A name="frac_transport_pipeline">1.0</A>
      <A name="frac_transport_rail">0.0</A>
      <A name="transport_dist_tanker">7860.06</A>
      <A name="transport_dist_barge">0.0</A>
      <A name="transport_dist_pipeline">600.0</A>
      <A name="transport_dist_rail">0.0</A>
    </Field>
    <Field name="Field 25" modifies="template">
      <A name="downhole_pump">1</A>
      <A name="water_reinjection">1</A>
      <A name="natural_gas_reinjection">0</A>
      <A name="water_flooding">0</A>
      <A name="gas_lifting">0</A>
      <A name="gas_flooding">0</A>
      <A name="steam_flooding">0</A>
      <A name="oil_sands_mine">None</A>
      <A name="country">Iraq</A>
      <A name="name">Rumaila</A>
      <A name="age">45.0</A>
      <A name="depth">9022.0</A>
      <A name="oil_prod">1060000.0</A>
      <A name="num_prod_wells">200</A>
      <A name="res_press">1939.73</A>
      <A name="API">30.0</A>
      <A name="GOR">625.0</A>
      <A name="WOR">1.5</A>
      <A name="frac_transport_tanker">1.0</A>
      <A name="frac_transport_barge">0.0</A>
      <A name="frac_transport_pipeline">1.0</A>
      <A name="frac_transport_rail">0.0</A>
      <A name="transport_dist_tanker">11596.72</A>
      <A name="transport_dist_barge">0.0</A>
      <A name="transport_dist_pipeline">361.0</A>
      <A name="transport_dist_rail">0.0</A>
    </Field>
    <Field name="Field 26" modifies="template">
      <A name="downhole_pump">1</A>
      <A name="water_reinjection">0</A>
      <A name="natural_gas_reinjection">0</A>
      <A name="water_flooding">0</A>
      <A name="gas_lifting">0</A>
      <A name="gas_flooding">0</A>
      <A name="steam_flooding">0</A>
      <A name="oil_sands_mine">None</A>
      <A name="country">Iraq</A>
      <A name="name">West Qurna -2</A>
      <A name="age">2.0</A>
      <A name="depth">7223.76</A>
      <A name="oil_prod">400000.0</A>
      <A name="num_prod_wells">67</A>
      <A name="prod_index">22.58</A>
      <A name="res_press">3965.0</A>
      <A name="API">21.6</A>
      <A name="GOR">750.0</A>
      <A name="WOR">0.05</A>
      <A name="WIR">1.0</A>
      <A name="frac_transport_tanker">1.0</A>
      <A name="frac_transport_barge">0.0</A>
      <A name="frac_transport_pipeline">1.0</A>
      <A name="frac_transport_rail">0.0</A>
      <A name="transport_dist_tanker">11596.72</A>
      <A name="transport_dist_barge">0.0</A>
      <A name="transport_dist_pipeline">40.0</A>
      <A name="transport_dist_rail">0.0</A>
    </Field>
    <Field name="Field 27" modifies="template">
      <A name="downhole_pump">0</A>
      <A name="water_reinjection">1</A>
      <A name="natural_gas_reinjection">0</A>
      <A name="water_flooding">0</A>
      <A name="gas_lifting">0</A>
      <A name="gas_flooding">0</A>
      <A name="steam_flooding">0</A>
      <A name="oil_sands_mine">None</A>
      <A name="country">Iraq</A>
      <A name="name">Zubair</A>
      <A name="age">60.0</A>
      <A name="depth">11000.0</A>
      <A name="oil_prod">125130.0</A>
      <A name="num_prod_wells">30</A>
      <A name="num_water_inj_wells">14</A>
      <A name="res_press">3800.0</A>
      <A name="API">30.2</A>
      <A name="GOR">775.0</A>
      <A name="WOR">1.5</A>
      <A name="WIR">2.5</A>
      <A name="fraction_water_reinjected">1.0</A>
      <A name="FOR">543.0</A>
      <A name="frac_transport_tanker">1.0</A>
      <A name="frac_transport_barge">0.0</A>
      <A name="frac_transport_pipeline">0.0</A>
      <A name="frac_transport_rail">0.0</A>
      <A name="transport_dist_tanker">11550.0</A>
      <A name="transport_dist_barge">0.0</A>
      <A name="transport_dist_pipeline">0.0</A>
      <A name="transport_dist_rail">0.0</A>
    </Field>
    <Field name="Field 28" modifies="template">
      <A name="downhole_pump">0</A>
      <A name="water_reinjection">0</A>
      <A name="natural_gas_reinjection">1</A>
      <A name="water_flooding">0</A>
      <A name="gas_lifting">0</A>
      <A name="gas_flooding">0</A>
      <A name="steam_flooding">0</A>
      <A name="oil_sands_mine">None</A>
      <A name="country">Kazakhstan</A>
      <A name="name">Tengiz</A>
      <A name="age">22.0</A>
      <A name="depth">11843.0</A>
      <A name="oil_prod">528767.0</A>
      <A name="num_prod_wells">70</A>
      <A name="num_water_inj_wells">8</A>
      <A name="prod_index">6.0</A>
      <A name="res_press">9000.0</A>
      <A name="API">46.4</A>
      <A name="gas_comp_N2">2.0</A>
      <A name="gas_comp_CO2">4.0</A>
      <A name="gas_comp_C1">60.0</A>
      <A name="gas_comp_C2">10.0</A>
      <A name="gas_comp_C3">3.0</A>
      <A name="gas_comp_C4">6.0</A>
      <A name="gas_comp_H2S">15.0</A>
      <A name="GOR">351.0</A>
      <A name="WOR">0.06</A>
      <A name="WIR">0.0</A>
      <A name="fraction_remaining_gas_inj">0.33</A>
      <A name="FOR">18.0</A>
      <A name="frac_transport_tanker">1.0</A>
      <A name="frac_transport_barge">0.0</A>
      <A name="frac_transport_pipeline">1.0</A>
      <A name="frac_transport_rail">0.0</A>
      <A name="transport_dist_tanker">13025.0</A>
      <A name="transport_dist_barge">0.0</A>
      <A name="transport_dist_pipeline">900.0</A>
      <A name="transport_dist_rail">0.0</A>
    </Field>
    <Field name="Field 29" modifies="template">
      <A name="downhole_pump">1</A>
      <A name="water_reinjection">0</A>
      <A name="natural_gas_reinjection">0</A>
      <A name="water_flooding">0</A>
      <A name="gas_lifting">0</A>
      <A name="gas_flooding">0</A>
      <A name="steam_flooding">0</A>
      <A name="oil_sands_mine">None</A>
      <A name="country">Kuwait</A>
      <A name="name">Burgan</A>
      <A name="age">69.0</A>
      <A name="depth">4800.0</A>
      <A name="oil_prod">1400000.0</A>
      <A name="num_prod_wells">1000</A>
      <A name="num_water_inj_wells">50</A>
      <A name="well_diam">3.5</A>
      <A name="prod_index">90.0</A>
      <A name="res_press">1875.0</A>
      <A name="API">30.8</A>
      <A name="GOR">500.0</A>
      <A name="WOR">0.3</A>
      <A name="fraction_water_reinjected">1.0</A>
      <A name="frac_transport_tanker">1.0</A>
      <A name="frac_transport_barge">0.0</A>
      <A name="frac_transport_pipeline">0.0</A>
      <A name="frac_transport_rail">0.0</A>
      <A name="transport_dist_tanker">11526.26</A>
      <A name="transport_dist_barge">0.0</A>
      <A name="transport_dist_pipeline">0.0</A>
      <A name="transport_dist_rail">0.0</A>
    </Field>
    <Field name="Field 30" modifies="template">
      <A name="downhole_pump">0</A>
      <A name="water_reinjection">0</A>
      <A name="natural_gas_reinjection">0</A>
      <A name="water_flooding">1</A>
      <A name="gas_lifting">0</A>
      <A name="gas_flooding">0</A>
      <A name="steam_flooding">0</A>
      <A name="oil_sands_mine">None</A>
      <A name="country">Kuwait</A>
      <A name="name">Ratawi</A>
      <A name="age">57.0</A>
      <A name="depth">6500.0</A>
      <A name="oil_prod">90000.0</A>
      <A name="num_prod_wells">140</A>
      <A name="num_water_inj_wells">32</A>
      <A name="well_diam">6.25</A>
      <A name="res_press">2000.0</A>
      <A name="API">24.2</A>
      <A name="GOR">908.0</A>
      <A name="WOR">3.2</A>
      <A name="WIR">4.2</A>
      <A name="fraction_water_reinjected">1.0</A>
      <A name="FOR">52.94</A>
      <A name="frac_transport_tanker">1.0</A>
      <A name="frac_transport_barge">0.0</A>
      <A name="frac_transport_pipeline">0.0</A>
      <A name="frac_transport_rail">0.0</A>
      <A name="transport_dist_tanker">11500.0</A>
      <A name="transport_dist_barge">0.0</A>
      <A name="transport_dist_pipeline">0.0</A>
      <A name="transport_dist_rail">0.0</A>
    </Field>
    <Field name="Field 31" modifies="template">
      <A name="downhole_pump">1</A>
      <A name="water_reinjection">0</A>
      <A name="natural_gas_reinjection">0</A>
      <A name="water_flooding">0</A>
      <A name="gas_lifting">0</A>
      <A name="gas_flooding">0</A>
      <A name="steam_flooding">0</A>
      <A name="oil_sands_mine">None</A>
      <A name="country">Libya</A>
      <A name="name">Waha</A>
      <A name="age">56.0</A>
      <A name="depth">6000.0</A>
      <A name="oil_prod">345000.0</A>
      <A name="res_press">1290.0</A>
      <A name="API">36.71</A>
      <A name="GOR">3752.78</A>
      <A name="WOR">11.39692245</A>
      <A name="frac_transport_tanker">1.0</A>
      <A name="frac_transport_barge">0.0</A>
      <A name="frac_transport_pipeline">1.0</A>
      <A name="frac_transport_rail">0.0</A>
      <A name="transport_dist_tanker">7785.37</A>
      <A name="transport_dist_barge">0.0</A>
      <A name="transport_dist_pipeline">267.0</A>
      <A name="transport_dist_rail">0.0</A>
    </Field>
    <Field name="Field 32" modifies="template">
      <A name="downhole_pump">1</A>
      <A name="water_reinjection">1</A>
      <A name="natural_gas_reinjection">0</A>
      <A name="water_flooding">0</A>
      <A name="gas_lifting">0</A>
      <A name="gas_flooding">1</A>
      <A name="steam_flooding">0</A>
      <A name="oil_sands_mine">None</A>
      <A name="country">Mexico</A>
      <A name="name">Cantarell</A>
      <A name="age">35.0</A>
      <A name="depth">8100.0</A>
      <A name="oil_prod">750000.0</A>
      <A name="num_prod_wells">210</A>
      <A name="num_water_inj_wells">9</A>
      <A name="well_diam">9.63</A>
      <A name="prod_index">150.0</A>
      <A name="res_press">1470.0</A>
      <A name="API">22.0</A>
      <A name="GOR">250.0</A>
      <A name="WOR">0.25</A>
      <A name="GFIR">1000.0</A>
      <A name="flood_gas_type">N2</A>
      <A name="fraction_water_reinjected">1.0</A>
      <A name="frac_transport_tanker">1.0</A>
      <A name="frac_transport_barge">0.0</A>
      <A name="frac_transport_pipeline">0.0</A>
      <A name="frac_transport_rail">0.0</A>
      <A name="transport_dist_tanker">765.0</A>
    </Field>
    <Field name="Field 33" modifies="template">
      <A name="downhole_pump">1</A>
      <A name="water_reinjection">0</A>
      <A name="natural_gas_reinjection">0</A>
      <A name="water_flooding">0</A>
      <A name="gas_lifting">0</A>
      <A name="gas_flooding">0</A>
      <A name="steam_flooding">0</A>
      <A name="oil_sands_mine">None</A>
      <A name="country">Mexico</A>
      <A name="name">Chuc</A>
      <A name="age">33.0</A>
      <A name="depth">13100.0</A>
      <A name="oil_prod">69000.0</A>
      <A name="num_prod_wells">19</A>
      <A name="res_press">3925.0</A>
      <A name="API">33.0</A>
      <A name="WOR">4.856594476</A>
      <A name="GLIR">0.0</A>
      <A name="GFIR">0.0</A>
      <A name="SOR">0.0</A>
      <A name="fraction_elec_onsite">0.0</A>
      <A name="fraction_remaining_gas_inj">0.0</A>
      <A name="fraction_water_reinjected">1.0</A>
      <A name="fraction_steam_cogen">0.0</A>
      <A name="frac_transport_tanker">1.0</A>
      <A name="frac_transport_barge">0.0</A>
      <A name="frac_transport_pipeline">1.0</A>
      <A name="frac_transport_rail">0.0</A>
      <A name="transport_dist_tanker">1126.58</A>
      <A name="transport_dist_barge">0.0</A>
      <A name="transport_dist_pipeline">82.0</A>
      <A name="transport_dist_rail">0.0</A>
    </Field>
    <Field name="Field 34" modifies="template">
      <A name="downhole_pump">0</A>
      <A name="water_reinjection">0</A>
      <A name="natural_gas_reinjection">1</A>
      <A name="water_flooding">1</A>
      <A name="gas_lifting">0</A>
      <A name="gas_flooding">0</A>
      <A name="steam_flooding">0</A>
      <A name="oil_sands_mine">None</A>
      <A name="country">Nigeria</A>
      <A name="name">Agbami</A>
      <A name="age">5.0</A>
      <A name="depth">13000.0</A>
      <A name="oil_prod">233000.0</A>
      <A name="num_prod_wells">22</A>
      <A name="num_water_inj_wells">11</A>
      <A name="well_diam">4.5</A>
      <A name="res_press">7000.0</A>
      <A name="API">47.0</A>
      <A name="GOR">1733.0</A>
      <A name="WOR">0.3</A>
      <A name="WIR">1.3</A>
      <A name="fraction_elec_onsite">1.0</A>
      <A name="fraction_remaining_gas_inj">0.9</A>
      <A name="fraction_water_reinjected">1.0</A>
      <A name="FOR">90.0</A>
      <A name="frac_transport_tanker">1.0</A>
      <A name="frac_transport_barge">0.0</A>
      <A name="frac_transport_pipeline">0.0</A>
      <A name="frac_transport_rail">0.0</A>
      <A name="transport_dist_tanker">6940.0</A>
      <A name="transport_dist_barge">0.0</A>
      <A name="transport_dist_pipeline">0.0</A>
      <A name="transport_dist_rail">0.0</A>
    </Field>
    <Field name="Field 35" modifies="template">
      <A name="downhole_pump">0</A>
      <A name="water_reinjection">1</A>
      <A name="natural_gas_reinjection">0</A>
      <A name="water_flooding">0</A>
      <A name="gas_lifting">1</A>
      <A name="gas_flooding">0</A>
      <A name="steam_flooding">0</A>
      <A name="oil_sands_mine">None</A>
      <A name="country">Nigeria</A>
      <A name="name">Bonga</A>
      <A name="age">9.0</A>
      <A name="depth">8200.0</A>
      <A name="oil_prod">97260.0</A>
      <A name="num_prod_wells">13</A>
      <A name="num_water_inj_wells">8</A>
      <A name="res_press">1763.0</A>
      <A name="GOR">900.0</A>
      <A name="WOR">0.21</A>
      <A name="WIR">1.72</A>
      <A name="GLIR">28.0</A>
      <A name="FOR">129.0</A>
      <A name="frac_transport_tanker">1.0</A>
      <A name="frac_transport_barge">0.0</A>
      <A name="frac_transport_pipeline">0.0</A>
      <A name="frac_transport_rail">0.0</A>
      <A name="transport_dist_tanker">6940.0</A>
    </Field>
    <Field name="Field 36" modifies="template">
      <A name="downhole_pump">0</A>
      <A name="water_reinjection">0</A>
      <A name="natural_gas_reinjection">0</A>
      <A name="water_flooding">0</A>
      <A name="gas_lifting">0</A>
      <A name="gas_flooding">0</A>
      <A name="steam_flooding">0</A>
      <A name="oil_sands_mine">None</A>
      <A name="country">Nigeria</A>
      <A name="name">Bonny</A>
      <A name="age">40.0</A>
      <A name="depth">11500.0</A>
      <A name="oil_prod">2234.0</A>
      <A name="num_prod_wells">33</A>
      <A name="num_water_inj_wells">0</A>
      <A name="res_press">2400.0</A>
      <A name="API">35.3</A>
      <A name="GOR">20848.68</A>
      <A name="WOR">0.7</A>
      <A name="FOR">1652.0</A>
      <A name="frac_transport_tanker">1.0</A>
      <A name="frac_transport_barge">0.0</A>
      <A name="frac_transport_pipeline">0.0</A>
      <A name="frac_transport_rail">0.0</A>
      <A name="transport_dist_tanker">6926.0</A>
      <A name="transport_dist_barge">0.0</A>
      <A name="transport_dist_pipeline">0.0</A>
      <A name="transport_dist_rail">0.0</A>
    </Field>
    <Field name="Field 37" modifies="template">
      <A name="downhole_pump">1</A>
      <A name="water_reinjection">0</A>
      <A name="natural_gas_reinjection">0</A>
      <A name="water_flooding">0</A>
      <A name="gas_lifting">0</A>
      <A name="gas_flooding">0</A>
      <A name="steam_flooding">0</A>
      <A name="oil_sands_mine">None</A>
      <A name="country">Nigeria</A>
      <A name="name">Escravos Beach</A>
      <A name="age">45.0</A>
      <A name="depth">8175.0</A>
      <A name="oil_prod">3540.0</A>
      <A name="res_press">1757.625</A>
      <A name="API">35.8</A>
      <A name="GOR">1311.0</A>
      <A name="WOR">1.08</A>
      <A name="FOR">1273.0</A>
      <A name="frac_transport_tanker">1.0</A>
      <A name="frac_transport_barge">0.0</A>
      <A name="frac_transport_pipeline">0.0</A>
      <A name="frac_transport_rail">0.0</A>
      <A name="transport_dist_tanker">6940.0</A>
    </Field>
    <Field name="Field 38" modifies="template">
      <A name="downhole_pump">0</A>
      <A name="water_reinjection">1</A>
      <A name="natural_gas_reinjection">0</A>
      <A name="water_flooding">0</A>
      <A name="gas_lifting">1</A>
      <A name="gas_flooding">0</A>
      <A name="steam_flooding">0</A>
      <A name="oil_sands_mine">None</A>
      <A name="country">Nigeria</A>
      <A name="name">Obagi</A>
      <A name="age">47.0</A>
      <A name="depth">2050.0</A>
      <A name="oil_prod">9910.0</A>
      <A name="num_prod_wells">56</A>
      <A name="num_water_inj_wells">12</A>
      <A name="res_press">2610.0</A>
      <A name="API">35.3</A>
      <A name="GOR">19652.36</A>
      <A name="WOR">3.9</A>
      <A name="WIR">3.9</A>
      <A name="GLIR">256.4</A>
      <A name="fraction_water_reinjected">1.0</A>
      <A name="FOR">2428.4</A>
      <A name="frac_transport_tanker">1.0</A>
      <A name="frac_transport_barge">0.0</A>
      <A name="frac_transport_pipeline">0.0</A>
      <A name="frac_transport_rail">0.0</A>
      <A name="transport_dist_tanker">7127.0</A>
      <A name="transport_dist_barge">0.0</A>
      <A name="transport_dist_pipeline">50.0</A>
      <A name="transport_dist_rail">0.0</A>
    </Field>
    <Field name="Field 39" modifies="template">
      <A name="downhole_pump">1</A>
      <A name="water_reinjection">0</A>
      <A name="natural_gas_reinjection">0</A>
      <A name="water_flooding">0</A>
      <A name="gas_lifting">0</A>
      <A name="gas_flooding">0</A>
      <A name="steam_flooding">0</A>
      <A name="oil_sands_mine">None</A>
      <A name="country">Nigeria</A>
      <A name="name">Pennington</A>
      <A name="depth">11000.0</A>
      <A name="oil_prod">266.0</A>
      <A name="num_prod_wells">1</A>
      <A name="res_press">2365.0</A>
      <A name="API">33.7</A>
      <A name="GOR">1241.0</A>
      <A name="FOR">1081.0</A>
      <A name="frac_transport_tanker">1.0</A>
      <A name="frac_transport_barge">0.0</A>
      <A name="frac_transport_pipeline">0.0</A>
      <A name="frac_transport_rail">0.0</A>
      <A name="transport_dist_tanker">6940.0</A>
    </Field>
    <Field name="Field 40" modifies="template">
      <A name="downhole_pump">0</A>
      <A name="water_reinjection">1</A>
      <A name="natural_gas_reinjection">1</A>
      <A name="water_flooding">0</A>
      <A name="gas_lifting">0</A>
      <A name="gas_flooding">0</A>
      <A name="steam_flooding">0</A>
      <A name="oil_sands_mine">None</A>
      <A name="country">Norway</A>
      <A name="name">Ekofisk</A>
      <A name="age">42.0</A>
      <A name="depth">10000.0</A>
      <A name="oil_prod">102000.0</A>
      <A name="num_prod_wells">80</A>
      <A name="num_water_inj_wells">20</A>
      <A name="res_press">5150.0</A>
      <A name="API">38.4</A>
      <A name="gas_comp_N2">0.3</A>
      <A name="gas_comp_CO2">2.5</A>
      <A name="gas_comp_C1">78.7</A>
      <A name="gas_comp_C2">9.8</A>
      <A name="gas_comp_C3">4.3</A>
      <A name="gas_comp_C4">3.3</A>
      <A name="gas_comp_H2S">1.0</A>
      <A name="GOR">1150.0</A>
      <A name="WOR">0.3</A>
      <A name="WIR">1.3</A>
      <A name="fraction_elec_onsite">1.0</A>
      <A name="fraction_remaining_gas_inj">0.25</A>
      <A name="fraction_water_reinjected">1.0</A>
      <A name="FOR">18.03</A>
      <A name="frac_transport_tanker">1.0</A>
      <A name="frac_transport_barge">0.0</A>
      <A name="frac_transport_pipeline">1.0</A>
      <A name="frac_transport_rail">0.0</A>
      <A name="transport_dist_tanker">4942.0</A>
      <A name="transport_dist_barge">0.0</A>
      <A name="transport_dist_pipeline">220.0</A>
      <A name="transport_dist_rail">0.0</A>
    </Field>
    <Field name="Field 41" modifies="template">
      <A name="downhole_pump">1</A>
      <A name="water_reinjection">1</A>
      <A name="natural_gas_reinjection">1</A>
      <A name="water_flooding">0</A>
      <A name="gas_lifting">0</A>
      <A name="gas_flooding">0</A>
      <A name="steam_flooding">0</A>
      <A name="oil_sands_mine">None</A>
      <A name="country">Norway</A>
      <A name="name">Oseberg</A>
      <A name="age">28.0</A>
      <A name="depth">8200.0</A>
      <A name="oil_prod">57122.0</A>
      <A name="num_prod_wells">30</A>
      <A name="num_water_inj_wells">10</A>
      <A name="res_press">1763.0</A>
      <A name="GOR">4609.0</A>
      <A name="WOR">0.9</A>
      <A name="WIR">0.9</A>
      <A name="fraction_elec_onsite">1.0</A>
      <A name="fraction_remaining_gas_inj">1.0</A>
      <A name="fraction_water_reinjected">1.0</A>
    </Field>
    <Field name="Field 42" modifies="template">
      <A name="downhole_pump">0</A>
      <A name="water_reinjection">1</A>
      <A name="natural_gas_reinjection">1</A>
      <A name="water_flooding">0</A>
      <A name="gas_lifting">0</A>
      <A name="gas_flooding">0</A>
      <A name="steam_flooding">0</A>
      <A name="oil_sands_mine">None</A>
      <A name="country">Norway</A>
      <A name="name">Skarv</A>
      <A name="age">2.0</A>
      <A name="depth">11500.0</A>
      <A name="oil_prod">51000.0</A>
      <A name="num_prod_wells">12</A>
      <A name="num_water_inj_wells">4</A>
      <A name="res_press">2472.5</A>
      <A name="API">38.5</A>
      <A name="GOR">5463.0</A>
      <A name="WOR">0.197715205</A>
      <A name="frac_transport_tanker">1.0</A>
      <A name="frac_transport_barge">0.0</A>
      <A name="frac_transport_pipeline">0.0</A>
      <A name="frac_transport_rail">0.0</A>
      <A name="transport_dist_tanker">4942.0</A>
      <A name="transport_dist_pipeline">220.0</A>
    </Field>
    <Field name="Field 43" modifies="template">
      <A name="downhole_pump">1</A>
      <A name="water_reinjection">0</A>
      <A name="natural_gas_reinjection">1</A>
      <A name="water_flooding">0</A>
      <A name="gas_lifting">0</A>
      <A name="gas_flooding">0</A>
      <A name="steam_flooding">0</A>
      <A name="oil_sands_mine">None</A>
      <A name="country">Qatar</A>
      <A name="name">Bul Hanine</A>
      <A name="age">45.0</A>
      <A name="depth">7650.0</A>
      <A name="oil_prod">45000.0</A>
      <A name="res_press">1644.75</A>
      <A name="API">35.0</A>
      <A name="WOR">7.819556475</A>
      <A name="frac_transport_tanker">1.0</A>
      <A name="frac_transport_barge">0.0</A>
      <A name="frac_transport_pipeline">1.0</A>
      <A name="frac_transport_rail">0.0</A>
      <A name="transport_dist_tanker">11285.92</A>
      <A name="transport_dist_barge">0.0</A>
      <A name="transport_dist_pipeline">93.0</A>
      <A name="transport_dist_rail">0.0</A>
    </Field>
    <Field name="Field 44" modifies="template">
      <A name="downhole_pump">1</A>
      <A name="water_reinjection">1</A>
      <A name="natural_gas_reinjection">1</A>
      <A name="water_flooding">0</A>
      <A name="gas_lifting">0</A>
      <A name="gas_flooding">0</A>
      <A name="steam_flooding">0</A>
      <A name="oil_sands_mine">None</A>
      <A name="country">Qatar</A>
      <A name="name">Dukhan</A>
      <A name="age">77.0</A>
      <A name="depth">3000.0</A>
      <A name="oil_prod">335000.0</A>
      <A name="num_prod_wells">300</A>
      <A name="num_water_inj_wells">182</A>
      <A name="res_press">645.0</A>
      <A name="API">40.0</A>
      <A name="GOR">2363.24</A>
      <A name="WOR">21.50073974</A>
      <A name="frac_transport_tanker">1.0</A>
      <A name="frac_transport_barge">0.0</A>
      <A name="frac_transport_pipeline">1.0</A>
      <A name="frac_transport_rail">0.0</A>
      <A name="transport_dist_tanker">11387.31</A>
      <A name="transport_dist_barge">0.0</A>
      <A name="transport_dist_pipeline">67.0</A>
      <A name="transport_dist_rail">0.0</A>
    </Field>
    <Field name="Field 45" modifies="template">
      <A name="downhole_pump">1</A>
      <A name="water_reinjection">0</A>
      <A name="natural_gas_reinjection">1</A>
      <A name="water_flooding">0</A>
      <A name="gas_lifting">0</A>
      <A name="gas_flooding">0</A>
      <A name="steam_flooding">0</A>
      <A name="oil_sands_mine">None</A>
      <A name="country">Russian Federation</A>
      <A name="name">Chayvo</A>
      <A name="age">8.0</A>
      <A name="depth">36000.0</A>
      <A name="oil_prod">250000.0</A>
      <A name="num_prod_wells">26</A>
      <A name="num_water_inj_wells">0</A>
      <A name="well_diam">5.5</A>
      <A name="res_press">2600.0</A>
      <A name="API">36.4</A>
      <A name="GOR">4000.0</A>
      <A name="WOR">0.57</A>
      <A name="WIR">0.0</A>
      <A name="fraction_elec_onsite">1.0</A>
      <A name="fraction_remaining_gas_inj">0.3</A>
      <A name="frac_transport_tanker">1.0</A>
      <A name="frac_transport_barge">0.0</A>
      <A name="frac_transport_pipeline">1.0</A>
      <A name="frac_transport_rail">0.0</A>
      <A name="transport_dist_tanker">10417.0</A>
      <A name="transport_dist_barge">0.0</A>
      <A name="transport_dist_pipeline">140.0</A>
      <A name="transport_dist_rail">0.0</A>
    </Field>
    <Field name="Field 46" modifies="template">
      <A name="downhole_pump">1</A>
      <A name="water_reinjection">0</A>
      <A name="natural_gas_reinjection">0</A>
      <A name="water_flooding">1</A>
      <A name="gas_lifting">0</A>
      <A name="gas_flooding">0</A>
      <A name="steam_flooding">0</A>
      <A name="oil_sands_mine">None</A>
      <A name="country">Russian Federation</A>
      <A name="name">Romashkinskoye</A>
      <A name="age">69.0</A>
      <A name="depth">5294.0</A>
      <A name="oil_prod">300000.0</A>
      <A name="res_press">1375.0</A>
      <A name="API">31.78</A>
      <A name="GOR">29.65</A>
      <A name="WOR">3.0</A>
      <A name="frac_transport_tanker">1.0</A>
      <A name="frac_transport_barge">0.0</A>
      <A name="frac_transport_pipeline">1.0</A>
      <A name="frac_transport_rail">0.0</A>
      <A name="transport_dist_tanker">6935.6</A>
      <A name="transport_dist_barge">0.0</A>
      <A name="transport_dist_pipeline">1032.0</A>
      <A name="transport_dist_rail">0.0</A>
    </Field>
    <Field name="Field 47" modifies="template">
      <A name="downhole_pump">1</A>
      <A name="water_reinjection">0</A>
      <A name="natural_gas_reinjection">0</A>
      <A name="water_flooding">1</A>
      <A name="gas_lifting">0</A>
      <A name="gas_flooding">0</A>
      <A name="steam_flooding">0</A>
      <A name="oil_sands_mine">None</A>
      <A name="country">Russian Federation</A>
      <A name="name">Samotlor</A>
      <A name="age">48.0</A>
      <A name="depth">6561.0</A>
      <A name="oil_prod">750000.0</A>
      <A name="num_prod_wells">13400</A>
      <A name="num_water_inj_wells">4500</A>
      <A name="res_press">1410.615</A>
      <A name="API">35.0</A>
      <A name="GOR">481.78</A>
      <A name="WOR">9.0</A>
      <A name="frac_transport_tanker">1.0</A>
      <A name="frac_transport_barge">0.0</A>
      <A name="frac_transport_pipeline">1.0</A>
      <A name="frac_transport_rail">0.0</A>
      <A name="transport_dist_tanker">10534.99</A>
      <A name="transport_dist_barge">0.0</A>
      <A name="transport_dist_pipeline">3288.0</A>
      <A name="transport_dist_rail">0.0</A>
    </Field>
    <Field name="Field 48" modifies="template">
      <A name="downhole_pump">0</A>
      <A name="water_reinjection">0</A>
      <A name="natural_gas_reinjection">0</A>
      <A name="water_flooding">0</A>
      <A name="gas_lifting">1</A>
      <A name="gas_flooding">0</A>
      <A name="steam_flooding">0</A>
      <A name="oil_sands_mine">None</A>
      <A name="country">Saudi Arabia</A>
      <A name="name">Safaniya</A>
      <A name="age">64.0</A>
      <A name="depth">5100.0</A>
      <A name="oil_prod">1500000.0</A>
      <A name="num_prod_wells">500</A>
      <A name="well_diam">4.5</A>
      <A name="res_press">2500.0</A>
      <A name="API">27.0</A>
      <A name="GOR">225.0</A>
      <A name="WOR">0.43</A>
      <A name="GLIR">1000.0</A>
      <A name="GFIR">0.0</A>
      <A name="SOR">0.0</A>
      <A name="fraction_elec_onsite">0.0</A>
      <A name="fraction_remaining_gas_inj">0.0</A>
      <A name="fraction_water_reinjected">0.0</A>
      <A name="fraction_steam_cogen">0.0</A>
      <A name="frac_transport_tanker">1.0</A>
      <A name="frac_transport_barge">0.0</A>
      <A name="frac_transport_pipeline">1.0</A>
      <A name="frac_transport_rail">0.0</A>
      <A name="transport_dist_tanker">11370.88</A>
      <A name="transport_dist_barge">0.0</A>
      <A name="transport_dist_pipeline">165.0</A>
      <A name="transport_dist_rail">0.0</A>
    </Field>
    <Field name="Field 49" modifies="template">
      <A name="downhole_pump">1</A>
      <A name="water_reinjection">1</A>
      <A name="natural_gas_reinjection">0</A>
      <A name="water_flooding">0</A>
      <A name="gas_lifting">0</A>
      <A name="gas_flooding">0</A>
      <A name="steam_flooding">0</A>
      <A name="oil_sands_mine">None</A>
      <A name="country">Saudi Arabia</A>
      <A name="name">Ghawar</A>
      <A name="age">63.0</A>
      <A name="depth">6920.0</A>
      <A name="oil_prod">5000000.0</A>
      <A name="num_prod_wells">3400</A>
      <A name="res_press">2820.0</A>
      <A name="API">34.0</A>
      <A name="GOR">570.0</A>
      <A name="WOR">0.43</A>
      <A name="WIR">1.4</A>
      <A name="frac_transport_tanker">1.0</A>
      <A name="frac_transport_barge">0.0</A>
      <A name="frac_transport_pipeline">1.0</A>
      <A name="frac_transport_rail">0.0</A>
      <A name="transport_dist_tanker">11327.0</A>
      <A name="transport_dist_pipeline">250.0</A>
    </Field>
    <Field name="Field 50" modifies="template">
      <A name="downhole_pump">1</A>
      <A name="water_reinjection">0</A>
      <A name="natural_gas_reinjection">0</A>
      <A name="water_flooding">0</A>
      <A name="gas_lifting">0</A>
      <A name="gas_flooding">0</A>
      <A name="steam_flooding">0</A>
      <A name="oil_sands_mine">None</A>
      <A name="country">Saudi Arabia</A>
      <A name="name">Zuluf</A>
      <A name="age">42.0</A>
      <A name="depth">5800.0</A>
      <A name="oil_prod">450000.0</A>
      <A name="num_prod_wells">270</A>
      <A name="prod_index">189.0</A>
      <A name="res_press">2618.0</A>
      <A name="API">32.0</A>
      <A name="WOR">6.997003623</A>
      <A name="fraction_water_reinjected">1.0</A>
      <A name="frac_transport_tanker">1.0</A>
      <A name="frac_transport_barge">0.0</A>
      <A name="frac_transport_pipeline">0.0</A>
      <A name="frac_transport_rail">0.0</A>
      <A name="transport_dist_tanker">11619.81</A>
      <A name="transport_dist_barge">0.0</A>
      <A name="transport_dist_pipeline">0.0</A>
      <A name="transport_dist_rail">0.0</A>
    </Field>
    <Field name="Field 51" modifies="template">
      <A name="downhole_pump">0</A>
      <A name="water_reinjection">1</A>
      <A name="natural_gas_reinjection">0</A>
      <A name="water_flooding">0</A>
      <A name="gas_lifting">1</A>
      <A name="gas_flooding">0</A>
      <A name="steam_flooding">0</A>
      <A name="oil_sands_mine">None</A>
      <A name="country">United Arab Emirates</A>
      <A name="name">Fath</A>
      <A name="age">49.0</A>
      <A name="depth">8300.0</A>
      <A name="oil_prod">140000.0</A>
      <A name="num_prod_wells">240</A>
      <A name="num_water_inj_wells">140</A>
      <A name="well_diam">4.5</A>
      <A name="res_press">2500.0</A>
      <A name="API">31.8</A>
      <A name="GOR">520.0</A>
      <A name="WOR">1.0</A>
      <A name="WIR">1.0</A>
      <A name="fraction_water_reinjected">1.0</A>
      <A name="frac_transport_tanker">1.0</A>
      <A name="frac_transport_barge">0.0</A>
      <A name="frac_transport_pipeline">1.0</A>
      <A name="frac_transport_rail">0.0</A>
      <A name="transport_dist_tanker">11059.88</A>
      <A name="transport_dist_barge">0.0</A>
      <A name="transport_dist_pipeline">60.0</A>
      <A name="transport_dist_rail">0.0</A>
    </Field>
    <Field name="Field 52" modifies="template">
      <A name="downhole_pump">0</A>
      <A name="water_reinjection">0</A>
      <A name="natural_gas_reinjection">1</A>
      <A name="water_flooding">0</A>
      <A name="gas_lifting">0</A>
      <A name="gas_flooding">0</A>
      <A name="steam_flooding">0</A>
      <A name="oil_sands_mine">None</A>
      <A name="country">United Arab Emirates</A>
      <A name="name">Murban</A>
      <A name="age">54.0</A>
      <A name="depth">8000.0</A>
      <A name="oil_prod">360000.0</A>
      <A name="res_press">1720.0</A>
      <A name="API">40.0</A>
      <A name="WOR">0.1</A>
      <A name="frac_transport_tanker">1.0</A>
      <A name="frac_transport_barge">0.0</A>
      <A name="frac_transport_pipeline">1.0</A>
      <A name="frac_transport_rail">0.0</A>
      <A name="transport_dist_tanker">11327.0</A>
      <A name="transport_dist_pipeline">150.0</A>
    </Field>
    <Field name="Field 53" modifies="template">
      <A name="downhole_pump">1</A>
      <A name="water_reinjection">0</A>
      <A name="natural_gas_reinjection">0</A>
      <A name="water_flooding">0</A>
      <A name="gas_lifting">0</A>
      <A name="gas_flooding">0</A>
      <A name="steam_flooding">0</A>
      <A name="oil_sands_mine">None</A>
      <A name="country">United Kingdom</A>
      <A name="name">Brent</A>
      <A name="age">37.0</A>
      <A name="depth">8100.0</A>
      <A name="oil_prod">1030.0</A>
      <A name="num_prod_wells">160</A>
      <A name="num_water_inj_wells">23</A>
      <A name="prod_index">50.0</A>
      <A name="res_press">1800.0</A>
      <A name="API">39.0</A>
      <A name="GOR">28756.14</A>
      <A name="WOR">25.35</A>
      <A name="WIR">26.35</A>
      <A name="GLIR">104.3</A>
      <A name="GFIR">43134.22</A>
      <A name="fraction_water_reinjected">1.0</A>
      <A name="FOR">728.0</A>
      <A name="frac_transport_tanker">1.0</A>
      <A name="frac_transport_barge">0.0</A>
      <A name="frac_transport_pipeline">0.0</A>
      <A name="frac_transport_rail">0.0</A>
      <A name="transport_dist_tanker">5517.0</A>
      <A name="transport_dist_barge">0.0</A>
      <A name="transport_dist_pipeline">227.0</A>
      <A name="transport_dist_rail">0.0</A>
    </Field>
    <Field name="Field 54" modifies="template">
      <A name="downhole_pump">0</A>
      <A name="water_reinjection">1</A>
      <A name="natural_gas_reinjection">0</A>
      <A name="water_flooding">0</A>
      <A name="gas_lifting">1</A>
      <A name="gas_flooding">0</A>
      <A name="steam_flooding">0</A>
      <A name="oil_sands_mine">None</A>
      <A name="country">United Kingdom</A>
      <A name="name">Forties</A>
      <A name="age">38.0</A>
      <A name="depth">7311.0</A>
      <A name="oil_prod">46410.0</A>
      <A name="num_prod_wells">80</A>
      <A name="num_water_inj_wells">11</A>
      <A name="well_diam">4.5</A>
      <A name="res_press">2900.0</A>
      <A name="API">35.0</A>
      <A name="GOR">238.0</A>
      <A name="WOR">8.7</A>
      <A name="WIR">6.0</A>
      <A name="GLIR">8.0</A>
      <A name="fraction_elec_onsite">1.0</A>
      <A name="fraction_water_reinjected">0.69</A>
      <A name="FOR">34.0</A>
      <A name="frac_transport_tanker">1.0</A>
      <A name="frac_transport_barge">0.0</A>
      <A name="frac_transport_pipeline">0.0</A>
      <A name="frac_transport_rail">0.0</A>
      <A name="transport_dist_tanker">4942.0</A>
      <A name="transport_dist_barge">0.0</A>
      <A name="transport_dist_pipeline">220.0</A>
      <A name="transport_dist_rail">0.0</A>
    </Field>
    <Field name="Field 55" modifies="template">
      <A name="downhole_pump">1</A>
      <A name="water_reinjection">1</A>
      <A name="natural_gas_reinjection">0</A>
      <A name="water_flooding">0</A>
      <A name="gas_lifting">0</A>
      <A name="gas_flooding">0</A>
      <A name="steam_flooding">0</A>
      <A name="oil_sands_mine">None</A>
      <A name="country">United Kingdom</A>
      <A name="name">Forties</A>
      <A name="age">38.0</A>
      <A name="depth">7311.0</A>
      <A name="oil_prod">46410.0</A>
      <A name="num_prod_wells">80</A>
      <A name="num_water_inj_wells">11</A>
      <A name="well_diam">4.5</A>
      <A name="res_press">2900.0</A>
      <A name="API">35.0</A>
      <A name="GOR">238.0</A>
      <A name="WOR">8.7</A>
      <A name="WIR">6.0</A>
      <A name="GLIR">0.0</A>
      <A name="fraction_elec_onsite">1.0</A>
      <A name="fraction_water_reinjected">0.69</A>
      <A name="FOR">34.0</A>
      <A name="frac_transport_tanker">1.0</A>
      <A name="frac_transport_barge">0.0</A>
      <A name="frac_transport_pipeline">0.0</A>
      <A name="frac_transport_rail">0.0</A>
      <A name="transport_dist_tanker">4942.0</A>
      <A name="transport_dist_barge">0.0</A>
      <A name="transport_dist_pipeline">220.0</A>
      <A name="transport_dist_rail">0.0</A>
    </Field>
    <Field name="Field 56" modifies="template">
      <A name="downhole_pump">0</A>
      <A name="water_reinjection">0</A>
      <A name="natural_gas_reinjection">1</A>
      <A name="water_flooding">1</A>
      <A name="gas_lifting">1</A>
      <A name="gas_flooding">0</A>
      <A name="steam_flooding">0</A>
      <A name="oil_sands_mine">None</A>
      <A name="country">United States</A>
      <A name="name">ANS</A>
      <A name="age">45.0</A>
      <A name="depth">7700.0</A>
      <A name="oil_prod">507770.0</A>
      <A name="num_prod_wells">1515</A>
      <A name="num_water_inj_wells">853</A>
      <A name="res_press">3200.0</A>
      <A name="API">28.3</A>
      <A name="GOR">16576.0</A>
      <A name="WOR">3.96</A>
      <A name="WIR">5.9</A>
      <A name="GLIR">1000.0</A>
      <A name="GFIR">30972.0</A>
      <A name="fraction_elec_onsite">1.0</A>
      <A name="fraction_remaining_gas_inj">1.0</A>
      <Process class="CrudeOilDewatering">
        <A name="heater_treater">1</A>
      </Process>
      <A name="stabilizer_column">0</A>
      <A name="gas_processing_path">Acid Wet Gas</A>
      <A name="frac_transport_tanker">1.0</A>
      <A name="frac_transport_barge">0.0</A>
      <A name="frac_transport_pipeline">1.0</A>
      <A name="frac_transport_rail">0.0</A>
      <A name="transport_dist_tanker">7491.0</A>
      <A name="transport_dist_barge">0.0</A>
      <A name="transport_dist_pipeline">800.0</A>
      <A name="transport_dist_rail">0.0</A>
    </Field>
    <Field name="Field 57" modifies="template">
      <A name="downhole_pump">1</A>
      <A name="water_reinjection">0</A>
      <A name="natural_gas_reinjection">0</A>
      <A name="water_flooding">0</A>
      <A name="gas_lifting">0</A>
      <A name="gas_flooding">0</A>
      <A name="steam_flooding">0</A>
      <A name="oil_sands_mine">None</A>
      <A name="country">United States</A>
      <A name="name">Bakken - Flaring</A>
      <A name="age">5.0</A>
      <A name="depth">10533.0</A>
      <A name="oil_prod">646704.0</A>
      <A name="num_prod_wells">3656</A>
      <A name="num_water_inj_wells">0</A>
      <A name="well_diam">2.75</A>
      <A name="res_press">2000.0</A>
      <A name="API">41.9</A>
      <A name="gas_comp_N2">3.67</A>
      <A name="gas_comp_CO2">0.7</A>
      <A name="gas_comp_C1">49.24</A>
      <A name="gas_comp_C2">21.03</A>
      <A name="gas_comp_C3">15.09</A>
      <A name="gas_comp_C4">10.27</A>
      <A name="gas_comp_H2S">0.01</A>
      <A name="GOR">1273.0</A>
      <A name="WOR">0.77</A>
      <A name="WIR">0.0</A>
      <A name="GLIR">0.0</A>
      <A name="GFIR">0.0</A>
      <A name="SOR">0.0</A>
      <A name="fraction_steam_cogen">0.0</A>
      <Process class="CrudeOilDewatering">
        <A name="heater_treater">1</A>
      </Process>
      <A name="stabilizer_column">0</A>
      <A name="gas_processing_path">Sour Gas Reinjection</A>
      <A name="common_gas_process_choice">None</A>
      <A name="FOR">514.0</A>
      <A name="frac_transport_tanker">0.0</A>
      <A name="frac_transport_barge">0.0</A>
      <A name="frac_transport_pipeline">0.33</A>
      <A name="frac_transport_rail">0.67</A>
      <A name="transport_dist_tanker">0.0</A>
      <A name="transport_dist_barge">0.0</A>
      <A name="transport_dist_pipeline">1500.0</A>
      <A name="transport_dist_rail">1500.0</A>
    </Field>
    <Field name="Field 58" modifies="template">
      <A name="downhole_pump">1</A>
      <A name="water_reinjection">0</A>
      <A name="natural_gas_reinjection">0</A>
      <A name="water_flooding">0</A>
      <A name="gas_lifting">0</A>
      <A name="gas_flooding">0</A>
      <A name="steam_flooding">0</A>
      <A name="oil_sands_mine">None</A>
      <A name="country">United States</A>
      <A name="name">Bakken - No flaring</A>
      <A name="age">5.0</A>
      <A name="depth">10533.0</A>
      <A name="oil_prod">277158.0</A>
      <A name="num_prod_wells">2141</A>
      <A name="num_water_inj_wells">0</A>
      <A name="well_diam">2.75</A>
      <A name="res_press">2000.0</A>
      <A name="API">41.9</A>
      <A name="gas_comp_N2">3.67</A>
      <A name="gas_comp_CO2">0.7</A>
      <A name="gas_comp_C1">49.24</A>
      <A name="gas_comp_C2">21.03</A>
      <A name="gas_comp_C3">15.09</A>
      <A name="gas_comp_C4">10.27</A>
      <A name="gas_comp_H2S">0.01</A>
      <A name="GOR">1273.0</A>
      <A name="WOR">0.77</A>
      <A name="WIR">0.0</A>
      <A name="GLIR">0.0</A>
      <A name="GFIR">0.0</A>
      <A name="SOR">0.0</A>
      <A name="fraction_steam_cogen">0.0</A>
      <Process class="CrudeOilDewatering">
        <A name="heater_treater">1</A>
      </Process>
      <A name="stabilizer_column">0</A>
      <A name="gas_processing_path">Sour Gas Reinjection</A>
      <A name="common_gas_process_choice">None</A>
      <A name="FOR">10.0</A>
      <A name="frac_transport_tanker">0.0</A>
      <A name="frac_transport_barge">0.0</A>
      <A name="frac_transport_pipeline">0.33</A>
      <A name="frac_transport_rail">0.67</A>
      <A name="transport_dist_tanker">0.0</A>
      <A name="transport_dist_barge">0.0</A>
      <A name="transport_dist_pipeline">1500.0</A>
      <A name="transport_dist_rail">1500.0</A>
    </Field>
    <Field name="Field 59" modifies="template">
      <A name="downhole_pump">1</A>
      <A name="water_reinjection">0</A>
      <A name="natural_gas_reinjection">0</A>
      <A name="water_flooding">0</A>
      <A name="gas_lifting">0</A>
      <A name="gas_flooding">0</A>
      <A name="steam_flooding">0</A>
      <A name="oil_sands_mine">None</A>
      <A name="country">United States</A>
      <A name="name">Bakken - All</A>
      <A name="age">5.0</A>
      <A name="depth">10533.0</A>
      <A name="oil_prod">923863.0</A>
      <A name="num_prod_wells">5806</A>
      <A name="num_water_inj_wells">0</A>
      <A name="well_diam">2.75</A>
      <A name="res_press">2000.0</A>
      <A name="API">41.9</A>
      <A name="gas_comp_N2">3.67</A>
      <A name="gas_comp_CO2">0.7</A>
      <A name="gas_comp_C1">49.24</A>
      <A name="gas_comp_C2">21.03</A>
      <A name="gas_comp_C3">15.09</A>
      <A name="gas_comp_C4">10.27</A>
      <A name="gas_comp_H2S">0.01</A>
      <A name="GOR">1273.0</A>
      <A name="WOR">0.77</A>
      <A name="WIR">0.0</A>
      <A name="GLIR">0.0</A>
      <A name="GFIR">0.0</A>
      <A name="SOR">0.0</A>
      <A name="fraction_steam_cogen">0.0</A>
      <Process class="CrudeOilDewatering">
        <A name="heater_treater">1</A>
      </Process>
      <A name="stabilizer_column">0</A>
      <A name="gas_processing_path">Sour Gas Reinjection</A>
      <A name="common_gas_process_choice">None</A>
      <A name="FOR">363.0</A>
      <A name="frac_transport_tanker">0.0</A>
      <A name="frac_transport_barge">0.0</A>
      <A name="frac_transport_pipeline">0.33</A>
      <A name="frac_transport_rail">0.67</A>
      <A name="transport_dist_tanker">0.0</A>
      <A name="transport_dist_barge">0.0</A>
      <A name="transport_dist_pipeline">1500.0</A>
      <A name="transport_dist_rail">1500.0</A>
    </Field>
    <Field name="Field 60" modifies="template">
      <A name="downhole_pump">1</A>
      <A name="water_reinjection">0</A>
      <A name="natural_gas_reinjection">0</A>
      <A name="water_flooding">0</A>
      <A name="gas_lifting">0</A>
      <A name="gas_flooding">0</A>
      <A name="steam_flooding">0</A>
      <A name="oil_sands_mine">None</A>
      <A name="country">United States</A>
      <A name="name">Eagle Ford - Black oil</A>
      <A name="age">6.0</A>
      <A name="depth">9978.0</A>
      <A name="oil_prod">462000.0</A>
      <A name="num_prod_wells">3695</A>
      <A name="num_water_inj_wells">0</A>
      <A name="res_press">3300.0</A>
      <A name="API">46.2</A>
      <A name="gas_comp_N2">0.3</A>
      <A name="gas_comp_CO2">1.99</A>
      <A name="gas_comp_C1">66.62</A>
      <A name="gas_comp_C2">16.23</A>
      <A name="gas_comp_C3">8.52</A>
      <A name="gas_comp_C4">6.34</A>
      <A name="gas_comp_H2S">0.0</A>
      <A name="GOR">906.0</A>
      <A name="WOR">0.9</A>
      <A name="WIR">0.0</A>
      <A name="GLIR">0.0</A>
      <A name="GFIR">0.0</A>
      <A name="SOR">0.0</A>
      <A name="fraction_remaining_gas_inj">0.0</A>
      <A name="fraction_water_reinjected">0.0</A>
      <A name="fraction_steam_cogen">0.0</A>
      <Process class="CrudeOilDewatering">
        <A name="heater_treater">1</A>
      </Process>
      <A name="stabilizer_column">1</A>
      <A name="gas_processing_path">Sour Gas Reinjection</A>
      <A name="common_gas_process_choice">None</A>
      <A name="FOR">140.1</A>
      <A name="VOR">1.0</A>
      <A name="frac_transport_tanker">0.0</A>
      <A name="frac_transport_barge">0.2</A>
      <A name="frac_transport_pipeline">0.65</A>
      <A name="frac_transport_rail">0.35</A>
      <A name="transport_dist_tanker">0.0</A>
      <A name="transport_dist_barge">668.0</A>
      <A name="transport_dist_pipeline">462.0</A>
      <A name="transport_dist_rail">200.0</A>
    </Field>
    <Field name="Field 61" modifies="template">
      <A name="downhole_pump">1</A>
      <A name="water_reinjection">0</A>
      <A name="natural_gas_reinjection">0</A>
      <A name="water_flooding">0</A>
      <A name="gas_lifting">0</A>
      <A name="gas_flooding">0</A>
      <A name="steam_flooding">0</A>
      <A name="oil_sands_mine">None</A>
      <A name="country">United States</A>
      <A name="name">Eagle Ford - Volatile oil</A>
      <A name="age">6.0</A>
      <A name="depth">9978.0</A>
      <A name="oil_prod">382000.0</A>
      <A name="num_prod_wells">2855</A>
      <A name="num_water_inj_wells">0</A>
      <A name="res_press">3300.0</A>
      <A name="API">46.2</A>
      <A name="gas_comp_N2">0.3</A>
      <A name="gas_comp_CO2">1.99</A>
      <A name="gas_comp_C1">66.62</A>
      <A name="gas_comp_C2">16.23</A>
      <A name="gas_comp_C3">8.52</A>
      <A name="gas_comp_C4">6.34</A>
      <A name="gas_comp_H2S">0.0</A>
      <A name="GOR">2496.0</A>
      <A name="WOR">0.9</A>
      <A name="WIR">0.0</A>
      <A name="GLIR">0.0</A>
      <A name="GFIR">0.0</A>
      <A name="SOR">0.0</A>
      <A name="fraction_remaining_gas_inj">0.0</A>
      <A name="fraction_water_reinjected">0.0</A>
      <A name="fraction_steam_cogen">0.0</A>
      <Process class="CrudeOilDewatering">
        <A name="heater_treater">1</A>
      </Process>
      <A name="stabilizer_column">1</A>
      <A name="gas_processing_path">Sour Gas Reinjection</A>
      <A name="common_gas_process_choice">None</A>
      <A name="FOR">140.1</A>
      <A name="VOR">1.0</A>
      <A name="frac_transport_tanker">0.0</A>
      <A name="frac_transport_barge">0.2</A>
      <A name="frac_transport_pipeline">0.65</A>
      <A name="frac_transport_rail">0.35</A>
      <A name="transport_dist_tanker">0.0</A>
      <A name="transport_dist_barge">668.0</A>
      <A name="transport_dist_pipeline">462.0</A>
      <A name="transport_dist_rail">200.0</A>
    </Field>
    <Field name="Field 62" modifies="template">
      <A name="downhole_pump">1</A>
      <A name="water_reinjection">0</A>
      <A name="natural_gas_reinjection">0</A>
      <A name="water_flooding">0</A>
      <A name="gas_lifting">0</A>
      <A name="gas_flooding">0</A>
      <A name="steam_flooding">0</A>
      <A name="oil_sands_mine">None</A>
      <A name="country">United States</A>
      <A name="name">Eagle Ford - Condensate</A>
      <A name="age">6.0</A>
      <A name="depth">9978.0</A>
      <A name="oil_prod">82000.0</A>
      <A name="num_prod_wells">1237</A>
      <A name="num_water_inj_wells">0</A>
      <A name="res_press">3300.0</A>
      <A name="API">58.0</A>
      <A name="gas_comp_N2">0.3</A>
      <A name="gas_comp_CO2">1.99</A>
      <A name="gas_comp_C1">66.62</A>
      <A name="gas_comp_C2">16.23</A>
      <A name="gas_comp_C3">8.52</A>
      <A name="gas_comp_C4">6.34</A>
      <A name="gas_comp_H2S">0.0</A>
      <A name="GOR">8571.0</A>
      <A name="WOR">0.9</A>
      <A name="WIR">0.0</A>
      <A name="GLIR">0.0</A>
      <A name="GFIR">0.0</A>
      <A name="SOR">0.0</A>
      <A name="fraction_remaining_gas_inj">0.0</A>
      <A name="fraction_water_reinjected">0.0</A>
      <A name="fraction_steam_cogen">0.0</A>
      <Process class="CrudeOilDewatering">
        <A name="heater_treater">1</A>
      </Process>
      <A name="stabilizer_column">1</A>
      <A name="gas_processing_path">Sour Gas Reinjection</A>
      <A name="common_gas_process_choice">None</A>
      <A name="FOR">140.1</A>
      <A name="VOR">1.0</A>
      <A name="frac_transport_tanker">0.0</A>
      <A name="frac_transport_barge">0.2</A>
      <A name="frac_transport_pipeline">0.65</A>
      <A name="frac_transport_rail">0.35</A>
      <A name="transport_dist_tanker">0.0</A>
      <A name="transport_dist_barge">668.0</A>
      <A name="transport_dist_pipeline">462.0</A>
      <A name="transport_dist_rail">200.0</A>
    </Field>
    <Field name="Field 63" modifies="template">
      <A name="downhole_pump">1</A>
      <A name="water_reinjection">0</A>
      <A name="natural_gas_reinjection">0</A>
      <A name="water_flooding">0</A>
      <A name="gas_lifting">0</A>
      <A name="gas_flooding">0</A>
      <A name="steam_flooding">0</A>
      <A name="oil_sands_mine">None</A>
      <A name="country">United States</A>
      <A name="name">Eagle Ford - Gas</A>
      <A name="age">6.0</A>
      <A name="depth">9978.0</A>
      <A name="oil_prod">6750.0</A>
      <A name="num_prod_wells">514</A>
      <A name="num_water_inj_wells">0</A>
      <A name="res_press">3300.0</A>
      <A name="API">58.0</A>
      <A name="gas_comp_N2">0.3</A>
      <A name="gas_comp_CO2">1.99</A>
      <A name="gas_comp_C1">66.62</A>
      <A name="gas_comp_C2">16.23</A>
      <A name="gas_comp_C3">8.52</A>
      <A name="gas_comp_C4">6.34</A>
      <A name="gas_comp_H2S">0.0</A>
      <A name="GOR">13385.0</A>
      <A name="WOR">0.9</A>
      <A name="WIR">0.0</A>
      <A name="GLIR">0.0</A>
      <A name="GFIR">0.0</A>
      <A name="SOR">0.0</A>
      <A name="fraction_remaining_gas_inj">0.0</A>
      <A name="fraction_water_reinjected">0.0</A>
      <A name="fraction_steam_cogen">0.0</A>
      <Process class="CrudeOilDewatering">
        <A name="heater_treater">1</A>
      </Process>
      <A name="stabilizer_column">1</A>
      <A name="gas_processing_path">Sour Gas Reinjection</A>
      <A name="common_gas_process_choice">None</A>
      <A name="FOR">140.1</A>
      <A name="VOR">1.0</A>
      <A name="frac_transport_tanker">0.0</A>
      <A name="frac_transport_barge">0.2</A>
      <A name="frac_transport_pipeline">0.65</A>
      <A name="frac_transport_rail">0.35</A>
      <A name="transport_dist_tanker">0.0</A>
      <A name="transport_dist_barge">668.0</A>
      <A name="transport_dist_pipeline">462.0</A>
      <A name="transport_dist_rail">200.0</A>
    </Field>
    <Field name="Field 64" modifies="template">
      <A name="downhole_pump">1</A>
      <A name="water_reinjection">0</A>
      <A name="natural_gas_reinjection">0</A>
      <A name="water_flooding">1</A>
      <A name="gas_lifting">0</A>
      <A name="gas_flooding">0</A>
      <A name="steam_flooding">0</A>
      <A name="oil_sands_mine">None</A>
      <A name="country">United States</A>
      <A name="name">East Texas Field</A>
      <A name="age">87.0</A>
      <A name="depth">3500.0</A>
      <A name="oil_prod">97424.0</A>
      <A name="num_prod_wells">30340</A>
      <A name="res_press">1375.0</A>
      <A name="API">38.9</A>
      <A name="GOR">325.0</A>
      <A name="WOR">28.42348996</A>
      <A name="frac_transport_tanker">0.0</A>
      <A name="frac_transport_barge">0.0</A>
      <A name="frac_transport_pipeline">1.0</A>
      <A name="frac_transport_rail">0.0</A>
      <A name="transport_dist_tanker">0.0</A>
      <A name="transport_dist_barge">0.0</A>
      <A name="transport_dist_pipeline">213.6</A>
      <A name="transport_dist_rail">0.0</A>
    </Field>
    <Field name="Field 65" modifies="template">
      <A name="downhole_pump">1</A>
      <A name="water_reinjection">1</A>
      <A name="natural_gas_reinjection">0</A>
      <A name="water_flooding">0</A>
      <A name="gas_lifting">0</A>
      <A name="gas_flooding">0</A>
      <A name="steam_flooding">0</A>
      <A name="oil_sands_mine">None</A>
      <A name="country">United States</A>
      <A name="name">Lake Washington Field</A>
      <A name="age">82.0</A>
      <A name="depth">11000.0</A>
      <A name="oil_prod">259683.0</A>
      <A name="res_press">2365.0</A>
      <A name="API">35.6</A>
      <A name="WOR">24.75468121</A>
      <A name="frac_transport_tanker">0.0</A>
      <A name="frac_transport_barge">0.0</A>
      <A name="frac_transport_pipeline">1.0</A>
      <A name="frac_transport_rail">0.0</A>
      <A name="transport_dist_tanker">0.0</A>
      <A name="transport_dist_barge">0.0</A>
      <A name="transport_dist_pipeline">335.0</A>
      <A name="transport_dist_rail">0.0</A>
    </Field>
    <Field name="Field 66" modifies="template">
      <A name="downhole_pump">0</A>
      <A name="water_reinjection">0</A>
      <A name="natural_gas_reinjection">0</A>
      <A name="water_flooding">1</A>
      <A name="gas_lifting">0</A>
      <A name="gas_flooding">0</A>
      <A name="steam_flooding">0</A>
      <A name="oil_sands_mine">None</A>
      <A name="country">United States</A>
      <A name="name">Mars</A>
      <A name="age">17.0</A>
      <A name="depth">16000.0</A>
      <A name="oil_prod">60000.0</A>
      <A name="num_prod_wells">21</A>
      <A name="num_water_inj_wells">3</A>
      <A name="prod_index">30.0</A>
      <A name="res_press">5800.0</A>
      <A name="API">28.8</A>
      <A name="GOR">2000.0</A>
      <A name="WOR">0.2</A>
      <A name="WIR">1.5</A>
      <A name="fraction_elec_onsite">1.0</A>
      <A name="fraction_water_reinjected">1.0</A>
      <A name="frac_transport_tanker">0.0</A>
      <A name="frac_transport_barge">0.0</A>
      <A name="frac_transport_pipeline">1.0</A>
      <A name="frac_transport_rail">0.0</A>
      <A name="transport_dist_tanker">0.0</A>
      <A name="transport_dist_barge">0.0</A>
      <A name="transport_dist_pipeline">495.0</A>
      <A name="transport_dist_rail">0.0</A>
    </Field>
    <Field name="Field 67" modifies="template">
      <A name="downhole_pump">1</A>
      <A name="water_reinjection">1</A>
      <A name="natural_gas_reinjection">0</A>
      <A name="water_flooding">0</A>
      <A name="gas_lifting">0</A>
      <A name="gas_flooding">0</A>
      <A name="steam_flooding">1</A>
      <A name="oil_sands_mine">None</A>
      <A name="country">United States</A>
      <A name="name">Midway-Sunset</A>
      <A name="age">120.0</A>
      <A name="depth">2698.0</A>
      <A name="oil_prod">78918.0</A>
      <A name="num_prod_wells">10460</A>
      <A name="num_water_inj_wells">110</A>
      <A name="res_press">580.07</A>
      <A name="API">22.6</A>
      <A name="GOR">168.0</A>
      <A name="WOR">8.0</A>
      <A name="WIR">2.4</A>
      <A name="GLIR">0.0</A>
      <A name="GFIR">0.0</A>
      <A name="SOR">5.8</A>
      <A name="fraction_water_reinjected">0.3</A>
      <A name="fraction_steam_cogen">0.26</A>
      <A name="frac_transport_tanker">0.0</A>
      <A name="frac_transport_barge">0.0</A>
      <A name="frac_transport_pipeline">1.0</A>
      <A name="frac_transport_rail">0.0</A>
      <A name="transport_dist_tanker">5154.0</A>
      <A name="transport_dist_barge">0.0</A>
      <A name="transport_dist_pipeline">120.0</A>
      <A name="transport_dist_rail">0.0</A>
    </Field>
    <Field name="Field 68" modifies="template">
      <A name="downhole_pump">1</A>
      <A name="water_reinjection">1</A>
      <A name="natural_gas_reinjection">0</A>
      <A name="water_flooding">0</A>
      <A name="gas_lifting">0</A>
      <A name="gas_flooding">0</A>
      <A name="steam_flooding">1</A>
      <A name="oil_sands_mine">None</A>
      <A name="country">United States</A>
      <A name="name">Midway-Sunset - 25% solar</A>
      <A name="age">120.0</A>
      <A name="depth">2698.0</A>
      <A name="oil_prod">78918.0</A>
      <A name="num_prod_wells">10460</A>
      <A name="num_water_inj_wells">110</A>
      <A name="res_press">580.07</A>
      <A name="API">22.6</A>
      <A name="GOR">168.0</A>
      <A name="WOR">8.0</A>
      <A name="WIR">2.4</A>
      <A name="GLIR">0.0</A>
      <A name="GFIR">0.0</A>
      <A name="SOR">5.8</A>
      <A name="fraction_water_reinjected">0.3</A>
      <A name="fraction_steam_cogen">0.26</A>
      <A name="fraction_steam_solar">0.25</A>
      <A name="frac_transport_tanker">0.0</A>
      <A name="frac_transport_barge">0.0</A>
      <A name="frac_transport_pipeline">1.0</A>
      <A name="frac_transport_rail">0.0</A>
      <A name="transport_dist_tanker">5154.0</A>
      <A name="transport_dist_barge">0.0</A>
      <A name="transport_dist_pipeline">120.0</A>
      <A name="transport_dist_rail">0.0</A>
    </Field>
    <Field name="Field 69" modifies="template">
      <A name="downhole_pump">1</A>
      <A name="water_reinjection">1</A>
      <A name="natural_gas_reinjection">0</A>
      <A name="water_flooding">0</A>
      <A name="gas_lifting">0</A>
      <A name="gas_flooding">0</A>
      <A name="steam_flooding">1</A>
      <A name="oil_sands_mine">None</A>
      <A name="country">United States</A>
      <A name="name">Midway-Sunset - 50% solar</A>
      <A name="age">120.0</A>
      <A name="depth">2698.0</A>
      <A name="oil_prod">78918.0</A>
      <A name="num_prod_wells">10460</A>
      <A name="num_water_inj_wells">110</A>
      <A name="res_press">580.07</A>
      <A name="API">22.6</A>
      <A name="GOR">168.0</A>
      <A name="WOR">8.0</A>
      <A name="WIR">2.4</A>
      <A name="GLIR">0.0</A>
      <A name="GFIR">0.0</A>
      <A name="SOR">5.8</A>
      <A name="fraction_water_reinjected">0.2</A>
      <A name="fraction_steam_cogen">0.26</A>
      <A name="fraction_steam_solar">0.5</A>
      <A name="frac_transport_tanker">0.0</A>
      <A name="frac_transport_barge">0.0</A>
      <A name="frac_transport_pipeline">1.0</A>
      <A name="frac_transport_rail">0.0</A>
      <A name="transport_dist_tanker">5154.0</A>
      <A name="transport_dist_barge">0.0</A>
      <A name="transport_dist_pipeline">120.0</A>
      <A name="transport_dist_rail">0.0</A>
    </Field>
    <Field name="Field 70" modifies="template">
      <A name="downhole_pump">1</A>
      <A name="water_reinjection">1</A>
      <A name="natural_gas_reinjection">0</A>
      <A name="water_flooding">0</A>
      <A name="gas_lifting">0</A>
      <A name="gas_flooding">0</A>
      <A name="steam_flooding">1</A>
      <A name="oil_sands_mine">None</A>
      <A name="country">United States</A>
      <A name="name">Midway-Sunset - 75% solar</A>
      <A name="age">120.0</A>
      <A name="depth">2698.0</A>
      <A name="oil_prod">78918.0</A>
      <A name="num_prod_wells">10460</A>
      <A name="num_water_inj_wells">110</A>
      <A name="res_press">580.07</A>
      <A name="API">22.6</A>
      <A name="GOR">168.0</A>
      <A name="WOR">8.0</A>
      <A name="WIR">2.4</A>
      <A name="GLIR">0.0</A>
      <A name="GFIR">0.0</A>
      <A name="SOR">5.8</A>
      <A name="fraction_water_reinjected">0.0</A>
      <A name="fraction_steam_cogen">0.25</A>
      <A name="fraction_steam_solar">0.75</A>
      <A name="frac_transport_tanker">0.0</A>
      <A name="frac_transport_barge">0.0</A>
      <A name="frac_transport_pipeline">1.0</A>
      <A name="frac_transport_rail">0.0</A>
      <A name="transport_dist_tanker">5154.0</A>
      <A name="transport_dist_barge">0.0</A>
      <A name="transport_dist_pipeline">120.0</A>
      <A name="transport_dist_rail">0.0</A>
    </Field>
    <Field name="Field 71" modifies="template">
      <A name="downhole_pump">1</A>
      <A name="water_reinjection">1</A>
      <A name="natural_gas_reinjection">1</A>
      <A name="water_flooding">0</A>
      <A name="gas_lifting">0</A>
      <A name="gas_flooding">0</A>
      <A name="steam_flooding">0</A>
      <A name="oil_sands_mine">None</A>
      <A name="country">United States</A>
      <A name="name">Salt Creek</A>
      <A name="age">120.0</A>
      <A name="depth">2883.0</A>
      <A name="oil_prod">12329.0</A>
      <A name="num_prod_wells">679</A>
      <A name="num_water_inj_wells">173</A>
      <A name="well_diam">4.5</A>
      <A name="prod_index">3.0</A>
      <A name="res_press">1146.0</A>
      <A name="API">36.8</A>
      <A name="gas_comp_N2">0.83</A>
      <A name="gas_comp_CO2">1.44</A>
      <A name="gas_comp_C1">81.47</A>
      <A name="gas_comp_C2">8.99</A>
      <A name="gas_comp_C3">4.13</A>
      <A name="gas_comp_C4">3.13</A>
      <A name="gas_comp_H2S">0.0</A>
      <A name="GOR">186.74</A>
      <A name="WOR">37.08</A>
      <A name="WIR">13.7</A>
      <A name="GLIR">0.0</A>
      <A name="GFIR">0.0</A>
      <A name="SOR">0.0</A>
      <A name="fraction_elec_onsite">0.0</A>
      <A name="fraction_remaining_gas_inj">0.01</A>
      <A name="fraction_water_reinjected">0.37</A>
      <A name="fraction_steam_cogen">0.0</A>
      <Process class="CrudeOilDewatering">
        <A name="heater_treater">0</A>
      </Process>
      <A name="stabilizer_column">0</A>
      <A name="gas_processing_path">Sour Gas Reinjection</A>
      <A name="common_gas_process_choice">None</A>
      <A name="FOR">16.25</A>
      <A name="VOR">0.0</A>
      <A name="frac_transport_tanker">0.0</A>
      <A name="frac_transport_barge">0.0</A>
      <A name="frac_transport_pipeline">1.0</A>
      <A name="frac_transport_rail">0.0</A>
      <A name="transport_dist_tanker">0.0</A>
      <A name="transport_dist_barge">0.0</A>
      <A name="transport_dist_pipeline">1400.0</A>
      <A name="transport_dist_rail">0.0</A>
    </Field>
    <Field name="Field 72" modifies="template">
      <A name="downhole_pump">1</A>
      <A name="water_reinjection">1</A>
      <A name="natural_gas_reinjection">0</A>
      <A name="water_flooding">0</A>
      <A name="gas_lifting">0</A>
      <A name="gas_flooding">0</A>
      <A name="steam_flooding">0</A>
      <A name="oil_sands_mine">None</A>
      <A name="country">United States</A>
      <A name="name">WC</A>
      <A name="age">13.0</A>
      <A name="depth">6500.0</A>
      <A name="oil_prod">26494.0</A>
      <A name="num_prod_wells">758</A>
      <A name="num_water_inj_wells">193</A>
      <A name="well_diam">4.5</A>
      <A name="prod_index">3.0</A>
      <A name="res_press">1300.0</A>
      <A name="API">36.8</A>
      <A name="gas_comp_N2">0.8</A>
      <A name="gas_comp_CO2">2.0</A>
      <A name="gas_comp_C1">55.0</A>
      <A name="gas_comp_C2">15.0</A>
      <A name="gas_comp_C3">15.0</A>
      <A name="gas_comp_C4">12.2</A>
      <A name="gas_comp_H2S">0.0</A>
      <A name="GOR">5907.0</A>
      <A name="WOR">8.0</A>
      <A name="WIR">6.15</A>
      <A name="GLIR">0.0</A>
      <A name="GFIR">0.0</A>
      <A name="SOR">0.0</A>
      <A name="fraction_elec_onsite">0.0</A>
      <A name="fraction_remaining_gas_inj">0.0</A>
      <A name="fraction_water_reinjected">0.76</A>
      <A name="fraction_steam_cogen">0.0</A>
      <Process class="CrudeOilDewatering">
        <A name="heater_treater">0</A>
      </Process>
      <A name="stabilizer_column">1</A>
      <A name="gas_processing_path">Sour Gas Reinjection</A>
      <A name="common_gas_process_choice">None</A>
      <A name="FOR">300.0</A>
      <A name="VOR">0.0</A>
      <A name="frac_transport_tanker">0.0</A>
      <A name="frac_transport_barge">0.0</A>
      <A name="frac_transport_pipeline">1.0</A>
      <A name="frac_transport_rail">0.0</A>
      <A name="transport_dist_tanker">0.0</A>
      <A name="transport_dist_barge">0.0</A>
      <A name="transport_dist_pipeline">1350.0</A>
      <A name="transport_dist_rail">0.0</A>
    </Field>
    <Field name="Field 73" modifies="template">
      <A name="downhole_pump">1</A>
      <A name="water_reinjection">1</A>
      <A name="natural_gas_reinjection">0</A>
      <A name="water_flooding">0</A>
      <A name="gas_lifting">0</A>
      <A name="gas_flooding">0</A>
      <A name="steam_flooding">1</A>
      <A name="oil_sands_mine">None</A>
      <A name="country">United States</A>
      <A name="name">South Belridge</A>
      <A name="age">103.0</A>
      <A name="depth">779.0</A>
      <A name="oil_prod">64245.0</A>
      <A name="num_prod_wells">5135</A>
      <A name="num_water_inj_wells">1090</A>
      <A name="res_press">167.485</A>
      <A name="API">15.0</A>
      <A name="GOR">382.0</A>
      <A name="WOR">13.2</A>
      <A name="WIR">10.89</A>
      <A name="SOR">2.81</A>
      <A name="fraction_water_reinjected">0.83</A>
      <A name="fraction_steam_cogen">0.14</A>
      <A name="frac_transport_tanker">0.0</A>
      <A name="frac_transport_barge">0.0</A>
      <A name="frac_transport_pipeline">1.0</A>
      <A name="frac_transport_rail">0.0</A>
      <A name="transport_dist_tanker">5154.0</A>
      <A name="transport_dist_barge">0.0</A>
      <A name="transport_dist_pipeline">150.0</A>
      <A name="transport_dist_rail">0.0</A>
    </Field>
    <Field name="Field 74" modifies="template">
      <A name="downhole_pump">1</A>
      <A name="water_reinjection">0</A>
      <A name="natural_gas_reinjection">0</A>
      <A name="water_flooding">1</A>
      <A name="gas_lifting">0</A>
      <A name="gas_flooding">0</A>
      <A name="steam_flooding">0</A>
      <A name="oil_sands_mine">None</A>
      <A name="country">United States</A>
      <A name="name">Spraberry field</A>
      <A name="age">68.0</A>
      <A name="depth">7950.0</A>
      <A name="oil_prod">387000.0</A>
      <A name="res_press">1709.25</A>
      <A name="API">37.5</A>
      <A name="WOR">16.54276668</A>
      <A name="frac_transport_tanker">0.0</A>
      <A name="frac_transport_barge">0.0</A>
      <A name="frac_transport_pipeline">1.0</A>
      <A name="frac_transport_rail">0.0</A>
      <A name="transport_dist_tanker">0.0</A>
      <A name="transport_dist_barge">0.0</A>
      <A name="transport_dist_pipeline">477.0</A>
      <A name="transport_dist_rail">0.0</A>
    </Field>
    <Field name="Field 75" modifies="template">
      <A name="downhole_pump">0</A>
      <A name="water_reinjection">0</A>
      <A name="natural_gas_reinjection">0</A>
      <A name="water_flooding">1</A>
      <A name="gas_lifting">0</A>
      <A name="gas_flooding">0</A>
      <A name="steam_flooding">0</A>
      <A name="oil_sands_mine">None</A>
      <A name="country">United States</A>
      <A name="name">Thunder Horse</A>
      <A name="age">5.0</A>
      <A name="depth">16000.0</A>
      <A name="oil_prod">30098.0</A>
      <A name="num_prod_wells">4</A>
      <A name="num_water_inj_wells">2</A>
      <A name="well_diam">7.0</A>
      <A name="res_press">15000.0</A>
      <A name="API">34.5</A>
      <A name="GOR">885.0</A>
      <A name="WOR">0.36</A>
      <A name="WIR">1.4</A>
      <A name="fraction_elec_onsite">1.0</A>
      <A name="fraction_water_reinjected">1.0</A>
      <A name="frac_transport_tanker">0.0</A>
      <A name="frac_transport_barge">0.0</A>
      <A name="frac_transport_pipeline">1.0</A>
      <A name="frac_transport_rail">0.0</A>
      <A name="transport_dist_tanker">0.0</A>
      <A name="transport_dist_barge">0.0</A>
      <A name="transport_dist_pipeline">495.0</A>
      <A name="transport_dist_rail">0.0</A>
    </Field>
    <Field name="Field 76" modifies="template">
      <A name="downhole_pump">1</A>
      <A name="water_reinjection">0</A>
      <A name="natural_gas_reinjection">0</A>
      <A name="water_flooding">1</A>
      <A name="gas_lifting">0</A>
      <A name="gas_flooding">0</A>
      <A name="steam_flooding">0</A>
      <A name="oil_sands_mine">None</A>
      <A name="country">United States</A>
      <A name="name">Wilmington-Duffy</A>
      <A name="age">82.0</A>
      <A name="depth">2824.0</A>
      <A name="oil_prod">36344.52</A>
      <A name="num_prod_wells">1315</A>
      <A name="num_water_inj_wells">715</A>
      <A name="res_press">1557.0</A>
      <A name="API">19.5</A>
      <A name="GOR">292.43</A>
      <A name="WOR">37.11</A>
      <A name="WIR">39.98</A>
      <A name="fraction_water_reinjected">1.0</A>
      <A name="frac_transport_tanker">0.0</A>
      <A name="frac_transport_barge">0.0</A>
      <A name="frac_transport_pipeline">1.0</A>
      <A name="frac_transport_rail">0.0</A>
      <A name="transport_dist_tanker">5154.0</A>
      <A name="transport_dist_barge">0.0</A>
      <A name="transport_dist_pipeline">25.0</A>
      <A name="transport_dist_rail">0.0</A>
    </Field>
    <Field name="Field 77" modifies="template">
      <A name="downhole_pump">1</A>
      <A name="water_reinjection">0</A>
      <A name="natural_gas_reinjection">1</A>
      <A name="water_flooding">1</A>
      <A name="gas_lifting">0</A>
      <A name="gas_flooding">0</A>
      <A name="steam_flooding">0</A>
      <A name="oil_sands_mine">None</A>
      <A name="country">United States</A>
      <A name="name">Yates</A>
      <A name="age">91.0</A>
      <A name="oil_prod">20548.0</A>
      <A name="num_prod_wells">360</A>
      <A name="num_water_inj_wells">57</A>
      <A name="API">30.0</A>
      <A name="GOR">500.0</A>
      <A name="WOR">1.28</A>
      <A name="frac_transport_tanker">0.0</A>
      <A name="frac_transport_barge">0.0</A>
      <A name="frac_transport_pipeline">1.0</A>
      <A name="frac_transport_rail">0.0</A>
      <A name="transport_dist_tanker">0.0</A>
      <A name="transport_dist_barge">0.0</A>
      <A name="transport_dist_pipeline">454.0</A>
      <A name="transport_dist_rail">0.0</A>
    </Field>
    <Field name="Field 78" modifies="template">
      <A name="downhole_pump">1</A>
      <A name="water_reinjection">0</A>
      <A name="natural_gas_reinjection">0</A>
      <A name="water_flooding">0</A>
      <A name="gas_lifting">0</A>
      <A name="gas_flooding">0</A>
      <A name="steam_flooding">0</A>
      <A name="oil_sands_mine">None</A>
      <A name="country">Venezuela</A>
      <A name="name">Hamaca</A>
      <A name="age">13.0</A>
      <A name="depth">2200.0</A>
      <A name="oil_prod">158441.0</A>
      <A name="num_prod_wells">190</A>
      <A name="num_water_inj_wells">0</A>
      <A name="well_diam">5.5</A>
      <A name="prod_index">10.0</A>
      <A name="res_press">950.0</A>
      <A name="API">8.6</A>
      <A name="gas_comp_N2">0.1</A>
      <A name="gas_comp_CO2">5.9</A>
      <A name="gas_comp_C1">91.9</A>
      <A name="gas_comp_C2">0.86</A>
      <A name="gas_comp_C3">0.39</A>
      <A name="gas_comp_C4">0.85</A>
      <A name="gas_comp_H2S">0.0</A>
      <A name="GOR">111.0</A>
      <A name="WOR">0.1</A>
      <A name="upgrader_type">Delayed coking</A>
      <A name="frac_transport_tanker">1.0</A>
      <A name="frac_transport_barge">0.0</A>
      <A name="frac_transport_pipeline">1.0</A>
      <A name="frac_transport_rail">0.0</A>
      <A name="transport_dist_tanker">2443.0</A>
      <A name="transport_dist_pipeline">140.0</A>
    </Field>
    <Field name="Field 79" modifies="template">
      <A name="downhole_pump">1</A>
      <A name="water_reinjection">1</A>
      <A name="natural_gas_reinjection">0</A>
      <A name="water_flooding">0</A>
      <A name="gas_lifting">0</A>
      <A name="gas_flooding">0</A>
      <A name="steam_flooding">0</A>
      <A name="oil_sands_mine">None</A>
      <A name="country">Venezuela</A>
      <A name="name">Leona</A>
      <A name="age">77.0</A>
      <A name="oil_prod">33000.0</A>
      <A name="num_prod_wells">29</A>
      <A name="API">24.0</A>
      <A name="GOR">526.0</A>
      <A name="WOR">21.50073974</A>
      <A name="frac_transport_tanker">1.0</A>
      <A name="frac_transport_barge">0.0</A>
      <A name="frac_transport_pipeline">0.0</A>
      <A name="frac_transport_rail">0.0</A>
      <A name="transport_dist_tanker">2451.16</A>
      <A name="transport_dist_barge">0.0</A>
      <A name="transport_dist_pipeline">0.0</A>
      <A name="transport_dist_rail">0.0</A>
    </Field>
    <Field name="Field 80" modifies="template">
      <A name="downhole_pump">1</A>
      <A name="water_reinjection">0</A>
      <A name="natural_gas_reinjection">0</A>
      <A name="water_flooding">0</A>
      <A name="gas_lifting">0</A>
      <A name="gas_flooding">0</A>
      <A name="steam_flooding">1</A>
      <A name="oil_sands_mine">None</A>
      <A name="country">Venezuela</A>
      <A name="name">Orinoco Oil Belt</A>
      <A name="age">97.0</A>
      <A name="depth">2400.0</A>
      <A name="oil_prod">532000.0</A>
      <A name="num_prod_wells">662</A>
      <A name="res_press">820.0</A>
      <A name="API">8.5</A>
      <A name="GOR">110.0</A>
      <A name="WOR">37.2240303</A>
      <A name="SOR">0.79</A>
      <A name="upgrader_type">Delayed coking</A>
      <A name="frac_transport_tanker">1.0</A>
      <A name="frac_transport_barge">0.0</A>
      <A name="frac_transport_pipeline">1.0</A>
      <A name="frac_transport_rail">0.0</A>
      <A name="transport_dist_tanker">2239.1</A>
      <A name="transport_dist_barge">0.0</A>
      <A name="transport_dist_pipeline">124.0</A>
      <A name="transport_dist_rail">0.0</A>
    </Field>
    <Field name="Field 81" modifies="template">
      <A name="downhole_pump">1</A>
      <A name="water_reinjection">1</A>
      <A name="natural_gas_reinjection">0</A>
      <A name="water_flooding">0</A>
      <A name="gas_lifting">0</A>
      <A name="gas_flooding">0</A>
      <A name="steam_flooding">0</A>
      <A name="oil_sands_mine">None</A>
      <A name="country">Venezuela</A>
      <A name="name">Santa Barbara</A>
      <A name="age">74.0</A>
      <A name="depth">15670.0</A>
      <A name="oil_prod">177000.0</A>
      <A name="num_prod_wells">170</A>
      <A name="well_diam">4.2</A>
      <A name="res_press">7400.0</A>
      <A name="API">29.3</A>
      <A name="GOR">10169.0</A>
      <A name="WOR">0.06</A>
      <A name="WIR">0.06</A>
      <A name="frac_transport_tanker">1.0</A>
      <A name="frac_transport_barge">0.0</A>
      <A name="frac_transport_pipeline">1.0</A>
      <A name="frac_transport_rail">0.0</A>
      <A name="transport_dist_tanker">2239.1</A>
      <A name="transport_dist_barge">0.0</A>
      <A name="transport_dist_pipeline">124.0</A>
      <A name="transport_dist_rail">0.0</A>
      <A name="transport_dist_truck">0.0</A>
    </Field>
    <Field name="Field 82" modifies="template">
      <A name="downhole_pump">1</A>
      <A name="water_reinjection">0</A>
      <A name="natural_gas_reinjection">0</A>
      <A name="water_flooding">0</A>
      <A name="gas_lifting">0</A>
      <A name="gas_flooding">0</A>
      <A name="steam_flooding">1</A>
      <A name="oil_sands_mine">None</A>
      <A name="country">Venezuela</A>
      <A name="name">Tia Juana</A>
      <A name="age">72.0</A>
      <A name="depth">2250.0</A>
      <A name="oil_prod">100000.0</A>
      <A name="num_prod_wells">1800</A>
      <A name="res_press">1750.0</A>
      <A name="API">12.1</A>
      <A name="GOR">145.0</A>
      <A name="WOR">18.61475256</A>
      <A name="SOR">0.19</A>
      <A name="frac_transport_tanker">1.0</A>
      <A name="frac_transport_barge">0.0</A>
      <A name="frac_transport_pipeline">0.0</A>
      <A name="frac_transport_rail">0.0</A>
      <A name="frac_transport_truck">0.0</A>
      <A name="transport_dist_tanker">2146.96</A>
      <A name="transport_dist_barge">0.0</A>
      <A name="transport_dist_pipeline">0.0</A>
      <A name="transport_dist_rail">0.0</A>
      <A name="transport_dist_truck">0.0</A>
    </Field>
    <Field name="Field 83" modifies="template">
      <A name="downhole_pump">1</A>
      <A name="water_reinjection">0</A>
      <A name="natural_gas_reinjection">0</A>
      <A name="water_flooding">0</A>
      <A name="gas_lifting">0</A>
      <A name="gas_flooding">0</A>
      <A name="steam_flooding">1</A>
      <A name="oil_sands_mine">None</A>
      <A name="country">Canada</A>
      <A name="name">Cold lake</A>
      <A name="API">10.2</A>
      <A name="SOR">3.42</A>
      <Process class="CrudeOilDewatering">
        <A name="heater_treater">0</A>
      </Process>
      <A name="stabilizer_column">0</A>
      <A name="upgrader_type">None</A>
      <A name="FOR">2.0</A>
      <A name="VOR">0.0</A>
      <A name="frac_transport_tanker">0.0</A>
      <A name="frac_transport_barge">0.0</A>
      <A name="frac_transport_pipeline">1.0</A>
      <A name="frac_transport_rail">0.0</A>
      <A name="frac_transport_truck">0.0</A>
      <A name="transport_dist_tanker">0.0</A>
      <A name="transport_dist_barge">0.0</A>
      <A name="transport_dist_pipeline">2500.0</A>
      <A name="transport_dist_rail">0.0</A>
      <A name="transport_dist_truck">0.0</A>
    </Field>
    <Field name="Field 84" modifies="template">
      <A name="downhole_pump">1</A>
      <A name="water_reinjection">0</A>
      <A name="natural_gas_reinjection">0</A>
      <A name="water_flooding">0</A>
      <A name="gas_lifting">0</A>
      <A name="gas_flooding">0</A>
      <A name="steam_flooding">1</A>
      <A name="oil_sands_mine">None</A>
      <A name="country">Canada</A>
      <A name="name">Foster creek</A>
      <A name="API">10.2</A>
      <A name="SOR">2.37</A>
      <Process class="CrudeOilDewatering">
        <A name="heater_treater">0</A>
      </Process>
      <A name="stabilizer_column">0</A>
      <A name="upgrader_type">None</A>
      <A name="FOR">2.0</A>
      <A name="VOR">0.0</A>
      <A name="frac_transport_tanker">0.0</A>
      <A name="frac_transport_barge">0.0</A>
      <A name="frac_transport_pipeline">1.0</A>
      <A name="frac_transport_rail">0.0</A>
      <A name="frac_transport_truck">0.0</A>
      <A name="transport_dist_tanker">0.0</A>
      <A name="transport_dist_barge">0.0</A>
      <A name="transport_dist_pipeline">2500.0</A>
      <A name="transport_dist_rail">0.0</A>
      <A name="transport_dist_truck">0.0</A>
    </Field>
    <Field name="Field 85" modifies="template">
      <A name="downhole_pump">0</A>
      <A name="water_reinjection">0</A>
      <A name="natural_gas_reinjection">0</A>
      <A name="water_flooding">0</A>
      <A name="gas_lifting">0</A>
      <A name="gas_flooding">0</A>
      <A name="steam_flooding">0</A>
      <A name="oil_sands_mine">Integrated with upgrader</A>
      <A name="country">Canada</A>
      <A name="name">Suncor</A>
      <A name="API">32.8</A>
      <A name="API_bitumen">32.8</A>
      <Process class="CrudeOilDewatering">
        <A name="heater_treater">0</A>
      </Process>
      <A name="stabilizer_column">0</A>
      <A name="upgrader_type">Delayed coking</A>
      <A name="gas_processing_path">Minimal</A>
      <A name="oil_processing_path">Upgrading</A>
      <A name="FOR">2.0</A>
      <A name="VOR">0.0</A>
      <A name="frac_transport_tanker">0.0</A>
      <A name="frac_transport_barge">0.0</A>
      <A name="frac_transport_pipeline">1.0</A>
      <A name="frac_transport_rail">0.0</A>
      <A name="frac_transport_truck">0.0</A>
      <A name="transport_dist_tanker">0.0</A>
      <A name="transport_dist_barge">0.0</A>
      <A name="transport_dist_pipeline">2500.0</A>
      <A name="transport_dist_rail">0.0</A>
      <A name="transport_dist_truck">0.0</A>
    </Field>
    <Field name="Field 86" modifies="template">
      <A name="downhole_pump">0</A>
      <A name="water_reinjection">0</A>
      <A name="natural_gas_reinjection">0</A>
      <A name="water_flooding">0</A>
      <A name="gas_lifting">0</A>
      <A name="gas_flooding">0</A>
      <A name="steam_flooding">0</A>
      <A name="oil_sands_mine">Integrated with upgrader</A>
      <A name="country">Canada</A>
      <A name="name">Syncrude</A>
      <A name="API">32.2</A>
      <A name="API_bitumen">32.2</A>
      <Process class="CrudeOilDewatering">
        <A name="heater_treater">0</A>
      </Process>
      <A name="stabilizer_column">0</A>
      <A name="upgrader_type">Combined</A>
      <A name="gas_processing_path">Minimal</A>
      <A name="oil_processing_path">Upgrading</A>
      <A name="FOR">2.0</A>
      <A name="VOR">0.0</A>
      <A name="frac_transport_tanker">0.0</A>
      <A name="frac_transport_barge">0.0</A>
      <A name="frac_transport_pipeline">1.0</A>
      <A name="frac_transport_rail">0.0</A>
      <A name="frac_transport_truck">0.0</A>
      <A name="transport_dist_tanker">0.0</A>
      <A name="transport_dist_barge">0.0</A>
      <A name="transport_dist_pipeline">2500.0</A>
      <A name="transport_dist_rail">0.0</A>
      <A name="transport_dist_truck">0.0</A>
    </Field>
    <Field name="Field 87" modifies="template">
      <A name="downhole_pump">0</A>
      <A name="water_reinjection">0</A>
      <A name="natural_gas_reinjection">0</A>
      <A name="water_flooding">0</A>
      <A name="gas_lifting">0</A>
      <A name="gas_flooding">0</A>
      <A name="steam_flooding">0</A>
      <A name="oil_sands_mine">Non-integrated with upgrader</A>
      <A name="country">Canada</A>
      <A name="name">Jackpine/Scotford</A>
      <A name="API">32.0</A>
      <A name="API_bitumen">32.0</A>
      <A name="SOR">2.0</A>
      <Process class="CrudeOilDewatering">
        <A name="heater_treater">0</A>
      </Process>
      <A name="stabilizer_column">0</A>
      <A name="gas_processing_path">Minimal</A>
      <A name="oil_processing_path">Dilution</A>
      <A name="FOR">2.0</A>
      <Process class="HeavyOilDilution">
        <A name="fraction_diluent">0.3</A>
      </Process>
      <A name="frac_transport_tanker">0.0</A>
      <A name="frac_transport_barge">0.0</A>
      <A name="frac_transport_pipeline">1.0</A>
      <A name="frac_transport_rail">0.0</A>
      <A name="frac_transport_truck">0.0</A>
      <A name="transport_dist_tanker">0.0</A>
      <A name="transport_dist_barge">0.0</A>
      <A name="transport_dist_pipeline">2500.0</A>
      <A name="transport_dist_rail">0.0</A>
      <A name="transport_dist_truck">0.0</A>
    </Field>
    <Field name="Field 88" modifies="template">
      <A name="downhole_pump">0</A>
      <A name="water_reinjection">0</A>
      <A name="natural_gas_reinjection">0</A>
      <A name="water_flooding">0</A>
      <A name="gas_lifting">0</A>
      <A name="gas_flooding">0</A>
      <A name="steam_flooding">0</A>
      <A name="oil_sands_mine">Non-integrated with upgrader</A>
      <A name="country">Canada</A>
      <A name="name">CNRL Horizon</A>
      <A name="API">8.0</A>
      <A name="API_bitumen">8.0</A>
      <Process class="CrudeOilDewatering">
        <A name="heater_treater">0</A>
      </Process>
      <A name="stabilizer_column">0</A>
      <A name="gas_processing_path">Minimal</A>
      <A name="common_gas_process_choice">None</A>
      <A name="oil_processing_path">Dilution</A>
      <A name="FOR">0.0</A>
      <Process class="HeavyOilDilution">
        <A name="fraction_diluent">0.3</A>
      </Process>
      <A name="frac_transport_tanker">0.0</A>
      <A name="frac_transport_barge">0.0</A>
      <A name="frac_transport_pipeline">1.0</A>
      <A name="frac_transport_rail">0.0</A>
      <A name="frac_transport_truck">0.0</A>
      <A name="transport_dist_tanker">0.0</A>
      <A name="transport_dist_barge">0.0</A>
      <A name="transport_dist_pipeline">2500.0</A>
      <A name="transport_dist_rail">0.0</A>
      <A name="transport_dist_truck">0.0</A>
    </Field>
    <Field name="Field 89" modifies="template">
      <A name="downhole_pump">1</A>
      <A name="water_reinjection">0</A>
      <A name="natural_gas_reinjection">0</A>
      <A name="water_flooding">0</A>
      <A name="gas_lifting">0</A>
      <A name="gas_flooding">0</A>
      <A name="steam_flooding">1</A>
      <A name="oil_sands_mine">None</A>
      <A name="country">Canada</A>
      <A name="name">Cold lake</A>
      <A name="API">10.2</A>
      <A name="SOR">3.42</A>
      <A name="fraction_elec_onsite">0.5</A>
      <A name="fraction_steam_cogen">0.5</A>
      <Process class="CrudeOilDewatering">
        <A name="heater_treater">0</A>
      </Process>
      <A name="stabilizer_column">0</A>
      <A name="upgrader_type">None</A>
      <A name="FOR">2.0</A>
      <A name="VOR">0.0</A>
      <A name="frac_transport_tanker">0.0</A>
      <A name="frac_transport_barge">0.0</A>
      <A name="frac_transport_pipeline">1.0</A>
      <A name="frac_transport_rail">0.0</A>
      <A name="frac_transport_truck">0.0</A>
      <A name="transport_dist_tanker">0.0</A>
      <A name="transport_dist_barge">0.0</A>
      <A name="transport_dist_pipeline">2500.0</A>
      <A name="transport_dist_rail">0.0</A>
      <A name="transport_dist_truck">0.0</A>
    </Field>
    <Field name="Field 90" modifies="template">
      <A name="downhole_pump">1</A>
      <A name="water_reinjection">0</A>
      <A name="natural_gas_reinjection">0</A>
      <A name="water_flooding">0</A>
      <A name="gas_lifting">0</A>
      <A name="gas_flooding">0</A>
      <A name="steam_flooding">1</A>
      <A name="oil_sands_mine">None</A>
      <A name="country">Canada</A>
      <A name="name">Foster creek</A>
      <A name="API">10.2</A>
      <A name="SOR">2.37</A>
      <A name="fraction_elec_onsite">0.5</A>
      <A name="fraction_steam_cogen">0.5</A>
      <Process class="CrudeOilDewatering">
        <A name="heater_treater">0</A>
      </Process>
      <A name="stabilizer_column">0</A>
      <A name="upgrader_type">None</A>
      <A name="FOR">2.0</A>
      <A name="VOR">0.0</A>
      <A name="frac_transport_tanker">0.0</A>
      <A name="frac_transport_barge">0.0</A>
      <A name="frac_transport_pipeline">1.0</A>
      <A name="frac_transport_rail">0.0</A>
      <A name="frac_transport_truck">0.0</A>
      <A name="transport_dist_tanker">0.0</A>
      <A name="transport_dist_barge">0.0</A>
      <A name="transport_dist_pipeline">2500.0</A>
      <A name="transport_dist_rail">0.0</A>
      <A name="transport_dist_truck">0.0</A>
    </Field>
    <Field name="Field 91" modifies="template">
      <A name="downhole_pump">0</A>
      <A name="water_reinjection">0</A>
      <A name="natural_gas_reinjection">0</A>
      <A name="water_flooding">0</A>
      <A name="gas_lifting">0</A>
      <A name="gas_flooding">0</A>
      <A name="steam_flooding">0</A>
      <A name="oil_sands_mine">Integrated with upgrader</A>
      <A name="country">Canada</A>
      <A name="name">Suncor</A>
      <A name="API">32.8</A>
      <A name="API_bitumen">32.8</A>
      <A name="fraction_elec_onsite">0.5</A>
      <A name="fraction_steam_cogen">0.5</A>
      <Process class="CrudeOilDewatering">
        <A name="heater_treater">0</A>
      </Process>
      <A name="stabilizer_column">0</A>
      <A name="upgrader_type">Delayed coking</A>
      <A name="gas_processing_path">Minimal</A>
      <A name="oil_processing_path">Upgrading</A>
      <A name="FOR">2.0</A>
      <A name="VOR">0.0</A>
      <A name="frac_transport_tanker">0.0</A>
      <A name="frac_transport_barge">0.0</A>
      <A name="frac_transport_pipeline">1.0</A>
      <A name="frac_transport_rail">0.0</A>
      <A name="frac_transport_truck">0.0</A>
      <A name="transport_dist_tanker">0.0</A>
      <A name="transport_dist_barge">0.0</A>
      <A name="transport_dist_pipeline">2500.0</A>
      <A name="transport_dist_rail">0.0</A>
      <A name="transport_dist_truck">0.0</A>
    </Field>
    <Field name="Field 92" modifies="template">
      <A name="downhole_pump">0</A>
      <A name="water_reinjection">0</A>
      <A name="natural_gas_reinjection">0</A>
      <A name="water_flooding">0</A>
      <A name="gas_lifting">0</A>
      <A name="gas_flooding">0</A>
      <A name="steam_flooding">0</A>
      <A name="oil_sands_mine">Integrated with upgrader</A>
      <A name="country">Canada</A>
      <A name="name">Syncrude</A>
      <A name="API">32.2</A>
      <A name="API_bitumen">32.2</A>
      <A name="fraction_elec_onsite">0.5</A>
      <A name="fraction_steam_cogen">0.5</A>
      <Process class="CrudeOilDewatering">
        <A name="heater_treater">0</A>
      </Process>
      <A name="stabilizer_column">0</A>
      <A name="upgrader_type">Combined</A>
      <A name="gas_processing_path">Minimal</A>
      <A name="oil_processing_path">Upgrading</A>
      <A name="FOR">2.0</A>
      <A name="VOR">0.0</A>
      <A name="frac_transport_tanker">0.0</A>
      <A name="frac_transport_barge">0.0</A>
      <A name="frac_transport_pipeline">1.0</A>
      <A name="frac_transport_rail">0.0</A>
      <A name="frac_transport_truck">0.0</A>
      <A name="transport_dist_tanker">0.0</A>
      <A name="transport_dist_barge">0.0</A>
      <A name="transport_dist_pipeline">2500.0</A>
      <A name="transport_dist_rail">0.0</A>
      <A name="transport_dist_truck">0.0</A>
    </Field>
    <Field name="Field 93" modifies="template">
      <A name="downhole_pump">0</A>
      <A name="water_reinjection">0</A>
      <A name="natural_gas_reinjection">0</A>
      <A name="water_flooding">0</A>
      <A name="gas_lifting">0</A>
      <A name="gas_flooding">0</A>
      <A name="steam_flooding">0</A>
      <A name="oil_sands_mine">Non-integrated with upgrader</A>
      <A name="country">Canada</A>
      <A name="name">Jackpine/Scotford</A>
      <A name="API">32.0</A>
      <A name="API_bitumen">32.0</A>
      <A name="SOR">2.0</A>
      <A name="fraction_elec_onsite">0.5</A>
      <A name="fraction_steam_cogen">0.5</A>
      <Process class="CrudeOilDewatering">
        <A name="heater_treater">0</A>
      </Process>
      <A name="stabilizer_column">0</A>
      <A name="gas_processing_path">Minimal</A>
      <A name="oil_processing_path">Dilution</A>
      <A name="FOR">2.0</A>
      <A name="VOR">0.0</A>
      <Process class="HeavyOilDilution">
        <A name="fraction_diluent">0.3</A>
      </Process>
      <A name="frac_transport_tanker">0.0</A>
      <A name="frac_transport_barge">0.0</A>
      <A name="frac_transport_pipeline">1.0</A>
      <A name="frac_transport_rail">0.0</A>
      <A name="frac_transport_truck">0.0</A>
      <A name="transport_dist_tanker">0.0</A>
      <A name="transport_dist_barge">0.0</A>
      <A name="transport_dist_pipeline">2500.0</A>
      <A name="transport_dist_rail">0.0</A>
      <A name="transport_dist_truck">0.0</A>
    </Field>
    <Field name="Field 94" modifies="template">
      <A name="downhole_pump">1</A>
      <A name="water_reinjection">0</A>
      <A name="natural_gas_reinjection">0</A>
      <A name="water_flooding">0</A>
      <A name="gas_lifting">0</A>
      <A name="gas_flooding">0</A>
      <A name="steam_flooding">1</A>
      <A name="oil_sands_mine">None</A>
      <A name="country">Canada</A>
      <A name="name">Cold lake</A>
      <A name="API">10.2</A>
      <A name="SOR">3.42</A>
      <A name="fraction_elec_onsite">1.0</A>
      <A name="fraction_steam_cogen">1.0</A>
      <Process class="CrudeOilDewatering">
        <A name="heater_treater">0</A>
      </Process>
      <A name="stabilizer_column">0</A>
      <A name="upgrader_type">None</A>
      <A name="FOR">2.0</A>
      <A name="VOR">0.0</A>
      <A name="frac_transport_tanker">0.0</A>
      <A name="frac_transport_barge">0.0</A>
      <A name="frac_transport_pipeline">1.0</A>
      <A name="frac_transport_rail">0.0</A>
      <A name="frac_transport_truck">0.0</A>
      <A name="transport_dist_tanker">0.0</A>
      <A name="transport_dist_barge">0.0</A>
      <A name="transport_dist_pipeline">2500.0</A>
      <A name="transport_dist_rail">0.0</A>
      <A name="transport_dist_truck">0.0</A>
    </Field>
    <Field name="Field 95" modifies="template">
      <A name="downhole_pump">1</A>
      <A name="water_reinjection">0</A>
      <A name="natural_gas_reinjection">0</A>
      <A name="water_flooding">0</A>
      <A name="gas_lifting">0</A>
      <A name="gas_flooding">0</A>
      <A name="steam_flooding">1</A>
      <A name="oil_sands_mine">None</A>
      <A name="country">Canada</A>
      <A name="name">Foster creek</A>
      <A name="API">10.2</A>
      <A name="SOR">2.37</A>
      <A name="fraction_elec_onsite">1.0</A>
      <A name="fraction_steam_cogen">1.0</A>
      <Process class="CrudeOilDewatering">
        <A name="heater_treater">0</A>
      </Process>
      <A name="stabilizer_column">0</A>
      <A name="upgrader_type">None</A>
      <A name="FOR">2.0</A>
      <A name="VOR">0.0</A>
      <A name="frac_transport_tanker">0.0</A>
      <A name="frac_transport_barge">0.0</A>
      <A name="frac_transport_pipeline">1.0</A>
      <A name="frac_transport_rail">0.0</A>
      <A name="frac_transport_truck">0.0</A>
      <A name="transport_dist_tanker">0.0</A>
      <A name="transport_dist_barge">0.0</A>
      <A name="transport_dist_pipeline">2500.0</A>
      <A name="transport_dist_rail">0.0</A>
      <A name="transport_dist_truck">0.0</A>
    </Field>
    <Field name="Field 96" modifies="template">
      <A name="downhole_pump">0</A>
      <A name="water_reinjection">0</A>
      <A name="natural_gas_reinjection">0</A>
      <A name="water_flooding">0</A>
      <A name="gas_lifting">0</A>
      <A name="gas_flooding">0</A>
      <A name="steam_flooding">0</A>
      <A name="oil_sands_mine">Integrated with upgrader</A>
      <A name="country">Canada</A>
      <A name="name">Suncor</A>
      <A name="API">32.8</A>
      <A name="API_bitumen">32.8</A>
      <A name="fraction_elec_onsite">1.0</A>
      <A name="fraction_steam_cogen">1.0</A>
      <Process class="CrudeOilDewatering">
        <A name="heater_treater">0</A>
      </Process>
      <A name="stabilizer_column">0</A>
      <A name="upgrader_type">Delayed coking</A>
      <A name="gas_processing_path">Minimal</A>
      <A name="oil_processing_path">Upgrading</A>
      <A name="FOR">2.0</A>
      <A name="VOR">0.0</A>
      <A name="frac_transport_tanker">0.0</A>
      <A name="frac_transport_barge">0.0</A>
      <A name="frac_transport_pipeline">1.0</A>
      <A name="frac_transport_rail">0.0</A>
      <A name="frac_transport_truck">0.0</A>
      <A name="transport_dist_tanker">0.0</A>
      <A name="transport_dist_barge">0.0</A>
      <A name="transport_dist_pipeline">2500.0</A>
      <A name="transport_dist_rail">0.0</A>
      <A name="transport_dist_truck">0.0</A>
    </Field>
    <Field name="Field 97" modifies="template">
      <A name="downhole_pump">0</A>
      <A name="water_reinjection">0</A>
      <A name="natural_gas_reinjection">0</A>
      <A name="water_flooding">0</A>
      <A name="gas_lifting">0</A>
      <A name="gas_flooding">0</A>
      <A name="steam_flooding">0</A>
      <A name="oil_sands_mine">Integrated with upgrader</A>
      <A name="country">Canada</A>
      <A name="name">Syncrude</A>
      <A name="API">32.2</A>
      <A name="API_bitumen">32.2</A>
      <A name="fraction_elec_onsite">1.0</A>
      <A name="fraction_steam_cogen">1.0</A>
      <Process class="CrudeOilDewatering">
        <A name="heater_treater">0</A>
      </Process>
      <A name="stabilizer_column">0</A>
      <A name="upgrader_type">Combined</A>
      <A name="gas_processing_path">Minimal</A>
      <A name="oil_processing_path">Upgrading</A>
      <A name="FOR">2.0</A>
      <A name="VOR">0.0</A>
      <A name="frac_transport_tanker">0.0</A>
      <A name="frac_transport_barge">0.0</A>
      <A name="frac_transport_pipeline">1.0</A>
      <A name="frac_transport_rail">0.0</A>
      <A name="frac_transport_truck">0.0</A>
      <A name="transport_dist_tanker">0.0</A>
      <A name="transport_dist_barge">0.0</A>
      <A name="transport_dist_pipeline">2500.0</A>
      <A name="transport_dist_rail">0.0</A>
      <A name="transport_dist_truck">0.0</A>
    </Field>
    <Field name="Field 98" modifies="template">
      <A name="downhole_pump">0</A>
      <A name="water_reinjection">0</A>
      <A name="natural_gas_reinjection">0</A>
      <A name="water_flooding">0</A>
      <A name="gas_lifting">0</A>
      <A name="gas_flooding">0</A>
      <A name="steam_flooding">0</A>
      <A name="oil_sands_mine">Non-integrated with upgrader</A>
      <A name="country">Canada</A>
      <A name="name">Jackpine/Scotford</A>
      <A name="API">32.0</A>
      <A name="API_bitumen">32.0</A>
      <A name="SOR">2.0</A>
      <A name="fraction_elec_onsite">1.0</A>
      <A name="fraction_steam_cogen">1.0</A>
      <Process class="CrudeOilDewatering">
        <A name="heater_treater">0</A>
      </Process>
      <A name="stabilizer_column">0</A>
      <A name="gas_processing_path">Minimal</A>
      <A name="oil_processing_path">Dilution</A>
      <A name="FOR">2.0</A>
      <Process class="HeavyOilDilution">
        <A name="fraction_diluent">0.3</A>
      </Process>
      <A name="frac_transport_tanker">0.0</A>
      <A name="frac_transport_barge">0.0</A>
      <A name="frac_transport_pipeline">1.0</A>
      <A name="frac_transport_rail">0.0</A>
      <A name="frac_transport_truck">0.0</A>
      <A name="transport_dist_tanker">0.0</A>
      <A name="transport_dist_barge">0.0</A>
      <A name="transport_dist_pipeline">2500.0</A>
      <A name="transport_dist_rail">0.0</A>
      <A name="transport_dist_truck">0.0</A>
    </Field>
    <Field name="Field 99" modifies="template">
      <A name="downhole_pump">1</A>
      <A name="water_reinjection">1</A>
      <A name="natural_gas_reinjection">0</A>
      <A name="water_flooding">0</A>
      <A name="gas_lifting">0</A>
      <A name="gas_flooding">1</A>
      <A name="steam_flooding">0</A>
      <A name="oil_sands_mine">None</A>
      <A name="country">United States</A>
      <A name="name">CO2 default</A>
      <A name="flood_gas_type">CO2</A>
      <A name="gas_processing_path">CO2-EOR Membrane</A>
    </Field>
    <Field name="Field 100" modifies="template">
      <A name="downhole_pump">1</A>
      <A name="water_reinjection">1</A>
      <A name="natural_gas_reinjection">0</A>
      <A name="water_flooding">0</A>
      <A name="gas_lifting">0</A>
      <A name="gas_flooding">1</A>
      <A name="steam_flooding">0</A>
      <A name="oil_sands_mine">None</A>
      <A name="country">United States</A>
      <A name="name">CO2 high recycle</A>
      <A name="flood_gas_type">CO2</A>
      <A name="gas_processing_path">CO2-EOR Membrane</A>
    </Field>
    <Field name="Field 101" modifies="template">
      <A name="downhole_pump">1</A>
      <A name="water_reinjection">1</A>
      <A name="natural_gas_reinjection">0</A>
      <A name="water_flooding">0</A>
      <A name="gas_lifting">0</A>
      <A name="gas_flooding">1</A>
      <A name="steam_flooding">0</A>
      <A name="oil_sands_mine">None</A>
      <A name="country">United States</A>
      <A name="name">CO2 low recycle</A>
      <A name="flood_gas_type">CO2</A>
      <A name="gas_processing_path">CO2-EOR Membrane</A>
    </Field>
    <Field name="Field 102" modifies="template">
      <A name="downhole_pump">1</A>
      <A name="water_reinjection">1</A>
      <A name="natural_gas_reinjection">0</A>
      <A name="water_flooding">0</A>
      <A name="gas_lifting">0</A>
      <A name="gas_flooding">1</A>
      <A name="steam_flooding">0</A>
      <A name="oil_sands_mine">None</A>
      <A name="country">United States</A>
      <A name="name">CO2 seq</A>
      <A name="flood_gas_type">CO2</A>
      <A name="gas_processing_path">CO2-EOR Membrane</A>
    </Field>
    <Field name="Field 103" modifies="template">
      <A name="downhole_pump">1</A>
      <A name="water_reinjection">1</A>
      <A name="natural_gas_reinjection">0</A>
      <A name="water_flooding">0</A>
      <A name="gas_lifting">0</A>
      <A name="gas_flooding">1</A>
      <A name="steam_flooding">0</A>
      <A name="oil_sands_mine">None</A>
      <A name="country">United States</A>
      <A name="name">CO2 seq 50% credit</A>
      <A name="flood_gas_type">CO2</A>
      <A name="gas_processing_path">CO2-EOR Membrane</A>
    </Field>
    <Field name="Field 104" modifies="template">
      <A name="downhole_pump">1</A>
      <A name="water_reinjection">1</A>
      <A name="natural_gas_reinjection">0</A>
      <A name="water_flooding">0</A>
      <A name="gas_lifting">0</A>
      <A name="gas_flooding">1</A>
      <A name="steam_flooding">0</A>
      <A name="oil_sands_mine">None</A>
      <A name="country">United States</A>
      <A name="name">CO2 seq 100% credit</A>
      <A name="flood_gas_type">CO2</A>
      <A name="gas_processing_path">CO2-EOR Membrane</A>
    </Field>
    <Field name="Field 105" modifies="template">
      <A name="downhole_pump">1</A>
      <A name="water_reinjection">1</A>
      <A name="natural_gas_reinjection">0</A>
      <A name="water_flooding">0</A>
      <A name="gas_lifting">0</A>
      <A name="gas_flooding">1</A>
      <A name="steam_flooding">0</A>
      <A name="oil_sands_mine">None</A>
      <A name="country">United States</A>
      <A name="name">CO2 default</A>
      <A name="flood_gas_type">CO2</A>
      <A name="gas_processing_path">CO2-EOR Ryan Holmes</A>
    </Field>
    <Field name="Field 106" modifies="template">
      <A name="downhole_pump">1</A>
      <A name="water_reinjection">1</A>
      <A name="natural_gas_reinjection">0</A>
      <A name="water_flooding">0</A>
      <A name="gas_lifting">0</A>
      <A name="gas_flooding">1</A>
      <A name="steam_flooding">0</A>
      <A name="oil_sands_mine">None</A>
      <A name="country">United States</A>
      <A name="name">CO2 high recycle</A>
      <A name="flood_gas_type">CO2</A>
      <A name="gas_processing_path">CO2-EOR Ryan Holmes</A>
    </Field>
    <Field name="Field 107" modifies="template">
      <A name="downhole_pump">1</A>
      <A name="water_reinjection">1</A>
      <A name="natural_gas_reinjection">0</A>
      <A name="water_flooding">0</A>
      <A name="gas_lifting">0</A>
      <A name="gas_flooding">1</A>
      <A name="steam_flooding">0</A>
      <A name="oil_sands_mine">None</A>
      <A name="country">United States</A>
      <A name="name">CO2 low recycle</A>
      <A name="flood_gas_type">CO2</A>
      <A name="gas_processing_path">CO2-EOR Ryan Holmes</A>
    </Field>
    <Field name="Field 108" modifies="template">
      <A name="downhole_pump">1</A>
      <A name="water_reinjection">1</A>
      <A name="natural_gas_reinjection">0</A>
      <A name="water_flooding">0</A>
      <A name="gas_lifting">0</A>
      <A name="gas_flooding">1</A>
      <A name="steam_flooding">0</A>
      <A name="oil_sands_mine">None</A>
      <A name="country">United States</A>
      <A name="name">CO2 seq</A>
      <A name="flood_gas_type">CO2</A>
      <A name="gas_processing_path">CO2-EOR Ryan Holmes</A>
    </Field>
    <Field name="Field 109" modifies="template">
      <A name="downhole_pump">1</A>
      <A name="water_reinjection">1</A>
      <A name="natural_gas_reinjection">0</A>
      <A name="water_flooding">0</A>
      <A name="gas_lifting">0</A>
      <A name="gas_flooding">1</A>
      <A name="steam_flooding">0</A>
      <A name="oil_sands_mine">None</A>
      <A name="country">United States</A>
      <A name="name">CO2 seq 50% credit</A>
      <A name="flood_gas_type">CO2</A>
      <A name="gas_processing_path">CO2-EOR Ryan Holmes</A>
    </Field>
    <Field name="Field 110" modifies="template">
      <A name="downhole_pump">1</A>
      <A name="water_reinjection">1</A>
      <A name="natural_gas_reinjection">0</A>
      <A name="water_flooding">0</A>
      <A name="gas_lifting">0</A>
      <A name="gas_flooding">1</A>
      <A name="steam_flooding">0</A>
      <A name="oil_sands_mine">None</A>
      <A name="country">United States</A>
      <A name="name">CO2 seq 100% credit</A>
      <A name="flood_gas_type">CO2</A>
      <A name="gas_processing_path">CO2-EOR Ryan Holmes</A>
    </Field>
    <Field name="Field 111" modifies="template">
      <A name="downhole_pump">1</A>
      <A name="water_reinjection">1</A>
      <A name="natural_gas_reinjection">0</A>
      <A name="water_flooding">0</A>
      <A name="gas_lifting">0</A>
      <A name="gas_flooding">1</A>
      <A name="steam_flooding">0</A>
      <A name="oil_sands_mine">None</A>
      <A name="country">United States</A>
      <A name="name">CO2 default</A>
      <A name="flood_gas_type">CO2</A>
      <A name="gas_processing_path">CO2-EOR Ryan Holmes</A>
    </Field>
    <Field name="Field 112" modifies="template">
      <A name="downhole_pump">1</A>
      <A name="water_reinjection">1</A>
      <A name="natural_gas_reinjection">0</A>
      <A name="water_flooding">0</A>
      <A name="gas_lifting">0</A>
      <A name="gas_flooding">1</A>
      <A name="steam_flooding">0</A>
      <A name="oil_sands_mine">None</A>
      <A name="country">United States</A>
      <A name="name">CO2 high recycle</A>
      <A name="flood_gas_type">CO2</A>
      <A name="gas_processing_path">CO2-EOR Ryan Holmes</A>
    </Field>
    <Field name="Field 113" modifies="template">
      <A name="downhole_pump">1</A>
      <A name="water_reinjection">1</A>
      <A name="natural_gas_reinjection">0</A>
      <A name="water_flooding">0</A>
      <A name="gas_lifting">0</A>
      <A name="gas_flooding">1</A>
      <A name="steam_flooding">0</A>
      <A name="oil_sands_mine">None</A>
      <A name="country">United States</A>
      <A name="name">CO2 low recycle</A>
      <A name="flood_gas_type">CO2</A>
      <A name="gas_processing_path">CO2-EOR Ryan Holmes</A>
    </Field>
    <Field name="Field 114" modifies="template">
      <A name="downhole_pump">1</A>
      <A name="water_reinjection">1</A>
      <A name="natural_gas_reinjection">0</A>
      <A name="water_flooding">0</A>
      <A name="gas_lifting">0</A>
      <A name="gas_flooding">1</A>
      <A name="steam_flooding">0</A>
      <A name="oil_sands_mine">None</A>
      <A name="country">United States</A>
      <A name="name">CO2 seq</A>
      <A name="flood_gas_type">CO2</A>
      <A name="gas_processing_path">CO2-EOR Ryan Holmes</A>
    </Field>
    <Field name="Field 115" modifies="template">
      <A name="downhole_pump">1</A>
      <A name="water_reinjection">1</A>
      <A name="natural_gas_reinjection">0</A>
      <A name="water_flooding">0</A>
      <A name="gas_lifting">0</A>
      <A name="gas_flooding">1</A>
      <A name="steam_flooding">0</A>
      <A name="oil_sands_mine">None</A>
      <A name="country">United States</A>
      <A name="name">CO2 seq 50% credit</A>
      <A name="flood_gas_type">CO2</A>
      <A name="gas_processing_path">CO2-EOR Ryan Holmes</A>
    </Field>
    <Field name="Field 116" modifies="template">
      <A name="downhole_pump">1</A>
      <A name="water_reinjection">1</A>
      <A name="natural_gas_reinjection">0</A>
      <A name="water_flooding">0</A>
      <A name="gas_lifting">0</A>
      <A name="gas_flooding">1</A>
      <A name="steam_flooding">0</A>
      <A name="oil_sands_mine">None</A>
      <A name="country">United States</A>
      <A name="name">CO2 seq 100% credit</A>
      <A name="flood_gas_type">CO2</A>
      <A name="gas_processing_path">CO2-EOR Ryan Holmes</A>
    </Field>
    <Field name="Field 117" modifies="template">
      <A name="water_reinjection">0</A>
      <A name="natural_gas_reinjection">0</A>
      <A name="oil_sands_mine">Non-integrated with upgrader</A>
      <A name="name">Diluent Test 0% - Non-integrated mine</A>
      <A name="depth">100.0</A>
      <A name="res_press">21.5</A>
      <A name="API">15.0</A>
      <A name="API_bitumen">15.0</A>
      <A name="GOR">100.0</A>
      <A name="WOR">1.0</A>
      <A name="gas_processing_path">Minimal</A>
      <A name="common_gas_process_choice">None</A>
      <A name="oil_processing_path">Dilution</A>
      <A name="FOR">0.0</A>
      <Process class="HeavyOilDilution">
        <A name="fraction_diluent">0.3</A>
      </Process>
    </Field>
    <Field name="Field 118" modifies="template">
      <A name="water_reinjection">0</A>
      <A name="natural_gas_reinjection">0</A>
      <A name="oil_sands_mine">Non-integrated with upgrader</A>
      <A name="name">Diluent Test 25% - Non integrated mine</A>
      <A name="depth">100.0</A>
      <A name="res_press">21.5</A>
      <A name="API">15.0</A>
      <A name="API_bitumen">15.0</A>
      <A name="GOR">100.0</A>
      <A name="WOR">1.0</A>
      <A name="gas_processing_path">Minimal</A>
      <A name="common_gas_process_choice">None</A>
      <A name="oil_processing_path">Dilution</A>
      <A name="FOR">0.0</A>
      <Process class="HeavyOilDilution">
        <A name="fraction_diluent">0.3</A>
      </Process>
    </Field>
    <Field name="Field 119" modifies="template">
      <A name="water_reinjection">0</A>
      <A name="natural_gas_reinjection">0</A>
      <A name="oil_sands_mine">Non-integrated with upgrader</A>
      <A name="name">Diluent Test 50% - Non integrated mine</A>
      <A name="depth">100.0</A>
      <A name="res_press">21.5</A>
      <A name="API">15.0</A>
      <A name="API_bitumen">15.0</A>
      <A name="GOR">100.0</A>
      <A name="WOR">1.0</A>
      <A name="gas_processing_path">Minimal</A>
      <A name="common_gas_process_choice">None</A>
      <A name="oil_processing_path">Dilution</A>
      <A name="FOR">0.0</A>
      <Process class="HeavyOilDilution">
        <A name="fraction_diluent">0.3</A>
      </Process>
    </Field>
    <Field name="Field 120" modifies="template">
      <A name="water_reinjection">0</A>
      <A name="natural_gas_reinjection">0</A>
      <A name="oil_sands_mine">Non-integrated with upgrader</A>
      <A name="name">Diluent Test 75% - Non-integrated mine</A>
      <A name="depth">100.0</A>
      <A name="res_press">21.5</A>
      <A name="API">15.0</A>
      <A name="API_bitumen">15.0</A>
      <A name="GOR">100.0</A>
      <A name="WOR">1.0</A>
      <A name="gas_processing_path">Minimal</A>
      <A name="common_gas_process_choice">None</A>
      <A name="oil_processing_path">Dilution</A>
      <A name="FOR">0.0</A>
      <Process class="HeavyOilDilution">
        <A name="fraction_diluent">0.3</A>
      </Process>
    </Field>
    <Field name="Field 121" modifies="template">
      <A name="water_reinjection">0</A>
      <A name="natural_gas_reinjection">0</A>
      <A name="oil_sands_mine">Non-integrated with upgrader</A>
      <A name="name">Diluent Test 100% -Non-integrated mine</A>
      <A name="depth">100.0</A>
      <A name="res_press">21.5</A>
      <A name="API">15.0</A>
      <A name="API_bitumen">15.0</A>
      <A name="GOR">100.0</A>
      <A name="WOR">1.0</A>
      <A name="gas_processing_path">Minimal</A>
      <A name="common_gas_process_choice">None</A>
      <A name="oil_processing_path">Dilution</A>
      <A name="FOR">0.0</A>
      <Process class="HeavyOilDilution">
        <A name="fraction_diluent">0.3</A>
      </Process>
    </Field>
    <Field name="Field 122" modifies="template">
      <A name="downhole_pump">0</A>
      <A name="water_reinjection">0</A>
      <A name="natural_gas_reinjection">0</A>
      <A name="water_flooding">0</A>
      <A name="gas_lifting">0</A>
      <A name="gas_flooding">0</A>
      <A name="steam_flooding">0</A>
      <A name="oil_sands_mine">Integrated with upgrader</A>
      <A name="country">Canada</A>
      <A name="name">Oil sands test: Mine, DC, integrated</A>
      <A name="API">32.0</A>
      <A name="API_bitumen">32.0</A>
      <A name="upgrader_type">Delayed coking</A>
      <A name="gas_processing_path">Minimal</A>
      <A name="common_gas_process_choice">None</A>
      <A name="oil_processing_path">Upgrading</A>
      <A name="FOR">0.0</A>
      <A name="VOR">0.0</A>
    </Field>
    <Field name="Field 123" modifies="template">
      <A name="downhole_pump">0</A>
      <A name="water_reinjection">0</A>
      <A name="natural_gas_reinjection">0</A>
      <A name="water_flooding">0</A>
      <A name="gas_lifting">0</A>
      <A name="gas_flooding">0</A>
      <A name="steam_flooding">0</A>
      <A name="oil_sands_mine">Non-integrated with upgrader</A>
      <A name="country">Canada</A>
      <A name="name">Oil sands test: Mine, DC, non-integrated</A>
      <A name="API">32.0</A>
      <A name="API_bitumen">32.0</A>
      <A name="gas_processing_path">Minimal</A>
      <A name="common_gas_process_choice">None</A>
      <A name="oil_processing_path">Dilution</A>
      <A name="FOR">0.0</A>
      <A name="VOR">0.0</A>
      <Process class="HeavyOilDilution">
        <A name="fraction_diluent">0.3</A>
      </Process>
    </Field>
    <Field name="Field 124" modifies="template">
      <A name="downhole_pump">0</A>
      <A name="water_reinjection">0</A>
      <A name="natural_gas_reinjection">0</A>
      <A name="water_flooding">0</A>
      <A name="gas_lifting">0</A>
      <A name="gas_flooding">0</A>
      <A name="steam_flooding">0</A>
      <A name="oil_sands_mine">Integrated with upgrader</A>
      <A name="country">Canada</A>
      <A name="name">Oil sands test: Mine, HC, integrated</A>
      <A name="API">32.0</A>
      <A name="API_bitumen">32.0</A>
      <A name="upgrader_type">Hydroconversion</A>
      <A name="gas_processing_path">Minimal</A>
      <A name="common_gas_process_choice">None</A>
      <A name="oil_processing_path">Upgrading</A>
      <A name="FOR">0.0</A>
      <A name="VOR">0.0</A>
    </Field>
    <Field name="Field 125" modifies="template">
      <A name="downhole_pump">0</A>
      <A name="water_reinjection">0</A>
      <A name="natural_gas_reinjection">0</A>
      <A name="water_flooding">0</A>
      <A name="gas_lifting">0</A>
      <A name="gas_flooding">0</A>
      <A name="steam_flooding">0</A>
      <A name="oil_sands_mine">Non-integrated with upgrader</A>
      <A name="country">Canada</A>
      <A name="name">Oil sands test: Mine, HC, non-integrated</A>
      <A name="API">32.0</A>
      <A name="API_bitumen">32.0</A>
      <A name="gas_processing_path">Minimal</A>
      <A name="common_gas_process_choice">None</A>
      <A name="oil_processing_path">Dilution</A>
      <A name="FOR">0.0</A>
      <A name="VOR">0.0</A>
      <Process class="HeavyOilDilution">
        <A name="fraction_diluent">0.3</A>
      </Process>
    </Field>
    <Field name="Field 126" modifies="template">
      <A name="downhole_pump">0</A>
      <A name="water_reinjection">0</A>
      <A name="natural_gas_reinjection">0</A>
      <A name="water_flooding">0</A>
      <A name="gas_lifting">0</A>
      <A name="gas_flooding">0</A>
      <A name="steam_flooding">0</A>
      <A name="oil_sands_mine">Integrated with upgrader</A>
      <A name="country">Canada</A>
      <A name="name">Oil sands test: Mine, HCFC, integrated</A>
      <A name="API">32.0</A>
      <A name="API_bitumen">32.0</A>
      <A name="upgrader_type">Combined</A>
      <A name="gas_processing_path">Minimal</A>
      <A name="common_gas_process_choice">None</A>
      <A name="oil_processing_path">Upgrading</A>
      <A name="FOR">0.0</A>
      <A name="VOR">0.0</A>
    </Field>
    <Field name="Field 127" modifies="template">
      <A name="downhole_pump">0</A>
      <A name="water_reinjection">0</A>
      <A name="natural_gas_reinjection">0</A>
      <A name="water_flooding">0</A>
      <A name="gas_lifting">0</A>
      <A name="gas_flooding">0</A>
      <A name="steam_flooding">0</A>
      <A name="oil_sands_mine">Non-integrated with upgrader</A>
      <A name="country">Canada</A>
      <A name="name">Oil sands test: Mine, HCFC, non-integrated</A>
      <A name="API">32.0</A>
      <A name="API_bitumen">32.0</A>
      <A name="gas_processing_path">Minimal</A>
      <A name="common_gas_process_choice">None</A>
      <A name="oil_processing_path">Dilution</A>
      <A name="FOR">0.0</A>
      <A name="VOR">0.0</A>
      <Process class="HeavyOilDilution">
        <A name="fraction_diluent">0.3</A>
      </Process>
    </Field>
    <Field name="Field 128" modifies="template">
      <A name="downhole_pump">1</A>
      <A name="water_reinjection">0</A>
      <A name="natural_gas_reinjection">0</A>
      <A name="water_flooding">0</A>
      <A name="gas_lifting">0</A>
      <A name="gas_flooding">0</A>
      <A name="steam_flooding">0</A>
      <A name="oil_sands_mine">None</A>
      <A name="country">United States</A>
      <A name="name">US AVG Gas</A>
      <A name="age">50.0</A>
      <A name="depth">7000.0</A>
      <A name="oil_prod">740000.0</A>
      <A name="num_prod_wells">486258</A>
      <A name="res_press">1505.0</A>
      <A name="API">60.0</A>
      <A name="GOR">98995.0</A>
      <A name="WOR">9.329190146</A>
    </Field>
    <Field name="Field 129" modifies="template">
      <A name="downhole_pump">1</A>
      <A name="water_reinjection">0</A>
      <A name="natural_gas_reinjection">0</A>
      <A name="water_flooding">0</A>
      <A name="gas_lifting">0</A>
      <A name="gas_flooding">0</A>
      <A name="steam_flooding">0</A>
      <A name="oil_sands_mine">None</A>
      <A name="country">United States</A>
      <A name="name">US AVG Associated gas</A>
      <A name="age">50.0</A>
      <A name="depth">7000.0</A>
      <A name="oil_prod">8600000.0</A>
      <A name="num_prod_wells">199413</A>
      <A name="res_press">1505.0</A>
      <A name="API">30.0</A>
      <A name="GOR">2108.0</A>
      <A name="WOR">9.329190146</A>
    </Field>
    <Field name="Field 130" modifies="template">
      <A name="downhole_pump">1</A>
      <A name="water_reinjection">1</A>
      <A name="natural_gas_reinjection">1</A>
      <A name="water_flooding">0</A>
      <A name="gas_lifting">0</A>
      <A name="gas_flooding">0</A>
      <A name="steam_flooding">0</A>
      <A name="oil_sands_mine">None</A>
      <A name="country">Mexico</A>
      <A name="name">Cant Test</A>
      <A name="age">35.0</A>
      <A name="depth">8100.0</A>
      <A name="oil_prod">750000.0</A>
      <A name="num_prod_wells">210</A>
      <A name="num_water_inj_wells">9</A>
      <A name="well_diam">9.63</A>
      <A name="prod_index">150.0</A>
      <A name="res_press">1470.0</A>
      <A name="API">22.0</A>
      <A name="GOR">250.0</A>
      <A name="WOR">0.25</A>
      <A name="GFIR">1000.0</A>
      <A name="flood_gas_type">NG</A>
      <A name="fraction_water_reinjected">1.0</A>
      <A name="frac_transport_tanker">1.0</A>
      <A name="frac_transport_barge">0.0</A>
      <A name="frac_transport_pipeline">0.0</A>
      <A name="frac_transport_rail">0.0</A>
      <A name="transport_dist_tanker">765.0</A>
    </Field>
    <Field name="Field 131" modifies="template">
      <A name="downhole_pump">1</A>
      <A name="natural_gas_reinjection">0</A>
      <A name="gas_lifting">0</A>
      <A name="oil_sands_mine">None</A>
      <A name="country">Nigeria</A>
      <A name="name">Soku</A>
      <A name="age">46.0</A>
      <A name="depth">10150.0</A>
      <A name="oil_prod">6071.4</A>
      <A name="res_press">4174.2</A>
      <A name="res_temp">252.7</A>
      <A name="offshore">0.0</A>
      <A name="API">47.5</A>
      <A name="gas_comp_N2">0.11</A>
      <A name="gas_comp_CO2">0.22</A>
      <A name="gas_comp_C1">92.51</A>
      <A name="gas_comp_C2">2.78</A>
      <A name="gas_comp_C3">1.66</A>
      <A name="gas_comp_C4">0.78</A>
      <A name="GOR">53395.0</A>
      <A name="WOR">0.26</A>
      <A name="fraction_elec_onsite">0.0</A>
      <A name="fraction_remaining_gas_inj">1.0</A>
      <A name="FOR">422.07</A>
      <A name="transport_dist_pipeline">416.32</A>
    </Field>
    <Field name="Field 132" modifies="template">
      <A name="downhole_pump">1</A>
      <A name="water_reinjection">0</A>
      <A name="water_flooding">0</A>
      <A name="oil_sands_mine">None</A>
      <A name="country">United Kingdom</A>
      <A name="name">Brent (Oil)</A>
      <A name="age">40.0</A>
      <A name="oil_prod">369.8</A>
      <A name="num_prod_wells">146</A>
      <A name="offshore">1.0</A>
      <A name="API">34.0</A>
      <A name="gas_comp_CO2">11.03</A>
      <A name="gas_comp_C1">70.87</A>
      <A name="gas_comp_C2">10.26</A>
      <A name="gas_comp_C3">3.38</A>
      <A name="gas_comp_C4">2.95</A>
      <A name="gas_comp_H2S">0.0</A>
      <A name="GOR">34785.0</A>
      <A name="WOR">93.81</A>
      <A name="fraction_elec_onsite">1.0</A>
      <A name="FOR">9343.3</A>
      <A name="transport_dist_pipeline">490.88</A>
    </Field>
    <Field name="Field 133" modifies="template">
      <A name="downhole_pump">1</A>
      <A name="oil_sands_mine">None</A>
      <A name="country">United Arab Emirates</A>
      <A name="name">Shah (United Arab Emirates)</A>
      <A name="age">2.0</A>
      <A name="depth">8000.0</A>
      <A name="oil_prod">39227.0</A>
      <A name="res_press">5500.0</A>
      <A name="res_temp">302.0</A>
      <A name="offshore">0.0</A>
      <A name="gas_comp_CO2">10.0</A>
      <A name="gas_comp_H2S">23.0</A>
      <A name="GOR">22000.0</A>
      <A name="WOR">0.11</A>
      <A name="fraction_elec_onsite">0.0</A>
      <A name="FOR">0.0</A>
      <A name="transport_dist_pipeline">683.51</A>
    </Field>
    <Field name="Field 134" modifies="template">
      <A name="downhole_pump">1</A>
      <A name="water_reinjection">1</A>
      <A name="natural_gas_reinjection">1</A>
      <A name="gas_lifting">0</A>
      <A name="oil_sands_mine">None</A>
      <A name="country">Nigeria</A>
      <A name="name">Akpo (Gas)</A>
      <A name="age">8.0</A>
      <A name="depth">4347.0</A>
      <A name="oil_prod">157682.0</A>
      <A name="num_prod_wells">22</A>
      <A name="num_water_inj_wells">20</A>
      <A name="res_press">5365.0</A>
      <A name="res_temp">239.0</A>
      <A name="offshore">1.0</A>
      <A name="API">46.65</A>
      <A name="gas_comp_C2">0.01</A>
      <A name="gas_comp_C3">0.77</A>
      <A name="gas_comp_C4">3.29</A>
      <A name="gas_comp_H2S">0.06</A>
      <A name="GOR">3404.8</A>
      <A name="WOR">0.57</A>
      <A name="fraction_elec_onsite">1.0</A>
      <A name="FOR">55.41</A>
      <A name="transport_dist_pipeline">416.32</A>
    </Field>
    <Field name="Field 135" modifies="template">
      <A name="downhole_pump">1</A>
      <A name="oil_sands_mine">None</A>
      <A name="country">China</A>
      <A name="name">Puguang</A>
      <A name="age">7.0</A>
      <A name="depth">18617.7</A>
      <A name="oil_prod">30.0</A>
      <A name="num_prod_wells">39</A>
      <A name="well_diam">7.0</A>
      <A name="res_press">8122.0</A>
      <A name="res_temp">405.12</A>
      <A name="offshore">0.0</A>
      <A name="gas_comp_N2">1.18</A>
      <A name="gas_comp_CO2">8.8</A>
      <A name="gas_comp_C1">76.23</A>
      <A name="gas_comp_C2">0.08</A>
      <A name="gas_comp_C3">0.01</A>
      <A name="gas_comp_H2S">14.72</A>
      <A name="GOR">25900000.0</A>
      <A name="WOR">0.735588111</A>
      <A name="fraction_elec_onsite">0.0</A>
      <A name="transport_dist_pipeline">1342.16</A>
    </Field>
    <Field name="Field 136" modifies="template">
      <A name="downhole_pump">1</A>
      <A name="oil_sands_mine">None</A>
      <A name="country">China</A>
      <A name="name">Sulige</A>
      <A name="age">11.0</A>
      <A name="depth">11482.9</A>
      <A name="oil_prod">30.0</A>
      <A name="num_prod_wells">9632</A>
      <A name="well_diam">6.0</A>
      <A name="res_press">4722.42</A>
      <A name="res_temp">276.69</A>
      <A name="offshore">0.0</A>
      <A name="GOR">73000000.0</A>
      <A name="WOR">1.214857477</A>
      <A name="fraction_elec_onsite">0.0</A>
      <A name="FOR">69991.9</A>
      <A name="transport_dist_pipeline">1342.16</A>
    </Field>
    <Field name="Field 137" modifies="template">
      <A name="downhole_pump">1</A>
      <A name="water_reinjection">1</A>
      <A name="oil_sands_mine">None</A>
      <A name="country">Netherlands</A>
      <A name="name">Groningen (Netherlands)</A>
      <A name="age">54.0</A>
      <A name="depth">9512.0</A>
      <A name="oil_prod">369.56</A>
      <A name="num_prod_wells">258</A>
      <A name="num_water_inj_wells">2</A>
      <A name="well_diam">4.5</A>
      <A name="res_press">1250.95</A>
      <A name="res_temp">241.22</A>
      <A name="offshore">0.0</A>
      <A name="gas_comp_N2">14.08</A>
      <A name="gas_comp_CO2">0.95</A>
      <A name="gas_comp_C1">81.3</A>
      <A name="gas_comp_C2">2.9</A>
      <A name="gas_comp_C3">0.4</A>
      <A name="gas_comp_C4">0.1</A>
      <A name="gas_comp_H2S">0.0</A>
      <A name="GOR">8650000.0</A>
      <A name="WOR">16.36</A>
      <A name="fraction_elec_onsite">0.0</A>
      <A name="transport_dist_pipeline">490.88</A>
    </Field>
    <Field name="Field 138" modifies="template">
      <A name="downhole_pump">1</A>
      <A name="oil_sands_mine">None</A>
      <A name="country">Iran</A>
      <A name="name">South Pars 1 (BB)</A>
      <A name="age">15.0</A>
      <A name="depth">10173.0</A>
      <A name="oil_prod">223998.0</A>
      <A name="num_prod_wells">126</A>
      <A name="res_press">4951.0</A>
      <A name="res_temp">213.0</A>
      <A name="offshore">1.0</A>
      <A name="gas_comp_N2">3.3</A>
      <A name="gas_comp_CO2">2.23</A>
      <A name="gas_comp_C1">81.3</A>
      <A name="gas_comp_C2">5.1</A>
      <A name="gas_comp_C3">1.9</A>
      <A name="gas_comp_C4">0.4</A>
      <A name="gas_comp_H2S">0.6</A>
      <A name="GOR">50300.0</A>
      <A name="WOR">1.742417576</A>
      <A name="fraction_elec_onsite">1.0</A>
      <A name="fraction_remaining_gas_inj">1.0</A>
      <A name="FOR">79.46</A>
      <A name="transport_dist_pipeline">683.51</A>
    </Field>
    <Field name="Field 139" modifies="template">
      <A name="downhole_pump">1</A>
      <A name="oil_sands_mine">None</A>
      <A name="country">Iran</A>
      <A name="name">Tabnak</A>
      <A name="age">13.0</A>
      <A name="depth">10573.0</A>
      <A name="oil_prod">21000.0</A>
      <A name="num_prod_wells">29</A>
      <A name="well_diam">6.0</A>
      <A name="res_press">4348.0</A>
      <A name="res_temp">260.31</A>
      <A name="offshore">0.0</A>
      <A name="GOR">75674.0</A>
      <A name="WOR">1.472308021</A>
      <A name="fraction_elec_onsite">0.0</A>
      <A name="fraction_remaining_gas_inj">1.0</A>
      <A name="FOR">0.0</A>
      <A name="transport_dist_pipeline">683.51</A>
    </Field>
    <Field name="Field 140" modifies="template">
      <A name="downhole_pump">1</A>
      <A name="oil_sands_mine">None</A>
      <A name="country">Israel</A>
      <A name="name">Tamar</A>
      <A name="age">4.0</A>
      <A name="depth">16210.0</A>
      <A name="oil_prod">2047.2</A>
      <A name="num_prod_wells">5</A>
      <A name="well_diam">7.0</A>
      <A name="res_press">8662.1</A>
      <A name="res_temp">200.0</A>
      <A name="offshore">1.0</A>
      <A name="GOR">522159.0</A>
      <A name="WOR">0.17</A>
      <A name="fraction_elec_onsite">1.0</A>
    </Field>
    <Field name="Field 141" modifies="template">
      <A name="downhole_pump">1</A>
      <A name="natural_gas_reinjection">0</A>
      <A name="oil_sands_mine">None</A>
      <A name="country">New Zealand</A>
      <A name="name">Kapuni</A>
      <A name="age">47.0</A>
      <A name="depth">11264.0</A>
      <A name="oil_prod">653.85</A>
      <A name="num_prod_wells">20</A>
      <A name="res_press">4632.5</A>
      <A name="res_temp">272.76</A>
      <A name="offshore">0.0</A>
      <A name="gas_comp_CO2">43.9</A>
      <A name="gas_comp_C1">45.6</A>
      <A name="gas_comp_C2">5.8</A>
      <A name="gas_comp_C3">2.9</A>
      <A name="gas_comp_C4">1.1</A>
      <A name="GOR">43104.0</A>
      <A name="WOR">8.401764396</A>
      <A name="fraction_elec_onsite">0.0</A>
      <A name="FOR">0.0</A>
      <A name="transport_dist_pipeline">226.8</A>
    </Field>
    <Field name="Field 142" modifies="template">
      <A name="downhole_pump">1</A>
      <A name="oil_sands_mine">None</A>
      <A name="country">Russian Federation</A>
      <A name="name">Zapolyarnoye</A>
      <A name="age">16.0</A>
      <A name="depth">3157.5</A>
      <A name="oil_prod">41636.0</A>
      <A name="res_press">4530.0</A>
      <A name="res_temp">126.84</A>
      <A name="offshore">0.0</A>
      <A name="gas_comp_CO2">0.13</A>
      <A name="gas_comp_C1">85.0</A>
      <A name="gas_comp_H2S">0.0</A>
      <A name="GOR">282000.0</A>
      <A name="WOR">1.882412821</A>
      <A name="fraction_elec_onsite">0.0</A>
      <A name="fraction_remaining_gas_inj">1.0</A>
      <A name="FOR">10.53</A>
      <A name="transport_dist_pipeline">1795.8</A>
    </Field>
    <Field name="Field 143" modifies="template">
      <A name="downhole_pump">1</A>
      <A name="oil_sands_mine">None</A>
      <A name="country">Russian Federation</A>
      <A name="name">Urengoiskoye</A>
      <A name="age">39.0</A>
      <A name="depth">13123.0</A>
      <A name="oil_prod">21118.0</A>
      <A name="num_prod_wells">2800</A>
      <A name="res_press">8817.0</A>
      <A name="res_temp">306.21</A>
      <A name="offshore">0.0</A>
      <A name="gas_comp_N2">0.83</A>
      <A name="gas_comp_CO2">0.26</A>
      <A name="gas_comp_C1">92.03</A>
      <A name="gas_comp_C2">2.94</A>
      <A name="gas_comp_C3">2.66</A>
      <A name="gas_comp_H2S">0.0</A>
      <A name="GOR">649000.0</A>
      <A name="WOR">0.25</A>
      <A name="fraction_elec_onsite">0.0</A>
      <A name="fraction_remaining_gas_inj">1.0</A>
      <A name="FOR">3382.9</A>
      <A name="transport_dist_pipeline">1795.8</A>
    </Field>
    <Field name="Field 144" modifies="template">
      <A name="downhole_pump">1</A>
      <A name="oil_sands_mine">None</A>
      <A name="country">Russian Federation</A>
      <A name="name">Yamburgskoye</A>
      <A name="age">31.0</A>
      <A name="depth">3610.0</A>
      <A name="oil_prod">18106.0</A>
      <A name="res_press">3468.0</A>
      <A name="res_temp">180.0</A>
      <A name="offshore">0.0</A>
      <A name="gas_comp_N2">1.29</A>
      <A name="gas_comp_CO2">0.37</A>
      <A name="gas_comp_C1">97.28</A>
      <A name="gas_comp_C2">0.08</A>
      <A name="gas_comp_C4">0.0</A>
      <A name="gas_comp_H2S">0.0</A>
      <A name="GOR">736000.0</A>
      <A name="WOR">4.440535243</A>
      <A name="fraction_elec_onsite">0.0</A>
      <A name="fraction_remaining_gas_inj">1.0</A>
      <A name="FOR">583.3</A>
      <A name="transport_dist_pipeline">1795.8</A>
    </Field>
    <Field name="Field 145" modifies="template">
      <A name="downhole_pump">1</A>
      <A name="oil_sands_mine">None</A>
      <A name="country">Russian Federation</A>
      <A name="name">Bovanenkovskoye</A>
      <A name="age">9.0</A>
      <A name="depth">4100.0</A>
      <A name="oil_prod">1432.83</A>
      <A name="num_prod_wells">453</A>
      <A name="res_press">4055.5</A>
      <A name="res_temp">201.0</A>
      <A name="offshore">0.0</A>
      <A name="gas_comp_N2">4.5</A>
      <A name="gas_comp_CO2">0.78</A>
      <A name="gas_comp_C1">94.0</A>
      <A name="gas_comp_H2S">0.0</A>
      <A name="GOR">5530000.0</A>
      <A name="WOR">0.969472666</A>
      <A name="fraction_elec_onsite">0.0</A>
      <A name="fraction_remaining_gas_inj">1.0</A>
    </Field>
    <Field name="Field 146" modifies="template">
      <A name="downhole_pump">1</A>
      <A name="oil_sands_mine">None</A>
      <A name="country">Russian Federation</A>
      <A name="name">Astrakhanskoye</A>
      <A name="age">31.0</A>
      <A name="depth">13285.0</A>
      <A name="oil_prod">62168.0</A>
      <A name="num_prod_wells">222</A>
      <A name="res_press">8700.0</A>
      <A name="res_temp">230.0</A>
      <A name="offshore">0.0</A>
      <A name="gas_comp_N2">4.0</A>
      <A name="gas_comp_CO2">17.81</A>
      <A name="gas_comp_C1">51.49</A>
      <A name="gas_comp_C2">1.61</A>
      <A name="gas_comp_H2S">24.14</A>
      <A name="GOR">21000.0</A>
      <A name="WOR">0.13</A>
      <A name="fraction_elec_onsite">0.0</A>
      <A name="fraction_remaining_gas_inj">1.0</A>
      <A name="FOR">209.59</A>
      <A name="transport_dist_pipeline">1795.8</A>
    </Field>
    <Field name="Field 147" modifies="template">
      <A name="downhole_pump">1</A>
      <A name="natural_gas_reinjection">1</A>
      <A name="oil_sands_mine">None</A>
      <A name="country">Kazakhstan</A>
      <A name="name">Karachaganak</A>
      <A name="age">32.0</A>
      <A name="depth">14213.0</A>
      <A name="oil_prod">217453.0</A>
      <A name="num_prod_wells">100</A>
      <A name="res_press">7251.9</A>
      <A name="res_temp">185.0</A>
      <A name="offshore">0.0</A>
      <A name="API">45.0</A>
      <A name="gas_comp_N2">3.49</A>
      <A name="gas_comp_CO2">6.26</A>
      <A name="gas_comp_C1">56.2</A>
      <A name="gas_comp_C2">4.87</A>
      <A name="gas_comp_C3">2.24</A>
      <A name="gas_comp_C4">1.17</A>
      <A name="gas_comp_H2S">3.64</A>
      <A name="GOR">3605.4</A>
      <A name="WOR">4.646068624</A>
      <A name="fraction_elec_onsite">0.0</A>
      <A name="FOR">6.26</A>
      <A name="transport_dist_pipeline">4032.7</A>
    </Field>
    <Field name="Field 148" modifies="template">
      <A name="downhole_pump">1</A>
      <A name="water_reinjection">1</A>
      <A name="oil_sands_mine">None</A>
      <A name="country">Azerbaijan</A>
      <A name="name">Shah Deniz Phase One</A>
      <A name="age">11.0</A>
      <A name="depth">5272.5</A>
      <A name="oil_prod">52019.0</A>
      <A name="num_prod_wells">4</A>
      <A name="well_diam">6.25</A>
      <A name="res_press">14000.0</A>
      <A name="res_temp">164.91</A>
      <A name="offshore">1.0</A>
      <A name="GOR">536.84</A>
      <A name="WOR">1.214857477</A>
      <A name="fraction_elec_onsite">1.0</A>
      <A name="transport_dist_pipeline">1056.3</A>
    </Field>
    <Field name="Field 149" modifies="template">
      <A name="downhole_pump">1</A>
      <A name="oil_sands_mine">None</A>
      <A name="country">Turkmenistan</A>
      <A name="name">South Iolotan (Phase 1)</A>
      <A name="age">4.0</A>
      <A name="depth">14108.0</A>
      <A name="oil_prod">21830.0</A>
      <A name="num_prod_wells">40</A>
      <A name="res_press">5801.8</A>
      <A name="res_temp">323.94</A>
      <A name="offshore">0.0</A>
      <A name="gas_comp_H2S">6.0</A>
      <A name="GOR">420757.0</A>
      <A name="WOR">0.405152196</A>
      <A name="fraction_elec_onsite">0.0</A>
      <A name="FOR">102.87</A>
      <A name="transport_dist_pipeline">4032.7</A>
    </Field>
    <Field name="Field 150" modifies="template">
      <A name="downhole_pump">1</A>
      <A name="water_reinjection">0</A>
      <A name="natural_gas_reinjection">1</A>
      <A name="water_flooding">1</A>
      <A name="gas_lifting">0</A>
      <A name="gas_flooding">0</A>
      <A name="steam_flooding">0</A>
      <A name="oil_sands_mine">None</A>
      <A name="country">Nigeria</A>
      <A name="name">Agbami</A>
      <A name="age">8.5</A>
      <A name="depth">12648.0</A>
      <A name="oil_prod">233936.0</A>
      <A name="num_prod_wells">22</A>
      <A name="num_water_inj_wells">11</A>
      <A name="well_diam">4.5</A>
      <A name="res_press">2700.0</A>
      <A name="res_temp">297.66</A>
      <A name="API">48.28</A>
      <A name="GOR">1277.9</A>
      <A name="WOR">0.14</A>
      <A name="fraction_remaining_gas_inj">1.0</A>
      <A name="fraction_water_reinjected">1.0</A>
      <A name="FOR">69.39</A>
      <A name="transport_dist_pipeline">416.32</A>
    </Field>
    <Field name="Field 151" modifies="template">
      <A name="downhole_pump">1</A>
      <A name="natural_gas_reinjection">1</A>
      <A name="gas_flooding">0</A>
      <A name="oil_sands_mine">None</A>
      <A name="country">Norway</A>
      <A name="name">Troll</A>
      <A name="depth">6224.3</A>
      <A name="oil_prod">120875.0</A>
      <A name="num_prod_wells">526</A>
      <A name="num_water_inj_wells">5</A>
      <A name="res_press">2559.8</A>
      <A name="res_temp">182.04</A>
      <A name="GOR">29495.0</A>
      <A name="WOR">2.61</A>
      <A name="FOR">7.32</A>
      <A name="transport_dist_pipeline">490.88</A>
    </Field>
    <Field name="Field 152" modifies="template">
      <A name="downhole_pump">1</A>
      <A name="oil_sands_mine">None</A>
      <A name="country">USA</A>
      <A name="name">Hugoton</A>
      <A name="age">95.0</A>
      <A name="depth">2650.0</A>
      <A name="oil_prod">69.62</A>
      <A name="num_prod_wells">7897</A>
      <A name="res_press">211.47</A>
      <A name="res_temp">117.7</A>
      <A name="gas_comp_N2">14.62</A>
      <A name="gas_comp_CO2">0.24</A>
      <A name="gas_comp_C1">72.59</A>
      <A name="gas_comp_C2">6.68</A>
      <A name="gas_comp_C3">3.08</A>
      <A name="gas_comp_C4">0.93</A>
      <A name="GOR">3840000.0</A>
      <A name="WOR">35.29103193</A>
      <A name="FOR">765.9</A>
      <A name="transport_dist_pipeline">1261.38</A>
    </Field>
    <Field name="Field 153" modifies="template">
      <A name="downhole_pump">1</A>
      <A name="oil_sands_mine">None</A>
      <A name="country">Peru</A>
      <A name="name">Camisea Project</A>
      <A name="age">13.0</A>
      <A name="depth">8513.8</A>
      <A name="oil_prod">85000.0</A>
      <A name="num_prod_wells">23</A>
      <A name="res_press">3132.0</A>
      <A name="res_temp">167.0</A>
      <A name="offshore">0.0</A>
      <A name="gas_comp_N2">0.55</A>
      <A name="gas_comp_CO2">0.18</A>
      <A name="gas_comp_C1">80.3</A>
      <A name="gas_comp_C2">9.9</A>
      <A name="gas_comp_C3">6.4</A>
      <A name="gas_comp_C4">1.7</A>
      <A name="GOR">10791.0</A>
      <A name="WOR">1.472308021</A>
      <A name="fraction_elec_onsite">0.0</A>
      <A name="FOR">8.88</A>
      <A name="transport_dist_pipeline">2417.1</A>
    </Field>
    <Field name="Field 154" modifies="template">
      <A name="oil_sands_mine">None</A>
    </Field>
    <Field name="Field 155" modifies="template">
      <A name="downhole_pump">1</A>
      <A name="water_reinjection">0</A>
      <A name="natural_gas_reinjection">1</A>
      <A name="water_flooding">0</A>
      <A name="gas_flooding">0</A>
      <A name="oil_sands_mine">None</A>
      <A name="country">Norway</A>
      <A name="name">Sleipner Vest</A>
      <A name="depth">10674.0</A>
      <A name="oil_prod">14033.0</A>
      <A name="num_prod_wells">23</A>
      <A name="num_water_inj_wells">0</A>
      <A name="res_press">4389.9</A>
      <A name="res_temp">262.14</A>
      <A name="offshore">1.0</A>
      <A name="GOR">31683.0</A>
      <A name="WOR">0.45</A>
      <A name="fraction_elec_onsite">1.0</A>
      <A name="gas_processing_path">CO2-EOR Ryan Holmes</A>
      <A name="FOR">51.07</A>
      <A name="transport_dist_pipeline">490.88</A>
    </Field>
    <Field name="Field 156" modifies="template">
      <A name="oil_sands_mine">None</A>
    </Field>
    <Field name="Field 157" modifies="template">
      <A name="downhole_pump">0</A>
      <A name="natural_gas_reinjection">1</A>
      <A name="gas_lifting">1</A>
      <A name="oil_sands_mine">None</A>
      <A name="country">Algeria</A>
      <A name="name">Hassi R`Mel</A>
      <A name="age">43.0</A>
      <A name="depth">7309.5</A>
      <A name="oil_prod">277922.0</A>
      <A name="num_prod_wells">160</A>
      <A name="res_press">3003.5</A>
      <A name="res_temp">201.57</A>
      <A name="offshore">0.0</A>
      <A name="API">66.64</A>
      <A name="gas_comp_N2">5.7</A>
      <A name="gas_comp_CO2">0.2</A>
      <A name="gas_comp_C1">81.05</A>
      <A name="gas_comp_C2">7.15</A>
      <A name="gas_comp_C3">2.35</A>
      <A name="gas_comp_C4">0.8</A>
      <A name="gas_comp_H2S">0.0</A>
      <A name="GOR">17125.0</A>
      <A name="WOR">7.264634434</A>
      <A name="fraction_elec_onsite">0.0</A>
      <A name="FOR">212.19</A>
      <A name="transport_dist_tanker">6362.8</A>
      <A name="transport_dist_pipeline">167.77</A>
    </Field>
    <Field name="Field 158" modifies="template">
      <A name="downhole_pump">1</A>
      <A name="oil_sands_mine">None</A>
      <A name="country">Qatar</A>
      <A name="name">Idd El Shargi North Dome</A>
      <A name="age">26.0</A>
      <A name="depth">8050.0</A>
      <A name="oil_prod">425000.0</A>
      <A name="num_prod_wells">89</A>
      <A name="num_water_inj_wells">6</A>
      <A name="res_press">5300.0</A>
      <A name="res_temp">220.0</A>
      <A name="offshore">1.0</A>
      <A name="gas_comp_N2">3.4</A>
      <A name="gas_comp_CO2">2.2</A>
      <A name="gas_comp_C1">80.0</A>
      <A name="gas_comp_C2">5.1</A>
      <A name="gas_comp_C3">1.8</A>
      <A name="gas_comp_C4">0.8</A>
      <A name="GOR">56325.0</A>
      <A name="WOR">3.483708533</A>
      <A name="fraction_elec_onsite">1.0</A>
      <A name="FOR">94.5</A>
      <A name="transport_dist_tanker">6362.8</A>
      <A name="transport_dist_pipeline">167.77</A>
    </Field>
    <Field name="Field 159" modifies="template">
      <A name="downhole_pump">1</A>
      <A name="oil_sands_mine">None</A>
      <A name="country">Australia</A>
      <A name="name">Condabri Central (APLNG)</A>
      <A name="age">1.0</A>
      <A name="depth">800.0</A>
      <A name="oil_prod">30.0</A>
      <A name="num_prod_wells">2490</A>
      <A name="res_press">329.0</A>
      <A name="res_temp">84.4</A>
      <A name="offshore">0.0</A>
      <A name="gas_comp_N2">1.65</A>
      <A name="gas_comp_CO2">0.34</A>
      <A name="gas_comp_C1">98.01</A>
      <A name="gas_comp_C2">0.0</A>
      <A name="GOR">56300000.0</A>
      <A name="WOR">0.097671368</A>
      <A name="fraction_elec_onsite">0.0</A>
      <A name="FOR">308711.0</A>
      <A name="transport_dist_tanker">6362.84</A>
      <A name="transport_dist_pipeline">167.77</A>
    </Field>
    <Field name="Field 160" modifies="template">
      <A name="oil_sands_mine">None</A>
    </Field>
    <Field name="Field 161" modifies="template">
      <A name="downhole_pump">1</A>
      <A name="natural_gas_reinjection">1</A>
      <A name="gas_flooding">0</A>
      <A name="oil_sands_mine">None</A>
      <A name="country">Australia</A>
      <A name="name">Jansz-Io</A>
      <A name="age">2.0</A>
      <A name="oil_prod">9790.2</A>
      <A name="num_prod_wells">10</A>
      <A name="well_diam">9.63</A>
      <A name="res_press">4550.0</A>
      <A name="offshore">1.0</A>
      <A name="gas_comp_CO2">0.1</A>
      <A name="gas_comp_C1">89.0</A>
      <A name="GOR">143000.0</A>
      <A name="WOR">0.08</A>
      <A name="fraction_elec_onsite">1.0</A>
      <A name="gas_processing_path">CO2-EOR Ryan Holmes</A>
      <A name="transport_dist_tanker">6362.8</A>
      <A name="transport_dist_pipeline">167.77</A>
    </Field>
    <Field name="Field 162" modifies="template">
      <A name="downhole_pump">1</A>
      <A name="natural_gas_reinjection">1</A>
      <A name="gas_flooding">0</A>
      <A name="oil_sands_mine">None</A>
      <A name="country">Australia</A>
      <A name="name">Gorgon</A>
      <A name="age">1.0</A>
      <A name="depth">14408.0</A>
      <A name="oil_prod">13077.0</A>
      <A name="num_prod_wells">8</A>
      <A name="well_diam">7.69</A>
      <A name="res_press">5925.3</A>
      <A name="res_temp">309.63</A>
      <A name="offshore">1.0</A>
      <A name="gas_comp_CO2">13.58</A>
      <A name="GOR">130000.0</A>
      <A name="WOR">0.39</A>
      <A name="fraction_elec_onsite">1.0</A>
      <A name="gas_processing_path">CO2-EOR Ryan Holmes</A>
      <A name="transport_dist_tanker">6362.8</A>
      <A name="transport_dist_pipeline">167.77</A>
    </Field>
    <Field name="Field 163" modifies="template">
      <A name="oil_sands_mine">None</A>
    </Field>
    <Field name="Field 164" modifies="template">
      <A name="downhole_pump">1</A>
      <A name="oil_sands_mine">None</A>
      <A name="country">Argentina</A>
      <A name="name">Vaca Muerta</A>
      <A name="age">6.0</A>
      <A name="depth">10170.0</A>
      <A name="oil_prod">216000.0</A>
      <A name="num_prod_wells">600</A>
      <A name="res_press">8500.0</A>
      <A name="res_temp">253.06</A>
      <A name="offshore">0.0</A>
      <A name="API">28.0</A>
      <A name="gas_comp_C1">47.4</A>
      <A name="gas_comp_C2">6.5</A>
      <A name="gas_comp_C3">6.6</A>
      <A name="gas_comp_C4">3.9</A>
      <A name="GOR">2386.41</A>
      <A name="WOR">1.36</A>
      <A name="fraction_elec_onsite">0.0</A>
      <A name="FOR">6.3</A>
    </Field>
    <Field name="Field 165" modifies="template">
      <A name="downhole_pump">1</A>
      <A name="water_reinjection">0</A>
      <A name="water_flooding">0</A>
      <A name="gas_lifting">0</A>
      <A name="gas_flooding">0</A>
      <A name="steam_flooding">0</A>
      <A name="oil_sands_mine">None</A>
      <A name="country">United States</A>
      <A name="name">Eagle Ford</A>
      <A name="age">5.0</A>
      <A name="depth">9978.0</A>
      <A name="oil_prod">2000000.0</A>
      <A name="num_prod_wells">8301</A>
      <A name="num_water_inj_wells">0</A>
      <A name="res_press">3300.0</A>
      <A name="res_temp">249.6</A>
      <A name="API">47.32</A>
      <A name="gas_comp_N2">0.3</A>
      <A name="gas_comp_CO2">1.99</A>
      <A name="gas_comp_C1">66.62</A>
      <A name="gas_comp_C2">16.23</A>
      <A name="gas_comp_C3">8.52</A>
      <A name="gas_comp_C4">6.34</A>
      <A name="gas_comp_H2S">0.0</A>
      <A name="GOR">4604.3</A>
      <A name="WOR">0.9</A>
      <A name="WIR">0.0</A>
      <A name="GLIR">0.0</A>
      <A name="GFIR">0.0</A>
      <A name="SOR">0.0</A>
      <A name="fraction_remaining_gas_inj">1.0</A>
      <A name="fraction_steam_cogen">0.0</A>
      <Process class="CrudeOilDewatering">
        <A name="heater_treater">1</A>
      </Process>
      <A name="stabilizer_column">1</A>
      <A name="FOR">140.0</A>
      <A name="VOR">1.0</A>
      <A name="frac_transport_tanker">0.0</A>
      <A name="frac_transport_barge">0.2</A>
      <A name="frac_transport_pipeline">0.65</A>
      <A name="frac_transport_rail">0.35</A>
      <A name="transport_dist_pipeline">1261.4</A>
    </Field>
    <Field name="Field 166" modifies="template">
      <A name="downhole_pump">1</A>
      <A name="water_reinjection">1</A>
      <A name="oil_sands_mine">None</A>
      <A name="country">USA</A>
      <A name="name">Haynesville</A>
      <A name="age">12.0</A>
      <A name="depth">12500.0</A>
      <A name="oil_prod">42897.0</A>
      <A name="num_prod_wells">1702</A>
      <A name="num_water_inj_wells">1402</A>
      <A name="res_press">7800.0</A>
      <A name="res_temp">325.0</A>
      <A name="gas_comp_N2">0.1</A>
      <A name="gas_comp_CO2">4.8</A>
      <A name="gas_comp_C1">95.0</A>
      <A name="gas_comp_C2">0.1</A>
      <A name="gas_comp_C3">0.0</A>
      <A name="GOR">154017.0</A>
      <A name="WOR">83.79</A>
      <A name="FOR">12.82</A>
      <A name="transport_dist_pipeline">1261.4</A>
    </Field>
    <Field name="Field 167" modifies="template">
      <A name="downhole_pump">1</A>
      <A name="water_reinjection">1</A>
      <A name="oil_sands_mine">None</A>
      <A name="country">USA</A>
      <A name="name">Marcellus</A>
      <A name="age">14.0</A>
      <A name="depth">6950.0</A>
      <A name="oil_prod">39307.0</A>
      <A name="num_prod_wells">2089</A>
      <A name="res_press">2300.0</A>
      <A name="res_temp">149.0</A>
      <A name="gas_comp_N2">0.3</A>
      <A name="gas_comp_CO2">0.5</A>
      <A name="gas_comp_C1">82.1</A>
      <A name="gas_comp_C2">14.0</A>
      <A name="gas_comp_C3">3.5</A>
      <A name="gas_comp_C4">0.0</A>
      <A name="gas_comp_H2S">0.0</A>
      <A name="GOR">436000.0</A>
      <A name="WOR">1.605742219</A>
      <A name="FOR">177.08</A>
      <A name="VOR">0.3</A>
      <A name="transport_dist_pipeline">1261.4</A>
    </Field>
    <Field name="Field 168" modifies="template">
      <A name="downhole_pump">1</A>
      <A name="oil_sands_mine">None</A>
      <A name="country">Canada</A>
      <A name="name">Long Run Montney AB</A>
      <A name="age">12.0</A>
      <A name="depth">7956.0</A>
      <A name="oil_prod">34000.0</A>
      <A name="num_prod_wells">2737</A>
      <A name="res_press">4713.7</A>
      <A name="res_temp">213.21</A>
      <A name="offshore">0.0</A>
      <A name="GOR">139216.0</A>
      <A name="WOR">1.34203812</A>
      <A name="fraction_elec_onsite">0.0</A>
      <A name="FOR">1310.8</A>
      <A name="transport_dist_pipeline">1261.4</A>
    </Field>
    <Field name="Field 169" modifies="template">
      <A name="downhole_pump">1</A>
      <A name="water_reinjection">0</A>
      <A name="natural_gas_reinjection">0</A>
      <A name="water_flooding">1</A>
      <A name="gas_lifting">0</A>
      <A name="gas_flooding">1</A>
      <A name="steam_flooding">0</A>
      <A name="oil_sands_mine">None</A>
      <A name="country">United Arab Emirates</A>
      <A name="name">Abu Al Bukhoosh</A>
      <A name="age">42.0</A>
      <A name="depth">7713.25</A>
      <A name="oil_prod">9800.0</A>
      <A name="prod_index">9.58</A>
      <A name="res_press">3172.12</A>
      <A name="res_temp">208.84</A>
      <A name="offshore">1.0</A>
      <A name="API">36.0</A>
      <A name="WOR">6.997003623</A>
      <A name="flood_gas_type">CO2</A>
      <A name="fraction_elec_onsite">1.0</A>
      <A name="fraction_remaining_gas_inj">1.0</A>
      <A name="fraction_water_reinjected">1.0</A>
      <A name="gas_processing_path">CO2-EOR Ryan Holmes</A>
    </Field>
    <Field name="Field 170" modifies="template">
      <A name="oil_sands_mine">None</A>
    </Field>
    <Field name="Field 171" modifies="template">
      <A name="downhole_pump">1</A>
      <A name="water_reinjection">0</A>
      <A name="natural_gas_reinjection">0</A>
      <A name="water_flooding">0</A>
      <A name="gas_lifting">0</A>
      <A name="gas_flooding">0</A>
      <A name="steam_flooding">1</A>
      <A name="oil_sands_mine">None</A>
      <A name="country">Canada</A>
      <A name="name">CRLP</A>
      <A name="depth">1246.7</A>
      <A name="oil_prod">83709.0</A>
      <A name="num_prod_wells">177</A>
      <A name="num_water_inj_wells">137</A>
      <A name="well_diam">3.5</A>
      <A name="res_press">362.59</A>
      <A name="res_temp">383.0</A>
      <A name="offshore">0.0</A>
      <A name="API">8.0</A>
      <A name="GOR">132.23</A>
      <A name="SOR">2.55</A>
      <A name="fraction_elec_onsite">1.0</A>
      <A name="fraction_steam_cogen">0.5</A>
      <A name="fraction_steam_solar">0.0</A>
      <A name="FOR">0.0</A>
      <A name="VOR">0.0</A>
      <A name="frac_transport_tanker">0.0</A>
      <A name="frac_transport_barge">0.0</A>
      <A name="frac_transport_pipeline">1.0</A>
      <A name="frac_transport_rail">0.0</A>
      <A name="frac_transport_truck">0.0</A>
      <A name="transport_dist_tanker">0.0</A>
      <A name="transport_dist_barge">0.0</A>
      <A name="transport_dist_pipeline">2500.0</A>
      <A name="transport_dist_rail">0.0</A>
      <A name="transport_dist_truck">0.0</A>
    </Field>
    <Field name="Field 172" modifies="template">
      <A name="oil_sands_mine">None</A>
    </Field>
    <Field name="Field 173" modifies="template">
      <A name="downhole_pump">1</A>
      <A name="water_reinjection">1</A>
      <A name="natural_gas_reinjection">0</A>
      <A name="water_flooding">0</A>
      <A name="gas_lifting">0</A>
      <A name="gas_flooding">0</A>
      <A name="steam_flooding">1</A>
      <A name="oil_sands_mine">None</A>
      <A name="country">United States</A>
      <A name="name">Midway-Sunset - 2.0 comparison test for debbie</A>
      <A name="age">121.0</A>
      <A name="depth">2698.0</A>
      <A name="oil_prod">77075.0</A>
      <A name="num_prod_wells">10460</A>
      <A name="num_water_inj_wells">110</A>
      <A name="res_press">580.07</A>
      <A name="API">12.1</A>
      <A name="GOR">168.0</A>
      <A name="WOR">8.01</A>
      <A name="WIR">2.37</A>
      <A name="GLIR">0.0</A>
      <A name="GFIR">0.0</A>
      <A name="SOR">5.79</A>
      <A name="fraction_water_reinjected">0.3</A>
      <A name="fraction_steam_cogen">0.26</A>
      <A name="FOR">1.62</A>
      <A name="frac_transport_tanker">1.0</A>
      <A name="frac_transport_barge">0.0</A>
      <A name="frac_transport_pipeline">1.0</A>
      <A name="frac_transport_rail">0.0</A>
      <A name="frac_transport_truck">0.0</A>
      <A name="transport_dist_tanker">5154.0</A>
      <A name="transport_dist_barge">0.0</A>
      <A name="transport_dist_pipeline">120.0</A>
      <A name="transport_dist_rail">0.0</A>
      <A name="transport_dist_truck">0.0</A>
    </Field>
    <Field name="Field 174" modifies="template">
      <A name="oil_sands_mine">None</A>
    </Field>
    <Field name="Field 175" modifies="template">
      <A name="water_reinjection">1</A>
      <A name="natural_gas_reinjection">1</A>
      <A name="water_flooding">0</A>
      <A name="steam_flooding">1</A>
      <A name="oil_sands_mine">None</A>
      <A name="country">California</A>
      <A name="name">Midway-Sunset</A>
      <A name="depth">2698.0</A>
      <A name="oil_prod">77205.42</A>
      <A name="num_prod_wells">10060</A>
      <A name="num_water_inj_wells">107</A>
      <A name="res_press">100.0</A>
      <A name="API">19.0</A>
      <A name="GOR">186.94</A>
      <A name="WOR">9.58</A>
      <A name="SOR">6.57</A>
      <A name="fraction_remaining_gas_inj">0.87</A>
      <A name="fraction_water_reinjected">0.19</A>
      <A name="fraction_steam_cogen">0.23</A>
      <A name="FOR">13.0</A>
      <A name="frac_transport_tanker">0.0</A>
      <A name="frac_transport_barge">0.0</A>
      <A name="frac_transport_pipeline">1.0</A>
      <A name="frac_transport_rail">0.0</A>
      <A name="frac_transport_truck">0.0</A>
      <A name="transport_dist_tanker">0.0</A>
      <A name="transport_dist_barge">0.0</A>
      <A name="transport_dist_pipeline">100.0</A>
      <A name="transport_dist_rail">0.0</A>
      <A name="transport_dist_truck">0.0</A>
    </Field>
    <Field name="Field 176" modifies="template">
      <A name="water_reinjection">1</A>
      <A name="natural_gas_reinjection">0</A>
      <A name="water_flooding">0</A>
      <A name="steam_flooding">1</A>
      <A name="oil_sands_mine">None</A>
      <A name="country">California</A>
      <A name="name">Kern River</A>
      <A name="depth">850.0</A>
      <A name="oil_prod">70387.79</A>
      <A name="num_prod_wells">9928</A>
      <A name="num_water_inj_wells">15</A>
      <A name="res_press">100.0</A>
      <A name="API">13.0</A>
      <A name="GOR">10.52</A>
      <A name="WOR">11.07</A>
      <A name="SOR">3.57</A>
      <A name="fraction_remaining_gas_inj">0.11</A>
      <A name="fraction_water_reinjected">0.04</A>
      <A name="fraction_steam_cogen">0.64</A>
      <A name="gas_processing_path">CO2-EOR Membrane</A>
      <A name="FOR">13.0</A>
      <A name="frac_transport_tanker">0.0</A>
      <A name="frac_transport_barge">0.0</A>
      <A name="frac_transport_pipeline">1.0</A>
      <A name="frac_transport_rail">0.0</A>
      <A name="frac_transport_truck">0.0</A>
      <A name="transport_dist_tanker">0.0</A>
      <A name="transport_dist_barge">0.0</A>
      <A name="transport_dist_pipeline">100.0</A>
      <A name="transport_dist_rail">0.0</A>
      <A name="transport_dist_truck">0.0</A>
    </Field>
    <Field name="Field 177" modifies="template">
      <A name="oil_sands_mine">None</A>
    </Field>
    <Field name="Field 178" modifies="template">
      <A name="downhole_pump">1</A>
      <A name="water_reinjection">0</A>
      <A name="natural_gas_reinjection">0</A>
      <A name="water_flooding">1</A>
      <A name="gas_lifting">0</A>
      <A name="gas_flooding">1</A>
      <A name="steam_flooding">0</A>
      <A name="oil_sands_mine">None</A>
      <A name="country">Canada</A>
      <A name="name">Canada</A>
      <A name="age">14.0</A>
      <A name="depth">6148.0</A>
      <A name="oil_prod">3340.0</A>
      <A name="num_prod_wells">8</A>
      <A name="num_water_inj_wells">8</A>
      <A name="well_diam">5.0</A>
      <A name="prod_index">4.0</A>
      <A name="res_press">1900.0</A>
      <A name="res_temp">156.0</A>
      <A name="offshore">0.0</A>
      <A name="API">39.0</A>
      <A name="gas_comp_N2">4.98</A>
      <A name="gas_comp_CO2">1.42</A>
      <A name="gas_comp_C1">51.22</A>
      <A name="gas_comp_C2">12.02</A>
      <A name="gas_comp_C3">8.01</A>
      <A name="gas_comp_C4">3.82</A>
      <A name="gas_comp_H2S">18.53</A>
      <A name="GOR">12353.0</A>
      <A name="WOR">4.47</A>
      <A name="WIR">14.6</A>
      <A name="GLIR">0.0</A>
      <A name="GFIR">17445.0</A>
      <A name="flood_gas_type">CO2</A>
      <A name="SOR">0.0</A>
      <A name="fraction_elec_onsite">0.0</A>
      <A name="fraction_remaining_gas_inj">1.0</A>
      <A name="fraction_water_reinjected">1.0</A>
      <A name="fraction_steam_cogen">0.0</A>
      <A name="fraction_steam_solar">0.0</A>
      <Process class="CrudeOilDewatering">
        <A name="heater_treater">1</A>
      </Process>
      <A name="stabilizer_column">0</A>
      <A name="upgrader_type">None</A>
      <A name="gas_processing_path">CO2-EOR Membrane</A>
      <A name="FOR">0.0</A>
      <A name="VOR">0.0</A>
      <A name="frac_transport_tanker">0.0</A>
      <A name="frac_transport_barge">0.0</A>
      <A name="frac_transport_pipeline">1.0</A>
      <A name="frac_transport_rail">0.0</A>
      <A name="frac_transport_truck">0.0</A>
      <A name="transport_dist_tanker">0.0</A>
      <A name="transport_dist_barge">0.0</A>
      <A name="transport_dist_pipeline">1800.0</A>
      <A name="transport_dist_rail">0.0</A>
      <A name="transport_dist_truck">0.0</A>
    </Field>
    <Field name="Field 179" modifies="template">
      <A name="oil_sands_mine">None</A>
    </Field>
    <Field name="Field 180" modifies="template">
      <A name="oil_sands_mine">None</A>
      <A name="country">United States</A>
      <A name="name">Pressure - VLOW</A>
      <A name="prod_index">500.0</A>
      <A name="res_press">60.0</A>
    </Field>
    <Field name="Field 181" modifies="template">
      <A name="oil_sands_mine">None</A>
      <A name="country">United States</A>
      <A name="name">Pressure - LOW</A>
      <A name="prod_index">100.0</A>
      <A name="res_press">200.0</A>
    </Field>
    <Field name="Field 182" modifies="template">
      <A name="oil_sands_mine">None</A>
      <A name="country">United States</A>
      <A name="name">Pressure - MED</A>
      <A name="prod_index">100.0</A>
      <A name="res_press">600.0</A>
    </Field>
    <Field name="Field 183" modifies="template">
      <A name="oil_sands_mine">None</A>
      <A name="country">United States</A>
      <A name="name">Pressure - HIGH</A>
      <A name="prod_index">100.0</A>
      <A name="res_press">1200.0</A>
    </Field>
    <Field name="Field 184" modifies="template">
      <A name="oil_sands_mine">None</A>
      <A name="country">United States</A>
      <A name="name">Pressure VHIGH</A>
      <A name="prod_index">100.0</A>
      <A name="res_press">5000.0</A>
    </Field>
    <Field name="Field 185" modifies="template">
      <A name="oil_sands_mine">None</A>
    </Field>
    <Field name="Field 186" modifies="template">
      <A name="oil_sands_mine">None</A>
    </Field>
    <Field name="Field 187" modifies="template">
      <A name="oil_sands_mine">None</A>
    </Field>
    <Field name="Field 188" modifies="template">
      <A name="oil_sands_mine">None</A>
    </Field>
    <Field name="Field 189" modifies="template">
      <A name="oil_sands_mine">None</A>
    </Field>
    <Field name="Field 190" modifies="template">
      <A name="oil_sands_mine">None</A>
    </Field>
    <Field name="Field 191" modifies="template">
      <A name="oil_sands_mine">None</A>
    </Field>
    <Field name="Field 192" modifies="template">
      <A name="oil_sands_mine">None</A>
    </Field>
    <Field name="Field 193" modifies="template">
      <A name="oil_sands_mine">None</A>
    </Field>
    <Field name="Field 194" modifies="template">
      <A name="oil_sands_mine">None</A>
    </Field>
    <Field name="Field 195" modifies="template">
      <A name="oil_sands_mine">None</A>
      <A name="country">United States</A>
      <A name="name">US Gas</A>
      <A name="oil_prod">61180.0</A>
      <A name="num_prod_wells">433430</A>
      <A name="gas_comp_C1">83.2</A>
      <A name="GOR">847347.0</A>
    </Field>
    <Field name="Field 196" modifies="template">
      <A name="oil_sands_mine">None</A>
      <A name="country">United States</A>
      <A name="name">US Oil</A>
      <A name="oil_prod">7565550.0</A>
      <A name="num_prod_wells">571758</A>
      <A name="gas_comp_C1">68.3</A>
      <A name="GOR">4629.81</A>
    </Field>
    <Field name="Field 197" modifies="template">
      <A name="oil_sands_mine">None</A>
    </Field>
    <Field name="Field 198" modifies="template">
      <A name="oil_sands_mine">None</A>
    </Field>
    <Field name="Field 199" modifies="template">
      <A name="oil_sands_mine">None</A>
    </Field>
    <Field name="Field 200" modifies="template">
      <A name="oil_sands_mine">None</A>
      <A name="country">United States</A>
      <A name="name">US Gas 1</A>
      <A name="oil_prod">0.4</A>
      <A name="num_prod_wells">3976</A>
      <A name="gas_comp_C1">79.4</A>
      <A name="GOR">3916900.0</A>
    </Field>
    <Field name="Field 201" modifies="template">
      <A name="oil_sands_mine">None</A>
      <A name="country">United States</A>
      <A name="name">US Gas 2</A>
      <A name="oil_prod">0.4</A>
      <A name="num_prod_wells">2714</A>
      <A name="gas_comp_C1">79.4</A>
      <A name="GOR">2674037.5</A>
    </Field>
    <Field name="Field 202" modifies="template">
      <A name="oil_sands_mine">None</A>
      <A name="country">United States</A>
      <A name="name">US Gas 3</A>
      <A name="oil_prod">0.4</A>
      <A name="num_prod_wells">31536</A>
      <A name="gas_comp_C1">79.4</A>
      <A name="GOR">31071562.5</A>
    </Field>
    <Field name="Field 203" modifies="template">
      <A name="oil_sands_mine">None</A>
      <A name="country">United States</A>
      <A name="name">US Gas 4</A>
      <A name="oil_prod">0.4</A>
      <A name="num_prod_wells">6775</A>
      <A name="gas_comp_C1">79.4</A>
      <A name="GOR">46885800.0</A>
    </Field>
    <Field name="Field 204" modifies="template">
      <A name="oil_sands_mine">None</A>
      <A name="country">United States</A>
      <A name="name">US Gas 5</A>
      <A name="oil_prod">0.4</A>
      <A name="num_prod_wells">4625</A>
      <A name="gas_comp_C1">79.4</A>
      <A name="GOR">32008575.0</A>
    </Field>
    <Field name="Field 205" modifies="template">
      <A name="oil_sands_mine">None</A>
      <A name="country">United States</A>
      <A name="name">US Gas 6</A>
      <A name="oil_prod">0.4</A>
      <A name="num_prod_wells">53739</A>
      <A name="gas_comp_C1">79.4</A>
      <A name="GOR">371930625.0</A>
    </Field>
    <Field name="Field 206" modifies="template">
      <A name="oil_sands_mine">None</A>
      <A name="country">United States</A>
      <A name="name">US Gas 7</A>
      <A name="oil_prod">0.4</A>
      <A name="num_prod_wells">4489</A>
      <A name="gas_comp_C1">79.4</A>
      <A name="GOR">81442400.0</A>
    </Field>
    <Field name="Field 207" modifies="template">
      <A name="oil_sands_mine">None</A>
      <A name="country">United States</A>
      <A name="name">US Gas 8</A>
      <A name="oil_prod">0.4</A>
      <A name="num_prod_wells">3064</A>
      <A name="gas_comp_C1">79.4</A>
      <A name="GOR">55600100.0</A>
    </Field>
    <Field name="Field 208" modifies="template">
      <A name="oil_sands_mine">None</A>
      <A name="country">United States</A>
      <A name="name">US Gas 9</A>
      <A name="oil_prod">0.4</A>
      <A name="num_prod_wells">35603</A>
      <A name="gas_comp_C1">79.4</A>
      <A name="GOR">646057500.0</A>
    </Field>
    <Field name="Field 209" modifies="template">
      <A name="oil_sands_mine">None</A>
      <A name="country">United States</A>
      <A name="name">US Gas 10</A>
      <A name="oil_prod">0.4</A>
      <A name="num_prod_wells">4631</A>
      <A name="gas_comp_C1">79.4</A>
      <A name="GOR">166969400.0</A>
    </Field>
    <Field name="Field 210" modifies="template">
      <A name="oil_sands_mine">None</A>
      <A name="country">United States</A>
      <A name="name">US Gas 11</A>
      <A name="oil_prod">0.4</A>
      <A name="num_prod_wells">3162</A>
      <A name="gas_comp_C1">79.4</A>
      <A name="GOR">113988725.0</A>
    </Field>
    <Field name="Field 211" modifies="template">
      <A name="oil_sands_mine">None</A>
      <A name="country">United States</A>
      <A name="name">US Gas 12</A>
      <A name="oil_prod">0.4</A>
      <A name="num_prod_wells">36732</A>
      <A name="gas_comp_C1">79.4</A>
      <A name="GOR">1324516875.0</A>
    </Field>
    <Field name="Field 212" modifies="template">
      <A name="oil_sands_mine">None</A>
      <A name="country">United States</A>
      <A name="name">US Gas 13</A>
      <A name="oil_prod">0.4</A>
      <A name="num_prod_wells">5944</A>
      <A name="gas_comp_C1">79.4</A>
      <A name="GOR">481260000.0</A>
    </Field>
    <Field name="Field 213" modifies="template">
      <A name="oil_sands_mine">None</A>
      <A name="country">United States</A>
      <A name="name">US Gas 14</A>
      <A name="oil_prod">0.4</A>
      <A name="num_prod_wells">4058</A>
      <A name="gas_comp_C1">79.4</A>
      <A name="GOR">328552500.0</A>
    </Field>
    <Field name="Field 214" modifies="template">
      <A name="oil_sands_mine">None</A>
      <A name="country">United States</A>
      <A name="name">US Gas 15</A>
      <A name="oil_prod">0.4</A>
      <A name="num_prod_wells">47148</A>
      <A name="gas_comp_C1">79.4</A>
      <A name="GOR">3817687500.0</A>
    </Field>
    <Field name="Field 215" modifies="template">
      <A name="oil_sands_mine">None</A>
      <A name="country">United States</A>
      <A name="name">US Gas 16</A>
      <A name="oil_prod">0.4</A>
      <A name="num_prod_wells">2899</A>
      <A name="gas_comp_C1">79.4</A>
      <A name="GOR">503932000.0</A>
    </Field>
    <Field name="Field 216" modifies="template">
      <A name="oil_sands_mine">None</A>
      <A name="country">United States</A>
      <A name="name">US Gas 17</A>
      <A name="oil_prod">0.4</A>
      <A name="num_prod_wells">1979</A>
      <A name="gas_comp_C1">79.4</A>
      <A name="GOR">344030500.0</A>
    </Field>
    <Field name="Field 217" modifies="template">
      <A name="oil_sands_mine">None</A>
      <A name="country">United States</A>
      <A name="name">US Gas 18</A>
      <A name="oil_prod">0.4</A>
      <A name="num_prod_wells">22992</A>
      <A name="gas_comp_C1">79.4</A>
      <A name="GOR">3997537500.0</A>
    </Field>
    <Field name="Field 218" modifies="template">
      <A name="oil_sands_mine">None</A>
      <A name="country">United States</A>
      <A name="name">US Gas 19</A>
      <A name="oil_prod">0.4</A>
      <A name="num_prod_wells">3269</A>
      <A name="gas_comp_C1">79.4</A>
      <A name="GOR">1870232000.0</A>
    </Field>
    <Field name="Field 219" modifies="template">
      <A name="oil_sands_mine">None</A>
      <A name="country">United States</A>
      <A name="name">US Gas 20</A>
      <A name="oil_prod">0.4</A>
      <A name="num_prod_wells">2232</A>
      <A name="gas_comp_C1">79.4</A>
      <A name="GOR">1276793000.0</A>
    </Field>
    <Field name="Field 220" modifies="template">
      <A name="oil_sands_mine">None</A>
      <A name="country">United States</A>
      <A name="name">US Gas 21</A>
      <A name="oil_prod">0.4</A>
      <A name="num_prod_wells">25929</A>
      <A name="gas_comp_C1">79.4</A>
      <A name="GOR">14835975000.0</A>
    </Field>
    <Field name="Field 221" modifies="template">
      <A name="oil_sands_mine">None</A>
      <A name="country">United States</A>
      <A name="name">US Gas 22</A>
      <A name="oil_prod">0.4</A>
      <A name="num_prod_wells">700</A>
      <A name="gas_comp_C1">79.4</A>
      <A name="GOR">1207414000.0</A>
    </Field>
    <Field name="Field 222" modifies="template">
      <A name="oil_sands_mine">None</A>
      <A name="country">United States</A>
      <A name="name">US Gas 23</A>
      <A name="oil_prod">0.4</A>
      <A name="num_prod_wells">478</A>
      <A name="gas_comp_C1">79.4</A>
      <A name="GOR">824292250.0</A>
    </Field>
    <Field name="Field 223" modifies="template">
      <A name="oil_sands_mine">None</A>
      <A name="country">United States</A>
      <A name="name">US Gas 24</A>
      <A name="oil_prod">0.4</A>
      <A name="num_prod_wells">5550</A>
      <A name="gas_comp_C1">79.4</A>
      <A name="GOR">9578043750.0</A>
    </Field>
    <Field name="Field 224" modifies="template">
      <A name="oil_sands_mine">None</A>
      <A name="country">United States</A>
      <A name="name">US Gas 25</A>
      <A name="oil_prod">0.4</A>
      <A name="num_prod_wells">611</A>
      <A name="gas_comp_C1">79.4</A>
      <A name="GOR">3928340000.0</A>
    </Field>
    <Field name="Field 225" modifies="template">
      <A name="oil_sands_mine">None</A>
      <A name="country">United States</A>
      <A name="name">US Gas 26</A>
      <A name="oil_prod">0.4</A>
      <A name="num_prod_wells">418</A>
      <A name="gas_comp_C1">79.4</A>
      <A name="GOR">2681847500.0</A>
    </Field>
    <Field name="Field 226" modifies="template">
      <A name="oil_sands_mine">None</A>
      <A name="country">United States</A>
      <A name="name">US Gas 27</A>
      <A name="oil_prod">0.4</A>
      <A name="num_prod_wells">4847</A>
      <A name="gas_comp_C1">79.4</A>
      <A name="GOR">31162312500.0</A>
    </Field>
    <Field name="Field 227" modifies="template">
      <A name="oil_sands_mine">None</A>
      <A name="country">United States</A>
      <A name="name">US Gas 28</A>
      <A name="oil_prod">0.4</A>
      <A name="num_prod_wells">10</A>
      <A name="offshore">0.0</A>
      <A name="gas_comp_C1">79.4</A>
      <A name="GOR">454714000.0</A>
    </Field>
    <Field name="Field 228" modifies="template">
      <A name="oil_sands_mine">None</A>
      <A name="country">United States</A>
      <A name="name">US Gas 29</A>
      <A name="oil_prod">0.4</A>
      <A name="num_prod_wells">7</A>
      <A name="offshore">0.0</A>
      <A name="gas_comp_C1">79.4</A>
      <A name="GOR">310429750.0</A>
    </Field>
    <Field name="Field 229" modifies="template">
      <A name="oil_sands_mine">None</A>
      <A name="country">United States</A>
      <A name="name">US Gas 30</A>
      <A name="oil_prod">0.4</A>
      <A name="num_prod_wells">72</A>
      <A name="gas_comp_C1">79.4</A>
      <A name="GOR">3607106250.0</A>
    </Field>
    <Field name="Field 230" modifies="template">
      <A name="oil_sands_mine">None</A>
      <A name="country">United States</A>
      <A name="name">US Gas 31</A>
      <A name="oil_prod">0.4</A>
      <A name="num_prod_wells">42</A>
      <A name="gas_comp_C1">79.4</A>
      <A name="GOR">63879.4</A>
    </Field>
    <Field name="Field 231" modifies="template">
      <A name="oil_sands_mine">None</A>
      <A name="country">United States</A>
      <A name="name">US Gas 32</A>
      <A name="oil_prod">0.4</A>
      <A name="num_prod_wells">29</A>
      <A name="gas_comp_C1">79.4</A>
      <A name="GOR">43609.98</A>
    </Field>
    <Field name="Field 232" modifies="template">
      <A name="oil_sands_mine">None</A>
      <A name="country">United States</A>
      <A name="name">US Gas 33</A>
      <A name="oil_prod">0.99</A>
      <A name="num_prod_wells">330</A>
      <A name="gas_comp_C1">79.4</A>
      <A name="GOR">203942.89</A>
    </Field>
    <Field name="Field 233" modifies="template">
      <A name="oil_sands_mine">None</A>
      <A name="country">United States</A>
      <A name="name">US Gas 34</A>
      <A name="oil_prod">4.07</A>
      <A name="num_prod_wells">300</A>
      <A name="gas_comp_C1">79.4</A>
      <A name="GOR">221131.77</A>
    </Field>
    <Field name="Field 234" modifies="template">
      <A name="oil_sands_mine">None</A>
      <A name="country">United States</A>
      <A name="name">US Gas 35</A>
      <A name="oil_prod">2.78</A>
      <A name="num_prod_wells">205</A>
      <A name="gas_comp_C1">79.4</A>
      <A name="GOR">221131.77</A>
    </Field>
    <Field name="Field 235" modifies="template">
      <A name="oil_sands_mine">None</A>
      <A name="country">United States</A>
      <A name="name">US Gas 36</A>
      <A name="oil_prod">32.26</A>
      <A name="num_prod_wells">2376</A>
      <A name="gas_comp_C1">79.4</A>
      <A name="GOR">221131.77</A>
    </Field>
    <Field name="Field 236" modifies="template">
      <A name="oil_sands_mine">None</A>
      <A name="country">United States</A>
      <A name="name">US Gas 37</A>
      <A name="oil_prod">11.59</A>
      <A name="num_prod_wells">407</A>
      <A name="gas_comp_C1">79.4</A>
      <A name="GOR">264649.91</A>
    </Field>
    <Field name="Field 237" modifies="template">
      <A name="oil_sands_mine">None</A>
      <A name="country">United States</A>
      <A name="name">US Gas 38</A>
      <A name="oil_prod">7.91</A>
      <A name="num_prod_wells">278</A>
      <A name="gas_comp_C1">79.4</A>
      <A name="GOR">264649.91</A>
    </Field>
    <Field name="Field 238" modifies="template">
      <A name="oil_sands_mine">None</A>
      <A name="country">United States</A>
      <A name="name">US Gas 39</A>
      <A name="oil_prod">91.91</A>
      <A name="num_prod_wells">3224</A>
      <A name="gas_comp_C1">79.4</A>
      <A name="GOR">264649.91</A>
    </Field>
    <Field name="Field 239" modifies="template">
      <A name="oil_sands_mine">None</A>
      <A name="country">United States</A>
      <A name="name">US Gas 40</A>
      <A name="oil_prod">51.57</A>
      <A name="num_prod_wells">976</A>
      <A name="gas_comp_C1">79.4</A>
      <A name="GOR">288186.18</A>
    </Field>
    <Field name="Field 240" modifies="template">
      <A name="oil_sands_mine">None</A>
      <A name="country">United States</A>
      <A name="name">US Gas 41</A>
      <A name="oil_prod">35.21</A>
      <A name="num_prod_wells">667</A>
      <A name="gas_comp_C1">79.4</A>
      <A name="GOR">288186.18</A>
    </Field>
    <Field name="Field 241" modifies="template">
      <A name="oil_sands_mine">None</A>
      <A name="country">United States</A>
      <A name="name">US Gas 42</A>
      <A name="oil_prod">409.08</A>
      <A name="num_prod_wells">7742</A>
      <A name="gas_comp_C1">79.4</A>
      <A name="GOR">288186.18</A>
    </Field>
    <Field name="Field 242" modifies="template">
      <A name="oil_sands_mine">None</A>
      <A name="country">United States</A>
      <A name="name">US Gas 43</A>
      <A name="oil_prod">381.96</A>
      <A name="num_prod_wells">3218</A>
      <A name="gas_comp_C1">79.4</A>
      <A name="GOR">291012.06</A>
    </Field>
    <Field name="Field 243" modifies="template">
      <A name="oil_sands_mine">None</A>
      <A name="country">United States</A>
      <A name="name">US Gas 44</A>
      <A name="oil_prod">260.76</A>
      <A name="num_prod_wells">2197</A>
      <A name="gas_comp_C1">79.4</A>
      <A name="GOR">291012.06</A>
    </Field>
    <Field name="Field 244" modifies="template">
      <A name="oil_sands_mine">None</A>
      <A name="country">United States</A>
      <A name="name">US Gas 45</A>
      <A name="oil_prod">3029.98</A>
      <A name="num_prod_wells">25524</A>
      <A name="gas_comp_C1">79.4</A>
      <A name="GOR">291012.06</A>
    </Field>
    <Field name="Field 245" modifies="template">
      <A name="oil_sands_mine">None</A>
      <A name="country">United States</A>
      <A name="name">US Gas 46</A>
      <A name="oil_prod">720.65</A>
      <A name="num_prod_wells">3112</A>
      <A name="gas_comp_C1">79.4</A>
      <A name="GOR">306885.26</A>
    </Field>
    <Field name="Field 246" modifies="template">
      <A name="oil_sands_mine">None</A>
      <A name="country">United States</A>
      <A name="name">US Gas 47</A>
      <A name="oil_prod">491.98</A>
      <A name="num_prod_wells">2125</A>
      <A name="gas_comp_C1">79.4</A>
      <A name="GOR">306885.26</A>
    </Field>
    <Field name="Field 247" modifies="template">
      <A name="oil_sands_mine">None</A>
      <A name="country">United States</A>
      <A name="name">US Gas 48</A>
      <A name="oil_prod">5716.67</A>
      <A name="num_prod_wells">24681</A>
      <A name="gas_comp_C1">79.4</A>
      <A name="GOR">306885.26</A>
    </Field>
    <Field name="Field 248" modifies="template">
      <A name="oil_sands_mine">None</A>
      <A name="country">United States</A>
      <A name="name">US Gas 49</A>
      <A name="oil_prod">2166.84</A>
      <A name="num_prod_wells">3124</A>
      <A name="gas_comp_C1">79.4</A>
      <A name="GOR">285284.38</A>
    </Field>
    <Field name="Field 249" modifies="template">
      <A name="oil_sands_mine">None</A>
      <A name="country">United States</A>
      <A name="name">US Gas 50</A>
      <A name="oil_prod">1479.29</A>
      <A name="num_prod_wells">2133</A>
      <A name="gas_comp_C1">79.4</A>
      <A name="GOR">285284.38</A>
    </Field>
    <Field name="Field 250" modifies="template">
      <A name="oil_sands_mine">None</A>
      <A name="country">United States</A>
      <A name="name">US Gas 51</A>
      <A name="oil_prod">17188.88</A>
      <A name="num_prod_wells">24776</A>
      <A name="gas_comp_C1">79.4</A>
      <A name="GOR">285284.38</A>
    </Field>
    <Field name="Field 251" modifies="template">
      <A name="oil_sands_mine">None</A>
      <A name="country">United States</A>
      <A name="name">US Gas 52</A>
      <A name="oil_prod">867.06</A>
      <A name="num_prod_wells">322</A>
      <A name="gas_comp_C1">79.4</A>
      <A name="GOR">258519.15</A>
    </Field>
    <Field name="Field 252" modifies="template">
      <A name="oil_sands_mine">None</A>
      <A name="country">United States</A>
      <A name="name">US Gas 53</A>
      <A name="oil_prod">591.93</A>
      <A name="num_prod_wells">220</A>
      <A name="gas_comp_C1">79.4</A>
      <A name="GOR">258519.15</A>
    </Field>
    <Field name="Field 253" modifies="template">
      <A name="oil_sands_mine">None</A>
      <A name="country">United States</A>
      <A name="name">US Gas 54</A>
      <A name="oil_prod">6878.11</A>
      <A name="num_prod_wells">2553</A>
      <A name="gas_comp_C1">79.4</A>
      <A name="GOR">258519.15</A>
    </Field>
    <Field name="Field 254" modifies="template">
      <A name="oil_sands_mine">None</A>
      <A name="country">United States</A>
      <A name="name">US Gas 55</A>
      <A name="oil_prod">2041.0</A>
      <A name="num_prod_wells">280</A>
      <A name="gas_comp_C1">79.4</A>
      <A name="GOR">325049.68</A>
    </Field>
    <Field name="Field 255" modifies="template">
      <A name="oil_sands_mine">None</A>
      <A name="country">United States</A>
      <A name="name">US Gas 56</A>
      <A name="oil_prod">1393.38</A>
      <A name="num_prod_wells">191</A>
      <A name="gas_comp_C1">79.4</A>
      <A name="GOR">325049.68</A>
    </Field>
    <Field name="Field 256" modifies="template">
      <A name="oil_sands_mine">None</A>
      <A name="country">United States</A>
      <A name="name">US Gas 57</A>
      <A name="oil_prod">16190.63</A>
      <A name="num_prod_wells">2215</A>
      <A name="gas_comp_C1">79.4</A>
      <A name="GOR">325049.68</A>
    </Field>
    <Field name="Field 257" modifies="template">
      <A name="oil_sands_mine">None</A>
      <A name="country">United States</A>
      <A name="name">US Gas 58</A>
      <A name="oil_prod">117.86</A>
      <A name="num_prod_wells">3</A>
      <A name="gas_comp_C1">79.4</A>
      <A name="GOR">309714.99</A>
    </Field>
    <Field name="Field 258" modifies="template">
      <A name="oil_sands_mine">None</A>
      <A name="country">United States</A>
      <A name="name">US Gas 59</A>
      <A name="oil_prod">80.46</A>
      <A name="num_prod_wells">2</A>
      <A name="gas_comp_C1">79.4</A>
      <A name="GOR">309714.99</A>
    </Field>
    <Field name="Field 259" modifies="template">
      <A name="oil_sands_mine">None</A>
      <A name="country">United States</A>
      <A name="name">US Gas 60</A>
      <A name="oil_prod">934.97</A>
      <A name="num_prod_wells">19</A>
      <A name="gas_comp_C1">79.4</A>
      <A name="GOR">309714.99</A>
    </Field>
    <Field name="Field 260" modifies="template">
      <A name="oil_sands_mine">None</A>
      <A name="country">United States</A>
      <A name="name">US Oil 1</A>
      <A name="oil_prod">192790.0</A>
      <A name="num_prod_wells">65606</A>
      <A name="gas_comp_C1">79.4</A>
      <A name="GOR">119.86</A>
    </Field>
    <Field name="Field 261" modifies="template">
      <A name="oil_sands_mine">None</A>
      <A name="country">United States</A>
      <A name="name">US Oil 2</A>
      <A name="oil_prod">425170.0</A>
      <A name="num_prod_wells">89163</A>
      <A name="gas_comp_C1">79.4</A>
      <A name="GOR">545.26</A>
    </Field>
    <Field name="Field 262" modifies="template">
      <A name="oil_sands_mine">None</A>
      <A name="country">United States</A>
      <A name="name">US Oil 3</A>
      <A name="oil_prod">208860.0</A>
      <A name="num_prod_wells">38948</A>
      <A name="gas_comp_C1">79.4</A>
      <A name="GOR">1343.2</A>
    </Field>
    <Field name="Field 263" modifies="template">
      <A name="oil_sands_mine">None</A>
      <A name="country">United States</A>
      <A name="name">US Oil 4</A>
      <A name="oil_prod">294520.0</A>
      <A name="num_prod_wells">44410</A>
      <A name="gas_comp_C1">79.4</A>
      <A name="GOR">2169.46</A>
    </Field>
    <Field name="Field 264" modifies="template">
      <A name="oil_sands_mine">None</A>
      <A name="country">United States</A>
      <A name="name">US Oil 5</A>
      <A name="oil_prod">581920.0</A>
      <A name="num_prod_wells">54343</A>
      <A name="gas_comp_C1">79.4</A>
      <A name="GOR">2982.03</A>
    </Field>
    <Field name="Field 265" modifies="template">
      <A name="oil_sands_mine">None</A>
      <A name="country">United States</A>
      <A name="name">US Oil 6</A>
      <A name="oil_prod">856460.0</A>
      <A name="num_prod_wells">32775</A>
      <A name="gas_comp_C1">79.4</A>
      <A name="GOR">2722.25</A>
    </Field>
    <Field name="Field 266" modifies="template">
      <A name="oil_sands_mine">None</A>
      <A name="country">United States</A>
      <A name="name">US Oil 7</A>
      <A name="oil_prod">2722700.0</A>
      <A name="num_prod_wells">42848</A>
      <A name="gas_comp_C1">79.4</A>
      <A name="GOR">3412.35</A>
    </Field>
    <Field name="Field 267" modifies="template">
      <A name="oil_sands_mine">None</A>
      <A name="country">United States</A>
      <A name="name">US Oil 8</A>
      <A name="oil_prod">953610.0</A>
      <A name="num_prod_wells">7280</A>
      <A name="gas_comp_C1">79.4</A>
      <A name="GOR">5246.48</A>
    </Field>
    <Field name="Field 268" modifies="template">
      <A name="oil_sands_mine">None</A>
      <A name="country">United States</A>
      <A name="name">US Oil 9</A>
      <A name="oil_prod">676700.0</A>
      <A name="num_prod_wells">4464</A>
      <A name="gas_comp_C1">79.4</A>
      <A name="GOR">14599.08</A>
    </Field>
    <Field name="Field 269" modifies="template">
      <A name="oil_sands_mine">None</A>
      <A name="country">United States</A>
      <A name="name">US Oil 10</A>
      <A name="oil_prod">99644.0</A>
      <A name="num_prod_wells">348</A>
      <A name="gas_comp_C1">79.4</A>
      <A name="GOR">53542.61</A>
    </Field>
    <Field name="Field 270" modifies="template">
      <A name="oil_sands_mine">None</A>
      <A name="country">United States</A>
      <A name="name">US Oil 11</A>
      <A name="oil_prod">38135.0</A>
      <A name="num_prod_wells">114480</A>
      <A name="gas_comp_C1">79.4</A>
      <A name="GOR">476.2</A>
    </Field>
    <Field name="Field 271" modifies="template">
      <A name="oil_sands_mine">None</A>
      <A name="country">United States</A>
      <A name="name">US Oil 12</A>
      <A name="oil_prod">40064.0</A>
      <A name="num_prod_wells">27038</A>
      <A name="gas_comp_C1">79.4</A>
      <A name="GOR">484.18</A>
    </Field>
    <Field name="Field 272" modifies="template">
      <A name="oil_sands_mine">None</A>
      <A name="country">United States</A>
      <A name="name">US Oil 13</A>
      <A name="oil_prod">269770.0</A>
      <A name="num_prod_wells">45264</A>
      <A name="gas_comp_C1">79.4</A>
      <A name="GOR">495.13</A>
    </Field>
    <Field name="Field 273" modifies="template">
      <A name="oil_sands_mine">None</A>
      <A name="country">United States</A>
      <A name="name">US Oil 14</A>
      <A name="oil_prod">205210.0</A>
      <A name="num_prod_wells">4792</A>
      <A name="gas_comp_C1">79.4</A>
      <A name="GOR">522.98</A>
    </Field>
    <Field name="Field 274" modifies="template">
      <A name="oil_sands_mine">None</A>
    </Field>
    <Field name="Field 275" modifies="template">
      <A name="downhole_pump">1</A>
      <A name="water_reinjection">1</A>
      <A name="natural_gas_reinjection">0</A>
      <A name="water_flooding">0</A>
      <A name="gas_lifting">0</A>
      <A name="gas_flooding">1</A>
      <A name="steam_flooding">0</A>
      <A name="oil_sands_mine">None</A>
      <A name="country">Brazil</A>
      <A name="name">Lula</A>
      <A name="age">11.0</A>
      <A name="depth">19737.0</A>
      <A name="oil_prod">1050000.0</A>
      <A name="num_prod_wells">6</A>
      <A name="num_water_inj_wells">1</A>
      <A name="res_press">8000.0</A>
      <A name="res_temp">380.04</A>
      <A name="offshore">1.0</A>
      <A name="API">28.8</A>
      <A name="gas_comp_CO2">11.0</A>
      <A name="GOR">1419.0</A>
      <A name="WOR">0.1</A>
      <A name="WIR">0.5</A>
      <A name="GLIR">0.0</A>
      <A name="flood_gas_type">CO2</A>
      <A name="fraction_elec_onsite">1.0</A>
      <A name="fraction_remaining_gas_inj">0.0</A>
      <A name="fraction_water_reinjected">1.0</A>
      <A name="gas_processing_path">CO2-EOR Ryan Holmes</A>
      <A name="FOR">38.92</A>
    </Field>
    <Field name="Field 276" modifies="template">
      <A name="oil_sands_mine">None</A>
    </Field>
    <Field name="Field 277" modifies="template">
      <A name="oil_sands_mine">None</A>
    </Field>
    <Field name="Field 278" modifies="template">
      <A name="oil_sands_mine">None</A>
    </Field>
    <Field name="Field 279" modifies="template">
      <A name="downhole_pump">1</A>
      <A name="water_reinjection">1</A>
      <A name="natural_gas_reinjection">0</A>
      <A name="water_flooding">0</A>
      <A name="gas_lifting">0</A>
      <A name="gas_flooding">0</A>
      <A name="steam_flooding">0</A>
      <A name="oil_sands_mine">None</A>
      <A name="country">Angola</A>
      <A name="name">Takula</A>
      <A name="age">35.0</A>
      <A name="depth">3200.0</A>
      <A name="oil_prod">105000.0</A>
      <A name="num_prod_wells">69</A>
      <A name="num_water_inj_wells">21</A>
      <A name="res_press">1300.0</A>
      <A name="API">32.0</A>
      <A name="WOR">4.0</A>
      <A name="WIR">4.67</A>
      <A name="FOR">100.0</A>
    </Field>
    <Field name="Field 280" modifies="template">
      <A name="oil_sands_mine">None</A>
      <A name="name">US_Anadarko</A>
      <A name="age">86.0</A>
      <A name="depth">6510.0</A>
      <A name="oil_prod">1100745.0</A>
      <A name="num_prod_wells">62345</A>
      <A name="res_press">1399.65</A>
      <A name="GOR">43357.0</A>
      <A name="WOR">0.6</A>
    </Field>
    <Field name="Field 281" modifies="template">
      <A name="oil_sands_mine">None</A>
      <A name="name">US_DJ</A>
      <A name="age">69.0</A>
      <A name="depth">8642.0</A>
      <A name="oil_prod">1063425.0</A>
      <A name="num_prod_wells">18040</A>
      <A name="res_press">1858.03</A>
      <A name="GOR">10177.0</A>
      <A name="WOR">0.7</A>
    </Field>
    <Field name="Field 282" modifies="template">
      <A name="oil_sands_mine">None</A>
      <A name="name">US_FW</A>
      <A name="age">86.0</A>
      <A name="depth">4936.0</A>
      <A name="oil_prod">101295.0</A>
      <A name="num_prod_wells">41539</A>
      <A name="res_press">1061.24</A>
      <A name="GOR">15054.0</A>
      <A name="WOR">16.0</A>
    </Field>
    <Field name="Field 283" modifies="template">
      <A name="oil_sands_mine">None</A>
      <A name="name">US_GreR</A>
      <A name="age">83.0</A>
      <A name="depth">9788.0</A>
      <A name="oil_prod">87715.0</A>
      <A name="num_prod_wells">13652</A>
      <A name="res_press">2104.42</A>
      <A name="GOR">162749.0</A>
      <A name="WOR">3.3</A>
    </Field>
    <Field name="Field 284" modifies="template">
      <A name="oil_sands_mine">None</A>
      <A name="name">US_GulfW</A>
      <A name="age">83.0</A>
      <A name="depth">7320.0</A>
      <A name="oil_prod">2755883.0</A>
      <A name="num_prod_wells">40573</A>
      <A name="res_press">1573.8</A>
      <A name="GOR">56691.0</A>
      <A name="WOR">4.8</A>
    </Field>
    <Field name="Field 285" modifies="template">
      <A name="oil_sands_mine">None</A>
      <A name="name">US_GulfC</A>
      <A name="age">84.0</A>
      <A name="depth">6989.0</A>
      <A name="oil_prod">341860.0</A>
      <A name="num_prod_wells">20447</A>
      <A name="res_press">1502.635</A>
      <A name="GOR">24436.0</A>
      <A name="WOR">14.0</A>
    </Field>
    <Field name="Field 286" modifies="template">
      <A name="oil_sands_mine">None</A>
      <A name="name">US_GulfE</A>
      <A name="age">88.0</A>
      <A name="depth">9349.0</A>
      <A name="oil_prod">332189.0</A>
      <A name="num_prod_wells">5849</A>
      <A name="res_press">2010.035</A>
      <A name="GOR">20567.0</A>
      <A name="WOR">4.11</A>
    </Field>
    <Field name="Field 287" modifies="template">
      <A name="oil_sands_mine">None</A>
      <A name="name">US_PermC</A>
      <A name="age">85.0</A>
      <A name="depth">5307.0</A>
      <A name="oil_prod">732995.0</A>
      <A name="num_prod_wells">33002</A>
      <A name="res_press">1141.005</A>
      <A name="GOR">2206.0</A>
      <A name="WOR">5.3</A>
    </Field>
    <Field name="Field 288" modifies="template">
      <A name="oil_sands_mine">None</A>
      <A name="name">US_PermD</A>
      <A name="age">85.0</A>
      <A name="depth">7415.0</A>
      <A name="oil_prod">4032110.0</A>
      <A name="num_prod_wells">32762</A>
      <A name="res_press">1594.225</A>
      <A name="GOR">7144.0</A>
      <A name="WOR">6.1</A>
    </Field>
    <Field name="Field 289" modifies="template">
      <A name="oil_sands_mine">None</A>
      <A name="name">US_PermM</A>
      <A name="age">83.0</A>
      <A name="depth">7525.0</A>
      <A name="oil_prod">3328637.0</A>
      <A name="num_prod_wells">61114</A>
      <A name="res_press">1617.875</A>
      <A name="GOR">6154.0</A>
      <A name="WOR">4.7</A>
    </Field>
    <Field name="Field 290" modifies="template">
      <A name="oil_sands_mine">None</A>
      <A name="name">US_Pice</A>
      <A name="age">67.0</A>
      <A name="depth">7379.0</A>
      <A name="oil_prod">41285.0</A>
      <A name="num_prod_wells">14447</A>
      <A name="res_press">1586.485</A>
      <A name="GOR">710577.0</A>
      <A name="WOR">26.0</A>
    </Field>
    <Field name="Field 291" modifies="template">
      <A name="oil_sands_mine">None</A>
      <A name="name">US_PowR</A>
      <A name="age">52.0</A>
      <A name="depth">4870.0</A>
      <A name="oil_prod">5263.0</A>
      <A name="num_prod_wells">250</A>
      <A name="res_press">1047.05</A>
      <A name="GOR">31358.0</A>
      <A name="WOR">0.15</A>
    </Field>
    <Field name="Field 292" modifies="template">
      <A name="oil_sands_mine">None</A>
      <A name="name">US_Sacra</A>
      <A name="age">42.0</A>
      <A name="depth">6294.0</A>
      <A name="oil_prod">80.27</A>
      <A name="num_prod_wells">782</A>
      <A name="res_press">1353.21</A>
      <A name="GOR">5871022.0</A>
      <A name="WOR">56.0</A>
    </Field>
    <Field name="Field 293" modifies="template">
      <A name="oil_sands_mine">None</A>
      <A name="name">US_SanJ</A>
      <A name="age">42.0</A>
      <A name="depth">2802.0</A>
      <A name="oil_prod">236038.0</A>
      <A name="num_prod_wells">14660</A>
      <A name="res_press">602.43</A>
      <A name="GOR">810.0</A>
      <A name="WOR">10.0</A>
    </Field>
    <Field name="Field 294" modifies="template">
      <A name="oil_sands_mine">None</A>
      <A name="name">US_Uint</A>
      <A name="age">65.0</A>
      <A name="depth">8642.0</A>
      <A name="oil_prod">7925.0</A>
      <A name="num_prod_wells">5061</A>
      <A name="res_press">1858.03</A>
      <A name="GOR">358352.0</A>
      <A name="WOR">14.0</A>
    </Field>
    <Field name="Field 295" modifies="template">
      <A name="oil_sands_mine">None</A>
      <A name="name">US_Will</A>
      <A name="age">68.0</A>
      <A name="depth">9976.0</A>
      <A name="oil_prod">2948886.0</A>
      <A name="num_prod_wells">21848</A>
      <A name="res_press">2144.84</A>
      <A name="GOR">1446.0</A>
      <A name="WOR">1.15</A>
    </Field>
    <Field name="Field 296" modifies="template">
      <A name="oil_sands_mine">None</A>
      <A name="name">US_AppU</A>
      <A name="age">25.0</A>
      <A name="depth">9526.0</A>
      <A name="oil_prod">14602.0</A>
      <A name="num_prod_wells">428</A>
      <A name="res_press">2048.09</A>
      <A name="GOR">1784867.0</A>
      <A name="WOR">0.04</A>
    </Field>
    <Field name="Field 297" modifies="template">
      <A name="oil_sands_mine">None</A>
      <A name="name">US_AppM</A>
      <A name="age">28.0</A>
      <A name="depth">7137.0</A>
      <A name="oil_prod">5.8</A>
      <A name="num_prod_wells">11289</A>
      <A name="res_press">1534.455</A>
      <A name="GOR">2082081.0</A>
      <A name="WOR">1.69</A>
    </Field>
    <Field name="Field 298" modifies="template">
      <A name="oil_sands_mine">None</A>
      <A name="name">US_ARKH</A>
      <A name="age">78.0</A>
      <A name="depth">10101.5</A>
      <A name="oil_prod">34122.0</A>
      <A name="num_prod_wells">13871</A>
      <A name="res_press">2171.8225</A>
      <A name="GOR">212463.0</A>
      <A name="WOR">19.7</A>
    </Field>
    <Field name="Field 299" modifies="template">
      <A name="oil_sands_mine">None</A>
      <A name="name">US_ArkF</A>
      <A name="age">99.0</A>
      <A name="depth">4661.0</A>
      <A name="oil_prod">7.66</A>
      <A name="num_prod_wells">8809</A>
      <A name="res_press">1002.115</A>
    </Field>
    <Field name="Field 300" modifies="template">
      <A name="oil_sands_mine">None</A>
      <A name="name">US_ArkW</A>
      <A name="age">49.0</A>
      <A name="depth">6065.0</A>
      <A name="oil_prod">2424.0</A>
      <A name="num_prod_wells">9424</A>
      <A name="res_press">1303.975</A>
      <A name="GOR">650857.0</A>
    </Field>
    <Field name="Field 301" modifies="template">
      <A name="oil_sands_mine">None</A>
      <A name="name">US_Raton</A>
      <A name="age">50.0</A>
      <A name="depth">2064.0</A>
      <A name="oil_prod">0.6</A>
      <A name="num_prod_wells">2707</A>
      <A name="res_press">443.76</A>
    </Field>
    <Field name="Field 302" modifies="template">
      <A name="oil_sands_mine">None</A>
      <A name="name">US_SJF</A>
      <A name="age">70.0</A>
      <A name="depth">2882.0</A>
      <A name="oil_prod">213.0</A>
      <A name="num_prod_wells">6891</A>
      <A name="res_press">619.63</A>
      <A name="GOR">15622571.0</A>
      <A name="WOR">9.07</A>
    </Field>
    <Field name="Field 303" modifies="template">
      <A name="downhole_pump">1</A>
      <A name="water_reinjection">1</A>
      <A name="natural_gas_reinjection">1</A>
      <A name="water_flooding">0</A>
      <A name="gas_lifting">0</A>
      <A name="gas_flooding">0</A>
      <A name="steam_flooding">0</A>
      <A name="oil_sands_mine">None</A>
      <A name="country">WaterReinjectTest</A>
      <A name="name">WaterReinjectTest</A>
      <A name="age">38.0</A>
      <A name="depth">7240.0</A>
      <A name="oil_prod">2098.0</A>
      <A name="num_prod_wells">24</A>
      <A name="well_diam">2.78</A>
      <A name="prod_index">17.0</A>
      <A name="res_press">1556.6</A>
      <A name="res_temp">200.0</A>
      <A name="offshore">0.0</A>
      <A name="API">32.8</A>
      <A name="gas_comp_N2">2.0</A>
      <A name="gas_comp_CO2">6.0</A>
      <A name="gas_comp_C1">84.0</A>
      <A name="gas_comp_C2">4.0</A>
      <A name="gas_comp_C3">2.0</A>
      <A name="gas_comp_C4">1.0</A>
      <A name="gas_comp_H2S">1.0</A>
      <A name="GOR">2429.3</A>
      <A name="WOR">6.0</A>
      <A name="WIR">7.0</A>
      <A name="GLIR">364.0</A>
      <A name="GFIR">3644.0</A>
      <A name="flood_gas_type">NG</A>
      <A name="SOR">3.0</A>
      <A name="fraction_elec_onsite">0.0</A>
      <A name="fraction_remaining_gas_inj">0.5</A>
      <A name="fraction_water_reinjected">1.0</A>
      <A name="fraction_steam_cogen">0.0</A>
      <A name="fraction_steam_solar">0.0</A>
      <Process class="CrudeOilDewatering">
        <A name="heater_treater">0</A>
      </Process>
      <A name="stabilizer_column">1</A>
      <A name="upgrader_type">None</A>
      <A name="gas_processing_path">Sour Gas Reinjection</A>
      <A name="common_gas_process_choice">None</A>
      <A name="FOR">143.0</A>
      <A name="VOR">5.0</A>
      <A name="frac_transport_tanker">1.0</A>
      <A name="frac_transport_barge">0.0</A>
      <A name="frac_transport_pipeline">1.0</A>
      <A name="frac_transport_rail">0.0</A>
      <A name="frac_transport_truck">0.0</A>
      <A name="transport_dist_tanker">5082.0</A>
      <A name="transport_dist_barge">500.0</A>
      <A name="transport_dist_pipeline">750.0</A>
      <A name="transport_dist_rail">800.0</A>
      <A name="transport_dist_truck">100.0</A>
    </Field>
    <Field name="Field 304" modifies="template">
      <A name="downhole_pump">1</A>
      <A name="water_reinjection">1</A>
      <A name="natural_gas_reinjection">1</A>
      <A name="water_flooding">0</A>
      <A name="gas_lifting">0</A>
      <A name="gas_flooding">0</A>
      <A name="steam_flooding">0</A>
      <A name="oil_sands_mine">None</A>
      <A name="country">SteamFloodTest</A>
      <A name="name">SteamFloodTest</A>
      <A name="age">38.0</A>
      <A name="depth">7240.0</A>
      <A name="oil_prod">2098.0</A>
      <A name="num_prod_wells">24</A>
      <A name="num_water_inj_wells">8</A>
      <A name="well_diam">2.78</A>
      <A name="prod_index">17.0</A>
      <A name="res_press">1556.6</A>
      <A name="res_temp">200.0</A>
      <A name="offshore">0.0</A>
      <A name="API">32.8</A>
      <A name="gas_comp_N2">2.0</A>
      <A name="gas_comp_CO2">6.0</A>
      <A name="gas_comp_C1">84.0</A>
      <A name="gas_comp_C2">4.0</A>
      <A name="gas_comp_C3">2.0</A>
      <A name="gas_comp_C4">1.0</A>
      <A name="gas_comp_H2S">1.0</A>
      <A name="GOR">2429.3</A>
      <A name="WOR">6.0</A>
      <A name="WIR">7.0</A>
      <A name="GLIR">364.0</A>
      <A name="GFIR">3644.0</A>
      <A name="flood_gas_type">NG</A>
      <A name="fraction_elec_onsite">0.0</A>
      <A name="fraction_remaining_gas_inj">0.5</A>
      <A name="fraction_water_reinjected">1.0</A>
      <A name="fraction_steam_cogen">0.0</A>
      <A name="fraction_steam_solar">0.0</A>
      <Process class="CrudeOilDewatering">
        <A name="heater_treater">0</A>
      </Process>
      <A name="stabilizer_column">1</A>
      <A name="upgrader_type">None</A>
      <A name="gas_processing_path">Sour Gas Reinjection</A>
      <A name="common_gas_process_choice">None</A>
      <A name="FOR">143.0</A>
      <A name="VOR">5.0</A>
      <A name="frac_transport_tanker">1.0</A>
      <A name="frac_transport_barge">0.0</A>
      <A name="frac_transport_pipeline">1.0</A>
      <A name="frac_transport_rail">0.0</A>
      <A name="frac_transport_truck">0.0</A>
      <A name="transport_dist_tanker">5082.0</A>
      <A name="transport_dist_barge">500.0</A>
      <A name="transport_dist_pipeline">750.0</A>
      <A name="transport_dist_rail">800.0</A>
      <A name="transport_dist_truck">100.0</A>
    </Field>
    <Field name="Field 305" modifies="template">
      <A name="oil_sands_mine">None</A>
    </Field>
    <Field name="Field 306" modifies="template">
      <A name="oil_sands_mine">None</A>
    </Field>
    <Field name="Field 307" modifies="template">
      <A name="oil_sands_mine">None</A>
    </Field>
    <Field name="Field 308" modifies="template">
      <A name="oil_sands_mine">None</A>
    </Field>
    <Field name="Field 309" modifies="template">
      <A name="oil_sands_mine">None</A>
    </Field>
    <Field name="Field 310" modifies="template">
      <A name="oil_sands_mine">None</A>
    </Field>
    <Field name="Field 311" modifies="template">
      <A name="oil_sands_mine">None</A>
    </Field>
    <Field name="Field 312" modifies="template">
      <A name="oil_sands_mine">None</A>
    </Field>
    <Field name="Field 313" modifies="template">
      <A name="oil_sands_mine">None</A>
    </Field>
    <Field name="Field 314" modifies="template">
      <A name="oil_sands_mine">None</A>
    </Field>
    <Field name="Field 315" modifies="template">
      <A name="oil_sands_mine">None</A>
    </Field>
    <Field name="Field 316" modifies="template">
      <A name="oil_sands_mine">None</A>
    </Field>
    <Field name="Field 317" modifies="template">
      <A name="oil_sands_mine">None</A>
    </Field>
    <Field name="Field 318" modifies="template">
      <A name="oil_sands_mine">None</A>
    </Field>
    <Field name="Field 319" modifies="template">
      <A name="oil_sands_mine">None</A>
    </Field>
    <Field name="Field 320" modifies="template">
      <A name="oil_sands_mine">None</A>
    </Field>
    <Field name="Field 321" modifies="template">
      <A name="oil_sands_mine">None</A>
    </Field>
    <Field name="Field 322" modifies="template">
      <A name="oil_sands_mine">None</A>
    </Field>
    <Field name="Field 323" modifies="template">
      <A name="oil_sands_mine">None</A>
    </Field>
    <Field name="Field 324" modifies="template">
      <A name="oil_sands_mine">None</A>
    </Field>
    <Field name="Field 325" modifies="template">
      <A name="oil_sands_mine">None</A>
    </Field>
    <Field name="Field 326" modifies="template">
      <A name="oil_sands_mine">None</A>
    </Field>
    <Field name="Field 327" modifies="template">
      <A name="oil_sands_mine">None</A>
    </Field>
    <Field name="Field 328" modifies="template">
      <A name="oil_sands_mine">None</A>
    </Field>
    <Field name="Field 329" modifies="template">
      <A name="oil_sands_mine">None</A>
    </Field>
    <Field name="Field 330" modifies="template">
      <A name="oil_sands_mine">None</A>
    </Field>
    <Field name="Field 331" modifies="template">
      <A name="oil_sands_mine">None</A>
    </Field>
    <Field name="Field 332" modifies="template">
      <A name="oil_sands_mine">None</A>
    </Field>
    <Field name="Field 333" modifies="template">
      <A name="oil_sands_mine">None</A>
    </Field>
    <Field name="Field 334" modifies="template">
      <A name="oil_sands_mine">None</A>
    </Field>
    <Field name="Field 335" modifies="template">
      <A name="oil_sands_mine">None</A>
    </Field>
    <Field name="Field 336" modifies="template">
      <A name="oil_sands_mine">None</A>
    </Field>
    <Field name="Field 337" modifies="template">
      <A name="oil_sands_mine">None</A>
    </Field>
    <Field name="Field 338" modifies="template">
      <A name="oil_sands_mine">None</A>
    </Field>
    <Field name="Field 339" modifies="template">
      <A name="oil_sands_mine">None</A>
    </Field>
    <Field name="Field 340" modifies="template">
      <A name="oil_sands_mine">None</A>
    </Field>
    <Field name="Field 341" modifies="template">
      <A name="oil_sands_mine">None</A>
    </Field>
    <Field name="Field 342" modifies="template">
      <A name="oil_sands_mine">None</A>
    </Field>
    <Field name="Field 343" modifies="template">
      <A name="oil_sands_mine">None</A>
    </Field>
    <Field name="Field 344" modifies="template">
      <A name="oil_sands_mine">None</A>
    </Field>
    <Field name="Field 345" modifies="template">
      <A name="oil_sands_mine">None</A>
    </Field>
    <Field name="Field 346" modifies="template">
      <A name="oil_sands_mine">None</A>
    </Field>
    <Field name="Field 347" modifies="template">
      <A name="oil_sands_mine">None</A>
    </Field>
    <Field name="Field 348" modifies="template">
      <A name="oil_sands_mine">None</A>
    </Field>
    <Field name="Field 349" modifies="template">
      <A name="oil_sands_mine">None</A>
    </Field>
    <Field name="Field 350" modifies="template">
      <A name="oil_sands_mine">None</A>
    </Field>
    <Field name="Field 351" modifies="template">
      <A name="oil_sands_mine">None</A>
    </Field>
    <Field name="Field 352" modifies="template">
      <A name="oil_sands_mine">None</A>
    </Field>
    <Field name="Field 353" modifies="template">
      <A name="oil_sands_mine">None</A>
    </Field>
    <Field name="Field 354" modifies="template">
      <A name="oil_sands_mine">None</A>
    </Field>
    <Field name="Field 355" modifies="template">
      <A name="oil_sands_mine">None</A>
    </Field>
    <Field name="Field 356" modifies="template">
      <A name="oil_sands_mine">None</A>
    </Field>
    <Field name="Field 357" modifies="template">
      <A name="oil_sands_mine">None</A>
    </Field>
    <Field name="Field 358" modifies="template">
      <A name="oil_sands_mine">None</A>
    </Field>
    <Field name="Field 359" modifies="template">
      <A name="oil_sands_mine">None</A>
    </Field>
    <Field name="Field 360" modifies="template">
      <A name="oil_sands_mine">None</A>
    </Field>
    <Field name="Field 361" modifies="template">
      <A name="oil_sands_mine">None</A>
    </Field>
    <Field name="Field 362" modifies="template">
      <A name="oil_sands_mine">None</A>
    </Field>
    <Field name="Field 363" modifies="template">
      <A name="oil_sands_mine">None</A>
    </Field>
    <Field name="Field 364" modifies="template">
      <A name="oil_sands_mine">None</A>
    </Field>
    <Field name="Field 365" modifies="template">
      <A name="oil_sands_mine">None</A>
    </Field>
    <Field name="Field 366" modifies="template">
      <A name="oil_sands_mine">None</A>
    </Field>
    <Field name="Field 367" modifies="template">
      <A name="oil_sands_mine">None</A>
    </Field>
    <Field name="Field 368" modifies="template">
      <A name="oil_sands_mine">None</A>
    </Field>
    <Field name="Field 369" modifies="template">
      <A name="oil_sands_mine">None</A>
    </Field>
    <Field name="Field 370" modifies="template">
      <A name="oil_sands_mine">None</A>
    </Field>
    <Field name="Field 371" modifies="template">
      <A name="oil_sands_mine">None</A>
    </Field>
    <Field name="Field 372" modifies="template">
      <A name="oil_sands_mine">None</A>
    </Field>
    <Field name="Field 373" modifies="template">
      <A name="oil_sands_mine">None</A>
    </Field>
    <Field name="Field 374" modifies="template">
      <A name="oil_sands_mine">None</A>
    </Field>
    <Field name="Field 375" modifies="template">
      <A name="oil_sands_mine">None</A>
    </Field>
    <Field name="Field 376" modifies="template">
      <A name="oil_sands_mine">None</A>
    </Field>
    <Field name="Field 377" modifies="template">
      <A name="oil_sands_mine">None</A>
    </Field>
    <Field name="Field 378" modifies="template">
      <A name="oil_sands_mine">None</A>
    </Field>
    <Field name="Field 379" modifies="template">
      <A name="oil_sands_mine">None</A>
    </Field>
    <Field name="Field 380" modifies="template">
      <A name="oil_sands_mine">None</A>
    </Field>
    <Field name="Field 381" modifies="template">
      <A name="oil_sands_mine">None</A>
    </Field>
    <Field name="Field 382" modifies="template">
      <A name="oil_sands_mine">None</A>
    </Field>
    <Field name="Field 383" modifies="template">
      <A name="oil_sands_mine">None</A>
    </Field>
    <Field name="Field 384" modifies="template">
      <A name="oil_sands_mine">None</A>
    </Field>
    <Field name="Field 385" modifies="template">
      <A name="oil_sands_mine">None</A>
    </Field>
    <Field name="Field 386" modifies="template">
      <A name="oil_sands_mine">None</A>
    </Field>
    <Field name="Field 387" modifies="template">
      <A name="oil_sands_mine">None</A>
    </Field>
    <Field name="Field 388" modifies="template">
      <A name="oil_sands_mine">None</A>
    </Field>
    <Field name="Field 389" modifies="template">
      <A name="oil_sands_mine">None</A>
    </Field>
    <Field name="Field 390" modifies="template">
      <A name="oil_sands_mine">None</A>
    </Field>
    <Field name="Field 391" modifies="template">
      <A name="oil_sands_mine">None</A>
    </Field>
    <Field name="Field 392" modifies="template">
      <A name="oil_sands_mine">None</A>
      <A name="flood_gas_type">NG</A>
    </Field>
    <Field name="Field 393" modifies="template">
      <A name="oil_sands_mine">None</A>
      <A name="flood_gas_type">NG</A>
    </Field>
    <Field name="Field 394" modifies="template">
      <A name="oil_sands_mine">None</A>
      <A name="flood_gas_type">NG</A>
    </Field>
    <Field name="Field 395" modifies="template">
      <A name="oil_sands_mine">None</A>
      <A name="flood_gas_type">NG</A>
    </Field>
    <Field name="Field 396" modifies="template">
      <A name="oil_sands_mine">None</A>
      <A name="flood_gas_type">NG</A>
    </Field>
    <Field name="Field 397" modifies="template">
      <A name="oil_sands_mine">None</A>
      <A name="flood_gas_type">NG</A>
    </Field>
    <Field name="Field 398" modifies="template">
      <A name="oil_sands_mine">None</A>
      <A name="flood_gas_type">NG</A>
    </Field>
    <Field name="Field 399" modifies="template">
      <A name="oil_sands_mine">None</A>
      <A name="flood_gas_type">NG</A>
    </Field>
    <Field name="Field 400" modifies="template">
      <A name="downhole_pump">1</A>
      <A name="water_reinjection">1</A>
      <A name="natural_gas_reinjection">1</A>
      <A name="water_flooding">0</A>
      <A name="gas_lifting">0</A>
      <A name="gas_flooding">0</A>
      <A name="steam_flooding">0</A>
      <A name="oil_sands_mine">None</A>
      <A name="country">Generic</A>
      <A name="name">Test 1 - Generic</A>
      <A name="age">35.0</A>
      <A name="depth">7240.0</A>
      <A name="oil_prod">1500.0</A>
      <A name="num_prod_wells">8</A>
      <A name="num_water_inj_wells">5</A>
      <A name="well_diam">2.78</A>
      <A name="prod_index">3.0</A>
      <A name="res_press">1557.0</A>
      <A name="res_temp">150.0</A>
      <A name="offshore">0.0</A>
      <A name="API">30.0</A>
      <A name="gas_comp_N2">2.0</A>
      <A name="gas_comp_CO2">6.0</A>
      <A name="gas_comp_C1">84.0</A>
      <A name="gas_comp_C2">4.0</A>
      <A name="gas_comp_C3">2.0</A>
      <A name="gas_comp_C4">1.0</A>
      <A name="gas_comp_H2S">1.0</A>
      <A name="GOR">908.0</A>
      <A name="WOR">4.31</A>
      <A name="WIR">5.31</A>
      <A name="GLIR">1500.0</A>
      <A name="GFIR">1362.0</A>
      <A name="flood_gas_type">NG</A>
      <A name="SOR">3.0</A>
      <A name="fraction_elec_onsite">0.0</A>
      <A name="fraction_remaining_gas_inj">0.0</A>
      <A name="fraction_water_reinjected">1.0</A>
      <A name="fraction_steam_cogen">0.0</A>
      <A name="fraction_steam_solar">0.0</A>
      <Process class="CrudeOilDewatering">
        <A name="heater_treater">0</A>
      </Process>
      <A name="stabilizer_column">1</A>
      <A name="upgrader_type">None</A>
      <A name="gas_processing_path">Sour Gas Reinjection</A>
      <A name="common_gas_process_choice">None</A>
      <A name="FOR">182.0</A>
      <A name="VOR">0.0</A>
      <A name="frac_transport_tanker">1.0</A>
      <A name="frac_transport_barge">0.0</A>
      <A name="frac_transport_pipeline">1.0</A>
      <A name="frac_transport_rail">0.0</A>
      <A name="frac_transport_truck">0.0</A>
      <A name="transport_dist_tanker">5082.0</A>
      <A name="transport_dist_barge">500.0</A>
      <A name="transport_dist_pipeline">750.0</A>
      <A name="transport_dist_rail">800.0</A>
      <A name="transport_dist_truck">100.0</A>
    </Field>
    <Field name="Field 401" modifies="template">
      <A name="downhole_pump">1</A>
      <A name="water_reinjection">1</A>
      <A name="natural_gas_reinjection">1</A>
      <A name="water_flooding">0</A>
      <A name="gas_lifting">0</A>
      <A name="gas_flooding">0</A>
      <A name="steam_flooding">0</A>
      <A name="oil_sands_mine">None</A>
      <A name="country">Generic</A>
      <A name="name">Test 2 - High WOR 1</A>
      <A name="age">35.0</A>
      <A name="depth">7240.0</A>
      <A name="oil_prod">1500.0</A>
      <A name="num_prod_wells">8</A>
      <A name="num_water_inj_wells">5</A>
      <A name="well_diam">2.78</A>
      <A name="prod_index">3.0</A>
      <A name="res_press">1557.0</A>
      <A name="res_temp">150.0</A>
      <A name="offshore">0.0</A>
      <A name="API">30.0</A>
      <A name="gas_comp_N2">2.0</A>
      <A name="gas_comp_CO2">6.0</A>
      <A name="gas_comp_C1">84.0</A>
      <A name="gas_comp_C2">4.0</A>
      <A name="gas_comp_C3">2.0</A>
      <A name="gas_comp_C4">1.0</A>
      <A name="gas_comp_H2S">1.0</A>
      <A name="GOR">908.0</A>
      <A name="WOR">10.0</A>
      <A name="WIR">11.0</A>
      <A name="GLIR">1500.0</A>
      <A name="GFIR">1362.0</A>
      <A name="flood_gas_type">NG</A>
      <A name="SOR">3.0</A>
      <A name="fraction_elec_onsite">0.0</A>
      <A name="fraction_remaining_gas_inj">0.0</A>
      <A name="fraction_water_reinjected">1.0</A>
      <A name="fraction_steam_cogen">0.0</A>
      <A name="fraction_steam_solar">0.0</A>
      <Process class="CrudeOilDewatering">
        <A name="heater_treater">0</A>
      </Process>
      <A name="stabilizer_column">1</A>
      <A name="upgrader_type">None</A>
      <A name="gas_processing_path">Sour Gas Reinjection</A>
      <A name="common_gas_process_choice">None</A>
      <A name="FOR">182.0</A>
      <A name="VOR">0.0</A>
      <A name="frac_transport_tanker">1.0</A>
      <A name="frac_transport_barge">0.0</A>
      <A name="frac_transport_pipeline">1.0</A>
      <A name="frac_transport_rail">0.0</A>
      <A name="frac_transport_truck">0.0</A>
      <A name="transport_dist_tanker">5082.0</A>
      <A name="transport_dist_barge">500.0</A>
      <A name="transport_dist_pipeline">750.0</A>
      <A name="transport_dist_rail">800.0</A>
      <A name="transport_dist_truck">100.0</A>
    </Field>
    <Field name="Field 402" modifies="template">
      <A name="downhole_pump">1</A>
      <A name="water_reinjection">1</A>
      <A name="natural_gas_reinjection">1</A>
      <A name="water_flooding">0</A>
      <A name="gas_lifting">0</A>
      <A name="gas_flooding">0</A>
      <A name="steam_flooding">0</A>
      <A name="oil_sands_mine">None</A>
      <A name="country">Generic</A>
      <A name="name">Test 3 - High WOR 2</A>
      <A name="age">35.0</A>
      <A name="depth">7240.0</A>
      <A name="oil_prod">1500.0</A>
      <A name="num_prod_wells">8</A>
      <A name="num_water_inj_wells">5</A>
      <A name="well_diam">2.78</A>
      <A name="prod_index">3.0</A>
      <A name="res_press">1557.0</A>
      <A name="res_temp">150.0</A>
      <A name="offshore">0.0</A>
      <A name="API">30.0</A>
      <A name="gas_comp_N2">2.0</A>
      <A name="gas_comp_CO2">6.0</A>
      <A name="gas_comp_C1">84.0</A>
      <A name="gas_comp_C2">4.0</A>
      <A name="gas_comp_C3">2.0</A>
      <A name="gas_comp_C4">1.0</A>
      <A name="gas_comp_H2S">1.0</A>
      <A name="GOR">908.0</A>
      <A name="WOR">25.0</A>
      <A name="WIR">26.0</A>
      <A name="GLIR">1500.0</A>
      <A name="GFIR">1362.0</A>
      <A name="flood_gas_type">NG</A>
      <A name="SOR">3.0</A>
      <A name="fraction_elec_onsite">0.0</A>
      <A name="fraction_remaining_gas_inj">0.0</A>
      <A name="fraction_water_reinjected">1.0</A>
      <A name="fraction_steam_cogen">0.0</A>
      <A name="fraction_steam_solar">0.0</A>
      <Process class="CrudeOilDewatering">
        <A name="heater_treater">0</A>
      </Process>
      <A name="stabilizer_column">1</A>
      <A name="upgrader_type">None</A>
      <A name="gas_processing_path">Sour Gas Reinjection</A>
      <A name="common_gas_process_choice">None</A>
      <A name="FOR">182.0</A>
      <A name="VOR">0.0</A>
      <A name="frac_transport_tanker">1.0</A>
      <A name="frac_transport_barge">0.0</A>
      <A name="frac_transport_pipeline">1.0</A>
      <A name="frac_transport_rail">0.0</A>
      <A name="frac_transport_truck">0.0</A>
      <A name="transport_dist_tanker">5082.0</A>
      <A name="transport_dist_barge">500.0</A>
      <A name="transport_dist_pipeline">750.0</A>
      <A name="transport_dist_rail">800.0</A>
      <A name="transport_dist_truck">100.0</A>
    </Field>
    <Field name="Field 403" modifies="template">
      <A name="downhole_pump">1</A>
      <A name="water_reinjection">1</A>
      <A name="natural_gas_reinjection">1</A>
      <A name="water_flooding">0</A>
      <A name="gas_lifting">0</A>
      <A name="gas_flooding">0</A>
      <A name="steam_flooding">0</A>
      <A name="oil_sands_mine">None</A>
      <A name="country">Generic</A>
      <A name="name">Test 4 - High WOR 3</A>
      <A name="age">35.0</A>
      <A name="depth">7240.0</A>
      <A name="oil_prod">1500.0</A>
      <A name="num_prod_wells">8</A>
      <A name="num_water_inj_wells">5</A>
      <A name="well_diam">2.78</A>
      <A name="prod_index">3.0</A>
      <A name="res_press">1557.0</A>
      <A name="res_temp">150.0</A>
      <A name="offshore">0.0</A>
      <A name="API">30.0</A>
      <A name="gas_comp_N2">2.0</A>
      <A name="gas_comp_CO2">6.0</A>
      <A name="gas_comp_C1">84.0</A>
      <A name="gas_comp_C2">4.0</A>
      <A name="gas_comp_C3">2.0</A>
      <A name="gas_comp_C4">1.0</A>
      <A name="gas_comp_H2S">1.0</A>
      <A name="GOR">908.0</A>
      <A name="WOR">50.0</A>
      <A name="WIR">51.0</A>
      <A name="GLIR">1500.0</A>
      <A name="GFIR">1362.0</A>
      <A name="flood_gas_type">NG</A>
      <A name="SOR">3.0</A>
      <A name="fraction_elec_onsite">0.0</A>
      <A name="fraction_remaining_gas_inj">0.0</A>
      <A name="fraction_water_reinjected">1.0</A>
      <A name="fraction_steam_cogen">0.0</A>
      <A name="fraction_steam_solar">0.0</A>
      <Process class="CrudeOilDewatering">
        <A name="heater_treater">0</A>
      </Process>
      <A name="stabilizer_column">1</A>
      <A name="upgrader_type">None</A>
      <A name="gas_processing_path">Sour Gas Reinjection</A>
      <A name="common_gas_process_choice">None</A>
      <A name="FOR">182.0</A>
      <A name="VOR">0.0</A>
      <A name="frac_transport_tanker">1.0</A>
      <A name="frac_transport_barge">0.0</A>
      <A name="frac_transport_pipeline">1.0</A>
      <A name="frac_transport_rail">0.0</A>
      <A name="frac_transport_truck">0.0</A>
      <A name="transport_dist_tanker">5082.0</A>
      <A name="transport_dist_barge">500.0</A>
      <A name="transport_dist_pipeline">750.0</A>
      <A name="transport_dist_rail">800.0</A>
      <A name="transport_dist_truck">100.0</A>
    </Field>
    <Field name="Field 404" modifies="template">
      <A name="downhole_pump">1</A>
      <A name="water_reinjection">1</A>
      <A name="natural_gas_reinjection">1</A>
      <A name="water_flooding">0</A>
      <A name="gas_lifting">0</A>
      <A name="gas_flooding">0</A>
      <A name="steam_flooding">0</A>
      <A name="oil_sands_mine">None</A>
      <A name="country">Generic</A>
      <A name="name">Test 5 - High WOR 4</A>
      <A name="age">35.0</A>
      <A name="depth">7240.0</A>
      <A name="oil_prod">1500.0</A>
      <A name="num_prod_wells">8</A>
      <A name="num_water_inj_wells">5</A>
      <A name="well_diam">2.78</A>
      <A name="prod_index">3.0</A>
      <A name="res_press">1557.0</A>
      <A name="res_temp">150.0</A>
      <A name="offshore">0.0</A>
      <A name="API">30.0</A>
      <A name="gas_comp_N2">2.0</A>
      <A name="gas_comp_CO2">6.0</A>
      <A name="gas_comp_C1">84.0</A>
      <A name="gas_comp_C2">4.0</A>
      <A name="gas_comp_C3">2.0</A>
      <A name="gas_comp_C4">1.0</A>
      <A name="gas_comp_H2S">1.0</A>
      <A name="GOR">908.0</A>
      <A name="WOR">100.0</A>
      <A name="WIR">101.0</A>
      <A name="GLIR">1500.0</A>
      <A name="GFIR">1362.0</A>
      <A name="flood_gas_type">NG</A>
      <A name="SOR">3.0</A>
      <A name="fraction_elec_onsite">0.0</A>
      <A name="fraction_remaining_gas_inj">0.0</A>
      <A name="fraction_water_reinjected">1.0</A>
      <A name="fraction_steam_cogen">0.0</A>
      <A name="fraction_steam_solar">0.0</A>
      <Process class="CrudeOilDewatering">
        <A name="heater_treater">0</A>
      </Process>
      <A name="stabilizer_column">1</A>
      <A name="upgrader_type">None</A>
      <A name="gas_processing_path">Sour Gas Reinjection</A>
      <A name="common_gas_process_choice">None</A>
      <A name="FOR">182.0</A>
      <A name="VOR">0.0</A>
      <A name="frac_transport_tanker">1.0</A>
      <A name="frac_transport_barge">0.0</A>
      <A name="frac_transport_pipeline">1.0</A>
      <A name="frac_transport_rail">0.0</A>
      <A name="frac_transport_truck">0.0</A>
      <A name="transport_dist_tanker">5082.0</A>
      <A name="transport_dist_barge">500.0</A>
      <A name="transport_dist_pipeline">750.0</A>
      <A name="transport_dist_rail">800.0</A>
      <A name="transport_dist_truck">100.0</A>
    </Field>
    <Field name="Field 405" modifies="template">
      <A name="downhole_pump">1</A>
      <A name="water_reinjection">1</A>
      <A name="natural_gas_reinjection">1</A>
      <A name="water_flooding">0</A>
      <A name="gas_lifting">0</A>
      <A name="gas_flooding">0</A>
      <A name="steam_flooding">0</A>
      <A name="oil_sands_mine">None</A>
      <A name="country">Generic</A>
      <A name="name">Test 6 - High GOR 1</A>
      <A name="age">35.0</A>
      <A name="depth">7240.0</A>
      <A name="oil_prod">1500.0</A>
      <A name="num_prod_wells">8</A>
      <A name="num_water_inj_wells">5</A>
      <A name="well_diam">2.78</A>
      <A name="prod_index">3.0</A>
      <A name="res_press">1557.0</A>
      <A name="res_temp">150.0</A>
      <A name="offshore">0.0</A>
      <A name="API">30.0</A>
      <A name="gas_comp_N2">2.0</A>
      <A name="gas_comp_CO2">6.0</A>
      <A name="gas_comp_C1">84.0</A>
      <A name="gas_comp_C2">4.0</A>
      <A name="gas_comp_C3">2.0</A>
      <A name="gas_comp_C4">1.0</A>
      <A name="gas_comp_H2S">1.0</A>
      <A name="GOR">1500.0</A>
      <A name="WOR">4.31</A>
      <A name="WIR">5.31</A>
      <A name="GLIR">1500.0</A>
      <A name="GFIR">1362.0</A>
      <A name="flood_gas_type">NG</A>
      <A name="SOR">3.0</A>
      <A name="fraction_elec_onsite">0.0</A>
      <A name="fraction_remaining_gas_inj">0.0</A>
      <A name="fraction_water_reinjected">1.0</A>
      <A name="fraction_steam_cogen">0.0</A>
      <A name="fraction_steam_solar">0.0</A>
      <Process class="CrudeOilDewatering">
        <A name="heater_treater">0</A>
      </Process>
      <A name="stabilizer_column">1</A>
      <A name="upgrader_type">None</A>
      <A name="gas_processing_path">Sour Gas Reinjection</A>
      <A name="common_gas_process_choice">None</A>
      <A name="FOR">182.0</A>
      <A name="VOR">0.0</A>
      <A name="frac_transport_tanker">1.0</A>
      <A name="frac_transport_barge">0.0</A>
      <A name="frac_transport_pipeline">1.0</A>
      <A name="frac_transport_rail">0.0</A>
      <A name="frac_transport_truck">0.0</A>
      <A name="transport_dist_tanker">5082.0</A>
      <A name="transport_dist_barge">500.0</A>
      <A name="transport_dist_pipeline">750.0</A>
      <A name="transport_dist_rail">800.0</A>
      <A name="transport_dist_truck">100.0</A>
    </Field>
    <Field name="Field 406" modifies="template">
      <A name="downhole_pump">1</A>
      <A name="water_reinjection">1</A>
      <A name="natural_gas_reinjection">1</A>
      <A name="water_flooding">0</A>
      <A name="gas_lifting">0</A>
      <A name="gas_flooding">0</A>
      <A name="steam_flooding">0</A>
      <A name="oil_sands_mine">None</A>
      <A name="country">Generic</A>
      <A name="name">Test 7 - High GOR 2</A>
      <A name="age">35.0</A>
      <A name="depth">7240.0</A>
      <A name="oil_prod">1500.0</A>
      <A name="num_prod_wells">8</A>
      <A name="num_water_inj_wells">5</A>
      <A name="well_diam">2.78</A>
      <A name="prod_index">3.0</A>
      <A name="res_press">1557.0</A>
      <A name="res_temp">150.0</A>
      <A name="offshore">0.0</A>
      <A name="API">30.0</A>
      <A name="gas_comp_N2">2.0</A>
      <A name="gas_comp_CO2">6.0</A>
      <A name="gas_comp_C1">84.0</A>
      <A name="gas_comp_C2">4.0</A>
      <A name="gas_comp_C3">2.0</A>
      <A name="gas_comp_C4">1.0</A>
      <A name="gas_comp_H2S">1.0</A>
      <A name="GOR">5000.0</A>
      <A name="WOR">4.31</A>
      <A name="WIR">5.31</A>
      <A name="GLIR">1500.0</A>
      <A name="GFIR">1362.0</A>
      <A name="flood_gas_type">NG</A>
      <A name="SOR">3.0</A>
      <A name="fraction_elec_onsite">0.0</A>
      <A name="fraction_remaining_gas_inj">0.0</A>
      <A name="fraction_water_reinjected">1.0</A>
      <A name="fraction_steam_cogen">0.0</A>
      <A name="fraction_steam_solar">0.0</A>
      <Process class="CrudeOilDewatering">
        <A name="heater_treater">0</A>
      </Process>
      <A name="stabilizer_column">1</A>
      <A name="upgrader_type">None</A>
      <A name="gas_processing_path">Sour Gas Reinjection</A>
      <A name="common_gas_process_choice">None</A>
      <A name="FOR">182.0</A>
      <A name="VOR">0.0</A>
      <A name="frac_transport_tanker">1.0</A>
      <A name="frac_transport_barge">0.0</A>
      <A name="frac_transport_pipeline">1.0</A>
      <A name="frac_transport_rail">0.0</A>
      <A name="frac_transport_truck">0.0</A>
      <A name="transport_dist_tanker">5082.0</A>
      <A name="transport_dist_barge">500.0</A>
      <A name="transport_dist_pipeline">750.0</A>
      <A name="transport_dist_rail">800.0</A>
      <A name="transport_dist_truck">100.0</A>
    </Field>
    <Field name="Field 407" modifies="template">
      <A name="downhole_pump">1</A>
      <A name="water_reinjection">1</A>
      <A name="natural_gas_reinjection">1</A>
      <A name="water_flooding">0</A>
      <A name="gas_lifting">0</A>
      <A name="gas_flooding">0</A>
      <A name="steam_flooding">0</A>
      <A name="oil_sands_mine">None</A>
      <A name="country">Generic</A>
      <A name="name">Test 8 - High GOR 3</A>
      <A name="age">35.0</A>
      <A name="depth">7240.0</A>
      <A name="oil_prod">1500.0</A>
      <A name="num_prod_wells">8</A>
      <A name="num_water_inj_wells">5</A>
      <A name="well_diam">2.78</A>
      <A name="prod_index">3.0</A>
      <A name="res_press">1557.0</A>
      <A name="res_temp">150.0</A>
      <A name="offshore">0.0</A>
      <A name="API">30.0</A>
      <A name="gas_comp_N2">2.0</A>
      <A name="gas_comp_CO2">6.0</A>
      <A name="gas_comp_C1">84.0</A>
      <A name="gas_comp_C2">4.0</A>
      <A name="gas_comp_C3">2.0</A>
      <A name="gas_comp_C4">1.0</A>
      <A name="gas_comp_H2S">1.0</A>
      <A name="GOR">15000.0</A>
      <A name="WOR">4.31</A>
      <A name="WIR">5.31</A>
      <A name="GLIR">1500.0</A>
      <A name="GFIR">1362.0</A>
      <A name="flood_gas_type">NG</A>
      <A name="SOR">3.0</A>
      <A name="fraction_elec_onsite">0.0</A>
      <A name="fraction_remaining_gas_inj">0.0</A>
      <A name="fraction_water_reinjected">1.0</A>
      <A name="fraction_steam_cogen">0.0</A>
      <A name="fraction_steam_solar">0.0</A>
      <Process class="CrudeOilDewatering">
        <A name="heater_treater">0</A>
      </Process>
      <A name="stabilizer_column">1</A>
      <A name="upgrader_type">None</A>
      <A name="gas_processing_path">Sour Gas Reinjection</A>
      <A name="common_gas_process_choice">None</A>
      <A name="FOR">182.0</A>
      <A name="VOR">0.0</A>
      <A name="frac_transport_tanker">1.0</A>
      <A name="frac_transport_barge">0.0</A>
      <A name="frac_transport_pipeline">1.0</A>
      <A name="frac_transport_rail">0.0</A>
      <A name="frac_transport_truck">0.0</A>
      <A name="transport_dist_tanker">5082.0</A>
      <A name="transport_dist_barge">500.0</A>
      <A name="transport_dist_pipeline">750.0</A>
      <A name="transport_dist_rail">800.0</A>
      <A name="transport_dist_truck">100.0</A>
    </Field>
    <Field name="Field 408" modifies="template">
      <A name="downhole_pump">1</A>
      <A name="water_reinjection">1</A>
      <A name="natural_gas_reinjection">1</A>
      <A name="water_flooding">0</A>
      <A name="gas_lifting">0</A>
      <A name="gas_flooding">0</A>
      <A name="steam_flooding">0</A>
      <A name="oil_sands_mine">None</A>
      <A name="country">Generic</A>
      <A name="name">Test 9 - High GOR 4</A>
      <A name="age">35.0</A>
      <A name="depth">7240.0</A>
      <A name="oil_prod">1500.0</A>
      <A name="num_prod_wells">8</A>
      <A name="num_water_inj_wells">5</A>
      <A name="well_diam">2.78</A>
      <A name="prod_index">3.0</A>
      <A name="res_press">1557.0</A>
      <A name="res_temp">150.0</A>
      <A name="offshore">0.0</A>
      <A name="API">30.0</A>
      <A name="gas_comp_N2">2.0</A>
      <A name="gas_comp_CO2">6.0</A>
      <A name="gas_comp_C1">84.0</A>
      <A name="gas_comp_C2">4.0</A>
      <A name="gas_comp_C3">2.0</A>
      <A name="gas_comp_C4">1.0</A>
      <A name="gas_comp_H2S">1.0</A>
      <A name="GOR">50000.0</A>
      <A name="WOR">4.31</A>
      <A name="WIR">5.31</A>
      <A name="GLIR">1500.0</A>
      <A name="GFIR">1362.0</A>
      <A name="flood_gas_type">NG</A>
      <A name="SOR">3.0</A>
      <A name="fraction_elec_onsite">0.0</A>
      <A name="fraction_remaining_gas_inj">0.0</A>
      <A name="fraction_water_reinjected">1.0</A>
      <A name="fraction_steam_cogen">0.0</A>
      <A name="fraction_steam_solar">0.0</A>
      <Process class="CrudeOilDewatering">
        <A name="heater_treater">0</A>
      </Process>
      <A name="stabilizer_column">1</A>
      <A name="upgrader_type">None</A>
      <A name="gas_processing_path">Sour Gas Reinjection</A>
      <A name="common_gas_process_choice">None</A>
      <A name="FOR">182.0</A>
      <A name="VOR">0.0</A>
      <A name="frac_transport_tanker">1.0</A>
      <A name="frac_transport_barge">0.0</A>
      <A name="frac_transport_pipeline">1.0</A>
      <A name="frac_transport_rail">0.0</A>
      <A name="frac_transport_truck">0.0</A>
      <A name="transport_dist_tanker">5082.0</A>
      <A name="transport_dist_barge">500.0</A>
      <A name="transport_dist_pipeline">750.0</A>
      <A name="transport_dist_rail">800.0</A>
      <A name="transport_dist_truck">100.0</A>
    </Field>
    <Field name="Field 409" modifies="template">
      <A name="downhole_pump">1</A>
      <A name="water_reinjection">1</A>
      <A name="natural_gas_reinjection">1</A>
      <A name="water_flooding">0</A>
      <A name="gas_lifting">0</A>
      <A name="gas_flooding">0</A>
      <A name="steam_flooding">0</A>
      <A name="oil_sands_mine">None</A>
      <A name="country">Generic</A>
      <A name="name">Test 10- High WOR/WIR 1</A>
      <A name="age">35.0</A>
      <A name="depth">7240.0</A>
      <A name="oil_prod">1500.0</A>
      <A name="num_prod_wells">8</A>
      <A name="num_water_inj_wells">5</A>
      <A name="well_diam">2.78</A>
      <A name="prod_index">3.0</A>
      <A name="res_press">1557.0</A>
      <A name="res_temp">150.0</A>
      <A name="offshore">0.0</A>
      <A name="API">30.0</A>
      <A name="gas_comp_N2">2.0</A>
      <A name="gas_comp_CO2">6.0</A>
      <A name="gas_comp_C1">84.0</A>
      <A name="gas_comp_C2">4.0</A>
      <A name="gas_comp_C3">2.0</A>
      <A name="gas_comp_C4">1.0</A>
      <A name="gas_comp_H2S">1.0</A>
      <A name="GOR">908.0</A>
      <A name="WOR">10.0</A>
      <A name="WIR">11.0</A>
      <A name="GLIR">1500.0</A>
      <A name="GFIR">1362.0</A>
      <A name="flood_gas_type">NG</A>
      <A name="SOR">3.0</A>
      <A name="fraction_elec_onsite">0.0</A>
      <A name="fraction_remaining_gas_inj">0.0</A>
      <A name="fraction_water_reinjected">1.0</A>
      <A name="fraction_steam_cogen">0.0</A>
      <A name="fraction_steam_solar">0.0</A>
      <Process class="CrudeOilDewatering">
        <A name="heater_treater">0</A>
      </Process>
      <A name="stabilizer_column">1</A>
      <A name="upgrader_type">None</A>
      <A name="gas_processing_path">Sour Gas Reinjection</A>
      <A name="common_gas_process_choice">None</A>
      <A name="FOR">182.0</A>
      <A name="VOR">0.0</A>
      <A name="frac_transport_tanker">1.0</A>
      <A name="frac_transport_barge">0.0</A>
      <A name="frac_transport_pipeline">1.0</A>
      <A name="frac_transport_rail">0.0</A>
      <A name="frac_transport_truck">0.0</A>
      <A name="transport_dist_tanker">5082.0</A>
      <A name="transport_dist_barge">500.0</A>
      <A name="transport_dist_pipeline">750.0</A>
      <A name="transport_dist_rail">800.0</A>
      <A name="transport_dist_truck">100.0</A>
    </Field>
    <Field name="Field 410" modifies="template">
      <A name="downhole_pump">1</A>
      <A name="water_reinjection">1</A>
      <A name="natural_gas_reinjection">1</A>
      <A name="water_flooding">0</A>
      <A name="gas_lifting">0</A>
      <A name="gas_flooding">0</A>
      <A name="steam_flooding">0</A>
      <A name="oil_sands_mine">None</A>
      <A name="country">Generic</A>
      <A name="name">Test 11- High WOR/WIR 2</A>
      <A name="age">35.0</A>
      <A name="depth">7240.0</A>
      <A name="oil_prod">1500.0</A>
      <A name="num_prod_wells">8</A>
      <A name="num_water_inj_wells">5</A>
      <A name="well_diam">2.78</A>
      <A name="prod_index">3.0</A>
      <A name="res_press">1557.0</A>
      <A name="res_temp">150.0</A>
      <A name="offshore">0.0</A>
      <A name="API">30.0</A>
      <A name="gas_comp_N2">2.0</A>
      <A name="gas_comp_CO2">6.0</A>
      <A name="gas_comp_C1">84.0</A>
      <A name="gas_comp_C2">4.0</A>
      <A name="gas_comp_C3">2.0</A>
      <A name="gas_comp_C4">1.0</A>
      <A name="gas_comp_H2S">1.0</A>
      <A name="GOR">908.0</A>
      <A name="WOR">25.0</A>
      <A name="WIR">26.0</A>
      <A name="GLIR">1500.0</A>
      <A name="GFIR">1362.0</A>
      <A name="flood_gas_type">NG</A>
      <A name="SOR">3.0</A>
      <A name="fraction_elec_onsite">0.0</A>
      <A name="fraction_remaining_gas_inj">0.0</A>
      <A name="fraction_water_reinjected">1.0</A>
      <A name="fraction_steam_cogen">0.0</A>
      <A name="fraction_steam_solar">0.0</A>
      <Process class="CrudeOilDewatering">
        <A name="heater_treater">0</A>
      </Process>
      <A name="stabilizer_column">1</A>
      <A name="upgrader_type">None</A>
      <A name="gas_processing_path">Sour Gas Reinjection</A>
      <A name="common_gas_process_choice">None</A>
      <A name="FOR">182.0</A>
      <A name="VOR">0.0</A>
      <A name="frac_transport_tanker">1.0</A>
      <A name="frac_transport_barge">0.0</A>
      <A name="frac_transport_pipeline">1.0</A>
      <A name="frac_transport_rail">0.0</A>
      <A name="frac_transport_truck">0.0</A>
      <A name="transport_dist_tanker">5082.0</A>
      <A name="transport_dist_barge">500.0</A>
      <A name="transport_dist_pipeline">750.0</A>
      <A name="transport_dist_rail">800.0</A>
      <A name="transport_dist_truck">100.0</A>
    </Field>
    <Field name="Field 411" modifies="template">
      <A name="downhole_pump">1</A>
      <A name="water_reinjection">1</A>
      <A name="natural_gas_reinjection">1</A>
      <A name="water_flooding">0</A>
      <A name="gas_lifting">0</A>
      <A name="gas_flooding">0</A>
      <A name="steam_flooding">0</A>
      <A name="oil_sands_mine">None</A>
      <A name="country">Generic</A>
      <A name="name">Test 12- High WOR/WIR 3</A>
      <A name="age">35.0</A>
      <A name="depth">7240.0</A>
      <A name="oil_prod">1500.0</A>
      <A name="num_prod_wells">8</A>
      <A name="num_water_inj_wells">5</A>
      <A name="well_diam">2.78</A>
      <A name="prod_index">3.0</A>
      <A name="res_press">1557.0</A>
      <A name="res_temp">150.0</A>
      <A name="offshore">0.0</A>
      <A name="API">30.0</A>
      <A name="gas_comp_N2">2.0</A>
      <A name="gas_comp_CO2">6.0</A>
      <A name="gas_comp_C1">84.0</A>
      <A name="gas_comp_C2">4.0</A>
      <A name="gas_comp_C3">2.0</A>
      <A name="gas_comp_C4">1.0</A>
      <A name="gas_comp_H2S">1.0</A>
      <A name="GOR">908.0</A>
      <A name="WOR">50.0</A>
      <A name="WIR">51.0</A>
      <A name="GLIR">1500.0</A>
      <A name="GFIR">1362.0</A>
      <A name="flood_gas_type">NG</A>
      <A name="SOR">3.0</A>
      <A name="fraction_elec_onsite">0.0</A>
      <A name="fraction_remaining_gas_inj">0.0</A>
      <A name="fraction_water_reinjected">1.0</A>
      <A name="fraction_steam_cogen">0.0</A>
      <A name="fraction_steam_solar">0.0</A>
      <Process class="CrudeOilDewatering">
        <A name="heater_treater">0</A>
      </Process>
      <A name="stabilizer_column">1</A>
      <A name="upgrader_type">None</A>
      <A name="gas_processing_path">Sour Gas Reinjection</A>
      <A name="common_gas_process_choice">None</A>
      <A name="FOR">182.0</A>
      <A name="VOR">0.0</A>
      <A name="frac_transport_tanker">1.0</A>
      <A name="frac_transport_barge">0.0</A>
      <A name="frac_transport_pipeline">1.0</A>
      <A name="frac_transport_rail">0.0</A>
      <A name="frac_transport_truck">0.0</A>
      <A name="transport_dist_tanker">5082.0</A>
      <A name="transport_dist_barge">500.0</A>
      <A name="transport_dist_pipeline">750.0</A>
      <A name="transport_dist_rail">800.0</A>
      <A name="transport_dist_truck">100.0</A>
    </Field>
    <Field name="Field 412" modifies="template">
      <A name="downhole_pump">1</A>
      <A name="water_reinjection">1</A>
      <A name="natural_gas_reinjection">1</A>
      <A name="water_flooding">0</A>
      <A name="gas_lifting">0</A>
      <A name="gas_flooding">0</A>
      <A name="steam_flooding">0</A>
      <A name="oil_sands_mine">None</A>
      <A name="country">Generic</A>
      <A name="name">Test 13- High WOR/WIR 4</A>
      <A name="age">35.0</A>
      <A name="depth">7240.0</A>
      <A name="oil_prod">1500.0</A>
      <A name="num_prod_wells">8</A>
      <A name="num_water_inj_wells">5</A>
      <A name="well_diam">2.78</A>
      <A name="prod_index">3.0</A>
      <A name="res_press">1557.0</A>
      <A name="res_temp">150.0</A>
      <A name="offshore">0.0</A>
      <A name="API">30.0</A>
      <A name="gas_comp_N2">2.0</A>
      <A name="gas_comp_CO2">6.0</A>
      <A name="gas_comp_C1">84.0</A>
      <A name="gas_comp_C2">4.0</A>
      <A name="gas_comp_C3">2.0</A>
      <A name="gas_comp_C4">1.0</A>
      <A name="gas_comp_H2S">1.0</A>
      <A name="GOR">908.0</A>
      <A name="WOR">100.0</A>
      <A name="WIR">101.0</A>
      <A name="GLIR">1500.0</A>
      <A name="GFIR">1362.0</A>
      <A name="flood_gas_type">NG</A>
      <A name="SOR">3.0</A>
      <A name="fraction_elec_onsite">0.0</A>
      <A name="fraction_remaining_gas_inj">0.0</A>
      <A name="fraction_water_reinjected">1.0</A>
      <A name="fraction_steam_cogen">0.0</A>
      <A name="fraction_steam_solar">0.0</A>
      <Process class="CrudeOilDewatering">
        <A name="heater_treater">0</A>
      </Process>
      <A name="stabilizer_column">1</A>
      <A name="upgrader_type">None</A>
      <A name="gas_processing_path">Sour Gas Reinjection</A>
      <A name="common_gas_process_choice">None</A>
      <A name="FOR">182.0</A>
      <A name="VOR">0.0</A>
      <A name="frac_transport_tanker">1.0</A>
      <A name="frac_transport_barge">0.0</A>
      <A name="frac_transport_pipeline">1.0</A>
      <A name="frac_transport_rail">0.0</A>
      <A name="frac_transport_truck">0.0</A>
      <A name="transport_dist_tanker">5082.0</A>
      <A name="transport_dist_barge">500.0</A>
      <A name="transport_dist_pipeline">750.0</A>
      <A name="transport_dist_rail">800.0</A>
      <A name="transport_dist_truck">100.0</A>
    </Field>
    <Field name="Field 413" modifies="template">
      <A name="downhole_pump">0</A>
      <A name="water_reinjection">1</A>
      <A name="natural_gas_reinjection">1</A>
      <A name="water_flooding">0</A>
      <A name="gas_lifting">1</A>
      <A name="gas_flooding">0</A>
      <A name="steam_flooding">0</A>
      <A name="oil_sands_mine">None</A>
      <A name="country">Generic</A>
      <A name="name">Test 14 - Gas lift 1</A>
      <A name="age">35.0</A>
      <A name="depth">7240.0</A>
      <A name="oil_prod">1500.0</A>
      <A name="num_prod_wells">8</A>
      <A name="num_water_inj_wells">5</A>
      <A name="well_diam">2.78</A>
      <A name="prod_index">3.0</A>
      <A name="res_press">1557.0</A>
      <A name="res_temp">150.0</A>
      <A name="offshore">0.0</A>
      <A name="API">30.0</A>
      <A name="gas_comp_N2">2.0</A>
      <A name="gas_comp_CO2">6.0</A>
      <A name="gas_comp_C1">84.0</A>
      <A name="gas_comp_C2">4.0</A>
      <A name="gas_comp_C3">2.0</A>
      <A name="gas_comp_C4">1.0</A>
      <A name="gas_comp_H2S">1.0</A>
      <A name="GOR">908.0</A>
      <A name="WOR">4.31</A>
      <A name="WIR">5.31</A>
      <A name="GLIR">1500.0</A>
      <A name="GFIR">1362.0</A>
      <A name="flood_gas_type">CO2</A>
      <A name="SOR">3.0</A>
      <A name="fraction_elec_onsite">0.0</A>
      <A name="fraction_remaining_gas_inj">0.0</A>
      <A name="fraction_water_reinjected">1.0</A>
      <A name="fraction_steam_cogen">0.0</A>
      <A name="fraction_steam_solar">0.0</A>
      <Process class="CrudeOilDewatering">
        <A name="heater_treater">0</A>
      </Process>
      <A name="stabilizer_column">1</A>
      <A name="upgrader_type">None</A>
      <A name="gas_processing_path">Sour Gas Reinjection</A>
      <A name="common_gas_process_choice">None</A>
      <A name="FOR">182.0</A>
      <A name="VOR">0.0</A>
      <A name="frac_transport_tanker">1.0</A>
      <A name="frac_transport_barge">0.0</A>
      <A name="frac_transport_pipeline">1.0</A>
      <A name="frac_transport_rail">0.0</A>
      <A name="frac_transport_truck">0.0</A>
      <A name="transport_dist_tanker">5082.0</A>
      <A name="transport_dist_barge">500.0</A>
      <A name="transport_dist_pipeline">750.0</A>
      <A name="transport_dist_rail">800.0</A>
      <A name="transport_dist_truck">100.0</A>
    </Field>
    <Field name="Field 414" modifies="template">
      <A name="downhole_pump">0</A>
      <A name="water_reinjection">1</A>
      <A name="natural_gas_reinjection">1</A>
      <A name="water_flooding">0</A>
      <A name="gas_lifting">1</A>
      <A name="gas_flooding">0</A>
      <A name="steam_flooding">0</A>
      <A name="oil_sands_mine">None</A>
      <A name="country">Generic</A>
      <A name="name">Test 15 - Gas lift 2</A>
      <A name="age">35.0</A>
      <A name="depth">7240.0</A>
      <A name="oil_prod">1500.0</A>
      <A name="num_prod_wells">8</A>
      <A name="num_water_inj_wells">5</A>
      <A name="well_diam">2.78</A>
      <A name="prod_index">3.0</A>
      <A name="res_press">1557.0</A>
      <A name="res_temp">150.0</A>
      <A name="offshore">0.0</A>
      <A name="API">30.0</A>
      <A name="gas_comp_N2">2.0</A>
      <A name="gas_comp_CO2">6.0</A>
      <A name="gas_comp_C1">84.0</A>
      <A name="gas_comp_C2">4.0</A>
      <A name="gas_comp_C3">2.0</A>
      <A name="gas_comp_C4">1.0</A>
      <A name="gas_comp_H2S">1.0</A>
      <A name="GOR">908.0</A>
      <A name="WOR">4.31</A>
      <A name="WIR">5.31</A>
      <A name="GLIR">2500.0</A>
      <A name="GFIR">1362.0</A>
      <A name="flood_gas_type">CO2</A>
      <A name="SOR">3.0</A>
      <A name="fraction_elec_onsite">0.0</A>
      <A name="fraction_remaining_gas_inj">0.0</A>
      <A name="fraction_water_reinjected">1.0</A>
      <A name="fraction_steam_cogen">0.0</A>
      <A name="fraction_steam_solar">0.0</A>
      <Process class="CrudeOilDewatering">
        <A name="heater_treater">0</A>
      </Process>
      <A name="stabilizer_column">1</A>
      <A name="upgrader_type">None</A>
      <A name="gas_processing_path">Sour Gas Reinjection</A>
      <A name="common_gas_process_choice">None</A>
      <A name="FOR">182.0</A>
      <A name="VOR">0.0</A>
      <A name="frac_transport_tanker">1.0</A>
      <A name="frac_transport_barge">0.0</A>
      <A name="frac_transport_pipeline">1.0</A>
      <A name="frac_transport_rail">0.0</A>
      <A name="frac_transport_truck">0.0</A>
      <A name="transport_dist_tanker">5082.0</A>
      <A name="transport_dist_barge">500.0</A>
      <A name="transport_dist_pipeline">750.0</A>
      <A name="transport_dist_rail">800.0</A>
      <A name="transport_dist_truck">100.0</A>
    </Field>
    <Field name="Field 415" modifies="template">
      <A name="downhole_pump">0</A>
      <A name="water_reinjection">1</A>
      <A name="natural_gas_reinjection">1</A>
      <A name="water_flooding">0</A>
      <A name="gas_lifting">1</A>
      <A name="gas_flooding">0</A>
      <A name="steam_flooding">0</A>
      <A name="oil_sands_mine">None</A>
      <A name="country">Generic</A>
      <A name="name">Test 16 - Gas lift 3</A>
      <A name="age">35.0</A>
      <A name="depth">7240.0</A>
      <A name="oil_prod">1500.0</A>
      <A name="num_prod_wells">8</A>
      <A name="num_water_inj_wells">5</A>
      <A name="well_diam">2.78</A>
      <A name="prod_index">3.0</A>
      <A name="res_press">1557.0</A>
      <A name="res_temp">150.0</A>
      <A name="offshore">0.0</A>
      <A name="API">30.0</A>
      <A name="gas_comp_N2">2.0</A>
      <A name="gas_comp_CO2">6.0</A>
      <A name="gas_comp_C1">84.0</A>
      <A name="gas_comp_C2">4.0</A>
      <A name="gas_comp_C3">2.0</A>
      <A name="gas_comp_C4">1.0</A>
      <A name="gas_comp_H2S">1.0</A>
      <A name="GOR">908.0</A>
      <A name="WOR">4.31</A>
      <A name="WIR">5.31</A>
      <A name="GLIR">3500.0</A>
      <A name="GFIR">1362.0</A>
      <A name="flood_gas_type">CO2</A>
      <A name="SOR">3.0</A>
      <A name="fraction_elec_onsite">0.0</A>
      <A name="fraction_remaining_gas_inj">0.0</A>
      <A name="fraction_water_reinjected">1.0</A>
      <A name="fraction_steam_cogen">0.0</A>
      <A name="fraction_steam_solar">0.0</A>
      <Process class="CrudeOilDewatering">
        <A name="heater_treater">0</A>
      </Process>
      <A name="stabilizer_column">1</A>
      <A name="upgrader_type">None</A>
      <A name="gas_processing_path">Sour Gas Reinjection</A>
      <A name="common_gas_process_choice">None</A>
      <A name="FOR">182.0</A>
      <A name="VOR">0.0</A>
      <A name="frac_transport_tanker">1.0</A>
      <A name="frac_transport_barge">0.0</A>
      <A name="frac_transport_pipeline">1.0</A>
      <A name="frac_transport_rail">0.0</A>
      <A name="frac_transport_truck">0.0</A>
      <A name="transport_dist_tanker">5082.0</A>
      <A name="transport_dist_barge">500.0</A>
      <A name="transport_dist_pipeline">750.0</A>
      <A name="transport_dist_rail">800.0</A>
      <A name="transport_dist_truck">100.0</A>
    </Field>
    <Field name="Field 416" modifies="template">
      <A name="downhole_pump">0</A>
      <A name="water_reinjection">1</A>
      <A name="natural_gas_reinjection">1</A>
      <A name="water_flooding">0</A>
      <A name="gas_lifting">1</A>
      <A name="gas_flooding">0</A>
      <A name="steam_flooding">0</A>
      <A name="oil_sands_mine">None</A>
      <A name="country">Generic</A>
      <A name="name">Test 17 - Gas lift 4</A>
      <A name="age">35.0</A>
      <A name="depth">7240.0</A>
      <A name="oil_prod">1500.0</A>
      <A name="num_prod_wells">8</A>
      <A name="num_water_inj_wells">5</A>
      <A name="well_diam">2.78</A>
      <A name="prod_index">3.0</A>
      <A name="res_press">1557.0</A>
      <A name="res_temp">150.0</A>
      <A name="offshore">0.0</A>
      <A name="API">30.0</A>
      <A name="gas_comp_N2">2.0</A>
      <A name="gas_comp_CO2">6.0</A>
      <A name="gas_comp_C1">84.0</A>
      <A name="gas_comp_C2">4.0</A>
      <A name="gas_comp_C3">2.0</A>
      <A name="gas_comp_C4">1.0</A>
      <A name="gas_comp_H2S">1.0</A>
      <A name="GOR">908.0</A>
      <A name="WOR">4.31</A>
      <A name="WIR">5.31</A>
      <A name="GLIR">5000.0</A>
      <A name="GFIR">1362.0</A>
      <A name="flood_gas_type">CO2</A>
      <A name="SOR">3.0</A>
      <A name="fraction_elec_onsite">0.0</A>
      <A name="fraction_remaining_gas_inj">0.0</A>
      <A name="fraction_water_reinjected">1.0</A>
      <A name="fraction_steam_cogen">0.0</A>
      <A name="fraction_steam_solar">0.0</A>
      <Process class="CrudeOilDewatering">
        <A name="heater_treater">0</A>
      </Process>
      <A name="stabilizer_column">1</A>
      <A name="upgrader_type">None</A>
      <A name="gas_processing_path">Sour Gas Reinjection</A>
      <A name="common_gas_process_choice">None</A>
      <A name="FOR">182.0</A>
      <A name="VOR">0.0</A>
      <A name="frac_transport_tanker">1.0</A>
      <A name="frac_transport_barge">0.0</A>
      <A name="frac_transport_pipeline">1.0</A>
      <A name="frac_transport_rail">0.0</A>
      <A name="frac_transport_truck">0.0</A>
      <A name="transport_dist_tanker">5082.0</A>
      <A name="transport_dist_barge">500.0</A>
      <A name="transport_dist_pipeline">750.0</A>
      <A name="transport_dist_rail">800.0</A>
      <A name="transport_dist_truck">100.0</A>
    </Field>
    <Field name="Field 417" modifies="template">
      <A name="downhole_pump">1</A>
      <A name="water_reinjection">1</A>
      <A name="natural_gas_reinjection">1</A>
      <A name="water_flooding">0</A>
      <A name="gas_lifting">0</A>
      <A name="gas_flooding">0</A>
      <A name="steam_flooding">0</A>
      <A name="oil_sands_mine">None</A>
      <A name="country">Generic</A>
      <A name="name">Test 18 - Gas reinjection 1</A>
      <A name="age">35.0</A>
      <A name="depth">7240.0</A>
      <A name="oil_prod">1500.0</A>
      <A name="num_prod_wells">8</A>
      <A name="num_water_inj_wells">5</A>
      <A name="well_diam">2.78</A>
      <A name="prod_index">3.0</A>
      <A name="res_press">1557.0</A>
      <A name="res_temp">150.0</A>
      <A name="offshore">0.0</A>
      <A name="API">30.0</A>
      <A name="gas_comp_N2">2.0</A>
      <A name="gas_comp_CO2">6.0</A>
      <A name="gas_comp_C1">84.0</A>
      <A name="gas_comp_C2">4.0</A>
      <A name="gas_comp_C3">2.0</A>
      <A name="gas_comp_C4">1.0</A>
      <A name="gas_comp_H2S">1.0</A>
      <A name="GOR">908.0</A>
      <A name="WOR">4.31</A>
      <A name="WIR">5.31</A>
      <A name="GLIR">1500.0</A>
      <A name="GFIR">1362.0</A>
      <A name="flood_gas_type">CO2</A>
      <A name="SOR">3.0</A>
      <A name="fraction_elec_onsite">0.0</A>
      <A name="fraction_remaining_gas_inj">0.25</A>
      <A name="fraction_water_reinjected">1.0</A>
      <A name="fraction_steam_cogen">0.0</A>
      <A name="fraction_steam_solar">0.0</A>
      <Process class="CrudeOilDewatering">
        <A name="heater_treater">0</A>
      </Process>
      <A name="stabilizer_column">1</A>
      <A name="upgrader_type">None</A>
      <A name="gas_processing_path">Sour Gas Reinjection</A>
      <A name="common_gas_process_choice">None</A>
      <A name="FOR">182.0</A>
      <A name="VOR">0.0</A>
      <A name="frac_transport_tanker">1.0</A>
      <A name="frac_transport_barge">0.0</A>
      <A name="frac_transport_pipeline">1.0</A>
      <A name="frac_transport_rail">0.0</A>
      <A name="frac_transport_truck">0.0</A>
      <A name="transport_dist_tanker">5082.0</A>
      <A name="transport_dist_barge">500.0</A>
      <A name="transport_dist_pipeline">750.0</A>
      <A name="transport_dist_rail">800.0</A>
      <A name="transport_dist_truck">100.0</A>
    </Field>
    <Field name="Field 418" modifies="template">
      <A name="downhole_pump">1</A>
      <A name="water_reinjection">1</A>
      <A name="natural_gas_reinjection">1</A>
      <A name="water_flooding">0</A>
      <A name="gas_lifting">0</A>
      <A name="gas_flooding">0</A>
      <A name="steam_flooding">0</A>
      <A name="oil_sands_mine">None</A>
      <A name="country">Generic</A>
      <A name="name">Test 19 - Gas reinjection 2</A>
      <A name="age">35.0</A>
      <A name="depth">7240.0</A>
      <A name="oil_prod">1500.0</A>
      <A name="num_prod_wells">8</A>
      <A name="num_water_inj_wells">5</A>
      <A name="well_diam">2.78</A>
      <A name="prod_index">3.0</A>
      <A name="res_press">1557.0</A>
      <A name="res_temp">150.0</A>
      <A name="offshore">0.0</A>
      <A name="API">30.0</A>
      <A name="gas_comp_N2">2.0</A>
      <A name="gas_comp_CO2">6.0</A>
      <A name="gas_comp_C1">84.0</A>
      <A name="gas_comp_C2">4.0</A>
      <A name="gas_comp_C3">2.0</A>
      <A name="gas_comp_C4">1.0</A>
      <A name="gas_comp_H2S">1.0</A>
      <A name="GOR">908.0</A>
      <A name="WOR">4.31</A>
      <A name="WIR">5.31</A>
      <A name="GLIR">1500.0</A>
      <A name="GFIR">1362.0</A>
      <A name="flood_gas_type">CO2</A>
      <A name="SOR">3.0</A>
      <A name="fraction_elec_onsite">0.0</A>
      <A name="fraction_remaining_gas_inj">0.5</A>
      <A name="fraction_water_reinjected">1.0</A>
      <A name="fraction_steam_cogen">0.0</A>
      <A name="fraction_steam_solar">0.0</A>
      <Process class="CrudeOilDewatering">
        <A name="heater_treater">0</A>
      </Process>
      <A name="stabilizer_column">1</A>
      <A name="upgrader_type">None</A>
      <A name="gas_processing_path">Sour Gas Reinjection</A>
      <A name="common_gas_process_choice">None</A>
      <A name="FOR">182.0</A>
      <A name="VOR">0.0</A>
      <A name="frac_transport_tanker">1.0</A>
      <A name="frac_transport_barge">0.0</A>
      <A name="frac_transport_pipeline">1.0</A>
      <A name="frac_transport_rail">0.0</A>
      <A name="frac_transport_truck">0.0</A>
      <A name="transport_dist_tanker">5082.0</A>
      <A name="transport_dist_barge">500.0</A>
      <A name="transport_dist_pipeline">750.0</A>
      <A name="transport_dist_rail">800.0</A>
      <A name="transport_dist_truck">100.0</A>
    </Field>
    <Field name="Field 419" modifies="template">
      <A name="downhole_pump">1</A>
      <A name="water_reinjection">1</A>
      <A name="natural_gas_reinjection">1</A>
      <A name="water_flooding">0</A>
      <A name="gas_lifting">0</A>
      <A name="gas_flooding">0</A>
      <A name="steam_flooding">0</A>
      <A name="oil_sands_mine">None</A>
      <A name="country">Generic</A>
      <A name="name">Test 20 - Gas reinjection 3</A>
      <A name="age">35.0</A>
      <A name="depth">7240.0</A>
      <A name="oil_prod">1500.0</A>
      <A name="num_prod_wells">8</A>
      <A name="num_water_inj_wells">5</A>
      <A name="well_diam">2.78</A>
      <A name="prod_index">3.0</A>
      <A name="res_press">1557.0</A>
      <A name="res_temp">150.0</A>
      <A name="offshore">0.0</A>
      <A name="API">30.0</A>
      <A name="gas_comp_N2">2.0</A>
      <A name="gas_comp_CO2">6.0</A>
      <A name="gas_comp_C1">84.0</A>
      <A name="gas_comp_C2">4.0</A>
      <A name="gas_comp_C3">2.0</A>
      <A name="gas_comp_C4">1.0</A>
      <A name="gas_comp_H2S">1.0</A>
      <A name="GOR">908.0</A>
      <A name="WOR">4.31</A>
      <A name="WIR">5.31</A>
      <A name="GLIR">1500.0</A>
      <A name="GFIR">1362.0</A>
      <A name="flood_gas_type">CO2</A>
      <A name="SOR">3.0</A>
      <A name="fraction_elec_onsite">0.0</A>
      <A name="fraction_remaining_gas_inj">0.75</A>
      <A name="fraction_water_reinjected">1.0</A>
      <A name="fraction_steam_cogen">0.0</A>
      <A name="fraction_steam_solar">0.0</A>
      <Process class="CrudeOilDewatering">
        <A name="heater_treater">0</A>
      </Process>
      <A name="stabilizer_column">1</A>
      <A name="upgrader_type">None</A>
      <A name="gas_processing_path">Sour Gas Reinjection</A>
      <A name="common_gas_process_choice">None</A>
      <A name="FOR">182.0</A>
      <A name="VOR">0.0</A>
      <A name="frac_transport_tanker">1.0</A>
      <A name="frac_transport_barge">0.0</A>
      <A name="frac_transport_pipeline">1.0</A>
      <A name="frac_transport_rail">0.0</A>
      <A name="frac_transport_truck">0.0</A>
      <A name="transport_dist_tanker">5082.0</A>
      <A name="transport_dist_barge">500.0</A>
      <A name="transport_dist_pipeline">750.0</A>
      <A name="transport_dist_rail">800.0</A>
      <A name="transport_dist_truck">100.0</A>
    </Field>
    <Field name="Field 420" modifies="template">
      <A name="downhole_pump">1</A>
      <A name="water_reinjection">1</A>
      <A name="natural_gas_reinjection">1</A>
      <A name="water_flooding">0</A>
      <A name="gas_lifting">0</A>
      <A name="gas_flooding">0</A>
      <A name="steam_flooding">0</A>
      <A name="oil_sands_mine">None</A>
      <A name="country">Generic</A>
      <A name="name">Test 21 - Gas reinjection 4</A>
      <A name="age">35.0</A>
      <A name="depth">7240.0</A>
      <A name="oil_prod">1500.0</A>
      <A name="num_prod_wells">8</A>
      <A name="num_water_inj_wells">5</A>
      <A name="well_diam">2.78</A>
      <A name="prod_index">3.0</A>
      <A name="res_press">1557.0</A>
      <A name="res_temp">150.0</A>
      <A name="offshore">0.0</A>
      <A name="API">30.0</A>
      <A name="gas_comp_N2">2.0</A>
      <A name="gas_comp_CO2">6.0</A>
      <A name="gas_comp_C1">84.0</A>
      <A name="gas_comp_C2">4.0</A>
      <A name="gas_comp_C3">2.0</A>
      <A name="gas_comp_C4">1.0</A>
      <A name="gas_comp_H2S">1.0</A>
      <A name="GOR">908.0</A>
      <A name="WOR">4.31</A>
      <A name="WIR">5.31</A>
      <A name="GLIR">1500.0</A>
      <A name="GFIR">1362.0</A>
      <A name="flood_gas_type">CO2</A>
      <A name="SOR">3.0</A>
      <A name="fraction_elec_onsite">0.0</A>
      <A name="fraction_remaining_gas_inj">1.0</A>
      <A name="fraction_water_reinjected">1.0</A>
      <A name="fraction_steam_cogen">0.0</A>
      <A name="fraction_steam_solar">0.0</A>
      <Process class="CrudeOilDewatering">
        <A name="heater_treater">0</A>
      </Process>
      <A name="stabilizer_column">1</A>
      <A name="upgrader_type">None</A>
      <A name="gas_processing_path">Sour Gas Reinjection</A>
      <A name="common_gas_process_choice">None</A>
      <A name="FOR">182.0</A>
      <A name="VOR">0.0</A>
      <A name="frac_transport_tanker">1.0</A>
      <A name="frac_transport_barge">0.0</A>
      <A name="frac_transport_pipeline">1.0</A>
      <A name="frac_transport_rail">0.0</A>
      <A name="frac_transport_truck">0.0</A>
      <A name="transport_dist_tanker">5082.0</A>
      <A name="transport_dist_barge">500.0</A>
      <A name="transport_dist_pipeline">750.0</A>
      <A name="transport_dist_rail">800.0</A>
      <A name="transport_dist_truck">100.0</A>
    </Field>
    <Field name="Field 421" modifies="template">
      <A name="downhole_pump">1</A>
      <A name="water_reinjection">1</A>
      <A name="natural_gas_reinjection">0</A>
      <A name="water_flooding">0</A>
      <A name="gas_lifting">0</A>
      <A name="gas_flooding">1</A>
      <A name="steam_flooding">0</A>
      <A name="oil_sands_mine">None</A>
      <A name="country">United States</A>
      <A name="name">Test 22- CO2 default / Natural / Path 6</A>
      <A name="flood_gas_type">CO2</A>
      <A name="gas_processing_path">CO2-EOR Membrane</A>
    </Field>
    <Field name="Field 422" modifies="template">
      <A name="downhole_pump">1</A>
      <A name="water_reinjection">1</A>
      <A name="natural_gas_reinjection">0</A>
      <A name="water_flooding">0</A>
      <A name="gas_lifting">0</A>
      <A name="gas_flooding">1</A>
      <A name="steam_flooding">0</A>
      <A name="oil_sands_mine">None</A>
      <A name="country">United States</A>
      <A name="name">Test 23 - CO2 high recycle / Natural / Path 6</A>
      <A name="flood_gas_type">CO2</A>
      <A name="gas_processing_path">CO2-EOR Membrane</A>
    </Field>
    <Field name="Field 423" modifies="template">
      <A name="downhole_pump">1</A>
      <A name="water_reinjection">1</A>
      <A name="natural_gas_reinjection">0</A>
      <A name="water_flooding">0</A>
      <A name="gas_lifting">0</A>
      <A name="gas_flooding">1</A>
      <A name="steam_flooding">0</A>
      <A name="oil_sands_mine">None</A>
      <A name="country">United States</A>
      <A name="name">Test 24 - CO2 low recycle / Natural / Path 6</A>
      <A name="flood_gas_type">CO2</A>
      <A name="gas_processing_path">CO2-EOR Membrane</A>
    </Field>
    <Field name="Field 424" modifies="template">
      <A name="downhole_pump">1</A>
      <A name="water_reinjection">1</A>
      <A name="natural_gas_reinjection">0</A>
      <A name="water_flooding">0</A>
      <A name="gas_lifting">0</A>
      <A name="gas_flooding">1</A>
      <A name="steam_flooding">0</A>
      <A name="oil_sands_mine">None</A>
      <A name="country">United States</A>
      <A name="name">Test 25 - CO2 seq / Anthro / Path 6</A>
      <A name="flood_gas_type">CO2</A>
      <A name="gas_processing_path">CO2-EOR Membrane</A>
    </Field>
    <Field name="Field 425" modifies="template">
      <A name="downhole_pump">1</A>
      <A name="water_reinjection">1</A>
      <A name="natural_gas_reinjection">0</A>
      <A name="water_flooding">0</A>
      <A name="gas_lifting">0</A>
      <A name="gas_flooding">1</A>
      <A name="steam_flooding">0</A>
      <A name="oil_sands_mine">None</A>
      <A name="country">United States</A>
      <A name="name">Test 26 - CO2 seq 50% credit / Anthro / Path 6</A>
      <A name="flood_gas_type">CO2</A>
      <A name="gas_processing_path">CO2-EOR Membrane</A>
    </Field>
    <Field name="Field 426" modifies="template">
      <A name="downhole_pump">1</A>
      <A name="water_reinjection">1</A>
      <A name="natural_gas_reinjection">0</A>
      <A name="water_flooding">0</A>
      <A name="gas_lifting">0</A>
      <A name="gas_flooding">1</A>
      <A name="steam_flooding">0</A>
      <A name="oil_sands_mine">None</A>
      <A name="country">United States</A>
      <A name="name">Test 27 - CO2 seq 100% credit / Anthro / Path 6</A>
      <A name="flood_gas_type">CO2</A>
      <A name="gas_processing_path">CO2-EOR Membrane</A>
    </Field>
    <Field name="Field 427" modifies="template">
      <A name="downhole_pump">1</A>
      <A name="water_reinjection">1</A>
      <A name="natural_gas_reinjection">0</A>
      <A name="water_flooding">0</A>
      <A name="gas_lifting">0</A>
      <A name="gas_flooding">1</A>
      <A name="steam_flooding">0</A>
      <A name="oil_sands_mine">None</A>
      <A name="country">United States</A>
      <A name="name">Test 28 - CO2 default / Natural / Path 7</A>
      <A name="flood_gas_type">CO2</A>
      <A name="gas_processing_path">CO2-EOR Ryan Holmes</A>
    </Field>
    <Field name="Field 428" modifies="template">
      <A name="downhole_pump">1</A>
      <A name="water_reinjection">1</A>
      <A name="natural_gas_reinjection">0</A>
      <A name="water_flooding">0</A>
      <A name="gas_lifting">0</A>
      <A name="gas_flooding">1</A>
      <A name="steam_flooding">0</A>
      <A name="oil_sands_mine">None</A>
      <A name="country">United States</A>
      <A name="name">Test 29 - CO2 high recycle/ Natural / Path 7</A>
      <A name="flood_gas_type">CO2</A>
      <A name="gas_processing_path">CO2-EOR Ryan Holmes</A>
    </Field>
    <Field name="Field 429" modifies="template">
      <A name="downhole_pump">1</A>
      <A name="water_reinjection">1</A>
      <A name="natural_gas_reinjection">0</A>
      <A name="water_flooding">0</A>
      <A name="gas_lifting">0</A>
      <A name="gas_flooding">1</A>
      <A name="steam_flooding">0</A>
      <A name="oil_sands_mine">None</A>
      <A name="country">United States</A>
      <A name="name">Test 30 - CO2 low recycle / Natural / Path 7</A>
      <A name="flood_gas_type">CO2</A>
      <A name="gas_processing_path">CO2-EOR Ryan Holmes</A>
    </Field>
    <Field name="Field 430" modifies="template">
      <A name="downhole_pump">1</A>
      <A name="water_reinjection">1</A>
      <A name="natural_gas_reinjection">0</A>
      <A name="water_flooding">0</A>
      <A name="gas_lifting">0</A>
      <A name="gas_flooding">1</A>
      <A name="steam_flooding">0</A>
      <A name="oil_sands_mine">None</A>
      <A name="country">United States</A>
      <A name="name">Test 31 - CO2 seq / Anthro / Path 7</A>
      <A name="flood_gas_type">CO2</A>
      <A name="gas_processing_path">CO2-EOR Ryan Holmes</A>
    </Field>
    <Field name="Field 431" modifies="template">
      <A name="downhole_pump">1</A>
      <A name="water_reinjection">1</A>
      <A name="natural_gas_reinjection">0</A>
      <A name="water_flooding">0</A>
      <A name="gas_lifting">0</A>
      <A name="gas_flooding">1</A>
      <A name="steam_flooding">0</A>
      <A name="oil_sands_mine">None</A>
      <A name="country">United States</A>
      <A name="name">Test 32 - CO2 seq 50% credit / Anthro / Path 7</A>
      <A name="gas_processing_path">CO2-EOR Ryan Holmes</A>
    </Field>
    <Field name="Field 432" modifies="template">
      <A name="downhole_pump">1</A>
      <A name="water_reinjection">1</A>
      <A name="natural_gas_reinjection">0</A>
      <A name="water_flooding">0</A>
      <A name="gas_lifting">0</A>
      <A name="gas_flooding">1</A>
      <A name="steam_flooding">0</A>
      <A name="oil_sands_mine">None</A>
      <A name="country">United States</A>
      <A name="name">Test 33 - CO2 seq 100% credit / Anthro / Path 7</A>
      <A name="gas_processing_path">CO2-EOR Ryan Holmes</A>
    </Field>
    <Field name="Field 433" modifies="template">
      <A name="downhole_pump">1</A>
      <A name="water_reinjection">1</A>
      <A name="natural_gas_reinjection">0</A>
      <A name="water_flooding">0</A>
      <A name="gas_lifting">0</A>
      <A name="gas_flooding">1</A>
      <A name="steam_flooding">0</A>
      <A name="oil_sands_mine">None</A>
      <A name="country">United States</A>
      <A name="name">Test 34 - CO2 default / Natural / Path 8</A>
      <A name="gas_processing_path">CO2-EOR Ryan Holmes</A>
    </Field>
    <Field name="Field 434" modifies="template">
      <A name="downhole_pump">1</A>
      <A name="water_reinjection">1</A>
      <A name="natural_gas_reinjection">0</A>
      <A name="water_flooding">0</A>
      <A name="gas_lifting">0</A>
      <A name="gas_flooding">1</A>
      <A name="steam_flooding">0</A>
      <A name="oil_sands_mine">None</A>
      <A name="country">United States</A>
      <A name="name">Test 35 - CO2 high recycle / Natural / Path 8</A>
      <A name="gas_processing_path">CO2-EOR Ryan Holmes</A>
    </Field>
    <Field name="Field 435" modifies="template">
      <A name="downhole_pump">1</A>
      <A name="water_reinjection">1</A>
      <A name="natural_gas_reinjection">0</A>
      <A name="water_flooding">0</A>
      <A name="gas_lifting">0</A>
      <A name="gas_flooding">1</A>
      <A name="steam_flooding">0</A>
      <A name="oil_sands_mine">None</A>
      <A name="country">United States</A>
      <A name="name">Test 36 - CO2 low recycle / Natural / Path 8</A>
      <A name="gas_processing_path">CO2-EOR Ryan Holmes</A>
    </Field>
    <Field name="Field 436" modifies="template">
      <A name="downhole_pump">1</A>
      <A name="water_reinjection">1</A>
      <A name="natural_gas_reinjection">0</A>
      <A name="water_flooding">0</A>
      <A name="gas_lifting">0</A>
      <A name="gas_flooding">1</A>
      <A name="steam_flooding">0</A>
      <A name="oil_sands_mine">None</A>
      <A name="country">United States</A>
      <A name="name">Test 37 - CO2 seq / Anthro / Path 8</A>
      <A name="gas_processing_path">CO2-EOR Ryan Holmes</A>
    </Field>
    <Field name="Field 437" modifies="template">
      <A name="downhole_pump">1</A>
      <A name="water_reinjection">1</A>
      <A name="natural_gas_reinjection">0</A>
      <A name="water_flooding">0</A>
      <A name="gas_lifting">0</A>
      <A name="gas_flooding">1</A>
      <A name="steam_flooding">0</A>
      <A name="oil_sands_mine">None</A>
      <A name="country">United States</A>
      <A name="name">Test 38 - CO2 seq 50% credit / Anthro / Path 8</A>
      <A name="gas_processing_path">CO2-EOR Ryan Holmes</A>
    </Field>
    <Field name="Field 438" modifies="template">
      <A name="downhole_pump">1</A>
      <A name="water_reinjection">1</A>
      <A name="natural_gas_reinjection">0</A>
      <A name="water_flooding">0</A>
      <A name="gas_lifting">0</A>
      <A name="gas_flooding">1</A>
      <A name="steam_flooding">0</A>
      <A name="oil_sands_mine">None</A>
      <A name="country">United States</A>
      <A name="name">Test 39 - CO2 seq 100% credit / Anthro / Path 8</A>
      <A name="gas_processing_path">CO2-EOR Ryan Holmes</A>
    </Field>
    <Field name="Field 439" modifies="template">
      <A name="water_reinjection">0</A>
      <A name="natural_gas_reinjection">0</A>
      <A name="steam_flooding">1</A>
      <A name="oil_sands_mine">None</A>
      <A name="name">Test 40 - Diluent Test 0%</A>
      <A name="depth">2000.0</A>
      <A name="res_press">430.0</A>
      <A name="API">15.0</A>
      <A name="GOR">100.0</A>
      <A name="WOR">1.0</A>
      <A name="SOR">3.0</A>
      <A name="FOR">0.0</A>
      <Process class="HeavyOilDilution">
        <A name="fraction_diluent">0.0</A>
      </Process>
    </Field>
    <Field name="Field 440" modifies="template">
      <A name="water_reinjection">0</A>
      <A name="natural_gas_reinjection">0</A>
      <A name="steam_flooding">1</A>
      <A name="oil_sands_mine">None</A>
      <A name="name">Test 41 - Diluent Test 25%</A>
      <A name="depth">2000.0</A>
      <A name="res_press">430.0</A>
      <A name="API">15.0</A>
      <A name="GOR">100.0</A>
      <A name="WOR">1.0</A>
      <A name="SOR">3.0</A>
      <A name="oil_processing_path">Dilution</A>
      <A name="FOR">0.0</A>
      <Process class="HeavyOilDilution">
        <A name="fraction_diluent">0.25</A>
      </Process>
    </Field>
    <Field name="Field 441" modifies="template">
      <A name="water_reinjection">0</A>
      <A name="natural_gas_reinjection">0</A>
      <A name="steam_flooding">1</A>
      <A name="oil_sands_mine">None</A>
      <A name="name">Test 42 - Diluent Test 50%</A>
      <A name="depth">2000.0</A>
      <A name="res_press">430.0</A>
      <A name="API">15.0</A>
      <A name="GOR">100.0</A>
      <A name="WOR">1.0</A>
      <A name="SOR">3.0</A>
      <A name="oil_processing_path">Dilution</A>
      <A name="FOR">0.0</A>
      <Process class="HeavyOilDilution">
        <A name="fraction_diluent">0.5</A>
      </Process>
    </Field>
    <Field name="Field 442" modifies="template">
      <A name="water_reinjection">0</A>
      <A name="natural_gas_reinjection">0</A>
      <A name="steam_flooding">1</A>
      <A name="oil_sands_mine">None</A>
      <A name="name">Test 43 - Diluent Test 75%</A>
      <A name="depth">2000.0</A>
      <A name="res_press">430.0</A>
      <A name="API">15.0</A>
      <A name="GOR">100.0</A>
      <A name="WOR">1.0</A>
      <A name="SOR">3.0</A>
      <A name="oil_processing_path">Dilution</A>
      <A name="FOR">0.0</A>
      <Process class="HeavyOilDilution">
        <A name="fraction_diluent">0.75</A>
      </Process>
    </Field>
    <Field name="Field 443" modifies="template">
      <A name="water_reinjection">0</A>
      <A name="natural_gas_reinjection">0</A>
      <A name="steam_flooding">1</A>
      <A name="oil_sands_mine">None</A>
      <A name="name">Test 44 - Diluent Test 100%</A>
      <A name="depth">2000.0</A>
      <A name="res_press">430.0</A>
      <A name="API">15.0</A>
      <A name="GOR">100.0</A>
      <A name="WOR">1.0</A>
      <A name="SOR">3.0</A>
      <A name="oil_processing_path">Dilution</A>
      <A name="FOR">0.0</A>
      <Process class="HeavyOilDilution">
        <A name="fraction_diluent">1.0</A>
      </Process>
    </Field>
    <Field name="Field 444" modifies="template">
      <A name="downhole_pump">0</A>
      <A name="water_reinjection">0</A>
      <A name="natural_gas_reinjection">0</A>
      <A name="water_flooding">0</A>
      <A name="gas_lifting">0</A>
      <A name="gas_flooding">0</A>
      <A name="steam_flooding">0</A>
      <A name="oil_sands_mine">Integrated with upgrader</A>
      <A name="country">Canada</A>
      <A name="name">Test 45 - Oil sands test: Mine, DC, integrated</A>
      <A name="API">32.0</A>
      <A name="API_bitumen">32.0</A>
      <A name="upgrader_type">Delayed coking</A>
      <A name="gas_processing_path">Minimal</A>
      <A name="common_gas_process_choice">None</A>
      <A name="oil_processing_path">Upgrading</A>
      <A name="FOR">0.0</A>
      <A name="VOR">0.0</A>
    </Field>
    <Field name="Field 445" modifies="template">
      <A name="downhole_pump">0</A>
      <A name="water_reinjection">0</A>
      <A name="natural_gas_reinjection">0</A>
      <A name="water_flooding">0</A>
      <A name="gas_lifting">0</A>
      <A name="gas_flooding">0</A>
      <A name="steam_flooding">0</A>
      <A name="oil_sands_mine">Non-integrated with upgrader</A>
      <A name="country">Canada</A>
      <A name="name">Test 46 - Oil sands test: Mine, DC, non-integrated</A>
      <A name="API">32.0</A>
      <A name="API_bitumen">32.0</A>
      <A name="gas_processing_path">Minimal</A>
      <A name="common_gas_process_choice">None</A>
      <A name="oil_processing_path">Dilution</A>
      <A name="FOR">0.0</A>
      <A name="VOR">0.0</A>
      <Process class="HeavyOilDilution">
        <A name="fraction_diluent">0.3</A>
      </Process>
    </Field>
    <Field name="Field 446" modifies="template">
      <A name="downhole_pump">0</A>
      <A name="water_reinjection">0</A>
      <A name="natural_gas_reinjection">0</A>
      <A name="water_flooding">0</A>
      <A name="gas_lifting">0</A>
      <A name="gas_flooding">0</A>
      <A name="steam_flooding">0</A>
      <A name="oil_sands_mine">Integrated with upgrader</A>
      <A name="country">Canada</A>
      <A name="name">Test 47 - Oil sands test: Mine, HC, integrated</A>
      <A name="API">32.0</A>
      <A name="API_bitumen">32.0</A>
      <A name="upgrader_type">Hydroconversion</A>
      <A name="gas_processing_path">Minimal</A>
      <A name="common_gas_process_choice">None</A>
      <A name="oil_processing_path">Upgrading</A>
      <A name="FOR">0.0</A>
      <A name="VOR">0.0</A>
    </Field>
    <Field name="Field 447" modifies="template">
      <A name="downhole_pump">0</A>
      <A name="water_reinjection">0</A>
      <A name="natural_gas_reinjection">0</A>
      <A name="water_flooding">0</A>
      <A name="gas_lifting">0</A>
      <A name="gas_flooding">0</A>
      <A name="steam_flooding">0</A>
      <A name="oil_sands_mine">Non-integrated with upgrader</A>
      <A name="country">Canada</A>
      <A name="name">Test 48 - Oil sands test: Mine, HC, non-integrated</A>
      <A name="API">32.0</A>
      <A name="API_bitumen">32.0</A>
      <A name="gas_processing_path">Minimal</A>
      <A name="common_gas_process_choice">None</A>
      <A name="oil_processing_path">Dilution</A>
      <A name="FOR">0.0</A>
      <A name="VOR">0.0</A>
      <Process class="HeavyOilDilution">
        <A name="fraction_diluent">0.3</A>
      </Process>
    </Field>
    <Field name="Field 448" modifies="template">
      <A name="downhole_pump">0</A>
      <A name="water_reinjection">0</A>
      <A name="natural_gas_reinjection">0</A>
      <A name="water_flooding">0</A>
      <A name="gas_lifting">0</A>
      <A name="gas_flooding">0</A>
      <A name="steam_flooding">0</A>
      <A name="oil_sands_mine">Integrated with upgrader</A>
      <A name="country">Canada</A>
      <A name="name">Test 49 - Oil sands test: Mine, HCFC, integrated</A>
      <A name="API">32.0</A>
      <A name="API_bitumen">32.0</A>
      <A name="upgrader_type">Combined</A>
      <A name="gas_processing_path">Minimal</A>
      <A name="common_gas_process_choice">None</A>
      <A name="oil_processing_path">Upgrading</A>
      <A name="FOR">0.0</A>
      <A name="VOR">0.0</A>
    </Field>
    <Field name="Field 449" modifies="template">
      <A name="downhole_pump">0</A>
      <A name="water_reinjection">0</A>
      <A name="natural_gas_reinjection">0</A>
      <A name="water_flooding">0</A>
      <A name="gas_lifting">0</A>
      <A name="gas_flooding">0</A>
      <A name="steam_flooding">0</A>
      <A name="oil_sands_mine">Non-integrated with upgrader</A>
      <A name="country">Canada</A>
      <A name="name">Test 50 - Oil sands test: Mine, HCFC, non-integrated</A>
      <A name="API">32.0</A>
      <A name="API_bitumen">32.0</A>
      <A name="gas_processing_path">Minimal</A>
      <A name="common_gas_process_choice">None</A>
      <A name="oil_processing_path">Dilution</A>
      <A name="FOR">0.0</A>
      <A name="VOR">0.0</A>
      <Process class="HeavyOilDilution">
        <A name="fraction_diluent">0.3</A>
      </Process>
    </Field>
    <Field name="Field 450" modifies="template">
      <A name="downhole_pump">1</A>
      <A name="water_reinjection">0</A>
      <A name="natural_gas_reinjection">0</A>
      <A name="water_flooding">0</A>
      <A name="gas_lifting">0</A>
      <A name="gas_flooding">0</A>
      <A name="steam_flooding">1</A>
      <A name="oil_sands_mine">None</A>
      <A name="name">Test 51 - Thermal EOR 1 / SOR = 2 / 0% Co-gen</A>
      <A name="depth">2000.0</A>
      <A name="oil_prod">1500.0</A>
      <A name="res_press">430.0</A>
      <A name="API">15.0</A>
      <A name="GOR">100.0</A>
      <A name="WOR">1.0</A>
      <A name="SOR">2.0</A>
      <A name="fraction_steam_cogen">0.0</A>
      <A name="FOR">0.0</A>
    </Field>
    <Field name="Field 451" modifies="template">
      <A name="downhole_pump">1</A>
      <A name="water_reinjection">0</A>
      <A name="natural_gas_reinjection">0</A>
      <A name="water_flooding">0</A>
      <A name="gas_lifting">0</A>
      <A name="gas_flooding">0</A>
      <A name="steam_flooding">1</A>
      <A name="oil_sands_mine">None</A>
      <A name="name">Test 52 - Thermal EOR 2 / SOR = 4 / 0% Co-gen</A>
      <A name="depth">2000.0</A>
      <A name="oil_prod">1500.0</A>
      <A name="res_press">430.0</A>
      <A name="API">15.0</A>
      <A name="GOR">100.0</A>
      <A name="WOR">1.0</A>
      <A name="SOR">4.0</A>
      <A name="fraction_steam_cogen">0.0</A>
      <A name="FOR">0.0</A>
    </Field>
    <Field name="Field 452" modifies="template">
      <A name="downhole_pump">1</A>
      <A name="water_reinjection">0</A>
      <A name="natural_gas_reinjection">0</A>
      <A name="water_flooding">0</A>
      <A name="gas_lifting">0</A>
      <A name="gas_flooding">0</A>
      <A name="steam_flooding">1</A>
      <A name="oil_sands_mine">None</A>
      <A name="name">Test 53 - Thermal EOR 3 / SOR = 6 / 0% Co-gen</A>
      <A name="depth">2000.0</A>
      <A name="oil_prod">1500.0</A>
      <A name="res_press">430.0</A>
      <A name="API">15.0</A>
      <A name="GOR">100.0</A>
      <A name="WOR">1.0</A>
      <A name="SOR">6.0</A>
      <A name="fraction_steam_cogen">0.0</A>
      <A name="FOR">0.0</A>
    </Field>
    <Field name="Field 453" modifies="template">
      <A name="downhole_pump">1</A>
      <A name="water_reinjection">0</A>
      <A name="natural_gas_reinjection">0</A>
      <A name="water_flooding">0</A>
      <A name="gas_lifting">0</A>
      <A name="gas_flooding">0</A>
      <A name="steam_flooding">1</A>
      <A name="oil_sands_mine">None</A>
      <A name="name">Test 54 - Thermal EOR 4 / SOR = 2 / 50% Co-gen</A>
      <A name="depth">2000.0</A>
      <A name="oil_prod">1500.0</A>
      <A name="res_press">430.0</A>
      <A name="API">15.0</A>
      <A name="GOR">100.0</A>
      <A name="WOR">1.0</A>
      <A name="SOR">2.0</A>
      <A name="fraction_steam_cogen">0.5</A>
      <A name="FOR">0.0</A>
    </Field>
    <Field name="Field 454" modifies="template">
      <A name="downhole_pump">1</A>
      <A name="water_reinjection">0</A>
      <A name="natural_gas_reinjection">0</A>
      <A name="water_flooding">0</A>
      <A name="gas_lifting">0</A>
      <A name="gas_flooding">0</A>
      <A name="steam_flooding">1</A>
      <A name="oil_sands_mine">None</A>
      <A name="name">Test 55 - Thermal EOR 5 / SOR = 4 / 50% Co-gen</A>
      <A name="depth">2000.0</A>
      <A name="oil_prod">1500.0</A>
      <A name="res_press">430.0</A>
      <A name="API">15.0</A>
      <A name="GOR">100.0</A>
      <A name="WOR">1.0</A>
      <A name="SOR">4.0</A>
      <A name="fraction_steam_cogen">0.5</A>
      <A name="FOR">0.0</A>
    </Field>
    <Field name="Field 455" modifies="template">
      <A name="downhole_pump">1</A>
      <A name="water_reinjection">0</A>
      <A name="natural_gas_reinjection">0</A>
      <A name="water_flooding">0</A>
      <A name="gas_lifting">0</A>
      <A name="gas_flooding">0</A>
      <A name="steam_flooding">1</A>
      <A name="oil_sands_mine">None</A>
      <A name="name">Test 56 - Thermal EOR 6 / SOR = 6 / 50% Co-gen</A>
      <A name="depth">2000.0</A>
      <A name="oil_prod">1500.0</A>
      <A name="res_press">430.0</A>
      <A name="API">15.0</A>
      <A name="GOR">100.0</A>
      <A name="WOR">1.0</A>
      <A name="SOR">6.0</A>
      <A name="fraction_steam_cogen">0.5</A>
      <A name="FOR">0.0</A>
    </Field>
    <Field name="Field 456" modifies="template">
      <A name="downhole_pump">1</A>
      <A name="water_reinjection">0</A>
      <A name="natural_gas_reinjection">0</A>
      <A name="water_flooding">0</A>
      <A name="gas_lifting">0</A>
      <A name="gas_flooding">0</A>
      <A name="steam_flooding">1</A>
      <A name="oil_sands_mine">None</A>
      <A name="name">Test 57 - Thermal EOR 4 / SOR = 2 / 75% Co-gen</A>
      <A name="depth">2000.0</A>
      <A name="oil_prod">1500.0</A>
      <A name="res_press">430.0</A>
      <A name="API">15.0</A>
      <A name="GOR">100.0</A>
      <A name="WOR">1.0</A>
      <A name="SOR">2.0</A>
      <A name="fraction_steam_cogen">0.75</A>
      <A name="FOR">0.0</A>
    </Field>
    <Field name="Field 457" modifies="template">
      <A name="downhole_pump">1</A>
      <A name="water_reinjection">0</A>
      <A name="natural_gas_reinjection">0</A>
      <A name="water_flooding">0</A>
      <A name="gas_lifting">0</A>
      <A name="gas_flooding">0</A>
      <A name="steam_flooding">1</A>
      <A name="oil_sands_mine">None</A>
      <A name="name">Test 58 - Thermal EOR 5 / SOR = 4 / 75% Co-gen</A>
      <A name="depth">2000.0</A>
      <A name="oil_prod">1500.0</A>
      <A name="res_press">430.0</A>
      <A name="API">15.0</A>
      <A name="GOR">100.0</A>
      <A name="WOR">1.0</A>
      <A name="SOR">4.0</A>
      <A name="fraction_steam_cogen">0.75</A>
      <A name="FOR">0.0</A>
    </Field>
    <Field name="Field 458" modifies="template">
      <A name="downhole_pump">1</A>
      <A name="water_reinjection">0</A>
      <A name="natural_gas_reinjection">0</A>
      <A name="water_flooding">0</A>
      <A name="gas_lifting">0</A>
      <A name="gas_flooding">0</A>
      <A name="steam_flooding">1</A>
      <A name="oil_sands_mine">None</A>
      <A name="name">Test 59 - Thermal EOR 6 / SOR = 6 / 75% Co-gen</A>
      <A name="depth">2000.0</A>
      <A name="oil_prod">1500.0</A>
      <A name="res_press">430.0</A>
      <A name="API">15.0</A>
      <A name="GOR">100.0</A>
      <A name="WOR">1.0</A>
      <A name="SOR">6.0</A>
      <A name="fraction_steam_cogen">0.75</A>
      <A name="FOR">0.0</A>
    </Field>
    <Field name="Field 459" modifies="template">
      <A name="downhole_pump">1</A>
      <A name="water_reinjection">0</A>
      <A name="natural_gas_reinjection">0</A>
      <A name="water_flooding">0</A>
      <A name="gas_lifting">0</A>
      <A name="gas_flooding">0</A>
      <A name="steam_flooding">1</A>
      <A name="oil_sands_mine">None</A>
      <A name="name">Test 60 - Thermal EOR 4 / SOR = 2 / 100% Co-gen</A>
      <A name="depth">2000.0</A>
      <A name="oil_prod">1500.0</A>
      <A name="res_press">430.0</A>
      <A name="API">15.0</A>
      <A name="GOR">100.0</A>
      <A name="WOR">1.0</A>
      <A name="SOR">2.0</A>
      <A name="fraction_steam_cogen">1.0</A>
    </Field>
    <Field name="Field 460" modifies="template">
      <A name="downhole_pump">1</A>
      <A name="water_reinjection">0</A>
      <A name="natural_gas_reinjection">0</A>
      <A name="water_flooding">0</A>
      <A name="gas_lifting">0</A>
      <A name="gas_flooding">0</A>
      <A name="steam_flooding">1</A>
      <A name="oil_sands_mine">None</A>
      <A name="name">Test 61 - Thermal EOR 5 / SOR = 4 / 100% Co-gen</A>
      <A name="depth">2000.0</A>
      <A name="oil_prod">1500.0</A>
      <A name="res_press">430.0</A>
      <A name="API">15.0</A>
      <A name="GOR">100.0</A>
      <A name="WOR">1.0</A>
      <A name="SOR">4.0</A>
      <A name="fraction_steam_cogen">1.0</A>
    </Field>
    <Field name="Field 461" modifies="template">
      <A name="downhole_pump">1</A>
      <A name="water_reinjection">0</A>
      <A name="natural_gas_reinjection">0</A>
      <A name="water_flooding">0</A>
      <A name="gas_lifting">0</A>
      <A name="gas_flooding">0</A>
      <A name="steam_flooding">1</A>
      <A name="oil_sands_mine">None</A>
      <A name="name">Test 62 - Thermal EOR 6 / SOR = 6 / 100% Co-gen</A>
      <A name="depth">2000.0</A>
      <A name="oil_prod">1500.0</A>
      <A name="res_press">430.0</A>
      <A name="API">15.0</A>
      <A name="GOR">100.0</A>
      <A name="WOR">1.0</A>
      <A name="SOR">6.0</A>
      <A name="fraction_steam_cogen">1.0</A>
    </Field>
    <Field name="Field 462" modifies="template">
      <A name="downhole_pump">1</A>
      <A name="water_reinjection">0</A>
      <A name="natural_gas_reinjection">0</A>
      <A name="water_flooding">0</A>
      <A name="gas_lifting">0</A>
      <A name="gas_flooding">0</A>
      <A name="steam_flooding">1</A>
      <A name="oil_sands_mine">None</A>
      <A name="name">Test 63 - Thermal EOR 7 / SOR = 2 / 25% solar</A>
      <A name="depth">2000.0</A>
      <A name="oil_prod">1500.0</A>
      <A name="res_press">430.0</A>
      <A name="API">15.0</A>
      <A name="GOR">100.0</A>
      <A name="WOR">1.0</A>
      <A name="SOR">2.0</A>
      <A name="fraction_steam_solar">0.25</A>
    </Field>
    <Field name="Field 463" modifies="template">
      <A name="downhole_pump">1</A>
      <A name="water_reinjection">0</A>
      <A name="natural_gas_reinjection">0</A>
      <A name="water_flooding">0</A>
      <A name="gas_lifting">0</A>
      <A name="gas_flooding">0</A>
      <A name="steam_flooding">1</A>
      <A name="oil_sands_mine">None</A>
      <A name="name">Test 64 - Thermal EOR 8 / SOR = 4 / 25% solar</A>
      <A name="depth">2000.0</A>
      <A name="oil_prod">1500.0</A>
      <A name="res_press">430.0</A>
      <A name="API">15.0</A>
      <A name="GOR">100.0</A>
      <A name="WOR">1.0</A>
      <A name="SOR">4.0</A>
      <A name="fraction_steam_solar">0.25</A>
    </Field>
    <Field name="Field 464" modifies="template">
      <A name="downhole_pump">1</A>
      <A name="water_reinjection">0</A>
      <A name="natural_gas_reinjection">0</A>
      <A name="water_flooding">0</A>
      <A name="gas_lifting">0</A>
      <A name="gas_flooding">0</A>
      <A name="steam_flooding">1</A>
      <A name="oil_sands_mine">None</A>
      <A name="name">Test 65 - Thermal EOR 9 / SOR = 6 / 25% solar</A>
      <A name="depth">2000.0</A>
      <A name="oil_prod">1500.0</A>
      <A name="res_press">430.0</A>
      <A name="API">15.0</A>
      <A name="GOR">100.0</A>
      <A name="WOR">1.0</A>
      <A name="flood_gas_type">CO2</A>
      <A name="SOR">6.0</A>
      <A name="fraction_steam_solar">0.25</A>
    </Field>
    <Field name="Field 465" modifies="template">
      <A name="downhole_pump">1</A>
      <A name="water_reinjection">0</A>
      <A name="natural_gas_reinjection">0</A>
      <A name="water_flooding">0</A>
      <A name="gas_lifting">0</A>
      <A name="gas_flooding">0</A>
      <A name="steam_flooding">1</A>
      <A name="oil_sands_mine">None</A>
      <A name="name">Test 66 - Thermal EOR 10 / SOR = 2 / 50% solar</A>
      <A name="depth">2000.0</A>
      <A name="oil_prod">1500.0</A>
      <A name="res_press">430.0</A>
      <A name="API">15.0</A>
      <A name="GOR">100.0</A>
      <A name="WOR">1.0</A>
      <A name="flood_gas_type">CO2</A>
      <A name="SOR">2.0</A>
      <A name="fraction_steam_solar">0.5</A>
    </Field>
    <Field name="Field 466" modifies="template">
      <A name="downhole_pump">1</A>
      <A name="water_reinjection">0</A>
      <A name="natural_gas_reinjection">0</A>
      <A name="water_flooding">0</A>
      <A name="gas_lifting">0</A>
      <A name="gas_flooding">0</A>
      <A name="steam_flooding">1</A>
      <A name="oil_sands_mine">None</A>
      <A name="name">Test 67 - Thermal EOR 11 / SOR = 4 / 50% solar</A>
      <A name="depth">2000.0</A>
      <A name="oil_prod">1500.0</A>
      <A name="res_press">430.0</A>
      <A name="API">15.0</A>
      <A name="GOR">100.0</A>
      <A name="WOR">1.0</A>
      <A name="flood_gas_type">CO2</A>
      <A name="SOR">4.0</A>
      <A name="fraction_steam_solar">0.5</A>
    </Field>
    <Field name="Field 467" modifies="template">
      <A name="downhole_pump">1</A>
      <A name="water_reinjection">0</A>
      <A name="natural_gas_reinjection">0</A>
      <A name="water_flooding">0</A>
      <A name="gas_lifting">0</A>
      <A name="gas_flooding">0</A>
      <A name="steam_flooding">1</A>
      <A name="oil_sands_mine">None</A>
      <A name="name">Test 68 - Thermal EOR 12 / SOR = 6 / 50% solar</A>
      <A name="depth">2000.0</A>
      <A name="oil_prod">1500.0</A>
      <A name="res_press">430.0</A>
      <A name="API">15.0</A>
      <A name="GOR">100.0</A>
      <A name="WOR">1.0</A>
      <A name="SOR">6.0</A>
      <A name="fraction_steam_solar">0.5</A>
    </Field>
    <Field name="Field 468" modifies="template">
      <A name="oil_sands_mine">None</A>
      <A name="name">Test 69 - Gas processing option 1</A>
      <A name="gas_processing_path">Minimal</A>
    </Field>
    <Field name="Field 469" modifies="template">
      <A name="oil_sands_mine">None</A>
      <A name="name">Test 70 - Gas processing option 2</A>
      <A name="gas_processing_path">Acid Gas</A>
    </Field>
    <Field name="Field 470" modifies="template">
      <A name="oil_sands_mine">None</A>
      <A name="name">Test 71 - Gas processing option 3</A>
      <A name="gas_processing_path">Wet Gas</A>
    </Field>
    <Field name="Field 471" modifies="template">
      <A name="oil_sands_mine">None</A>
      <A name="name">Test 72 - Gas processing option 4</A>
      <A name="gas_processing_path">Acid Wet Gas</A>
    </Field>
    <Field name="Field 472" modifies="template">
      <A name="downhole_pump">1</A>
      <A name="water_reinjection">1</A>
      <A name="natural_gas_reinjection">0</A>
      <A name="water_flooding">0</A>
      <A name="gas_lifting">0</A>
      <A name="gas_flooding">1</A>
      <A name="steam_flooding">0</A>
      <A name="oil_sands_mine">None</A>
      <A name="name">Test 73 - Gas processing option 6</A>
      <A name="gas_processing_path">CO2-EOR Membrane</A>
    </Field>
    <Field name="Field 473" modifies="template">
      <A name="downhole_pump">1</A>
      <A name="water_reinjection">1</A>
      <A name="natural_gas_reinjection">0</A>
      <A name="water_flooding">0</A>
      <A name="gas_lifting">0</A>
      <A name="gas_flooding">1</A>
      <A name="steam_flooding">0</A>
      <A name="oil_sands_mine">None</A>
      <A name="name">Test 74 - Gas processing option 7</A>
      <A name="gas_processing_path">CO2-EOR Ryan Holmes</A>
    </Field>
    <Field name="Field 474" modifies="template">
      <A name="downhole_pump">1</A>
      <A name="water_reinjection">1</A>
      <A name="natural_gas_reinjection">0</A>
      <A name="water_flooding">0</A>
      <A name="gas_lifting">0</A>
      <A name="gas_flooding">1</A>
      <A name="steam_flooding">0</A>
      <A name="oil_sands_mine">None</A>
      <A name="name">Test 75 - Gas processing option 8</A>
      <A name="gas_processing_path">CO2-EOR Ryan Holmes</A>
    </Field>
    <Field name="Field 475" modifies="template">
      <A name="oil_sands_mine">None</A>
      <A name="name">Test 76 - Depleted</A>
      <A name="num_prod_wells">100</A>
    </Field>
    <Field name="Field 476" modifies="template">
      <A name="oil_sands_mine">None</A>
      <A name="name">Test 77 - Very depleted</A>
      <A name="num_prod_wells">1000</A>
    </Field>
    <Field name="Field 477" modifies="template">
      <A name="oil_sands_mine">None</A>
      <A name="name">Test 78 - Low pressure</A>
      <A name="res_press">100.0</A>
    </Field>
    <Field name="Field 478" modifies="template">
      <A name="oil_sands_mine">None</A>
      <A name="name">Test 79 - High temperature</A>
      <A name="res_temp">250.0</A>
    </Field>
    <Field name="Field 479" modifies="template">
      <A name="oil_sands_mine">None</A>
      <A name="name">Test 80 - Offshore</A>
      <A name="offshore">1.0</A>
    </Field>
    <Field name="Field 480" modifies="template">
      <A name="oil_sands_mine">None</A>
      <A name="name">Test 81 - Very light oil</A>
      <A name="API">45.0</A>
    </Field>
    <Field name="Field 481" modifies="template">
      <A name="oil_sands_mine">None</A>
      <A name="name">Test 82 - Heavy oil primary recovery</A>
      <A name="API">15.0</A>
    </Field>
    <Field name="Field 482" modifies="template">
      <A name="oil_sands_mine">None</A>
      <A name="name">Test 83 - Sour gas</A>
      <A name="gas_comp_N2">2.0</A>
      <A name="gas_comp_CO2">10.0</A>
      <A name="gas_comp_C1">70.0</A>
      <A name="gas_comp_C2">8.0</A>
      <A name="gas_comp_C3">3.0</A>
      <A name="gas_comp_C4">2.0</A>
      <A name="gas_comp_H2S">5.0</A>
    </Field>
    <Field name="Field 483" modifies="template">
      <A name="oil_sands_mine">None</A>
      <A name="name">Test 84 - Very sour gas</A>
      <A name="gas_comp_N2">2.0</A>
      <A name="gas_comp_CO2">25.0</A>
      <A name="gas_comp_C1">55.0</A>
      <A name="gas_comp_C2">5.0</A>
      <A name="gas_comp_C3">2.0</A>
      <A name="gas_comp_C4">1.0</A>
      <A name="gas_comp_H2S">10.0</A>
    </Field>
    <Field name="Field 484" modifies="template">
      <A name="oil_sands_mine">None</A>
      <A name="name">Test 85 - Rich gas</A>
      <A name="gas_comp_N2">1.0</A>
      <A name="gas_comp_CO2">2.0</A>
      <A name="gas_comp_C1">60.0</A>
      <A name="gas_comp_C2">22.0</A>
      <A name="gas_comp_C3">10.0</A>
      <A name="gas_comp_C4">5.0</A>
      <A name="gas_comp_H2S">0.0</A>
    </Field>
    <Field name="Field 485" modifies="template">
      <A name="oil_sands_mine">None</A>
      <A name="name">Test 86 - Very rich gas</A>
      <A name="gas_comp_N2">0.0</A>
      <A name="gas_comp_CO2">2.0</A>
      <A name="gas_comp_C1">47.0</A>
      <A name="gas_comp_C2">28.0</A>
      <A name="gas_comp_C3">15.0</A>
      <A name="gas_comp_C4">8.0</A>
      <A name="gas_comp_H2S">0.0</A>
    </Field>
    <Field name="Field 486" modifies="template">
      <A name="oil_sands_mine">None</A>
      <A name="name">Test 87 - Stabilizer and heater/treater on</A>
      <Process class="CrudeOilDewatering">
        <A name="heater_treater">1</A>
      </Process>
      <A name="stabilizer_column">1</A>
    </Field>
    <Field name="Field 487" modifies="template">
      <A name="oil_sands_mine">None</A>
      <A name="name">Test 88 - No H/T or stabilizer</A>
      <Process class="CrudeOilDewatering">
        <A name="heater_treater">0</A>
      </Process>
      <A name="stabilizer_column">0</A>
    </Field>
    <Field name="Field 488" modifies="template">
      <A name="oil_sands_mine">None</A>
      <A name="name">Test 89 - High flaring rate 1</A>
      <A name="FOR">500.0</A>
    </Field>
    <Field name="Field 489" modifies="template">
      <A name="oil_sands_mine">None</A>
      <A name="name">Test 90 - High flaring rate 2</A>
      <A name="FOR">1000.0</A>
    </Field>
    <Field name="Field 490" modifies="template">
      <A name="oil_sands_mine">None</A>
      <A name="name">Test 91 - High flaring rate 3</A>
      <A name="FOR">1500.0</A>
    </Field>
    <Field name="Field 491" modifies="template">
      <A name="oil_sands_mine">None</A>
      <A name="name">Test 92 - High venting rate 1</A>
      <A name="VOR">25.0</A>
    </Field>
    <Field name="Field 492" modifies="template">
      <A name="oil_sands_mine">None</A>
      <A name="name">Test 93 - High venting rate 2</A>
      <A name="flood_gas_type">NG</A>
      <A name="VOR">100.0</A>
    </Field>
    <Field name="Field 493" modifies="template">
      <A name="oil_sands_mine">None</A>
      <A name="name">Test 94 - High venting rate 3</A>
      <A name="VOR">200.0</A>
    </Field>
    <Field name="Field 494" modifies="template">
      <A name="oil_sands_mine">None</A>
      <A name="name">Test 95 - Low land use</A>
    </Field>
    <Field name="Field 495" modifies="template">
      <A name="oil_sands_mine">None</A>
      <A name="name">Test 96 - High land use</A>
    </Field>
    <Field name="Field 496" modifies="template">
      <A name="oil_sands_mine">None</A>
      <A name="name">Test 97 - Long distance tanker</A>
      <A name="transport_dist_tanker">10000.0</A>
    </Field>
    <Field name="Field 497" modifies="template">
      <A name="oil_sands_mine">None</A>
      <A name="name">Test 98 - Long distance pipeline</A>
      <A name="transport_dist_pipeline">10000.0</A>
    </Field>
    <Field name="Field 498" modifies="template">
      <A name="oil_sands_mine">None</A>
      <A name="name">Test 99 - Low PI</A>
      <A name="prod_index">1.0</A>
    </Field>
    <Field name="Field 499" modifies="template">
      <A name="oil_sands_mine">None</A>
      <A name="name">Test 100 - High PI</A>
      <A name="prod_index">100.0</A>
    </Field>
    <Field name="Field 500" modifies="template">
      <A name="downhole_pump">1</A>
      <A name="water_reinjection">1</A>
      <A name="natural_gas_reinjection">1</A>
      <A name="water_flooding">0</A>
      <A name="gas_lifting">0</A>
      <A name="gas_flooding">0</A>
      <A name="steam_flooding">0</A>
      <A name="oil_sands_mine">None</A>
      <A name="country">Generic</A>
      <A name="name">Generic</A>
      <A name="age">35.0</A>
      <A name="depth">7240.0</A>
      <A name="oil_prod">1500.0</A>
      <A name="num_prod_wells">8</A>
      <A name="num_water_inj_wells">5</A>
      <A name="well_diam">2.78</A>
      <A name="prod_index">3.0</A>
      <A name="res_press">1556.6</A>
      <A name="res_temp">150.0</A>
      <A name="offshore">0.0</A>
      <A name="API">30.0</A>
      <A name="gas_comp_N2">2.0</A>
      <A name="gas_comp_CO2">6.0</A>
      <A name="gas_comp_C1">84.0</A>
      <A name="gas_comp_C2">4.0</A>
      <A name="gas_comp_C3">2.0</A>
      <A name="gas_comp_C4">1.0</A>
      <A name="gas_comp_H2S">1.0</A>
      <A name="GOR">908.0</A>
      <A name="WOR">4.31</A>
      <A name="WIR">5.31</A>
      <A name="GLIR">1500.0</A>
      <A name="GFIR">1362.0</A>
      <A name="flood_gas_type">NG</A>
      <A name="SOR">3.0</A>
      <A name="fraction_elec_onsite">0.0</A>
      <A name="fraction_remaining_gas_inj">1.0</A>
      <A name="fraction_water_reinjected">1.0</A>
      <A name="fraction_steam_cogen">0.0</A>
      <A name="fraction_steam_solar">0.0</A>
      <Process class="CrudeOilDewatering">
        <A name="heater_treater">0</A>
      </Process>
      <A name="stabilizer_column">1</A>
      <A name="upgrader_type">None</A>
      <A name="gas_processing_path">Sour Gas Reinjection</A>
      <A name="common_gas_process_choice">None</A>
      <A name="FOR">182.0</A>
      <A name="VOR">0.0</A>
      <A name="frac_transport_tanker">1.0</A>
      <A name="frac_transport_barge">0.0</A>
      <A name="frac_transport_pipeline">1.0</A>
      <A name="frac_transport_rail">0.0</A>
      <A name="frac_transport_truck">0.0</A>
      <A name="transport_dist_tanker">5082.0</A>
      <A name="transport_dist_barge">500.0</A>
      <A name="transport_dist_pipeline">750.0</A>
      <A name="transport_dist_rail">800.0</A>
      <A name="transport_dist_truck">100.0</A>
    </Field>
  </Analysis>
</Model>
